<?xml version="1.0" encoding="UTF-8"?>
<testsuites tests="119" failures="5" errors="0" time="1580.240228">
	<testsuite tests="119" failures="5" time="4.134000" name="github.com/argoproj/argo-rollouts/test/e2e" timestamp="2025-01-09T16:09:17-04:00">
		<properties>
			<property name="go.version" value="go1.23.4 darwin/arm64"></property>
		</properties>
		<testcase classname="github.com/argoproj/argo-rollouts/test/e2e" name="TestAWSSuite/TestALBExperimentStepNoSetWeight" time="12.140000">
			<failure message="Failed" type="">=== RUN   TestAWSSuite/TestALBExperimentStepNoSetWeight&#xA;time=&#34;2025-01-09T16:14:14-04:00&#34; level=info msg=&#34;Deleting e2e-test-name=TestALBExperimentStepNoSetWeight&#34;&#xA;time=&#34;2025-01-09T16:14:14-04:00&#34; level=info msg=&#34;service/alb-rollout-root created\n&#34; rollout=alb-rollout&#xA;time=&#34;2025-01-09T16:14:14-04:00&#34; level=info msg=&#34;service/alb-rollout-canary created\n&#34; rollout=alb-rollout&#xA;time=&#34;2025-01-09T16:14:15-04:00&#34; level=info msg=&#34;service/alb-rollout-stable created\n&#34; rollout=alb-rollout&#xA;time=&#34;2025-01-09T16:14:15-04:00&#34; level=info msg=&#34;Warning: annotation \&#34;kubernetes.io/ingress.class\&#34; is deprecated, please use &#39;spec.ingressClassName&#39; instead\ningress.networking.k8s.io/alb-rollout-ingress created\n&#34; rollout=alb-rollout&#xA;time=&#34;2025-01-09T16:14:15-04:00&#34; level=info msg=&#34;rollout.argoproj.io/alb-rollout created\n&#34; rollout=alb-rollout&#xA;time=&#34;2025-01-09T16:14:15-04:00&#34; level=info msg=&#34;Waiting for condition: status=Healthy&#34; rollout=alb-rollout&#xA;time=&#34;2025-01-09T16:14:16-04:00&#34; level=info msg=&#34;Condition &#39;status=Healthy&#39; met after 1s&#34; rollout=alb-rollout&#xA;time=&#34;2025-01-09T16:14:16-04:00&#34; level=info msg=&#34;Experiment expectation &#39;experiment count == 0&#39; met&#34; rollout=alb-rollout&#xA;time=&#34;2025-01-09T16:14:16-04:00&#34; level=info msg=&#34;Updated rollout pod spec: 2025-01-09T16:14:16.268969-04:00&#34; rollout=alb-rollout&#xA;time=&#34;2025-01-09T16:14:16-04:00&#34; level=info msg=&#34;Sleeping 10s&#34; rollout=alb-rollout&#xA;    require.go:72: &#xA;        &#x9;Error Trace:&#x9;/Users/sam.jesso/go/pkg/mod/github.com/tj/assert@v0.0.3/require.go:72&#xA;        &#x9;            &#x9;&#x9;&#x9;&#x9;/Users/sam.jesso/workspace/argo-rollouts/test/e2e/aws_test.go:330&#xA;        &#x9;            &#x9;&#x9;&#x9;&#x9;/Users/sam.jesso/workspace/argo-rollouts/test/fixtures/then.go:29&#xA;        &#x9;            &#x9;&#x9;&#x9;&#x9;/Users/sam.jesso/workspace/argo-rollouts/test/e2e/aws_test.go:320&#xA;        &#x9;Error:      &#x9;Not equal: &#xA;        &#x9;            &#x9;expected: &#34;{\&#34;Type\&#34;:\&#34;forward\&#34;,\&#34;ForwardConfig\&#34;:{\&#34;TargetGroups\&#34;:[{\&#34;ServiceName\&#34;:\&#34;alb-rollout-canary\&#34;,\&#34;ServicePort\&#34;:\&#34;80\&#34;,\&#34;Weight\&#34;:0},{\&#34;ServiceName\&#34;:\&#34;\&#34;,\&#34;ServicePort\&#34;:\&#34;80\&#34;,\&#34;Weight\&#34;:20},{\&#34;ServiceName\&#34;:\&#34;\&#34;,\&#34;ServicePort\&#34;:\&#34;80\&#34;,\&#34;Weight\&#34;:20},{\&#34;ServiceName\&#34;:\&#34;alb-rollout-stable\&#34;,\&#34;ServicePort\&#34;:\&#34;80\&#34;,\&#34;Weight\&#34;:60}]}}&#34;&#xA;        &#x9;            &#x9;actual  : &#34;{\&#34;Type\&#34;:\&#34;forward\&#34;,\&#34;ForwardConfig\&#34;:{\&#34;TargetGroups\&#34;:[{\&#34;ServiceName\&#34;:\&#34;alb-rollout-canary\&#34;,\&#34;ServicePort\&#34;:\&#34;80\&#34;,\&#34;Weight\&#34;:0},{\&#34;ServicePort\&#34;:\&#34;80\&#34;,\&#34;Weight\&#34;:20},{\&#34;ServicePort\&#34;:\&#34;80\&#34;,\&#34;Weight\&#34;:20},{\&#34;ServiceName\&#34;:\&#34;alb-rollout-stable\&#34;,\&#34;ServicePort\&#34;:\&#34;80\&#34;,\&#34;Weight\&#34;:60}]}}&#34;&#xA;        &#x9;            &#x9;&#xA;        &#x9;            &#x9;Diff:&#xA;        &#x9;            &#x9;--- Expected&#xA;        &#x9;            &#x9;+++ Actual&#xA;        &#x9;            &#x9;@@ -1 +1 @@&#xA;        &#x9;            &#x9;-{&#34;Type&#34;:&#34;forward&#34;,&#34;ForwardConfig&#34;:{&#34;TargetGroups&#34;:[{&#34;ServiceName&#34;:&#34;alb-rollout-canary&#34;,&#34;ServicePort&#34;:&#34;80&#34;,&#34;Weight&#34;:0},{&#34;ServiceName&#34;:&#34;&#34;,&#34;ServicePort&#34;:&#34;80&#34;,&#34;Weight&#34;:20},{&#34;ServiceName&#34;:&#34;&#34;,&#34;ServicePort&#34;:&#34;80&#34;,&#34;Weight&#34;:20},{&#34;ServiceName&#34;:&#34;alb-rollout-stable&#34;,&#34;ServicePort&#34;:&#34;80&#34;,&#34;Weight&#34;:60}]}}&#xA;        &#x9;            &#x9;+{&#34;Type&#34;:&#34;forward&#34;,&#34;ForwardConfig&#34;:{&#34;TargetGroups&#34;:[{&#34;ServiceName&#34;:&#34;alb-rollout-canary&#34;,&#34;ServicePort&#34;:&#34;80&#34;,&#34;Weight&#34;:0},{&#34;ServicePort&#34;:&#34;80&#34;,&#34;Weight&#34;:20},{&#34;ServicePort&#34;:&#34;80&#34;,&#34;Weight&#34;:20},{&#34;ServiceName&#34;:&#34;alb-rollout-stable&#34;,&#34;ServicePort&#34;:&#34;80&#34;,&#34;Weight&#34;:60}]}}&#xA;        &#x9;Test:       &#x9;TestAWSSuite/TestALBExperimentStepNoSetWeight&#xA;Name:            alb-rollout&#xA;Namespace:       default&#xA;Status:          �[94m◌�[0m Progressing&#xA;Message:         more replicas need to be updated&#xA;Strategy:        Canary&#xA;  Step:          0/1&#xA;  SetWeight:     0&#xA;  ActualWeight:  0&#xA;Images:          nginx:1.19-alpine (�[32mstable�[0m, �[0mΣ:experiment-alb-canary�[0m, �[0mΣ:experiment-alb-stable�[0m)&#xA;Replicas:&#xA;  Desired:       1&#xA;  Current:       1&#xA;  Updated:       0&#xA;  Ready:         1&#xA;  Available:     1&#xA;&#xA;NAME                                                                  KIND        STATUS         AGE  INFO&#xA;⟳ alb-rollout                                                         Rollout     �[94m◌�[0m Progressing  11s  &#xA;├──# revision:2                                                                                       &#xA;│  ├──⧉ �[33malb-rollout-7975f965d9�[0m                                        ReplicaSet  �[0m•�[0m ScaledDown   10s  �[33mcanary�[0m&#xA;│  └──Σ �[94malb-rollout-7975f965d9-2-0�[0m                                    Experiment  �[94m◌�[0m Running      10s  &#xA;│     ├──⧉ alb-rollout-7975f965d9-2-0-experiment-alb-canary           ReplicaSet  �[32m✔�[0m Healthy      10s  &#xA;│     │  └──□ alb-rollout-7975f965d9-2-0-experiment-alb-canary-78mkr  Pod         �[32m✔�[0m Running      10s  ready:1/1&#xA;│     └──⧉ alb-rollout-7975f965d9-2-0-experiment-alb-stable           ReplicaSet  �[32m✔�[0m Healthy      10s  &#xA;│        └──□ alb-rollout-7975f965d9-2-0-experiment-alb-stable-pswd6  Pod         �[32m✔�[0m Running      10s  ready:1/1&#xA;└──# revision:1                                                                                       &#xA;   └──⧉ �[32malb-rollout-d6f4fdcdc�[0m                                         ReplicaSet  �[32m✔�[0m Healthy      11s  �[32mstable�[0m&#xA;      └──□ alb-rollout-d6f4fdcdc-dwm22                                Pod         �[32m✔�[0m Running      11s  ready:1/1&#xA;&#xA;---&#xA;apiVersion: argoproj.io/v1alpha1&#xA;kind: Rollout&#xA;metadata:&#xA;  annotations:&#xA;    rollout.argoproj.io/revision: &#34;2&#34;&#xA;  creationTimestamp: &#34;2025-01-09T20:14:15Z&#34;&#xA;  generation: 4&#xA;  labels:&#xA;    argo-rollouts.argoproj.io/controller-instance-id: argo-rollouts-e2e&#xA;    e2e-test-name: TestALBExperimentStepNoSetWeight&#xA;  name: alb-rollout&#xA;  namespace: default&#xA;  resourceVersion: &#34;3908&#34;&#xA;  uid: 7b669bc4-2535-449f-8ccf-f0a1ce796788&#xA;spec:&#xA;  replicas: 1&#xA;  selector:&#xA;    matchLabels:&#xA;      app: alb-rollout&#xA;  strategy:&#xA;    canary:&#xA;      canaryService: alb-rollout-canary&#xA;      stableService: alb-rollout-stable&#xA;      steps:&#xA;      - experiment:&#xA;          analysisRunMetadata: {}&#xA;          duration: 15s&#xA;          templates:&#xA;          - metadata: {}&#xA;            name: experiment-alb-canary&#xA;            specRef: canary&#xA;            weight: 20&#xA;          - metadata: {}&#xA;            name: experiment-alb-stable&#xA;            specRef: stable&#xA;            weight: 20&#xA;      trafficRouting:&#xA;        alb:&#xA;          ingress: alb-rollout-ingress&#xA;          rootService: alb-rollout-root&#xA;          servicePort: 80&#xA;  template:&#xA;    metadata:&#xA;      annotations:&#xA;        update: &#34;2025-01-09T16:14:16.268969-04:00&#34;&#xA;      creationTimestamp: null&#xA;      labels:&#xA;        app: alb-rollout&#xA;    spec:&#xA;      containers:&#xA;      - image: nginx:1.19-alpine&#xA;        name: alb-rollout&#xA;        ports:&#xA;        - containerPort: 80&#xA;          name: http&#xA;          protocol: TCP&#xA;        resources:&#xA;          requests:&#xA;            cpu: 5m&#xA;            memory: 16Mi&#xA;status:&#xA;  HPAReplicas: 1&#xA;  availableReplicas: 1&#xA;  blueGreen: {}&#xA;  canary:&#xA;    currentExperiment: alb-rollout-7975f965d9-2-0&#xA;    weights:&#xA;      additional:&#xA;      - weight: 20&#xA;      - weight: 20&#xA;      canary:&#xA;        podTemplateHash: 7975f965d9&#xA;        serviceName: alb-rollout-canary&#xA;        weight: 0&#xA;      stable:&#xA;        podTemplateHash: d6f4fdcdc&#xA;        serviceName: alb-rollout-stable&#xA;        weight: 60&#xA;  conditions:&#xA;  - lastTransitionTime: &#34;2025-01-09T20:14:16Z&#34;&#xA;    lastUpdateTime: &#34;2025-01-09T20:14:16Z&#34;&#xA;    message: Rollout has minimum availability&#xA;    reason: AvailableReason&#xA;    status: &#34;True&#34;&#xA;    type: Available&#xA;  - lastTransitionTime: &#34;2025-01-09T20:14:16Z&#34;&#xA;    lastUpdateTime: &#34;2025-01-09T20:14:16Z&#34;&#xA;    message: Rollout is not healthy&#xA;    reason: RolloutHealthy&#xA;    status: &#34;False&#34;&#xA;    type: Healthy&#xA;  - lastTransitionTime: &#34;2025-01-09T20:14:15Z&#34;&#xA;    lastUpdateTime: &#34;2025-01-09T20:14:16Z&#34;&#xA;    message: ReplicaSet &#34;alb-rollout-7975f965d9&#34; is progressing.&#xA;    reason: ReplicaSetUpdated&#xA;    status: &#34;True&#34;&#xA;    type: Progressing&#xA;  - lastTransitionTime: &#34;2025-01-09T20:14:16Z&#34;&#xA;    lastUpdateTime: &#34;2025-01-09T20:14:16Z&#34;&#xA;    message: RolloutCompleted&#xA;    reason: RolloutCompleted&#xA;    status: &#34;False&#34;&#xA;    type: Completed&#xA;  currentPodHash: 7975f965d9&#xA;  currentStepHash: 8b59978&#xA;  currentStepIndex: 0&#xA;  message: more replicas need to be updated&#xA;  observedGeneration: &#34;4&#34;&#xA;  phase: Progressing&#xA;  readyReplicas: 1&#xA;  replicas: 1&#xA;  selector: app=alb-rollout&#xA;  stableRS: d6f4fdcdc&#xA;&#xA;2025-01-09T16:14:15-04:00         Normal    RolloutAddedToInformer    Rollout resource added to informer: default/alb-rollout&#xA;2025-01-09T16:14:15-04:00         Normal    RolloutUpdated            Rollout updated to revision 1&#xA;2025-01-09T16:14:15-04:00         Normal    NewReplicaSetCreated      Created ReplicaSet alb-rollout-d6f4fdcdc (revision 1)&#xA;2025-01-09T16:14:15-04:00         Normal    RolloutNotCompleted       Rollout not completed, started update to revision 1 (d6f4fdcdc)&#xA;2025-01-09T16:14:17-04:00 (x2)    Normal    PatchingALBIngress        Updating Ingress `alb-rollout-ingress` to desiredWeight &#39;0&#39;&#xA;2025-01-09T16:14:15-04:00         Normal    TrafficWeightUpdated      Traffic weight updated to 0&#xA;2025-01-09T16:14:15-04:00         Normal    ScalingReplicaSet         Scaled up ReplicaSet alb-rollout-d6f4fdcdc (revision 1) from 0 to 1&#xA;2025-01-09T16:14:15-04:00         Normal    RolloutCompleted          Rollout completed update to revision 1 (d6f4fdcdc): Initial deploy&#xA;2025-01-09T16:14:16-04:00 (x2)    Normal    TrafficWeightUpdated      Traffic weight updated &#xA;2025-01-09T16:14:16-04:00         Normal    SwitchService             Switched selector for service &#39;alb-rollout-stable&#39; from &#39;&#39; to &#39;d6f4fdcdc&#39;&#xA;2025-01-09T16:14:16-04:00         Normal    SwitchService             Switched selector for service &#39;alb-rollout-canary&#39; from &#39;&#39; to &#39;d6f4fdcdc&#39;&#xA;2025-01-09T16:14:16-04:00         Normal    RolloutUpdated            Rollout updated to revision 2&#xA;2025-01-09T16:14:16-04:00         Normal    NewReplicaSetCreated      Created ReplicaSet alb-rollout-7975f965d9 (revision 2)&#xA;2025-01-09T16:14:16-04:00         Normal    RolloutNotCompleted       Rollout not completed, started update to revision 2 (7975f965d9)&#xA;2025-01-09T16:14:16-04:00         Normal    ExperimentCreated         Created Experiment &#39;alb-rollout-7975f965d9-2-0&#39;&#xA;2025-01-09T16:14:17-04:00         Normal    TrafficWeightUpdated      Traffic weight updated additional: [{20  } {20  }]&#xA;&#xA;time=&#34;2025-01-09T16:14:26-04:00&#34; level=info msg=&#34;Deleting e2e-test-name=TestALBExperimentStepNoSetWeight&#34;&#xA;    --- FAIL: TestAWSSuite/TestALBExperimentStepNoSetWeight (12.14s)&#xA;</failure>
		</testcase>
		<testcase classname="github.com/argoproj/argo-rollouts/test/e2e" name="TestAWSSuite/TestALBExperimentStepNoSetWeightMultiIngress" time="12.070000">
			<failure message="Failed" type="">=== RUN   TestAWSSuite/TestALBExperimentStepNoSetWeightMultiIngress&#xA;time=&#34;2025-01-09T16:14:26-04:00&#34; level=info msg=&#34;Deleting e2e-test-name=TestALBExperimentStepNoSetWeightMultiIngress&#34;&#xA;time=&#34;2025-01-09T16:14:26-04:00&#34; level=info msg=&#34;service/alb-rollout-root created\n&#34; rollout=alb-rollout&#xA;time=&#34;2025-01-09T16:14:27-04:00&#34; level=info msg=&#34;service/alb-rollout-canary created\n&#34; rollout=alb-rollout&#xA;time=&#34;2025-01-09T16:14:27-04:00&#34; level=info msg=&#34;service/alb-rollout-stable created\n&#34; rollout=alb-rollout&#xA;time=&#34;2025-01-09T16:14:27-04:00&#34; level=info msg=&#34;Warning: annotation \&#34;kubernetes.io/ingress.class\&#34; is deprecated, please use &#39;spec.ingressClassName&#39; instead\ningress.networking.k8s.io/alb-rollout-multi-ingress-1 created\n&#34; rollout=alb-rollout&#xA;time=&#34;2025-01-09T16:14:27-04:00&#34; level=info msg=&#34;Warning: annotation \&#34;kubernetes.io/ingress.class\&#34; is deprecated, please use &#39;spec.ingressClassName&#39; instead\ningress.networking.k8s.io/alb-rollout-multi-ingress-2 created\n&#34; rollout=alb-rollout&#xA;time=&#34;2025-01-09T16:14:27-04:00&#34; level=info msg=&#34;rollout.argoproj.io/alb-rollout created\n&#34; rollout=alb-rollout&#xA;time=&#34;2025-01-09T16:14:27-04:00&#34; level=info msg=&#34;Waiting for condition: status=Healthy&#34; rollout=alb-rollout&#xA;time=&#34;2025-01-09T16:14:28-04:00&#34; level=info msg=&#34;Condition &#39;status=Healthy&#39; met after 1s&#34; rollout=alb-rollout&#xA;time=&#34;2025-01-09T16:14:28-04:00&#34; level=info msg=&#34;Experiment expectation &#39;experiment count == 0&#39; met&#34; rollout=alb-rollout&#xA;time=&#34;2025-01-09T16:14:28-04:00&#34; level=info msg=&#34;Updated rollout pod spec: 2025-01-09T16:14:28.33438-04:00&#34; rollout=alb-rollout&#xA;time=&#34;2025-01-09T16:14:28-04:00&#34; level=info msg=&#34;Sleeping 10s&#34; rollout=alb-rollout&#xA;    require.go:72: &#xA;        &#x9;Error Trace:&#x9;/Users/sam.jesso/go/pkg/mod/github.com/tj/assert@v0.0.3/require.go:72&#xA;        &#x9;            &#x9;&#x9;&#x9;&#x9;/Users/sam.jesso/workspace/argo-rollouts/test/e2e/aws_test.go:365&#xA;        &#x9;            &#x9;&#x9;&#x9;&#x9;/Users/sam.jesso/workspace/argo-rollouts/test/fixtures/then.go:29&#xA;        &#x9;            &#x9;&#x9;&#x9;&#x9;/Users/sam.jesso/workspace/argo-rollouts/test/e2e/aws_test.go:354&#xA;        &#x9;Error:      &#x9;Not equal: &#xA;        &#x9;            &#x9;expected: &#34;{\&#34;Type\&#34;:\&#34;forward\&#34;,\&#34;ForwardConfig\&#34;:{\&#34;TargetGroups\&#34;:[{\&#34;ServiceName\&#34;:\&#34;alb-rollout-canary\&#34;,\&#34;ServicePort\&#34;:\&#34;80\&#34;,\&#34;Weight\&#34;:0},{\&#34;ServiceName\&#34;:\&#34;\&#34;,\&#34;ServicePort\&#34;:\&#34;80\&#34;,\&#34;Weight\&#34;:20},{\&#34;ServiceName\&#34;:\&#34;\&#34;,\&#34;ServicePort\&#34;:\&#34;80\&#34;,\&#34;Weight\&#34;:20},{\&#34;ServiceName\&#34;:\&#34;alb-rollout-stable\&#34;,\&#34;ServicePort\&#34;:\&#34;80\&#34;,\&#34;Weight\&#34;:60}]}}&#34;&#xA;        &#x9;            &#x9;actual  : &#34;{\&#34;Type\&#34;:\&#34;forward\&#34;,\&#34;ForwardConfig\&#34;:{\&#34;TargetGroups\&#34;:[{\&#34;ServiceName\&#34;:\&#34;alb-rollout-canary\&#34;,\&#34;ServicePort\&#34;:\&#34;80\&#34;,\&#34;Weight\&#34;:0},{\&#34;ServicePort\&#34;:\&#34;80\&#34;,\&#34;Weight\&#34;:20},{\&#34;ServicePort\&#34;:\&#34;80\&#34;,\&#34;Weight\&#34;:20},{\&#34;ServiceName\&#34;:\&#34;alb-rollout-stable\&#34;,\&#34;ServicePort\&#34;:\&#34;80\&#34;,\&#34;Weight\&#34;:60}]}}&#34;&#xA;        &#x9;            &#x9;&#xA;        &#x9;            &#x9;Diff:&#xA;        &#x9;            &#x9;--- Expected&#xA;        &#x9;            &#x9;+++ Actual&#xA;        &#x9;            &#x9;@@ -1 +1 @@&#xA;        &#x9;            &#x9;-{&#34;Type&#34;:&#34;forward&#34;,&#34;ForwardConfig&#34;:{&#34;TargetGroups&#34;:[{&#34;ServiceName&#34;:&#34;alb-rollout-canary&#34;,&#34;ServicePort&#34;:&#34;80&#34;,&#34;Weight&#34;:0},{&#34;ServiceName&#34;:&#34;&#34;,&#34;ServicePort&#34;:&#34;80&#34;,&#34;Weight&#34;:20},{&#34;ServiceName&#34;:&#34;&#34;,&#34;ServicePort&#34;:&#34;80&#34;,&#34;Weight&#34;:20},{&#34;ServiceName&#34;:&#34;alb-rollout-stable&#34;,&#34;ServicePort&#34;:&#34;80&#34;,&#34;Weight&#34;:60}]}}&#xA;        &#x9;            &#x9;+{&#34;Type&#34;:&#34;forward&#34;,&#34;ForwardConfig&#34;:{&#34;TargetGroups&#34;:[{&#34;ServiceName&#34;:&#34;alb-rollout-canary&#34;,&#34;ServicePort&#34;:&#34;80&#34;,&#34;Weight&#34;:0},{&#34;ServicePort&#34;:&#34;80&#34;,&#34;Weight&#34;:20},{&#34;ServicePort&#34;:&#34;80&#34;,&#34;Weight&#34;:20},{&#34;ServiceName&#34;:&#34;alb-rollout-stable&#34;,&#34;ServicePort&#34;:&#34;80&#34;,&#34;Weight&#34;:60}]}}&#xA;        &#x9;Test:       &#x9;TestAWSSuite/TestALBExperimentStepNoSetWeightMultiIngress&#xA;Name:            alb-rollout&#xA;Namespace:       default&#xA;Status:          �[94m◌�[0m Progressing&#xA;Message:         more replicas need to be updated&#xA;Strategy:        Canary&#xA;  Step:          0/1&#xA;  SetWeight:     0&#xA;  ActualWeight:  0&#xA;Images:          nginx:1.19-alpine (�[32mstable�[0m, �[0mΣ:experiment-alb-canary�[0m, �[0mΣ:experiment-alb-stable�[0m)&#xA;Replicas:&#xA;  Desired:       1&#xA;  Current:       1&#xA;  Updated:       0&#xA;  Ready:         1&#xA;  Available:     1&#xA;&#xA;NAME                                                                  KIND        STATUS         AGE  INFO&#xA;⟳ alb-rollout                                                         Rollout     �[94m◌�[0m Progressing  11s  &#xA;├──# revision:2                                                                                       &#xA;│  ├──⧉ �[33malb-rollout-65d9cfc589�[0m                                        ReplicaSet  �[0m•�[0m ScaledDown   10s  �[33mcanary�[0m&#xA;│  └──Σ �[94malb-rollout-65d9cfc589-2-0�[0m                                    Experiment  �[94m◌�[0m Running      10s  &#xA;│     ├──⧉ alb-rollout-65d9cfc589-2-0-experiment-alb-canary           ReplicaSet  �[32m✔�[0m Healthy      10s  &#xA;│     │  └──□ alb-rollout-65d9cfc589-2-0-experiment-alb-canary-p4977  Pod         �[32m✔�[0m Running      10s  ready:1/1&#xA;│     └──⧉ alb-rollout-65d9cfc589-2-0-experiment-alb-stable           ReplicaSet  �[32m✔�[0m Healthy      10s  &#xA;│        └──□ alb-rollout-65d9cfc589-2-0-experiment-alb-stable-r58m6  Pod         �[32m✔�[0m Running      10s  ready:1/1&#xA;└──# revision:1                                                                                       &#xA;   └──⧉ �[32malb-rollout-d6f4fdcdc�[0m                                         ReplicaSet  �[32m✔�[0m Healthy      11s  �[32mstable�[0m&#xA;      └──□ alb-rollout-d6f4fdcdc-ld9rv                                Pod         �[32m✔�[0m Running      11s  ready:1/1&#xA;&#xA;---&#xA;apiVersion: argoproj.io/v1alpha1&#xA;kind: Rollout&#xA;metadata:&#xA;  annotations:&#xA;    rollout.argoproj.io/revision: &#34;2&#34;&#xA;  creationTimestamp: &#34;2025-01-09T20:14:27Z&#34;&#xA;  generation: 4&#xA;  labels:&#xA;    argo-rollouts.argoproj.io/controller-instance-id: argo-rollouts-e2e&#xA;    e2e-test-name: TestALBExperimentStepNoSetWeightMultiIngress&#xA;  name: alb-rollout&#xA;  namespace: default&#xA;  resourceVersion: &#34;4129&#34;&#xA;  uid: e6e36131-3b2f-4a5a-b2b7-4992e3a82f6b&#xA;spec:&#xA;  replicas: 1&#xA;  selector:&#xA;    matchLabels:&#xA;      app: alb-rollout&#xA;  strategy:&#xA;    canary:&#xA;      canaryService: alb-rollout-canary&#xA;      stableService: alb-rollout-stable&#xA;      steps:&#xA;      - experiment:&#xA;          analysisRunMetadata: {}&#xA;          duration: 15s&#xA;          templates:&#xA;          - metadata: {}&#xA;            name: experiment-alb-canary&#xA;            specRef: canary&#xA;            weight: 20&#xA;          - metadata: {}&#xA;            name: experiment-alb-stable&#xA;            specRef: stable&#xA;            weight: 20&#xA;      trafficRouting:&#xA;        alb:&#xA;          ingresses:&#xA;          - alb-rollout-multi-ingress-1&#xA;          - alb-rollout-multi-ingress-2&#xA;          rootService: alb-rollout-root&#xA;          servicePort: 80&#xA;  template:&#xA;    metadata:&#xA;      annotations:&#xA;        update: &#34;2025-01-09T16:14:28.33438-04:00&#34;&#xA;      creationTimestamp: null&#xA;      labels:&#xA;        app: alb-rollout&#xA;    spec:&#xA;      containers:&#xA;      - image: nginx:1.19-alpine&#xA;        name: alb-rollout&#xA;        ports:&#xA;        - containerPort: 80&#xA;          name: http&#xA;          protocol: TCP&#xA;        resources:&#xA;          requests:&#xA;            cpu: 5m&#xA;            memory: 16Mi&#xA;status:&#xA;  HPAReplicas: 1&#xA;  availableReplicas: 1&#xA;  blueGreen: {}&#xA;  canary:&#xA;    currentExperiment: alb-rollout-65d9cfc589-2-0&#xA;    weights:&#xA;      additional:&#xA;      - weight: 20&#xA;      - weight: 20&#xA;      canary:&#xA;        podTemplateHash: 65d9cfc589&#xA;        serviceName: alb-rollout-canary&#xA;        weight: 0&#xA;      stable:&#xA;        podTemplateHash: d6f4fdcdc&#xA;        serviceName: alb-rollout-stable&#xA;        weight: 60&#xA;  conditions:&#xA;  - lastTransitionTime: &#34;2025-01-09T20:14:28Z&#34;&#xA;    lastUpdateTime: &#34;2025-01-09T20:14:28Z&#34;&#xA;    message: Rollout has minimum availability&#xA;    reason: AvailableReason&#xA;    status: &#34;True&#34;&#xA;    type: Available&#xA;  - lastTransitionTime: &#34;2025-01-09T20:14:28Z&#34;&#xA;    lastUpdateTime: &#34;2025-01-09T20:14:28Z&#34;&#xA;    message: Rollout is not healthy&#xA;    reason: RolloutHealthy&#xA;    status: &#34;False&#34;&#xA;    type: Healthy&#xA;  - lastTransitionTime: &#34;2025-01-09T20:14:27Z&#34;&#xA;    lastUpdateTime: &#34;2025-01-09T20:14:28Z&#34;&#xA;    message: ReplicaSet &#34;alb-rollout-65d9cfc589&#34; is progressing.&#xA;    reason: ReplicaSetUpdated&#xA;    status: &#34;True&#34;&#xA;    type: Progressing&#xA;  - lastTransitionTime: &#34;2025-01-09T20:14:28Z&#34;&#xA;    lastUpdateTime: &#34;2025-01-09T20:14:28Z&#34;&#xA;    message: RolloutCompleted&#xA;    reason: RolloutCompleted&#xA;    status: &#34;False&#34;&#xA;    type: Completed&#xA;  currentPodHash: 65d9cfc589&#xA;  currentStepHash: 8b59978&#xA;  currentStepIndex: 0&#xA;  message: more replicas need to be updated&#xA;  observedGeneration: &#34;4&#34;&#xA;  phase: Progressing&#xA;  readyReplicas: 1&#xA;  replicas: 1&#xA;  selector: app=alb-rollout&#xA;  stableRS: d6f4fdcdc&#xA;&#xA;2025-01-09T16:14:27-04:00         Normal    RolloutAddedToInformer    Rollout resource added to informer: default/alb-rollout&#xA;2025-01-09T16:14:27-04:00         Normal    RolloutUpdated            Rollout updated to revision 1&#xA;2025-01-09T16:14:27-04:00         Normal    NewReplicaSetCreated      Created ReplicaSet alb-rollout-d6f4fdcdc (revision 1)&#xA;2025-01-09T16:14:27-04:00         Normal    RolloutNotCompleted       Rollout not completed, started update to revision 1 (d6f4fdcdc)&#xA;2025-01-09T16:14:29-04:00 (x2)    Normal    PatchingALBIngress        Updating Ingress `alb-rollout-multi-ingress-1` to desiredWeight &#39;0&#39;&#xA;2025-01-09T16:14:29-04:00 (x2)    Normal    PatchingALBIngress        Updating Ingress `alb-rollout-multi-ingress-2` to desiredWeight &#39;0&#39;&#xA;2025-01-09T16:14:27-04:00         Normal    TrafficWeightUpdated      Traffic weight updated to 0&#xA;2025-01-09T16:14:27-04:00         Normal    ScalingReplicaSet         Scaled up ReplicaSet alb-rollout-d6f4fdcdc (revision 1) from 0 to 1&#xA;2025-01-09T16:14:27-04:00         Normal    RolloutCompleted          Rollout completed update to revision 1 (d6f4fdcdc): Initial deploy&#xA;2025-01-09T16:14:28-04:00 (x2)    Normal    TrafficWeightUpdated      Traffic weight updated &#xA;2025-01-09T16:14:28-04:00         Normal    SwitchService             Switched selector for service &#39;alb-rollout-stable&#39; from &#39;&#39; to &#39;d6f4fdcdc&#39;&#xA;2025-01-09T16:14:28-04:00         Normal    SwitchService             Switched selector for service &#39;alb-rollout-canary&#39; from &#39;&#39; to &#39;d6f4fdcdc&#39;&#xA;2025-01-09T16:14:28-04:00         Normal    RolloutUpdated            Rollout updated to revision 2&#xA;2025-01-09T16:14:28-04:00         Normal    NewReplicaSetCreated      Created ReplicaSet alb-rollout-65d9cfc589 (revision 2)&#xA;2025-01-09T16:14:28-04:00         Normal    RolloutNotCompleted       Rollout not completed, started update to revision 2 (65d9cfc589)&#xA;2025-01-09T16:14:28-04:00         Normal    ExperimentCreated         Created Experiment &#39;alb-rollout-65d9cfc589-2-0&#39;&#xA;2025-01-09T16:14:29-04:00         Normal    TrafficWeightUpdated      Traffic weight updated additional: [{20  } {20  }]&#xA;&#xA;time=&#34;2025-01-09T16:14:38-04:00&#34; level=info msg=&#34;Deleting e2e-test-name=TestALBExperimentStepNoSetWeightMultiIngress&#34;&#xA;    --- FAIL: TestAWSSuite/TestALBExperimentStepNoSetWeightMultiIngress (12.07s)&#xA;</failure>
		</testcase>
		<testcase classname="github.com/argoproj/argo-rollouts/test/e2e" name="TestAWSSuite" time="111.000000">
			<failure message="Failed" type="">=== RUN   TestAWSSuite&#xA;--- FAIL: TestAWSSuite (111.00s)&#xA;</failure>
		</testcase>
		<testcase classname="github.com/argoproj/argo-rollouts/test/e2e" name="TestCanarySuite/TestRolloutWithMaxSurgeScalingDuringUpdate" time="92.390000">
			<failure message="Failed" type="">=== RUN   TestCanarySuite/TestRolloutWithMaxSurgeScalingDuringUpdate&#xA;time=&#34;2025-01-09T16:22:40-04:00&#34; level=info msg=&#34;Deleting e2e-test-name=TestRolloutWithMaxSurgeScalingDuringUpdate&#34;&#xA;time=&#34;2025-01-09T16:22:40-04:00&#34; level=info msg=&#34;rollout.argoproj.io/updatescaling created\n&#34; rollout=updatescaling&#xA;time=&#34;2025-01-09T16:22:40-04:00&#34; level=info msg=&#34;Waiting for condition: status=Healthy&#34; rollout=updatescaling&#xA;time=&#34;2025-01-09T16:22:41-04:00&#34; level=info msg=&#34;Condition &#39;status=Healthy&#39; met after 0s&#34; rollout=updatescaling&#xA;W0109 16:22:41.411657   76691 warnings.go:70] unknown field &#34;spec.template.metadata.creationTimestamp&#34;&#xA;time=&#34;2025-01-09T16:22:41-04:00&#34; level=info msg=&#34;Patched rollout: {\&#34;spec\&#34;:{\&#34;template\&#34;:{\&#34;spec\&#34;:{\&#34;containers\&#34;:[{\&#34;name\&#34;:\&#34;updatescaling\&#34;,\&#34;resources\&#34;:{\&#34;requests\&#34;:{\&#34;cpu\&#34;:\&#34;2m\&#34;,\&#34;memory\&#34;:\&#34;16Mi\&#34;}}}]}}}}&#34; rollout=updatescaling&#xA;time=&#34;2025-01-09T16:22:41-04:00&#34; level=info msg=&#34;Waiting for condition: status.replicas=7&#34; rollout=updatescaling&#xA;time=&#34;2025-01-09T16:22:42-04:00&#34; level=info msg=&#34;Condition &#39;status.replicas=7&#39; met after 1s&#34; rollout=updatescaling&#xA;time=&#34;2025-01-09T16:22:42-04:00&#34; level=info msg=&#34;Pod expectation &#39;canary pod count == 4&#39; met&#34; rollout=updatescaling&#xA;time=&#34;2025-01-09T16:22:42-04:00&#34; level=info msg=&#34;Pod expectation &#39;stable pod count == 3&#39; met&#34; rollout=updatescaling&#xA;time=&#34;2025-01-09T16:22:42-04:00&#34; level=info msg=&#34;Scaled rollout to 8&#34; rollout=updatescaling&#xA;time=&#34;2025-01-09T16:22:42-04:00&#34; level=info msg=&#34;Waiting for condition: status.replicas=11&#34; rollout=updatescaling&#xA;    when.go:467: timeout after 1m30s waiting for condition status.replicas=11&#xA;Name:            updatescaling&#xA;Namespace:       default&#xA;Status:          �[32m✔�[0m Healthy&#xA;Strategy:        Canary&#xA;  Step:          &#xA;  SetWeight:     100&#xA;  ActualWeight:  100&#xA;Images:          nginx:1.19-alpine (�[32mstable�[0m)&#xA;Replicas:&#xA;  Desired:       8&#xA;  Current:       8&#xA;  Updated:       8&#xA;  Ready:         8&#xA;  Available:     8&#xA;&#xA;NAME                                       KIND        STATUS        AGE  INFO&#xA;⟳ updatescaling                            Rollout     �[32m✔�[0m Healthy     92s  &#xA;├──# revision:2                                                           &#xA;│  └──⧉ �[32mupdatescaling-79b6b5f5d4�[0m           ReplicaSet  �[32m✔�[0m Healthy     91s  �[32mstable�[0m&#xA;│     ├──□ updatescaling-79b6b5f5d4-8nj8j  Pod         �[32m✔�[0m Running     91s  ready:1/1&#xA;│     ├──□ updatescaling-79b6b5f5d4-d46zl  Pod         �[32m✔�[0m Running     91s  ready:1/1&#xA;│     ├──□ updatescaling-79b6b5f5d4-h6c9v  Pod         �[32m✔�[0m Running     91s  ready:1/1&#xA;│     ├──□ updatescaling-79b6b5f5d4-s6tp9  Pod         �[32m✔�[0m Running     91s  ready:1/1&#xA;│     ├──□ updatescaling-79b6b5f5d4-7sbqf  Pod         �[32m✔�[0m Running     90s  ready:1/1&#xA;│     ├──□ updatescaling-79b6b5f5d4-g52pg  Pod         �[32m✔�[0m Running     90s  ready:1/1&#xA;│     ├──□ updatescaling-79b6b5f5d4-qtzd4  Pod         �[32m✔�[0m Running     90s  ready:1/1&#xA;│     └──□ updatescaling-79b6b5f5d4-wwdqb  Pod         �[32m✔�[0m Running     90s  ready:1/1&#xA;└──# revision:1                                                           &#xA;   └──⧉ updatescaling-54d546d75c           ReplicaSet  �[0m•�[0m ScaledDown  92s  &#xA;&#xA;---&#xA;apiVersion: argoproj.io/v1alpha1&#xA;kind: Rollout&#xA;metadata:&#xA;  annotations:&#xA;    rollout.argoproj.io/revision: &#34;2&#34;&#xA;  creationTimestamp: &#34;2025-01-09T20:22:40Z&#34;&#xA;  generation: 3&#xA;  labels:&#xA;    argo-rollouts.argoproj.io/controller-instance-id: argo-rollouts-e2e&#xA;    e2e-test-name: TestRolloutWithMaxSurgeScalingDuringUpdate&#xA;  name: updatescaling&#xA;  namespace: default&#xA;  resourceVersion: &#34;9887&#34;&#xA;  uid: 152147a6-5847-49cc-a85b-0d1c25f48db1&#xA;spec:&#xA;  replicas: 8&#xA;  selector:&#xA;    matchLabels:&#xA;      app: updatescaling&#xA;  strategy:&#xA;    canary:&#xA;      maxSurge: 100%&#xA;  template:&#xA;    metadata:&#xA;      creationTimestamp: null&#xA;      labels:&#xA;        app: updatescaling&#xA;    spec:&#xA;      containers:&#xA;      - image: nginx:1.19-alpine&#xA;        name: updatescaling&#xA;        resources:&#xA;          requests:&#xA;            cpu: 2m&#xA;            memory: 16Mi&#xA;status:&#xA;  HPAReplicas: 8&#xA;  availableReplicas: 8&#xA;  blueGreen: {}&#xA;  canary: {}&#xA;  conditions:&#xA;  - lastTransitionTime: &#34;2025-01-09T20:22:44Z&#34;&#xA;    lastUpdateTime: &#34;2025-01-09T20:22:44Z&#34;&#xA;    message: Rollout is healthy&#xA;    reason: RolloutHealthy&#xA;    status: &#34;True&#34;&#xA;    type: Healthy&#xA;  - lastTransitionTime: &#34;2025-01-09T20:22:40Z&#34;&#xA;    lastUpdateTime: &#34;2025-01-09T20:22:44Z&#34;&#xA;    message: ReplicaSet &#34;updatescaling-79b6b5f5d4&#34; has successfully progressed.&#xA;    reason: NewReplicaSetAvailable&#xA;    status: &#34;True&#34;&#xA;    type: Progressing&#xA;  - lastTransitionTime: &#34;2025-01-09T20:22:44Z&#34;&#xA;    lastUpdateTime: &#34;2025-01-09T20:22:44Z&#34;&#xA;    message: Rollout has minimum availability&#xA;    reason: AvailableReason&#xA;    status: &#34;True&#34;&#xA;    type: Available&#xA;  - lastTransitionTime: &#34;2025-01-09T20:22:44Z&#34;&#xA;    lastUpdateTime: &#34;2025-01-09T20:22:44Z&#34;&#xA;    message: RolloutCompleted&#xA;    reason: RolloutCompleted&#xA;    status: &#34;True&#34;&#xA;    type: Completed&#xA;  currentPodHash: 79b6b5f5d4&#xA;  currentStepHash: 5ffbfbbd64&#xA;  observedGeneration: &#34;3&#34;&#xA;  phase: Healthy&#xA;  readyReplicas: 8&#xA;  replicas: 8&#xA;  selector: app=updatescaling&#xA;  stableRS: 79b6b5f5d4&#xA;  updatedReplicas: 8&#xA;&#xA;2025-01-09T16:22:40-04:00    Normal    RolloutAddedToInformer    Rollout resource added to informer: default/updatescaling&#xA;2025-01-09T16:22:40-04:00    Normal    RolloutUpdated            Rollout updated to revision 1&#xA;2025-01-09T16:22:40-04:00    Normal    NewReplicaSetCreated      Created ReplicaSet updatescaling-54d546d75c (revision 1)&#xA;2025-01-09T16:22:40-04:00    Normal    RolloutNotCompleted       Rollout not completed, started update to revision 1 (54d546d75c)&#xA;2025-01-09T16:22:40-04:00    Normal    ScalingReplicaSet         Scaled up ReplicaSet updatescaling-54d546d75c (revision 1) from 0 to 4&#xA;2025-01-09T16:22:40-04:00    Normal    RolloutCompleted          Rollout completed update to revision 1 (54d546d75c): Initial deploy&#xA;2025-01-09T16:22:41-04:00    Normal    RolloutUpdated            Rollout updated to revision 2&#xA;2025-01-09T16:22:41-04:00    Normal    NewReplicaSetCreated      Created ReplicaSet updatescaling-79b6b5f5d4 (revision 2)&#xA;2025-01-09T16:22:41-04:00    Normal    RolloutNotCompleted       Rollout not completed, started update to revision 2 (79b6b5f5d4)&#xA;2025-01-09T16:22:41-04:00    Normal    ScalingReplicaSet         Scaled down ReplicaSet updatescaling-54d546d75c (revision 1) from 4 to 3&#xA;2025-01-09T16:22:41-04:00    Normal    ScalingReplicaSet         Scaled up ReplicaSet updatescaling-79b6b5f5d4 (revision 2) from 0 to 4&#xA;2025-01-09T16:22:42-04:00    Normal    ScalingReplicaSet         Scaled up ReplicaSet updatescaling-79b6b5f5d4 (revision 2) from 4 to 8&#xA;2025-01-09T16:22:42-04:00    Normal    ScalingReplicaSet         Scaled down ReplicaSet updatescaling-54d546d75c (revision 1) from 3 to 2&#xA;2025-01-09T16:22:43-04:00    Normal    ScalingReplicaSet         Scaled down ReplicaSet updatescaling-54d546d75c (revision 1) from 2 to 0&#xA;2025-01-09T16:22:44-04:00    Normal    RolloutCompleted          Rollout completed update to revision 2 (79b6b5f5d4): Completed all 0 canary steps&#xA;&#xA;time=&#34;2025-01-09T16:24:12-04:00&#34; level=info msg=&#34;Deleting e2e-test-name=TestRolloutWithMaxSurgeScalingDuringUpdate&#34;&#xA;time=&#34;2025-01-09T16:24:12-04:00&#34; level=info msg=&#34;Deleting e2e-test-name&#34;&#xA;    --- FAIL: TestCanarySuite/TestRolloutWithMaxSurgeScalingDuringUpdate (92.39s)&#xA;</failure>
		</testcase>
		<testcase classname="github.com/argoproj/argo-rollouts/test/e2e" name="TestCanarySuite" time="382.210000">
			<failure message="Failed" type="">=== RUN   TestCanarySuite&#xA;time=&#34;2025-01-09T16:17:51-04:00&#34; level=info msg=&#34;analysistemplate.argoproj.io/sleep-job created\n&#34;&#xA;--- FAIL: TestCanarySuite (382.21s)&#xA;</failure>
		</testcase>
		<testcase classname="github.com/argoproj/argo-rollouts/test/e2e" name="TestAppMeshSuite" time="0.010000">
			<skipped message="=== RUN   TestAppMeshSuite&#xA;--- SKIP: TestAppMeshSuite (0.01s)&#xA;"></skipped>
		</testcase>
		<testcase classname="github.com/argoproj/argo-rollouts/test/e2e" name="TestAWSSuite/TestALBBlueGreenUpdate" time="0.110000">
			<skipped message="=== RUN   TestAWSSuite/TestALBBlueGreenUpdate&#xA;time=&#34;2025-01-09T16:13:46-04:00&#34; level=info msg=&#34;Deleting e2e-test-name=TestALBBlueGreenUpdate&#34;&#xA;time=&#34;2025-01-09T16:13:46-04:00&#34; level=info msg=&#34;Deleting e2e-test-name=TestALBBlueGreenUpdate&#34;&#xA;    --- SKIP: TestAWSSuite/TestALBBlueGreenUpdate (0.11s)&#xA;"></skipped>
		</testcase>
		<testcase classname="github.com/argoproj/argo-rollouts/test/e2e" name="TestAWSSuite/TestALBCanaryUpdate" time="0.090000">
			<skipped message="=== RUN   TestAWSSuite/TestALBCanaryUpdate&#xA;time=&#34;2025-01-09T16:13:46-04:00&#34; level=info msg=&#34;Deleting e2e-test-name=TestALBCanaryUpdate&#34;&#xA;time=&#34;2025-01-09T16:13:46-04:00&#34; level=info msg=&#34;Deleting e2e-test-name=TestALBCanaryUpdate&#34;&#xA;    --- SKIP: TestAWSSuite/TestALBCanaryUpdate (0.09s)&#xA;"></skipped>
		</testcase>
		<testcase classname="github.com/argoproj/argo-rollouts/test/e2e" name="TestAWSSuite/TestALBCanaryUpdateMultiIngress" time="0.090000">
			<skipped message="=== RUN   TestAWSSuite/TestALBCanaryUpdateMultiIngress&#xA;time=&#34;2025-01-09T16:13:46-04:00&#34; level=info msg=&#34;Deleting e2e-test-name=TestALBCanaryUpdateMultiIngress&#34;&#xA;time=&#34;2025-01-09T16:13:46-04:00&#34; level=info msg=&#34;Deleting e2e-test-name=TestALBCanaryUpdateMultiIngress&#34;&#xA;    --- SKIP: TestAWSSuite/TestALBCanaryUpdateMultiIngress (0.09s)&#xA;"></skipped>
		</testcase>
		<testcase classname="github.com/argoproj/argo-rollouts/test/e2e" name="TestSMIIngressSuite" time="0.010000">
			<skipped message="=== RUN   TestSMIIngressSuite&#xA;--- SKIP: TestSMIIngressSuite (0.01s)&#xA;"></skipped>
		</testcase>
		<testcase classname="github.com/argoproj/argo-rollouts/test/e2e" name="TestSMISuite" time="0.010000">
			<skipped message="=== RUN   TestSMISuite&#xA;--- SKIP: TestSMISuite (0.01s)&#xA;"></skipped>
		</testcase>
		<testcase classname="github.com/argoproj/argo-rollouts/test/e2e" name="TestStepPluginSuite" time="0.020000">
			<skipped message="=== RUN   TestStepPluginSuite&#xA;--- SKIP: TestStepPluginSuite (0.02s)&#xA;"></skipped>
		</testcase>
		<testcase classname="github.com/argoproj/argo-rollouts/test/e2e" name="TestAnalysisSuite/TestAnalysisWithArgs" time="19.660000"></testcase>
		<testcase classname="github.com/argoproj/argo-rollouts/test/e2e" name="TestAnalysisSuite/TestAnalysisWithSecret" time="7.960000"></testcase>
		<testcase classname="github.com/argoproj/argo-rollouts/test/e2e" name="TestAnalysisSuite/TestBackgroundAnalysisWithArgs" time="5.830000"></testcase>
		<testcase classname="github.com/argoproj/argo-rollouts/test/e2e" name="TestAnalysisSuite/TestBlueGreenAbortAndUpdate" time="14.150000"></testcase>
		<testcase classname="github.com/argoproj/argo-rollouts/test/e2e" name="TestAnalysisSuite/TestBlueGreenAnalysis" time="23.920000"></testcase>
		<testcase classname="github.com/argoproj/argo-rollouts/test/e2e" name="TestAnalysisSuite/TestBlueGreenKitchenSink" time="39.560000"></testcase>
		<testcase classname="github.com/argoproj/argo-rollouts/test/e2e" name="TestAnalysisSuite/TestBlueGreenPostPromotionFail" time="11.100000"></testcase>
		<testcase classname="github.com/argoproj/argo-rollouts/test/e2e" name="TestAnalysisSuite/TestBlueGreenPrePromotionFail" time="19.860000"></testcase>
		<testcase classname="github.com/argoproj/argo-rollouts/test/e2e" name="TestAnalysisSuite/TestCanaryBackgroundAnalysis" time="1.990000"></testcase>
		<testcase classname="github.com/argoproj/argo-rollouts/test/e2e" name="TestAnalysisSuite/TestCanaryFailInlineMultipleAnalysis" time="8.080000"></testcase>
		<testcase classname="github.com/argoproj/argo-rollouts/test/e2e" name="TestAnalysisSuite/TestCanaryInlineAnalysis" time="11.100000"></testcase>
		<testcase classname="github.com/argoproj/argo-rollouts/test/e2e" name="TestAnalysisSuite/TestCanaryInlineMultipleAnalysis" time="14.110000"></testcase>
		<testcase classname="github.com/argoproj/argo-rollouts/test/e2e" name="TestAnalysisSuite/TestMultipleAnalysis" time="2.880000"></testcase>
		<testcase classname="github.com/argoproj/argo-rollouts/test/e2e" name="TestAnalysisSuite" time="180.910000"></testcase>
		<testcase classname="github.com/argoproj/argo-rollouts/test/e2e" name="TestAPISIXSuite/TestAPISIXCanarySetHeaderStep" time="50.380000"></testcase>
		<testcase classname="github.com/argoproj/argo-rollouts/test/e2e" name="TestAPISIXSuite/TestAPISIXCanaryStep" time="21.960000"></testcase>
		<testcase classname="github.com/argoproj/argo-rollouts/test/e2e" name="TestAPISIXSuite" time="72.400000"></testcase>
		<testcase classname="github.com/argoproj/argo-rollouts/test/e2e" name="TestAWSSuite/TestALBExperimentStep" time="13.800000"></testcase>
		<testcase classname="github.com/argoproj/argo-rollouts/test/e2e" name="TestAWSSuite/TestALBExperimentStepMultiIngress" time="14.100000"></testcase>
		<testcase classname="github.com/argoproj/argo-rollouts/test/e2e" name="TestAWSSuite/TestALBMesh_PingPong_StableCanary_Update" time="12.940000"></testcase>
		<testcase classname="github.com/argoproj/argo-rollouts/test/e2e" name="TestAWSSuite/TestALBPingPongUpdate" time="10.000000"></testcase>
		<testcase classname="github.com/argoproj/argo-rollouts/test/e2e" name="TestAWSSuite/TestALBPingPongUpdateMultiIngress" time="10.130000"></testcase>
		<testcase classname="github.com/argoproj/argo-rollouts/test/e2e" name="TestAWSSuite/TestAlbHeaderRoute" time="7.170000"></testcase>
		<testcase classname="github.com/argoproj/argo-rollouts/test/e2e" name="TestAWSSuite/TestAlbHeaderRouteMultiIngress" time="18.290000"></testcase>
		<testcase classname="github.com/argoproj/argo-rollouts/test/e2e" name="TestBlueGreenSuite/TestBlueGreenPreviewReplicaCount" time="3.590000"></testcase>
		<testcase classname="github.com/argoproj/argo-rollouts/test/e2e" name="TestBlueGreenSuite/TestBlueGreenProgressDeadlineExceededWithPause" time="61.390000"></testcase>
		<testcase classname="github.com/argoproj/argo-rollouts/test/e2e" name="TestBlueGreenSuite/TestBlueGreenProgressDeadlineExceededWithoutPause" time="61.440000"></testcase>
		<testcase classname="github.com/argoproj/argo-rollouts/test/e2e" name="TestBlueGreenSuite/TestEphemeralMetadata" time="7.000000"></testcase>
		<testcase classname="github.com/argoproj/argo-rollouts/test/e2e" name="TestBlueGreenSuite" time="133.540000"></testcase>
		<testcase classname="github.com/argoproj/argo-rollouts/test/e2e" name="TestCanarySuite/TestCanaryDynamicStableScale" time="15.960000"></testcase>
		<testcase classname="github.com/argoproj/argo-rollouts/test/e2e" name="TestCanarySuite/TestCanaryDynamicStableScaleRollbackToStable" time="9.100000"></testcase>
		<testcase classname="github.com/argoproj/argo-rollouts/test/e2e" name="TestCanarySuite/TestCanaryProgressDeadlineExceededWithPause" time="122.160000"></testcase>
		<testcase classname="github.com/argoproj/argo-rollouts/test/e2e" name="TestCanarySuite/TestCanaryScaleDownDelay" time="8.360000"></testcase>
		<testcase classname="github.com/argoproj/argo-rollouts/test/e2e" name="TestCanarySuite/TestCanaryScaleDownDelayWithProgressDeadline" time="13.040000"></testcase>
		<testcase classname="github.com/argoproj/argo-rollouts/test/e2e" name="TestCanarySuite/TestCanaryScaleDownOnAbort" time="6.030000"></testcase>
		<testcase classname="github.com/argoproj/argo-rollouts/test/e2e" name="TestCanarySuite/TestCanaryScaleDownOnAbortNoTrafficRouting" time="6.080000"></testcase>
		<testcase classname="github.com/argoproj/argo-rollouts/test/e2e" name="TestCanarySuite/TestCanaryUnScaleDownOnAbort" time="5.940000"></testcase>
		<testcase classname="github.com/argoproj/argo-rollouts/test/e2e" name="TestCanarySuite/TestCanaryWithPausedRollout" time="64.810000"></testcase>
		<testcase classname="github.com/argoproj/argo-rollouts/test/e2e" name="TestCanarySuite/TestEphemeralMetadata" time="5.660000"></testcase>
		<testcase classname="github.com/argoproj/argo-rollouts/test/e2e" name="TestCanarySuite/TestReduceWeightAndHonorMaxUnavailable" time="26.240000"></testcase>
		<testcase classname="github.com/argoproj/argo-rollouts/test/e2e" name="TestCanarySuite/TestRolloutScalingDuringUpdate" time="2.390000"></testcase>
		<testcase classname="github.com/argoproj/argo-rollouts/test/e2e" name="TestCanarySuite/TestRolloutScalingWhenPaused" time="3.710000"></testcase>
		<testcase classname="github.com/argoproj/argo-rollouts/test/e2e" name="TestCanarySuite/TestCanarySetCanaryScale" time="5.300000"></testcase>
		<testcase classname="github.com/argoproj/argo-rollouts/test/e2e" name="TestExperimentSuite/TestExperimentWithDryRunMetrics" time="34.830000"></testcase>
		<testcase classname="github.com/argoproj/argo-rollouts/test/e2e" name="TestExperimentSuite/TestExperimentWithMeasurementRetentionMetrics" time="34.020000"></testcase>
		<testcase classname="github.com/argoproj/argo-rollouts/test/e2e" name="TestExperimentSuite/TestExperimentWithMultiportServiceAndScaleDownDelay" time="16.129000"></testcase>
		<testcase classname="github.com/argoproj/argo-rollouts/test/e2e" name="TestExperimentSuite/TestExperimentWithServiceAndScaleDownDelay" time="15.910000"></testcase>
		<testcase classname="github.com/argoproj/argo-rollouts/test/e2e" name="TestExperimentSuite/TestExperimentWithServiceNameAndScaleDownDelay" time="15.960000"></testcase>
		<testcase classname="github.com/argoproj/argo-rollouts/test/e2e" name="TestExperimentSuite/TestRolloutWithExperimentAndAnalysis" time="6.600000"></testcase>
		<testcase classname="github.com/argoproj/argo-rollouts/test/e2e" name="TestExperimentSuite" time="117.020000"></testcase>
		<testcase classname="github.com/argoproj/argo-rollouts/test/e2e" name="TestFunctionalSuite/TestBlueGreenExceedProgressDeadlineAbort" time="8.570000"></testcase>
		<testcase classname="github.com/argoproj/argo-rollouts/test/e2e" name="TestFunctionalSuite/TestBlueGreenPreviewReplicaCountPromoteFull" time="5.540000"></testcase>
		<testcase classname="github.com/argoproj/argo-rollouts/test/e2e" name="TestFunctionalSuite/TestBlueGreenPromoteFull" time="7.240000"></testcase>
		<testcase classname="github.com/argoproj/argo-rollouts/test/e2e" name="TestFunctionalSuite/TestBlueGreenScaleDownDelay" time="6.840000"></testcase>
		<testcase classname="github.com/argoproj/argo-rollouts/test/e2e" name="TestFunctionalSuite/TestBlueGreenScaleDownOnAbort" time="6.110000"></testcase>
		<testcase classname="github.com/argoproj/argo-rollouts/test/e2e" name="TestFunctionalSuite/TestBlueGreenToCanary" time="2.950000"></testcase>
		<testcase classname="github.com/argoproj/argo-rollouts/test/e2e" name="TestFunctionalSuite/TestBlueGreenUpdate" time="2.050000"></testcase>
		<testcase classname="github.com/argoproj/argo-rollouts/test/e2e" name="TestFunctionalSuite/TestCanaryPromoteFull" time="8.020000"></testcase>
		<testcase classname="github.com/argoproj/argo-rollouts/test/e2e" name="TestFunctionalSuite/TestCompleteRolloutRestart" time="20.190000"></testcase>
		<testcase classname="github.com/argoproj/argo-rollouts/test/e2e" name="TestFunctionalSuite/TestContainerResourceFormats" time="1.950000"></testcase>
		<testcase classname="github.com/argoproj/argo-rollouts/test/e2e" name="TestFunctionalSuite/TestControllerMetrics" time="0.150000"></testcase>
		<testcase classname="github.com/argoproj/argo-rollouts/test/e2e" name="TestFunctionalSuite/TestFixInvalidSpec" time="0.790000"></testcase>
		<testcase classname="github.com/argoproj/argo-rollouts/test/e2e" name="TestFunctionalSuite/TestKubectlWaitForCompleted" time="31.310000"></testcase>
		<testcase classname="github.com/argoproj/argo-rollouts/test/e2e" name="TestFunctionalSuite/TestKubectlWaitForPaused" time="3.160000"></testcase>
		<testcase classname="github.com/argoproj/argo-rollouts/test/e2e" name="TestFunctionalSuite/TestMalformedRollout" time="1.750000"></testcase>
		<testcase classname="github.com/argoproj/argo-rollouts/test/e2e" name="TestFunctionalSuite/TestMalformedRolloutEphemeralCtr" time="1.240000"></testcase>
		<testcase classname="github.com/argoproj/argo-rollouts/test/e2e" name="TestFunctionalSuite/TestNeverScaleDown" time="2.940000"></testcase>
		<testcase classname="github.com/argoproj/argo-rollouts/test/e2e" name="TestFunctionalSuite/TestRolloutAbortRetryPromote" time="6.500000"></testcase>
		<testcase classname="github.com/argoproj/argo-rollouts/test/e2e" name="TestFunctionalSuite/TestRolloutBadToBadUpdate" time="21.990000"></testcase>
		<testcase classname="github.com/argoproj/argo-rollouts/test/e2e" name="TestFunctionalSuite/TestRolloutBadToGoodSetWeightUpdate" time="19.950000"></testcase>
		<testcase classname="github.com/argoproj/argo-rollouts/test/e2e" name="TestFunctionalSuite/TestRolloutBadToGoodUpdate" time="15.400000"></testcase>
		<testcase classname="github.com/argoproj/argo-rollouts/test/e2e" name="TestFunctionalSuite/TestRolloutGoodToBadUpdate" time="23.620000"></testcase>
		<testcase classname="github.com/argoproj/argo-rollouts/test/e2e" name="TestFunctionalSuite/TestRolloutPDBRestart" time="43.850000"></testcase>
		<testcase classname="github.com/argoproj/argo-rollouts/test/e2e" name="TestFunctionalSuite/TestRolloutPauseDurationGreaterThanProgressDeadlineSeconds" time="35.160000"></testcase>
		<testcase classname="github.com/argoproj/argo-rollouts/test/e2e" name="TestFunctionalSuite/TestRolloutPodVolumesItemsSpec" time="7.030000"></testcase>
		<testcase classname="github.com/argoproj/argo-rollouts/test/e2e" name="TestFunctionalSuite/TestRolloutRestart" time="16.020000"></testcase>
		<testcase classname="github.com/argoproj/argo-rollouts/test/e2e" name="TestFunctionalSuite/TestScaleDownOnSuccess" time="7.120000"></testcase>
		<testcase classname="github.com/argoproj/argo-rollouts/test/e2e" name="TestFunctionalSuite/TestScaleDownProgressively" time="7.320000"></testcase>
		<testcase classname="github.com/argoproj/argo-rollouts/test/e2e" name="TestFunctionalSuite/TestSpecAndReplicaChangeSameTime" time="20.890000"></testcase>
		<testcase classname="github.com/argoproj/argo-rollouts/test/e2e" name="TestFunctionalSuite/TestWorkloadRef" time="10.130000"></testcase>
		<testcase classname="github.com/argoproj/argo-rollouts/test/e2e" name="TestFunctionalSuite/TestWorkloadRefTemplate" time="0.270000"></testcase>
		<testcase classname="github.com/argoproj/argo-rollouts/test/e2e" name="TestFunctionalSuite" time="346.220000"></testcase>
		<testcase classname="github.com/argoproj/argo-rollouts/test/e2e" name="TestHeaderRoutingSuite/TestIstioHostHeaderRoute" time="8.750000"></testcase>
		<testcase classname="github.com/argoproj/argo-rollouts/test/e2e" name="TestHeaderRoutingSuite" time="8.850000"></testcase>
		<testcase classname="github.com/argoproj/argo-rollouts/test/e2e" name="TestIstioSuite/TestIstioAbortUpdate" time="2.850000"></testcase>
		<testcase classname="github.com/argoproj/argo-rollouts/test/e2e" name="TestIstioSuite/TestIstioAbortUpdateDeleteAllCanaryPods" time="4.410000"></testcase>
		<testcase classname="github.com/argoproj/argo-rollouts/test/e2e" name="TestIstioSuite/TestIstioHostSplit" time="7.790000"></testcase>
		<testcase classname="github.com/argoproj/argo-rollouts/test/e2e" name="TestIstioSuite/TestIstioHostSplitExperimentStep" time="14.190000"></testcase>
		<testcase classname="github.com/argoproj/argo-rollouts/test/e2e" name="TestIstioSuite/TestIstioHostSplitOnlyTls" time="4.140000"></testcase>
		<testcase classname="github.com/argoproj/argo-rollouts/test/e2e" name="TestIstioSuite/TestIstioPingPongUpdate" time="9.170000"></testcase>
		<testcase classname="github.com/argoproj/argo-rollouts/test/e2e" name="TestIstioSuite/TestIstioSubsetSplit" time="5.980000"></testcase>
		<testcase classname="github.com/argoproj/argo-rollouts/test/e2e" name="TestIstioSuite/TestIstioSubsetSplitExperimentStep" time="14.020000"></testcase>
		<testcase classname="github.com/argoproj/argo-rollouts/test/e2e" name="TestIstioSuite/TestIstioSubsetSplitInStableDownscaleAfterCanaryAbort" time="4.010000"></testcase>
		<testcase classname="github.com/argoproj/argo-rollouts/test/e2e" name="TestIstioSuite/TestIstioSubsetSplitSingleRoute" time="4.820000"></testcase>
		<testcase classname="github.com/argoproj/argo-rollouts/test/e2e" name="TestIstioSuite/TestIstioUpdateInMiddleZeroCanaryReplicas" time="3.910000"></testcase>
		<testcase classname="github.com/argoproj/argo-rollouts/test/e2e" name="TestIstioSuite" time="75.370000"></testcase>
		<testcase classname="github.com/argoproj/argo-rollouts/test/e2e" name="TestMirrorRouteSuite/TestIstioHostMirrorRoute" time="9.150000"></testcase>
		<testcase classname="github.com/argoproj/argo-rollouts/test/e2e" name="TestMirrorRouteSuite" time="9.250000"></testcase>
		<testcase classname="github.com/argoproj/argo-rollouts/test/e2e" name="TestRollbackSuite/TestRollbackAnalysisOutsideWindow" time="26.840000"></testcase>
		<testcase classname="github.com/argoproj/argo-rollouts/test/e2e" name="TestRollbackSuite/TestRollbackAnalysisWithinWindow" time="19.420000"></testcase>
		<testcase classname="github.com/argoproj/argo-rollouts/test/e2e" name="TestRollbackSuite" time="46.510000"></testcase>
		<testcase classname="github.com/argoproj/argo-rollouts/test/e2e" name="TestAWSSuite/TestALBExperimentStepNoSetWeight" time="15.770000"></testcase>
		<testcase classname="github.com/argoproj/argo-rollouts/test/e2e" name="TestAWSSuite" time="15.870000"></testcase>
		<testcase classname="github.com/argoproj/argo-rollouts/test/e2e" name="TestAWSSuite/TestALBExperimentStepNoSetWeightMultiIngress" time="14.900000"></testcase>
		<testcase classname="github.com/argoproj/argo-rollouts/test/e2e" name="TestAWSSuite" time="15.030000"></testcase>
		<testcase classname="github.com/argoproj/argo-rollouts/test/e2e" name="TestCanarySuite/TestRolloutWithMaxSurgeScalingDuringUpdate" time="2.530000"></testcase>
		<testcase classname="github.com/argoproj/argo-rollouts/test/e2e" name="TestCanarySuite" time="3.060000"></testcase>
	</testsuite>
</testsuites>