<?xml version="1.0" encoding="UTF-8"?>
<testsuites tests="2735" failures="14" errors="0" time="109.833897">
	<testsuite tests="64" failures="0" time="6.787000" name="github.com/argoproj/argo-rollouts/analysis" timestamp="2024-10-02T10:26:39+08:00">
		<properties>
			<property name="go.version" value="go1.22.5 darwin/arm64"></property>
		</properties>
		<testcase classname="github.com/argoproj/argo-rollouts/analysis" name="TestGenerateMetricTasksInterval" time="0.000000"></testcase>
		<testcase classname="github.com/argoproj/argo-rollouts/analysis" name="TestGenerateMetricTasksFailing" time="0.000000"></testcase>
		<testcase classname="github.com/argoproj/argo-rollouts/analysis" name="TestGenerateMetricTasksNoIntervalOrCount" time="0.000000"></testcase>
		<testcase classname="github.com/argoproj/argo-rollouts/analysis" name="TestGenerateMetricTasksIncomplete" time="0.000000"></testcase>
		<testcase classname="github.com/argoproj/argo-rollouts/analysis" name="TestGenerateMetricTasksHonorInitialDelay" time="0.000000"></testcase>
		<testcase classname="github.com/argoproj/argo-rollouts/analysis" name="TestGenerateMetricTasksHonorResumeAt" time="0.000000"></testcase>
		<testcase classname="github.com/argoproj/argo-rollouts/analysis" name="TestGenerateMetricTasksError" time="0.000000"></testcase>
		<testcase classname="github.com/argoproj/argo-rollouts/analysis" name="TestAssessRunStatus" time="0.100000"></testcase>
		<testcase classname="github.com/argoproj/argo-rollouts/analysis" name="TestAssessRunStatusUpdateResult" time="0.100000"></testcase>
		<testcase classname="github.com/argoproj/argo-rollouts/analysis" name="TestAssessMetricStatusNoMeasurements" time="0.000000"></testcase>
		<testcase classname="github.com/argoproj/argo-rollouts/analysis" name="TestAssessMetricStatusInFlightMeasurement" time="0.000000"></testcase>
		<testcase classname="github.com/argoproj/argo-rollouts/analysis" name="TestAssessMetricStatusFailureLimit" time="0.000000"></testcase>
		<testcase classname="github.com/argoproj/argo-rollouts/analysis" name="TestAssessMetricStatusInconclusiveLimit" time="0.000000"></testcase>
		<testcase classname="github.com/argoproj/argo-rollouts/analysis" name="TestAssessMetricStatusConsecutiveErrors" time="0.000000"></testcase>
		<testcase classname="github.com/argoproj/argo-rollouts/analysis" name="TestAssessMetricStatusCountReached" time="0.000000"></testcase>
		<testcase classname="github.com/argoproj/argo-rollouts/analysis" name="TestCalculateNextReconcileTimeInterval" time="0.000000"></testcase>
		<testcase classname="github.com/argoproj/argo-rollouts/analysis" name="TestCalculateNextReconcileTimeInitialDelay" time="0.000000"></testcase>
		<testcase classname="github.com/argoproj/argo-rollouts/analysis" name="TestCalculateNextReconcileTimeNoInterval" time="0.000000"></testcase>
		<testcase classname="github.com/argoproj/argo-rollouts/analysis" name="TestCalculateNextReconcileEarliestMetric" time="0.000000"></testcase>
		<testcase classname="github.com/argoproj/argo-rollouts/analysis" name="TestCalculateNextReconcileHonorResumeAt" time="0.000000"></testcase>
		<testcase classname="github.com/argoproj/argo-rollouts/analysis" name="TestCalculateNextReconcileUponError" time="0.000000"></testcase>
		<testcase classname="github.com/argoproj/argo-rollouts/analysis" name="TestReconcileAnalysisRunInitial" time="0.100000"></testcase>
		<testcase classname="github.com/argoproj/argo-rollouts/analysis" name="TestReconcileAnalysisRunInvalid" time="0.100000"></testcase>
		<testcase classname="github.com/argoproj/argo-rollouts/analysis" name="TestReconcileAnalysisRunTerminateSiblingAfterFail" time="0.100000"></testcase>
		<testcase classname="github.com/argoproj/argo-rollouts/analysis" name="TestReconcileAnalysisRunResumeInProgress" time="0.100000"></testcase>
		<testcase classname="github.com/argoproj/argo-rollouts/analysis" name="TestRunMeasurementsResetConsecutiveErrorCounter" time="0.100000"></testcase>
		<testcase classname="github.com/argoproj/argo-rollouts/analysis" name="TestTrimMeasurementHistory" time="0.100000"></testcase>
		<testcase classname="github.com/argoproj/argo-rollouts/analysis" name="TestGarbageCollectArgResolution" time="0.100000"></testcase>
		<testcase classname="github.com/argoproj/argo-rollouts/analysis" name="TestResolveMetricArgsUnableToSubstitute" time="0.100000"></testcase>
		<testcase classname="github.com/argoproj/argo-rollouts/analysis" name="TestGetMetadataIsCalled" time="0.100000"></testcase>
		<testcase classname="github.com/argoproj/argo-rollouts/analysis" name="TestSecretContentReferenceSuccess" time="0.100000"></testcase>
		<testcase classname="github.com/argoproj/argo-rollouts/analysis" name="TestSecretContentReferenceProviderError" time="0.100000"></testcase>
		<testcase classname="github.com/argoproj/argo-rollouts/analysis" name="TestSecretContentReferenceAndMultipleArgResolutionSuccess" time="0.100000"></testcase>
		<testcase classname="github.com/argoproj/argo-rollouts/analysis" name="TestSecretNotFound" time="0.100000"></testcase>
		<testcase classname="github.com/argoproj/argo-rollouts/analysis" name="TestKeyNotInSecret" time="0.100000"></testcase>
		<testcase classname="github.com/argoproj/argo-rollouts/analysis" name="TestSecretResolution" time="0.100000"></testcase>
		<testcase classname="github.com/argoproj/argo-rollouts/analysis" name="TestAssessMetricFailureInconclusiveOrError" time="0.000000"></testcase>
		<testcase classname="github.com/argoproj/argo-rollouts/analysis" name="TestAssessRunStatusErrorMessageAnalysisPhaseFail" time="0.100000"></testcase>
		<testcase classname="github.com/argoproj/argo-rollouts/analysis" name="TestAssessRunStatusErrorMessageAnalysisPhaseFailInDryRunMode" time="0.100000"></testcase>
		<testcase classname="github.com/argoproj/argo-rollouts/analysis" name="TestAssessRunStatusErrorMessageFromProvider" time="0.100000"></testcase>
		<testcase classname="github.com/argoproj/argo-rollouts/analysis" name="TestAssessRunStatusErrorMessageFromProviderInDryRunMode" time="0.100000"></testcase>
		<testcase classname="github.com/argoproj/argo-rollouts/analysis" name="TestAssessRunStatusMultipleFailures" time="0.100000"></testcase>
		<testcase classname="github.com/argoproj/argo-rollouts/analysis" name="TestAssessRunStatusMultipleFailuresInDryRunMode" time="0.100000"></testcase>
		<testcase classname="github.com/argoproj/argo-rollouts/analysis" name="TestAssessRunStatusWithOnlyDryRunMetrics" time="0.100000"></testcase>
		<testcase classname="github.com/argoproj/argo-rollouts/analysis" name="TestAssessRunStatusWithMixedMetrics" time="0.100000"></testcase>
		<testcase classname="github.com/argoproj/argo-rollouts/analysis" name="TestAssessRunStatusWorstMessageInReconcileAnalysisRun" time="0.100000"></testcase>
		<testcase classname="github.com/argoproj/argo-rollouts/analysis" name="TestAssessRunStatusWorstMessageInReconcileAnalysisRunInDryRunMode" time="0.100000"></testcase>
		<testcase classname="github.com/argoproj/argo-rollouts/analysis" name="TestTerminateAnalysisRun" time="0.100000"></testcase>
		<testcase classname="github.com/argoproj/argo-rollouts/analysis" name="TestTerminateAnalysisRunInDryRunMode" time="0.100000"></testcase>
		<testcase classname="github.com/argoproj/argo-rollouts/analysis" name="TestInvalidDryRunConfigThrowsError" time="0.100000"></testcase>
		<testcase classname="github.com/argoproj/argo-rollouts/analysis" name="TestInvalidMeasurementsRetentionConfigThrowsError" time="0.100000"></testcase>
		<testcase classname="github.com/argoproj/argo-rollouts/analysis" name="TestExceededTtlChecked" time="0.100000"></testcase>
		<testcase classname="github.com/argoproj/argo-rollouts/analysis" name="TestTtlNotGCInProgressAnalysisRun" time="0.100000"></testcase>
		<testcase classname="github.com/argoproj/argo-rollouts/analysis" name="TestCompletedTimeFilled" time="0.100000"></testcase>
		<testcase classname="github.com/argoproj/argo-rollouts/analysis" name="TestReconcileAnalysisRunOnRunNotFound" time="0.100000"></testcase>
		<testcase classname="github.com/argoproj/argo-rollouts/analysis" name="TestReconcileAnalysisRunOnOtherRunErrors" time="0.100000"></testcase>
		<testcase classname="github.com/argoproj/argo-rollouts/analysis" name="TestMaybeGarbageCollectAnalysisRunNoGCIfNotCompleted" time="0.100000"></testcase>
		<testcase classname="github.com/argoproj/argo-rollouts/analysis" name="TestMaybeGarbageCollectAnalysisRunNoGCIfNoTTLStrategy" time="0.100000"></testcase>
		<testcase classname="github.com/argoproj/argo-rollouts/analysis" name="TestMaybeGarbageCollectAnalysisRunNoGCIfWithDeletionTimestamp" time="0.100000"></testcase>
		<testcase classname="github.com/argoproj/argo-rollouts/analysis" name="TestMaybeGarbageCollectAnalysisRunNoGCIfNoCompletedAt" time="0.100000"></testcase>
		<testcase classname="github.com/argoproj/argo-rollouts/analysis" name="TestNoReconcileForNotFoundAnalysisRun" time="0.200000"></testcase>
		<testcase classname="github.com/argoproj/argo-rollouts/analysis" name="TestNoReconcileForAnalysisRunWithDeletionTimestamp" time="0.200000"></testcase>
		<testcase classname="github.com/argoproj/argo-rollouts/analysis" name="TestFailedToCreateProviderError" time="0.200000"></testcase>
		<testcase classname="github.com/argoproj/argo-rollouts/analysis" name="TestRun" time="1.100000"></testcase>
	</testsuite>
	<testsuite tests="0" failures="0" time="0.000000" name="github.com/argoproj/argo-rollouts/assets" timestamp="2024-10-02T10:26:39+08:00">
		<properties>
			<property name="go.version" value="go1.22.5 darwin/arm64"></property>
		</properties>
	</testsuite>
	<testsuite tests="0" failures="0" time="0.044000" name="github.com/argoproj/argo-rollouts/cmd/kubectl-argo-rollouts" timestamp="2024-10-02T10:26:39+08:00">
		<properties>
			<property name="go.version" value="go1.22.5 darwin/arm64"></property>
		</properties>
	</testsuite>
	<testsuite tests="0" failures="0" time="0.046000" name="github.com/argoproj/argo-rollouts/cmd/rollouts-controller" timestamp="2024-10-02T10:26:39+08:00">
		<properties>
			<property name="go.version" value="go1.22.5 darwin/arm64"></property>
		</properties>
	</testsuite>
	<testsuite tests="0" failures="0" time="0.054000" name="github.com/argoproj/argo-rollouts/common" timestamp="2024-10-02T10:26:39+08:00">
		<properties>
			<property name="go.version" value="go1.22.5 darwin/arm64"></property>
		</properties>
	</testsuite>
	<testsuite tests="4" failures="0" time="12.552000" name="github.com/argoproj/argo-rollouts/controller" timestamp="2024-10-02T10:26:39+08:00">
		<properties>
			<property name="go.version" value="go1.22.5 darwin/arm64"></property>
		</properties>
		<testcase classname="github.com/argoproj/argo-rollouts/controller" name="TestNewManager" time="0.000000"></testcase>
		<testcase classname="github.com/argoproj/argo-rollouts/controller" name="TestPrimaryController" time="5.310000"></testcase>
		<testcase classname="github.com/argoproj/argo-rollouts/controller" name="TestPrimaryControllerSingleInstanceWithShutdown" time="5.310000"></testcase>
		<testcase classname="github.com/argoproj/argo-rollouts/controller" name="TestHealthzServer" time="0.000000"></testcase>
	</testsuite>
	<testsuite tests="13" failures="0" time="4.147000" name="github.com/argoproj/argo-rollouts/controller/metrics" timestamp="2024-10-02T10:26:39+08:00">
		<properties>
			<property name="go.version" value="go1.22.5 darwin/arm64"></property>
		</properties>
		<testcase classname="github.com/argoproj/argo-rollouts/controller/metrics" name="TestCollectAnalysisRuns" time="0.100000"></testcase>
		<testcase classname="github.com/argoproj/argo-rollouts/controller/metrics" name="TestIncAnalysisRunReconcile" time="0.100000"></testcase>
		<testcase classname="github.com/argoproj/argo-rollouts/controller/metrics" name="TestAnalysisTemplateDescribe" time="0.100000"></testcase>
		<testcase classname="github.com/argoproj/argo-rollouts/controller/metrics" name="TestIncKubernetesRequest" time="0.100000"></testcase>
		<testcase classname="github.com/argoproj/argo-rollouts/controller/metrics" name="TestCollectExperiments" time="0.100000"></testcase>
		<testcase classname="github.com/argoproj/argo-rollouts/controller/metrics" name="TestIncExperimentReconcile" time="0.100000"></testcase>
		<testcase classname="github.com/argoproj/argo-rollouts/controller/metrics" name="TestIncError" time="0.100000"></testcase>
		<testcase classname="github.com/argoproj/argo-rollouts/controller/metrics" name="TestVersionInfo" time="0.100000"></testcase>
		<testcase classname="github.com/argoproj/argo-rollouts/controller/metrics" name="TestRemove" time="2.110000"></testcase>
		<testcase classname="github.com/argoproj/argo-rollouts/controller/metrics" name="TestCollectRollouts" time="0.310000"></testcase>
		<testcase classname="github.com/argoproj/argo-rollouts/controller/metrics" name="TestIncRolloutReconcile" time="0.100000"></testcase>
		<testcase classname="github.com/argoproj/argo-rollouts/controller/metrics" name="TestGetStrategyAndTrafficRouter" time="0.000000"></testcase>
		<testcase classname="github.com/argoproj/argo-rollouts/controller/metrics" name="TestIncRolloutEvents" time="0.100000"></testcase>
	</testsuite>
	<testsuite tests="64" failures="0" time="15.151000" name="github.com/argoproj/argo-rollouts/experiments" timestamp="2024-10-02T10:26:39+08:00">
		<properties>
			<property name="go.version" value="go1.22.5 darwin/arm64"></property>
		</properties>
		<testcase classname="github.com/argoproj/argo-rollouts/experiments" name="TestDontStartAnalysisRunIfNotAvailable" time="0.210000"></testcase>
		<testcase classname="github.com/argoproj/argo-rollouts/experiments" name="TestCreateAnalysisRunWhenAvailable" time="0.200000"></testcase>
		<testcase classname="github.com/argoproj/argo-rollouts/experiments" name="TestCreateAnalysisRunWithInstanceID" time="0.200000"></testcase>
		<testcase classname="github.com/argoproj/argo-rollouts/experiments" name="TestAnalysisTemplateNotExists" time="0.200000"></testcase>
		<testcase classname="github.com/argoproj/argo-rollouts/experiments" name="TestClusterAnalysisTemplateNotExists" time="0.200000"></testcase>
		<testcase classname="github.com/argoproj/argo-rollouts/experiments" name="TestCreateAnalysisRunWithArg" time="0.200000"></testcase>
		<testcase classname="github.com/argoproj/argo-rollouts/experiments" name="TestCreateAnalysisRunWithClusterTemplate" time="0.200000"></testcase>
		<testcase classname="github.com/argoproj/argo-rollouts/experiments" name="TestAnalysisRunFailToResolveArg" time="0.200000"></testcase>
		<testcase classname="github.com/argoproj/argo-rollouts/experiments" name="TestAnalysisRunCreateError" time="0.200000"></testcase>
		<testcase classname="github.com/argoproj/argo-rollouts/experiments" name="TestAnalysisRunCreateCollisionSemanticallyEqual" time="0.200000"></testcase>
		<testcase classname="github.com/argoproj/argo-rollouts/experiments" name="TestAnalysisRunSuccessful" time="0.200000"></testcase>
		<testcase classname="github.com/argoproj/argo-rollouts/experiments" name="TestAssessAnalysisRunStatusesAfterTemplateSuccess/all_successful" time="0.200000"></testcase>
		<testcase classname="github.com/argoproj/argo-rollouts/experiments" name="TestAssessAnalysisRunStatusesAfterTemplateSuccess/failed,successful" time="0.200000"></testcase>
		<testcase classname="github.com/argoproj/argo-rollouts/experiments" name="TestAssessAnalysisRunStatusesAfterTemplateSuccess/successful,failed" time="0.210000"></testcase>
		<testcase classname="github.com/argoproj/argo-rollouts/experiments" name="TestAssessAnalysisRunStatusesAfterTemplateSuccess/running,successful" time="0.200000"></testcase>
		<testcase classname="github.com/argoproj/argo-rollouts/experiments" name="TestAssessAnalysisRunStatusesAfterTemplateSuccess" time="0.820000"></testcase>
		<testcase classname="github.com/argoproj/argo-rollouts/experiments" name="TestFailExperimentWhenAnalysisFails/all_successful" time="0.200000"></testcase>
		<testcase classname="github.com/argoproj/argo-rollouts/experiments" name="TestFailExperimentWhenAnalysisFails/failed,successful" time="0.200000"></testcase>
		<testcase classname="github.com/argoproj/argo-rollouts/experiments" name="TestFailExperimentWhenAnalysisFails/successful,failed" time="0.200000"></testcase>
		<testcase classname="github.com/argoproj/argo-rollouts/experiments" name="TestFailExperimentWhenAnalysisFails/running,successful" time="0.200000"></testcase>
		<testcase classname="github.com/argoproj/argo-rollouts/experiments" name="TestFailExperimentWhenAnalysisFails" time="0.810000"></testcase>
		<testcase classname="github.com/argoproj/argo-rollouts/experiments" name="TestCompleteExperimentOnSuccessfulRequiredAnalysisRun" time="0.200000"></testcase>
		<testcase classname="github.com/argoproj/argo-rollouts/experiments" name="TestDoNotCompleteExperimentWithRemainingRequiredAnalysisRun" time="0.200000"></testcase>
		<testcase classname="github.com/argoproj/argo-rollouts/experiments" name="TestCompleteExperimentWithNoRequiredAnalysis" time="0.200000"></testcase>
		<testcase classname="github.com/argoproj/argo-rollouts/experiments" name="TestTerminateAnalysisRuns" time="0.200000"></testcase>
		<testcase classname="github.com/argoproj/argo-rollouts/experiments" name="TestCreateAnalysisRunWithMetadataAndDryRun" time="0.200000"></testcase>
		<testcase classname="github.com/argoproj/argo-rollouts/experiments" name="TestCreateAnalysisRunWithMetadataAndDryRunWithClusterScope" time="0.200000"></testcase>
		<testcase classname="github.com/argoproj/argo-rollouts/experiments" name="TestUpdateProgressingLastUpdateTime" time="0.200000"></testcase>
		<testcase classname="github.com/argoproj/argo-rollouts/experiments" name="TestEnterTimeoutDegradedState" time="0.200000"></testcase>
		<testcase classname="github.com/argoproj/argo-rollouts/experiments" name="TestNoReconcileForDeletedExperiment" time="0.200000"></testcase>
		<testcase classname="github.com/argoproj/argo-rollouts/experiments" name="TestAddInvalidSpec" time="0.200000"></testcase>
		<testcase classname="github.com/argoproj/argo-rollouts/experiments" name="TestKeepInvalidSpec" time="0.200000"></testcase>
		<testcase classname="github.com/argoproj/argo-rollouts/experiments" name="TestUpdateInvalidSpec" time="0.200000"></testcase>
		<testcase classname="github.com/argoproj/argo-rollouts/experiments" name="TestRemoveInvalidSpec" time="0.200000"></testcase>
		<testcase classname="github.com/argoproj/argo-rollouts/experiments" name="TestRun" time="1.100000"></testcase>
		<testcase classname="github.com/argoproj/argo-rollouts/experiments" name="TestSetExperimentToPending" time="0.200000"></testcase>
		<testcase classname="github.com/argoproj/argo-rollouts/experiments" name="TestAddScaleDownDelayToRS" time="0.200000"></testcase>
		<testcase classname="github.com/argoproj/argo-rollouts/experiments" name="TestRemoveScaleDownDelayFromRS" time="0.200000"></testcase>
		<testcase classname="github.com/argoproj/argo-rollouts/experiments" name="TestScaleDownRSAfterFinish" time="0.200000"></testcase>
		<testcase classname="github.com/argoproj/argo-rollouts/experiments" name="TestSetAvailableAt" time="0.200000"></testcase>
		<testcase classname="github.com/argoproj/argo-rollouts/experiments" name="TestNoPatch" time="0.200000"></testcase>
		<testcase classname="github.com/argoproj/argo-rollouts/experiments" name="TestSuccessAfterDurationPasses" time="0.200000"></testcase>
		<testcase classname="github.com/argoproj/argo-rollouts/experiments" name="TestDontRequeueWithoutDuration" time="0.100000"></testcase>
		<testcase classname="github.com/argoproj/argo-rollouts/experiments" name="TestRequeueAfterDuration" time="0.100000"></testcase>
		<testcase classname="github.com/argoproj/argo-rollouts/experiments" name="TestRequeueAfterProgressDeadlineSeconds" time="0.100000"></testcase>
		<testcase classname="github.com/argoproj/argo-rollouts/experiments" name="TestFailReplicaSetCreation" time="0.100000"></testcase>
		<testcase classname="github.com/argoproj/argo-rollouts/experiments" name="TestFailServiceCreation" time="0.100000"></testcase>
		<testcase classname="github.com/argoproj/argo-rollouts/experiments" name="TestFailAddScaleDownDelay" time="0.100000"></testcase>
		<testcase classname="github.com/argoproj/argo-rollouts/experiments" name="TestFailAddScaleDownDelayIsConflict" time="0.100000"></testcase>
		<testcase classname="github.com/argoproj/argo-rollouts/experiments" name="TestDeleteOutdatedService" time="0.100000"></testcase>
		<testcase classname="github.com/argoproj/argo-rollouts/experiments" name="TestDeleteServiceIfServiceFieldNil" time="0.100000"></testcase>
		<testcase classname="github.com/argoproj/argo-rollouts/experiments" name="TestServiceInheritPortsFromRS" time="0.100000"></testcase>
		<testcase classname="github.com/argoproj/argo-rollouts/experiments" name="TestServiceNameSet" time="0.100000"></testcase>
		<testcase classname="github.com/argoproj/argo-rollouts/experiments" name="TestCreatenalysisRunWithClusterTemplatesAndTemplateAndInnerTemplates" time="0.200000"></testcase>
		<testcase classname="github.com/argoproj/argo-rollouts/experiments" name="TestCreatenalysisRunWithTemplatesAndNoMetricsAtRoot" time="0.200000"></testcase>
		<testcase classname="github.com/argoproj/argo-rollouts/experiments" name="TestAnalysisTemplateNotFoundShouldFailTheExperiment" time="0.200000"></testcase>
		<testcase classname="github.com/argoproj/argo-rollouts/experiments" name="TestClusterAnalysisTemplateNotFoundShouldFailTheExperiment" time="0.200000"></testcase>
		<testcase classname="github.com/argoproj/argo-rollouts/experiments" name="TestInnerAnalysisTemplateNotFoundShouldFailTheExperiment" time="0.220000"></testcase>
		<testcase classname="github.com/argoproj/argo-rollouts/experiments" name="TestInnerClusterAnalysisTemplateNotFoundShouldFailTheExperiment" time="0.200000"></testcase>
		<testcase classname="github.com/argoproj/argo-rollouts/experiments" name="TestCreateMultipleRS" time="0.210000"></testcase>
		<testcase classname="github.com/argoproj/argo-rollouts/experiments" name="TestCreateMissingRS" time="0.210000"></testcase>
		<testcase classname="github.com/argoproj/argo-rollouts/experiments" name="TestTemplateHasMultipleRS" time="0.200000"></testcase>
		<testcase classname="github.com/argoproj/argo-rollouts/experiments" name="TestNameCollision" time="0.200000"></testcase>
		<testcase classname="github.com/argoproj/argo-rollouts/experiments" name="TestNameCollisionWithEquivalentPodTemplateAndControllerUID" time="0.210000"></testcase>
	</testsuite>
	<testsuite tests="0" failures="0" time="0.027000" name="github.com/argoproj/argo-rollouts/hack/gen-crd-spec" timestamp="2024-10-02T10:26:39+08:00">
		<properties>
			<property name="go.version" value="go1.22.5 darwin/arm64"></property>
		</properties>
	</testsuite>
	<testsuite tests="0" failures="0" time="0.030000" name="github.com/argoproj/argo-rollouts/hack/gen-docs" timestamp="2024-10-02T10:26:39+08:00">
		<properties>
			<property name="go.version" value="go1.22.5 darwin/arm64"></property>
		</properties>
	</testsuite>
	<testsuite tests="18" failures="0" time="4.338000" name="github.com/argoproj/argo-rollouts/ingress" timestamp="2024-10-02T10:26:39+08:00">
		<properties>
			<property name="go.version" value="go1.22.5 darwin/arm64"></property>
		</properties>
		<testcase classname="github.com/argoproj/argo-rollouts/ingress" name="TestInvalidManagedALBActions" time="0.000000"></testcase>
		<testcase classname="github.com/argoproj/argo-rollouts/ingress" name="TestInvalidPreviousALBActionAnnotationValue" time="0.000000"></testcase>
		<testcase classname="github.com/argoproj/argo-rollouts/ingress" name="TestInvalidPreviousALBActionAnnotationKey" time="0.000000"></testcase>
		<testcase classname="github.com/argoproj/argo-rollouts/ingress" name="TestResetActionFailureFindNoPort" time="0.000000"></testcase>
		<testcase classname="github.com/argoproj/argo-rollouts/ingress" name="TestALBIngressNoModifications" time="0.000000"></testcase>
		<testcase classname="github.com/argoproj/argo-rollouts/ingress" name="TestALBIngressResetAction" time="0.000000"></testcase>
		<testcase classname="github.com/argoproj/argo-rollouts/ingress" name="TestALBIngressResetActionWithStickyConfig" time="0.000000"></testcase>
		<testcase classname="github.com/argoproj/argo-rollouts/ingress" name="TestSyncMissingIngress" time="0.000000"></testcase>
		<testcase classname="github.com/argoproj/argo-rollouts/ingress" name="TestSyncIngressNotReferencedByRollout/Single_Ingress" time="0.000000"></testcase>
		<testcase classname="github.com/argoproj/argo-rollouts/ingress" name="TestSyncIngressNotReferencedByRollout/Multi_Ingress" time="0.000000"></testcase>
		<testcase classname="github.com/argoproj/argo-rollouts/ingress" name="TestSyncIngressNotReferencedByRollout" time="0.000000"></testcase>
		<testcase classname="github.com/argoproj/argo-rollouts/ingress" name="TestSyncIngressReferencedByRollout/Single_Ingress" time="0.000000"></testcase>
		<testcase classname="github.com/argoproj/argo-rollouts/ingress" name="TestSyncIngressReferencedByRollout/Multi_Ingress" time="0.000000"></testcase>
		<testcase classname="github.com/argoproj/argo-rollouts/ingress" name="TestSyncIngressReferencedByRollout" time="0.000000"></testcase>
		<testcase classname="github.com/argoproj/argo-rollouts/ingress" name="TestSkipIngressWithNoClass/Single_Ingress" time="0.000000"></testcase>
		<testcase classname="github.com/argoproj/argo-rollouts/ingress" name="TestSkipIngressWithNoClass/Multi_Ingress" time="0.000000"></testcase>
		<testcase classname="github.com/argoproj/argo-rollouts/ingress" name="TestSkipIngressWithNoClass" time="0.000000"></testcase>
		<testcase classname="github.com/argoproj/argo-rollouts/ingress" name="TestRun" time="1.000000"></testcase>
	</testsuite>
	<testsuite tests="0" failures="0" time="0.000000" name="github.com/argoproj/argo-rollouts/metric" timestamp="2024-10-02T10:26:39+08:00">
		<properties>
			<property name="go.version" value="go1.22.5 darwin/arm64"></property>
		</properties>
	</testsuite>
	<testsuite tests="0" failures="0" time="0.028000" name="github.com/argoproj/argo-rollouts/metricproviders" timestamp="2024-10-02T10:26:39+08:00">
		<properties>
			<property name="go.version" value="go1.22.5 darwin/arm64"></property>
		</properties>
	</testsuite>
	<testsuite tests="11" failures="0" time="3.679000" name="github.com/argoproj/argo-rollouts/metricproviders/cloudwatch" timestamp="2024-10-02T10:26:39+08:00">
		<properties>
			<property name="go.version" value="go1.22.5 darwin/arm64"></property>
		</properties>
		<testcase classname="github.com/argoproj/argo-rollouts/metricproviders/cloudwatch" name="TestType" time="0.000000"></testcase>
		<testcase classname="github.com/argoproj/argo-rollouts/metricproviders/cloudwatch" name="TestRunSuccessfully" time="0.000000"></testcase>
		<testcase classname="github.com/argoproj/argo-rollouts/metricproviders/cloudwatch" name="TestRunWithQueryError" time="0.000000"></testcase>
		<testcase classname="github.com/argoproj/argo-rollouts/metricproviders/cloudwatch" name="TestRunWithResolveArgsError" time="0.000000"></testcase>
		<testcase classname="github.com/argoproj/argo-rollouts/metricproviders/cloudwatch" name="TestRunWithEvaluationError" time="0.000000"></testcase>
		<testcase classname="github.com/argoproj/argo-rollouts/metricproviders/cloudwatch" name="TestResume" time="0.000000"></testcase>
		<testcase classname="github.com/argoproj/argo-rollouts/metricproviders/cloudwatch" name="TestTerminate" time="0.000000"></testcase>
		<testcase classname="github.com/argoproj/argo-rollouts/metricproviders/cloudwatch" name="TestGarbageCollect" time="0.000000"></testcase>
		<testcase classname="github.com/argoproj/argo-rollouts/metricproviders/cloudwatch" name="TestNewCloudWatchAPIClient/with_env_settings" time="0.000000"></testcase>
		<testcase classname="github.com/argoproj/argo-rollouts/metricproviders/cloudwatch" name="TestNewCloudWatchAPIClient" time="0.000000"></testcase>
		<testcase classname="github.com/argoproj/argo-rollouts/metricproviders/cloudwatch" name="TestConvertType" time="0.000000"></testcase>
	</testsuite>
	<testsuite tests="26" failures="0" time="3.189000" name="github.com/argoproj/argo-rollouts/metricproviders/datadog" timestamp="2024-10-02T10:26:39+08:00">
		<properties>
			<property name="go.version" value="go1.22.5 darwin/arm64"></property>
		</properties>
		<testcase classname="github.com/argoproj/argo-rollouts/metricproviders/datadog" name="TestRunSuite" time="0.010000"></testcase>
		<testcase classname="github.com/argoproj/argo-rollouts/metricproviders/datadog" name="TestRunSuiteV2" time="0.010000"></testcase>
		<testcase classname="github.com/argoproj/argo-rollouts/metricproviders/datadog" name="TestDatadogSpecDefaults/apiVersion:_Validate_default_is_v1" time="0.000000"></testcase>
		<testcase classname="github.com/argoproj/argo-rollouts/metricproviders/datadog" name="TestDatadogSpecDefaults/apiVersion:_Validate_enum_exists_to_restrict_apiVersion_to_2_options" time="0.000000"></testcase>
		<testcase classname="github.com/argoproj/argo-rollouts/metricproviders/datadog" name="TestDatadogSpecDefaults/interval:_Validate_default_is_5m" time="0.000000"></testcase>
		<testcase classname="github.com/argoproj/argo-rollouts/metricproviders/datadog" name="TestDatadogSpecDefaults/aggregator:_Validate_enum_exists_to_restrict_aggregator_to_9_options" time="0.000000"></testcase>
		<testcase classname="github.com/argoproj/argo-rollouts/metricproviders/datadog" name="TestDatadogSpecDefaults" time="0.010000"></testcase>
		<testcase classname="github.com/argoproj/argo-rollouts/metricproviders/datadog" name="TestValidateIncomingProps/query_and_queries_missing" time="0.000000"></testcase>
		<testcase classname="github.com/argoproj/argo-rollouts/metricproviders/datadog" name="TestValidateIncomingProps/both_query_and_queries" time="0.000000"></testcase>
		<testcase classname="github.com/argoproj/argo-rollouts/metricproviders/datadog" name="TestValidateIncomingProps/queries_with_v1_api" time="0.000000"></testcase>
		<testcase classname="github.com/argoproj/argo-rollouts/metricproviders/datadog" name="TestValidateIncomingProps/formula/queries_with_wrong_apiVersion" time="0.000000"></testcase>
		<testcase classname="github.com/argoproj/argo-rollouts/metricproviders/datadog" name="TestValidateIncomingProps/formula_without_queries" time="0.000000"></testcase>
		<testcase classname="github.com/argoproj/argo-rollouts/metricproviders/datadog" name="TestValidateIncomingProps/v1_query_with_aggregator" time="0.000000"></testcase>
		<testcase classname="github.com/argoproj/argo-rollouts/metricproviders/datadog" name="TestValidateIncomingProps/More_than_1_queries_with_no_formula" time="0.000000"></testcase>
		<testcase classname="github.com/argoproj/argo-rollouts/metricproviders/datadog" name="TestValidateIncomingProps/valid_simple_query_with_v2" time="0.000000"></testcase>
		<testcase classname="github.com/argoproj/argo-rollouts/metricproviders/datadog" name="TestValidateIncomingProps/valid_queries_with_v2" time="0.000000"></testcase>
		<testcase classname="github.com/argoproj/argo-rollouts/metricproviders/datadog" name="TestValidateIncomingProps/valid_queries_with_v2_and_an_aggregator" time="0.000000"></testcase>
		<testcase classname="github.com/argoproj/argo-rollouts/metricproviders/datadog" name="TestValidateIncomingProps" time="0.000000"></testcase>
		<testcase classname="github.com/argoproj/argo-rollouts/metricproviders/datadog" name="TestFindCredentials/when_secretRef_is_set_and_secret_found,_should_success" time="0.000000"></testcase>
		<testcase classname="github.com/argoproj/argo-rollouts/metricproviders/datadog" name="TestFindCredentials/when_secretRef_is_set_but_secret_not_found,_should_fail" time="0.000000"></testcase>
		<testcase classname="github.com/argoproj/argo-rollouts/metricproviders/datadog" name="TestFindCredentials/when_secretRef_name_is_not_set_but_namespaced_is_true,_should_fail" time="0.000000"></testcase>
		<testcase classname="github.com/argoproj/argo-rollouts/metricproviders/datadog" name="TestFindCredentials" time="0.000000"></testcase>
		<testcase classname="github.com/argoproj/argo-rollouts/metricproviders/datadog" name="TestRunSuit/When_secret_valid,_should_be_successful" time="0.000000"></testcase>
		<testcase classname="github.com/argoproj/argo-rollouts/metricproviders/datadog" name="TestRunSuit/When_secret_is_found_but_no_data,_should_return_empty_values" time="0.000000"></testcase>
		<testcase classname="github.com/argoproj/argo-rollouts/metricproviders/datadog" name="TestRunSuit/When_secret_not_found,_should_return_empty_values" time="0.000000"></testcase>
		<testcase classname="github.com/argoproj/argo-rollouts/metricproviders/datadog" name="TestRunSuit" time="0.000000"></testcase>
	</testsuite>
	<testsuite tests="26" failures="0" time="3.477000" name="github.com/argoproj/argo-rollouts/metricproviders/graphite" timestamp="2024-10-02T10:26:39+08:00">
		<properties>
			<property name="go.version" value="go1.22.5 darwin/arm64"></property>
		</properties>
		<testcase classname="github.com/argoproj/argo-rollouts/metricproviders/graphite" name="TestNewAPIClientWithValidURL" time="0.000000"></testcase>
		<testcase classname="github.com/argoproj/argo-rollouts/metricproviders/graphite" name="TestNewAPIWithInvalidURL" time="0.000000"></testcase>
		<testcase classname="github.com/argoproj/argo-rollouts/metricproviders/graphite" name="TestQuery/ok" time="0.000000"></testcase>
		<testcase classname="github.com/argoproj/argo-rollouts/metricproviders/graphite" name="TestQuery/graphite_response_with_empty_array" time="0.000000"></testcase>
		<testcase classname="github.com/argoproj/argo-rollouts/metricproviders/graphite" name="TestQuery/query_with_surrounding_whitespace" time="0.000000"></testcase>
		<testcase classname="github.com/argoproj/argo-rollouts/metricproviders/graphite" name="TestQuery/graphite_response_body_with_invalid_JSON" time="0.000000"></testcase>
		<testcase classname="github.com/argoproj/argo-rollouts/metricproviders/graphite" name="TestQuery/400_graphite_response_status" time="0.000000"></testcase>
		<testcase classname="github.com/argoproj/argo-rollouts/metricproviders/graphite" name="TestQuery/500_graphite_response_status" time="0.000000"></testcase>
		<testcase classname="github.com/argoproj/argo-rollouts/metricproviders/graphite" name="TestQuery/invalid_query" time="0.000000"></testcase>
		<testcase classname="github.com/argoproj/argo-rollouts/metricproviders/graphite" name="TestQuery/graphite_response_data_point_JSON_with_only_one_item" time="0.000000"></testcase>
		<testcase classname="github.com/argoproj/argo-rollouts/metricproviders/graphite" name="TestQuery/graphite_response_data_point_JSON_with_an_invalid_timestamp" time="0.000000"></testcase>
		<testcase classname="github.com/argoproj/argo-rollouts/metricproviders/graphite" name="TestQuery/graphite_response_data_point_JSON_with_a_string_value" time="0.000000"></testcase>
		<testcase classname="github.com/argoproj/argo-rollouts/metricproviders/graphite" name="TestQuery/graphite_response_data_point_JSON_with_a_null_value" time="0.000000"></testcase>
		<testcase classname="github.com/argoproj/argo-rollouts/metricproviders/graphite" name="TestQuery/graphite_response_data_point_JSON_triggers_unmarshaling_error" time="0.000000"></testcase>
		<testcase classname="github.com/argoproj/argo-rollouts/metricproviders/graphite" name="TestQuery/graphite_response_data_point_JSON_with_a_string_timestamp" time="0.000000"></testcase>
		<testcase classname="github.com/argoproj/argo-rollouts/metricproviders/graphite" name="TestQuery/graphite_response_data_point_timestamp_JSON_triggers_unmarshaling_error" time="0.000000"></testcase>
		<testcase classname="github.com/argoproj/argo-rollouts/metricproviders/graphite" name="TestQuery" time="0.010000"></testcase>
		<testcase classname="github.com/argoproj/argo-rollouts/metricproviders/graphite" name="TestType" time="0.000000"></testcase>
		<testcase classname="github.com/argoproj/argo-rollouts/metricproviders/graphite" name="TestRunSuccessfulEvaluation" time="0.000000"></testcase>
		<testcase classname="github.com/argoproj/argo-rollouts/metricproviders/graphite" name="TestRunFailedEvaluation" time="0.000000"></testcase>
		<testcase classname="github.com/argoproj/argo-rollouts/metricproviders/graphite" name="TestRunMeasurementError" time="0.000000"></testcase>
		<testcase classname="github.com/argoproj/argo-rollouts/metricproviders/graphite" name="TestRunErrorEvaluationFromNilQueryResponse" time="0.000000"></testcase>
		<testcase classname="github.com/argoproj/argo-rollouts/metricproviders/graphite" name="TestRunErrorEvaluationFromErrorQueryResponse" time="0.000000"></testcase>
		<testcase classname="github.com/argoproj/argo-rollouts/metricproviders/graphite" name="TestResume" time="0.000000"></testcase>
		<testcase classname="github.com/argoproj/argo-rollouts/metricproviders/graphite" name="TestTerminate" time="0.000000"></testcase>
		<testcase classname="github.com/argoproj/argo-rollouts/metricproviders/graphite" name="TestGarbageCollect" time="0.000000"></testcase>
	</testsuite>
	<testsuite tests="13" failures="0" time="4.111000" name="github.com/argoproj/argo-rollouts/metricproviders/influxdb" timestamp="2024-10-02T10:26:39+08:00">
		<properties>
			<property name="go.version" value="go1.22.5 darwin/arm64"></property>
		</properties>
		<testcase classname="github.com/argoproj/argo-rollouts/metricproviders/influxdb" name="TestType" time="0.000000"></testcase>
		<testcase classname="github.com/argoproj/argo-rollouts/metricproviders/influxdb" name="TestRunSuccessfully" time="0.000000"></testcase>
		<testcase classname="github.com/argoproj/argo-rollouts/metricproviders/influxdb" name="TestRunWithTimeseries" time="0.000000"></testcase>
		<testcase classname="github.com/argoproj/argo-rollouts/metricproviders/influxdb" name="TestRunWithEmptyResult" time="0.000000"></testcase>
		<testcase classname="github.com/argoproj/argo-rollouts/metricproviders/influxdb" name="TestRunWithEvaluationError" time="0.000000"></testcase>
		<testcase classname="github.com/argoproj/argo-rollouts/metricproviders/influxdb" name="TestResume" time="0.000000"></testcase>
		<testcase classname="github.com/argoproj/argo-rollouts/metricproviders/influxdb" name="TestTerminate" time="0.000000"></testcase>
		<testcase classname="github.com/argoproj/argo-rollouts/metricproviders/influxdb" name="TestGarbageCollect" time="0.000000"></testcase>
		<testcase classname="github.com/argoproj/argo-rollouts/metricproviders/influxdb" name="TestNewInfluxdbAPI/with_default_settings" time="0.000000"></testcase>
		<testcase classname="github.com/argoproj/argo-rollouts/metricproviders/influxdb" name="TestNewInfluxdbAPI/with_authToken,_org,_or_address_missing" time="0.000000"></testcase>
		<testcase classname="github.com/argoproj/argo-rollouts/metricproviders/influxdb" name="TestNewInfluxdbAPI/when_secretName_is_specified_by_the_metric" time="0.000000"></testcase>
		<testcase classname="github.com/argoproj/argo-rollouts/metricproviders/influxdb" name="TestNewInfluxdbAPI/when_the_secret_is_not_found" time="0.000000"></testcase>
		<testcase classname="github.com/argoproj/argo-rollouts/metricproviders/influxdb" name="TestNewInfluxdbAPI" time="0.000000"></testcase>
	</testsuite>
	<testsuite tests="12" failures="0" time="5.582000" name="github.com/argoproj/argo-rollouts/metricproviders/job" timestamp="2024-10-02T10:26:39+08:00">
		<properties>
			<property name="go.version" value="go1.22.5 darwin/arm64"></property>
		</properties>
		<testcase classname="github.com/argoproj/argo-rollouts/metricproviders/job" name="TestType" time="0.110000"></testcase>
		<testcase classname="github.com/argoproj/argo-rollouts/metricproviders/job" name="TestRun" time="0.100000"></testcase>
		<testcase classname="github.com/argoproj/argo-rollouts/metricproviders/job" name="TestRunCreateFail" time="0.100000"></testcase>
		<testcase classname="github.com/argoproj/argo-rollouts/metricproviders/job" name="TestRunCreateCollision" time="0.100000"></testcase>
		<testcase classname="github.com/argoproj/argo-rollouts/metricproviders/job" name="TestResumeCompletedJob" time="0.100000"></testcase>
		<testcase classname="github.com/argoproj/argo-rollouts/metricproviders/job" name="TestResumeFailedJob" time="0.100000"></testcase>
		<testcase classname="github.com/argoproj/argo-rollouts/metricproviders/job" name="TestResumeErrorJob" time="0.100000"></testcase>
		<testcase classname="github.com/argoproj/argo-rollouts/metricproviders/job" name="TestResumeMeasurementNoMetadata" time="0.100000"></testcase>
		<testcase classname="github.com/argoproj/argo-rollouts/metricproviders/job" name="TestTerminateMeasurement" time="0.200000"></testcase>
		<testcase classname="github.com/argoproj/argo-rollouts/metricproviders/job" name="TestTerminateError" time="0.100000"></testcase>
		<testcase classname="github.com/argoproj/argo-rollouts/metricproviders/job" name="TestTerminateMeasurementNoMetadata" time="0.100000"></testcase>
		<testcase classname="github.com/argoproj/argo-rollouts/metricproviders/job" name="TestGarbageCollect" time="0.100000"></testcase>
	</testsuite>
	<testsuite tests="12" failures="0" time="3.165000" name="github.com/argoproj/argo-rollouts/metricproviders/kayenta" timestamp="2024-10-02T10:26:39+08:00">
		<properties>
			<property name="go.version" value="go1.22.5 darwin/arm64"></property>
		</properties>
		<testcase classname="github.com/argoproj/argo-rollouts/metricproviders/kayenta" name="TestRunSuccessfully" time="0.000000"></testcase>
		<testcase classname="github.com/argoproj/argo-rollouts/metricproviders/kayenta" name="TestRunBadJobResponse" time="0.000000"></testcase>
		<testcase classname="github.com/argoproj/argo-rollouts/metricproviders/kayenta" name="TestRunBadLookupResponse" time="0.000000"></testcase>
		<testcase classname="github.com/argoproj/argo-rollouts/metricproviders/kayenta" name="TestRunInvalidLookupResponse" time="0.000000"></testcase>
		<testcase classname="github.com/argoproj/argo-rollouts/metricproviders/kayenta" name="TestRunEmptyExecutionId" time="0.000000"></testcase>
		<testcase classname="github.com/argoproj/argo-rollouts/metricproviders/kayenta" name="TestResumeSuccessfully" time="0.000000"></testcase>
		<testcase classname="github.com/argoproj/argo-rollouts/metricproviders/kayenta" name="TestResumeBadResponse" time="0.000000"></testcase>
		<testcase classname="github.com/argoproj/argo-rollouts/metricproviders/kayenta" name="TestResumeMissingScore" time="0.000000"></testcase>
		<testcase classname="github.com/argoproj/argo-rollouts/metricproviders/kayenta" name="TestResumeFailure" time="0.000000"></testcase>
		<testcase classname="github.com/argoproj/argo-rollouts/metricproviders/kayenta" name="TestResumeInconclusive" time="0.000000"></testcase>
		<testcase classname="github.com/argoproj/argo-rollouts/metricproviders/kayenta" name="TestResumeIncompleteStatus" time="0.000000"></testcase>
		<testcase classname="github.com/argoproj/argo-rollouts/metricproviders/kayenta" name="TestResumeMissingCompleteStatus" time="0.000000"></testcase>
	</testsuite>
	<testsuite tests="0" failures="0" time="0.015000" name="github.com/argoproj/argo-rollouts/metricproviders/mocks" timestamp="2024-10-02T10:26:39+08:00">
		<properties>
			<property name="go.version" value="go1.22.5 darwin/arm64"></property>
		</properties>
	</testsuite>
	<testsuite tests="30" failures="0" time="1.890000" name="github.com/argoproj/argo-rollouts/metricproviders/newrelic" timestamp="2024-10-02T10:26:39+08:00">
		<properties>
			<property name="go.version" value="go1.22.5 darwin/arm64"></property>
		</properties>
		<testcase classname="github.com/argoproj/argo-rollouts/metricproviders/newrelic" name="TestType" time="0.000000"></testcase>
		<testcase classname="github.com/argoproj/argo-rollouts/metricproviders/newrelic" name="TestRunSuccessfully" time="0.000000"></testcase>
		<testcase classname="github.com/argoproj/argo-rollouts/metricproviders/newrelic" name="TestRunWithTimeseries" time="0.000000"></testcase>
		<testcase classname="github.com/argoproj/argo-rollouts/metricproviders/newrelic" name="TestRunWithFacet" time="0.000000"></testcase>
		<testcase classname="github.com/argoproj/argo-rollouts/metricproviders/newrelic" name="TestRunWithMultipleSelectTerms" time="0.000000"></testcase>
		<testcase classname="github.com/argoproj/argo-rollouts/metricproviders/newrelic" name="TestRunWithEmptyResult" time="0.000000"></testcase>
		<testcase classname="github.com/argoproj/argo-rollouts/metricproviders/newrelic" name="TestRunWithQueryError" time="0.000000"></testcase>
		<testcase classname="github.com/argoproj/argo-rollouts/metricproviders/newrelic" name="TestRunWithResolveArgsError" time="0.000000"></testcase>
		<testcase classname="github.com/argoproj/argo-rollouts/metricproviders/newrelic" name="TestRunWithEvaluationError" time="0.000000"></testcase>
		<testcase classname="github.com/argoproj/argo-rollouts/metricproviders/newrelic" name="TestRunWithInvalidJSON/with_a_single_result_map" time="0.000000"></testcase>
		<testcase classname="github.com/argoproj/argo-rollouts/metricproviders/newrelic" name="TestRunWithInvalidJSON/with_multiple_results" time="0.000000"></testcase>
		<testcase classname="github.com/argoproj/argo-rollouts/metricproviders/newrelic" name="TestRunWithInvalidJSON" time="0.000000"></testcase>
		<testcase classname="github.com/argoproj/argo-rollouts/metricproviders/newrelic" name="TestResume" time="0.000000"></testcase>
		<testcase classname="github.com/argoproj/argo-rollouts/metricproviders/newrelic" name="TestTerminate" time="0.000000"></testcase>
		<testcase classname="github.com/argoproj/argo-rollouts/metricproviders/newrelic" name="TestGarbageCollect" time="0.000000"></testcase>
		<testcase classname="github.com/argoproj/argo-rollouts/metricproviders/newrelic" name="TestNewNewRelicAPIClient/with_default_settings" time="0.000000"></testcase>
		<testcase classname="github.com/argoproj/argo-rollouts/metricproviders/newrelic" name="TestNewNewRelicAPIClient/with_region_specified" time="0.000000"></testcase>
		<testcase classname="github.com/argoproj/argo-rollouts/metricproviders/newrelic" name="TestNewNewRelicAPIClient/when_the_region_is_invalid" time="0.000000"></testcase>
		<testcase classname="github.com/argoproj/argo-rollouts/metricproviders/newrelic" name="TestNewNewRelicAPIClient/when_a_base-url_is_set" time="0.000000"></testcase>
		<testcase classname="github.com/argoproj/argo-rollouts/metricproviders/newrelic" name="TestNewNewRelicAPIClient/with_api_token_or_account_id_missing_missing" time="0.000000"></testcase>
		<testcase classname="github.com/argoproj/argo-rollouts/metricproviders/newrelic" name="TestNewNewRelicAPIClient/with_a_non-integer_account_ID" time="0.000000"></testcase>
		<testcase classname="github.com/argoproj/argo-rollouts/metricproviders/newrelic" name="TestNewNewRelicAPIClient/when_secretName_is_specified_by_the_metric" time="0.000000"></testcase>
		<testcase classname="github.com/argoproj/argo-rollouts/metricproviders/newrelic" name="TestNewNewRelicAPIClient/when_the_secret_is_not_found" time="0.000000"></testcase>
		<testcase classname="github.com/argoproj/argo-rollouts/metricproviders/newrelic" name="TestNewNewRelicAPIClient" time="0.000000"></testcase>
		<testcase classname="github.com/argoproj/argo-rollouts/metricproviders/newrelic" name="TestNewRelicClient_Query/returns_results" time="0.000000"></testcase>
		<testcase classname="github.com/argoproj/argo-rollouts/metricproviders/newrelic" name="TestNewRelicClient_Query/uses_default_timeout_when_one_is_not_provided" time="0.000000"></testcase>
		<testcase classname="github.com/argoproj/argo-rollouts/metricproviders/newrelic" name="TestNewRelicClient_Query/uses_provided_timeout" time="0.000000"></testcase>
		<testcase classname="github.com/argoproj/argo-rollouts/metricproviders/newrelic" name="TestNewRelicClient_Query/errors_when_timeout_is_negative" time="0.000000"></testcase>
		<testcase classname="github.com/argoproj/argo-rollouts/metricproviders/newrelic" name="TestNewRelicClient_Query/errors_when_nerdgraph_returns_error" time="0.000000"></testcase>
		<testcase classname="github.com/argoproj/argo-rollouts/metricproviders/newrelic" name="TestNewRelicClient_Query" time="0.000000"></testcase>
	</testsuite>
	<testsuite tests="0" failures="0" time="0.014000" name="github.com/argoproj/argo-rollouts/metricproviders/plugin" timestamp="2024-10-02T10:26:39+08:00">
		<properties>
			<property name="go.version" value="go1.22.5 darwin/arm64"></property>
		</properties>
	</testsuite>
	<testsuite tests="0" failures="0" time="0.012000" name="github.com/argoproj/argo-rollouts/metricproviders/plugin/client" timestamp="2024-10-02T10:26:39+08:00">
		<properties>
			<property name="go.version" value="go1.22.5 darwin/arm64"></property>
		</properties>
	</testsuite>
	<testsuite tests="3" failures="0" time="1.999000" name="github.com/argoproj/argo-rollouts/metricproviders/plugin/rpc" timestamp="2024-10-02T10:26:39+08:00">
		<properties>
			<property name="go.version" value="go1.22.5 darwin/arm64"></property>
		</properties>
		<testcase classname="github.com/argoproj/argo-rollouts/metricproviders/plugin/rpc" name="TestPlugin" time="0.010000"></testcase>
		<testcase classname="github.com/argoproj/argo-rollouts/metricproviders/plugin/rpc" name="TestPluginClosedConnection" time="0.100000"></testcase>
		<testcase classname="github.com/argoproj/argo-rollouts/metricproviders/plugin/rpc" name="TestInvalidArgs" time="0.000000"></testcase>
	</testsuite>
	<testsuite tests="40" failures="0" time="1.942000" name="github.com/argoproj/argo-rollouts/metricproviders/prometheus" timestamp="2024-10-02T10:26:39+08:00">
		<properties>
			<property name="go.version" value="go1.22.5 darwin/arm64"></property>
		</properties>
		<testcase classname="github.com/argoproj/argo-rollouts/metricproviders/prometheus" name="Test_httpHeadersRoundTripper_RoundTrip/have_header_and_append_header" time="0.000000"></testcase>
		<testcase classname="github.com/argoproj/argo-rollouts/metricproviders/prometheus" name="Test_httpHeadersRoundTripper_RoundTrip/only_append_header" time="0.000000"></testcase>
		<testcase classname="github.com/argoproj/argo-rollouts/metricproviders/prometheus" name="Test_httpHeadersRoundTripper_RoundTrip/have_header_and_not_append_header" time="0.000000"></testcase>
		<testcase classname="github.com/argoproj/argo-rollouts/metricproviders/prometheus" name="Test_httpHeadersRoundTripper_RoundTrip/empty_headers" time="0.000000"></testcase>
		<testcase classname="github.com/argoproj/argo-rollouts/metricproviders/prometheus" name="Test_httpHeadersRoundTripper_RoundTrip/append_multiple_headers" time="0.000000"></testcase>
		<testcase classname="github.com/argoproj/argo-rollouts/metricproviders/prometheus" name="Test_httpHeadersRoundTripper_RoundTrip/overwrite_header" time="0.000000"></testcase>
		<testcase classname="github.com/argoproj/argo-rollouts/metricproviders/prometheus" name="Test_httpHeadersRoundTripper_RoundTrip" time="0.000000"></testcase>
		<testcase classname="github.com/argoproj/argo-rollouts/metricproviders/prometheus" name="TestType" time="0.000000"></testcase>
		<testcase classname="github.com/argoproj/argo-rollouts/metricproviders/prometheus" name="TestRunSuccessfully" time="0.000000"></testcase>
		<testcase classname="github.com/argoproj/argo-rollouts/metricproviders/prometheus" name="TestRunSuccessfullyWithRangeQuery" time="0.000000"></testcase>
		<testcase classname="github.com/argoproj/argo-rollouts/metricproviders/prometheus" name="TestRunUnparsableStartTime" time="0.000000"></testcase>
		<testcase classname="github.com/argoproj/argo-rollouts/metricproviders/prometheus" name="TestRunUnparsableEndTime" time="0.000000"></testcase>
		<testcase classname="github.com/argoproj/argo-rollouts/metricproviders/prometheus" name="TestRunUnparsableStep" time="0.000000"></testcase>
		<testcase classname="github.com/argoproj/argo-rollouts/metricproviders/prometheus" name="TestRunSuccessfullyWithEnv" time="0.000000"></testcase>
		<testcase classname="github.com/argoproj/argo-rollouts/metricproviders/prometheus" name="TestRunSuccessfullyWithWarning" time="0.000000"></testcase>
		<testcase classname="github.com/argoproj/argo-rollouts/metricproviders/prometheus" name="TestRunSuccessfullyWithWarningWithEnv" time="0.000000"></testcase>
		<testcase classname="github.com/argoproj/argo-rollouts/metricproviders/prometheus" name="TestRunWithQueryError" time="0.000000"></testcase>
		<testcase classname="github.com/argoproj/argo-rollouts/metricproviders/prometheus" name="TestRunWithResolveArgsError" time="0.000000"></testcase>
		<testcase classname="github.com/argoproj/argo-rollouts/metricproviders/prometheus" name="TestGetStatusReturnsResolvedQuery" time="0.000000"></testcase>
		<testcase classname="github.com/argoproj/argo-rollouts/metricproviders/prometheus" name="TestRunWithEvaluationError" time="0.000000"></testcase>
		<testcase classname="github.com/argoproj/argo-rollouts/metricproviders/prometheus" name="TestResume" time="0.000000"></testcase>
		<testcase classname="github.com/argoproj/argo-rollouts/metricproviders/prometheus" name="TestTerminate" time="0.000000"></testcase>
		<testcase classname="github.com/argoproj/argo-rollouts/metricproviders/prometheus" name="TestGarbageCollect" time="0.000000"></testcase>
		<testcase classname="github.com/argoproj/argo-rollouts/metricproviders/prometheus" name="TestProcessScalarResponse" time="0.000000"></testcase>
		<testcase classname="github.com/argoproj/argo-rollouts/metricproviders/prometheus" name="TestProcessNaNResponse/inconclusive" time="0.000000"></testcase>
		<testcase classname="github.com/argoproj/argo-rollouts/metricproviders/prometheus" name="TestProcessNaNResponse/success" time="0.000000"></testcase>
		<testcase classname="github.com/argoproj/argo-rollouts/metricproviders/prometheus" name="TestProcessNaNResponse/failure" time="0.000000"></testcase>
		<testcase classname="github.com/argoproj/argo-rollouts/metricproviders/prometheus" name="TestProcessNaNResponse" time="0.000000"></testcase>
		<testcase classname="github.com/argoproj/argo-rollouts/metricproviders/prometheus" name="TestProcessInfResponse/success" time="0.000000"></testcase>
		<testcase classname="github.com/argoproj/argo-rollouts/metricproviders/prometheus" name="TestProcessInfResponse/failure" time="0.000000"></testcase>
		<testcase classname="github.com/argoproj/argo-rollouts/metricproviders/prometheus" name="TestProcessInfResponse" time="0.000000"></testcase>
		<testcase classname="github.com/argoproj/argo-rollouts/metricproviders/prometheus" name="TestProcessVectorResponse" time="0.000000"></testcase>
		<testcase classname="github.com/argoproj/argo-rollouts/metricproviders/prometheus" name="TestProcessInvalidResponse" time="0.000000"></testcase>
		<testcase classname="github.com/argoproj/argo-rollouts/metricproviders/prometheus" name="TestNewPrometheusAPI" time="0.000000"></testcase>
		<testcase classname="github.com/argoproj/argo-rollouts/metricproviders/prometheus" name="TestNewPrometheusAPIWithEnv" time="0.000000"></testcase>
		<testcase classname="github.com/argoproj/argo-rollouts/metricproviders/prometheus" name="TestNewPrometheusAddressNotConfigured" time="0.000000"></testcase>
		<testcase classname="github.com/argoproj/argo-rollouts/metricproviders/prometheus" name="TestNewPrometheusNegativeTimeout" time="0.000000"></testcase>
		<testcase classname="github.com/argoproj/argo-rollouts/metricproviders/prometheus" name="TestRunSuccessfulWithOAuth" time="0.000000"></testcase>
		<testcase classname="github.com/argoproj/argo-rollouts/metricproviders/prometheus" name="TestNewPromApiErrorWithIncompleteOAuthParams" time="0.000000"></testcase>
		<testcase classname="github.com/argoproj/argo-rollouts/metricproviders/prometheus" name="TestRunErrorOAuthFailure" time="0.000000"></testcase>
	</testsuite>
	<testsuite tests="9" failures="0" time="2.112000" name="github.com/argoproj/argo-rollouts/metricproviders/skywalking" timestamp="2024-10-02T10:26:39+08:00">
		<properties>
			<property name="go.version" value="go1.22.5 darwin/arm64"></property>
		</properties>
		<testcase classname="github.com/argoproj/argo-rollouts/metricproviders/skywalking" name="TestType" time="0.000000"></testcase>
		<testcase classname="github.com/argoproj/argo-rollouts/metricproviders/skywalking" name="TestRunSuccessfully" time="0.000000"></testcase>
		<testcase classname="github.com/argoproj/argo-rollouts/metricproviders/skywalking" name="TestRunWithTimeseries" time="0.000000"></testcase>
		<testcase classname="github.com/argoproj/argo-rollouts/metricproviders/skywalking" name="TestRunWithQueryError" time="0.000000"></testcase>
		<testcase classname="github.com/argoproj/argo-rollouts/metricproviders/skywalking" name="TestRunWithResolveArgsError" time="0.000000"></testcase>
		<testcase classname="github.com/argoproj/argo-rollouts/metricproviders/skywalking" name="TestRunWithEvaluationError" time="0.000000"></testcase>
		<testcase classname="github.com/argoproj/argo-rollouts/metricproviders/skywalking" name="TestResume" time="0.000000"></testcase>
		<testcase classname="github.com/argoproj/argo-rollouts/metricproviders/skywalking" name="TestTerminate" time="0.000000"></testcase>
		<testcase classname="github.com/argoproj/argo-rollouts/metricproviders/skywalking" name="TestGarbageCollect" time="0.000000"></testcase>
	</testsuite>
	<testsuite tests="13" failures="0" time="2.363000" name="github.com/argoproj/argo-rollouts/metricproviders/wavefront" timestamp="2024-10-02T10:26:39+08:00">
		<properties>
			<property name="go.version" value="go1.22.5 darwin/arm64"></property>
		</properties>
		<testcase classname="github.com/argoproj/argo-rollouts/metricproviders/wavefront" name="TestType" time="0.000000"></testcase>
		<testcase classname="github.com/argoproj/argo-rollouts/metricproviders/wavefront" name="TestRunSuccessfully" time="0.000000"></testcase>
		<testcase classname="github.com/argoproj/argo-rollouts/metricproviders/wavefront" name="TestRunWithQueryError" time="0.000000"></testcase>
		<testcase classname="github.com/argoproj/argo-rollouts/metricproviders/wavefront" name="TestRunWithEvaluationError" time="0.000000"></testcase>
		<testcase classname="github.com/argoproj/argo-rollouts/metricproviders/wavefront" name="TestResume" time="0.000000"></testcase>
		<testcase classname="github.com/argoproj/argo-rollouts/metricproviders/wavefront" name="TestTerminate" time="0.000000"></testcase>
		<testcase classname="github.com/argoproj/argo-rollouts/metricproviders/wavefront" name="TestGarbageCollect" time="0.000000"></testcase>
		<testcase classname="github.com/argoproj/argo-rollouts/metricproviders/wavefront" name="TestProcessMultipleTimeseriesResponse" time="0.000000"></testcase>
		<testcase classname="github.com/argoproj/argo-rollouts/metricproviders/wavefront" name="TestNewWavefrontAPI" time="0.000000"></testcase>
		<testcase classname="github.com/argoproj/argo-rollouts/metricproviders/wavefront" name="TestFindDataPointValue/Choose_earlier_but_closer_point" time="0.000000"></testcase>
		<testcase classname="github.com/argoproj/argo-rollouts/metricproviders/wavefront" name="TestFindDataPointValue/Choose_later_but_closer_point" time="0.000000"></testcase>
		<testcase classname="github.com/argoproj/argo-rollouts/metricproviders/wavefront" name="TestFindDataPointValue/Choose_exact_point" time="0.000000"></testcase>
		<testcase classname="github.com/argoproj/argo-rollouts/metricproviders/wavefront" name="TestFindDataPointValue" time="0.000000"></testcase>
	</testsuite>
	<testsuite tests="2" failures="0" time="2.713000" name="github.com/argoproj/argo-rollouts/metricproviders/webmetric" timestamp="2024-10-02T10:26:39+08:00">
		<properties>
			<property name="go.version" value="go1.22.5 darwin/arm64"></property>
		</properties>
		<testcase classname="github.com/argoproj/argo-rollouts/metricproviders/webmetric" name="TestRunSuite" time="0.010000"></testcase>
		<testcase classname="github.com/argoproj/argo-rollouts/metricproviders/webmetric" name="TestNewPromApiErrorWithIncompleteOAuthParams" time="0.000000"></testcase>
	</testsuite>
	<testsuite tests="0" failures="0" time="0.016000" name="github.com/argoproj/argo-rollouts/pkg/apiclient/rollout" timestamp="2024-10-02T10:26:39+08:00">
		<properties>
			<property name="go.version" value="go1.22.5 darwin/arm64"></property>
		</properties>
	</testsuite>
	<testsuite tests="0" failures="0" time="0.008000" name="github.com/argoproj/argo-rollouts/pkg/apiclient/settings" timestamp="2024-10-02T10:26:39+08:00">
		<properties>
			<property name="go.version" value="go1.22.5 darwin/arm64"></property>
		</properties>
	</testsuite>
	<testsuite tests="0" failures="0" time="0.000000" name="github.com/argoproj/argo-rollouts/pkg/apis/rollouts" timestamp="2024-10-02T10:26:39+08:00">
		<properties>
			<property name="go.version" value="go1.22.5 darwin/arm64"></property>
		</properties>
	</testsuite>
	<testsuite tests="1" failures="0" time="1.881000" name="github.com/argoproj/argo-rollouts/pkg/apis/rollouts/v1alpha1" timestamp="2024-10-02T10:26:39+08:00">
		<properties>
			<property name="go.version" value="go1.22.5 darwin/arm64"></property>
		</properties>
		<testcase classname="github.com/argoproj/argo-rollouts/pkg/apis/rollouts/v1alpha1" name="TestRolloutPauseDuration" time="0.000000"></testcase>
	</testsuite>
	<testsuite tests="178" failures="0" time="2.212000" name="github.com/argoproj/argo-rollouts/pkg/apis/rollouts/validation" timestamp="2024-10-02T10:26:39+08:00">
		<properties>
			<property name="go.version" value="go1.22.5 darwin/arm64"></property>
		</properties>
		<testcase classname="github.com/argoproj/argo-rollouts/pkg/apis/rollouts/validation" name="TestValidateRolloutReferencedResources" time="0.000000"></testcase>
		<testcase classname="github.com/argoproj/argo-rollouts/pkg/apis/rollouts/validation" name="TestValidateRolloutReferencedResourcesNginxIngress/Validate_single_Nginx_Ingress_--_success" time="0.000000"></testcase>
		<testcase classname="github.com/argoproj/argo-rollouts/pkg/apis/rollouts/validation" name="TestValidateRolloutReferencedResourcesNginxIngress/Validate_multiple_Nginx_Ingresses_--_primary_fails" time="0.000000"></testcase>
		<testcase classname="github.com/argoproj/argo-rollouts/pkg/apis/rollouts/validation" name="TestValidateRolloutReferencedResourcesNginxIngress/Validate_multiple_Nginx_Ingresses_successfully" time="0.000000"></testcase>
		<testcase classname="github.com/argoproj/argo-rollouts/pkg/apis/rollouts/validation" name="TestValidateRolloutReferencedResourcesNginxIngress/Validate_multiple_Nginx_Ingresses_--_all_ingresses_fail_fails" time="0.000000"></testcase>
		<testcase classname="github.com/argoproj/argo-rollouts/pkg/apis/rollouts/validation" name="TestValidateRolloutReferencedResourcesNginxIngress/Validate_single_Nginx_Ingress_--_failure" time="0.000000"></testcase>
		<testcase classname="github.com/argoproj/argo-rollouts/pkg/apis/rollouts/validation" name="TestValidateRolloutReferencedResourcesNginxIngress/Validate_multiple_Nginx_Ingresses_--_additional_ingress_fails" time="0.000000"></testcase>
		<testcase classname="github.com/argoproj/argo-rollouts/pkg/apis/rollouts/validation" name="TestValidateRolloutReferencedResourcesNginxIngress" time="0.000000"></testcase>
		<testcase classname="github.com/argoproj/argo-rollouts/pkg/apis/rollouts/validation" name="TestValidateRolloutReferencedResourcesAlbIngress/Validate_single_ALB_Ingress_--_success" time="0.000000"></testcase>
		<testcase classname="github.com/argoproj/argo-rollouts/pkg/apis/rollouts/validation" name="TestValidateRolloutReferencedResourcesAlbIngress/Validate_multiple_ALB_Ingresses_--_primary_fails" time="0.000000"></testcase>
		<testcase classname="github.com/argoproj/argo-rollouts/pkg/apis/rollouts/validation" name="TestValidateRolloutReferencedResourcesAlbIngress/Validate_multiple_ALB_Ingresses_--_all_ingresses_fail_fails" time="0.000000"></testcase>
		<testcase classname="github.com/argoproj/argo-rollouts/pkg/apis/rollouts/validation" name="TestValidateRolloutReferencedResourcesAlbIngress/Validate_multiple_ALB_Ingresses_--_additional_ingress_fails" time="0.000000"></testcase>
		<testcase classname="github.com/argoproj/argo-rollouts/pkg/apis/rollouts/validation" name="TestValidateRolloutReferencedResourcesAlbIngress/Validate_single_ALB_Ingress_--_failure" time="0.000000"></testcase>
		<testcase classname="github.com/argoproj/argo-rollouts/pkg/apis/rollouts/validation" name="TestValidateRolloutReferencedResourcesAlbIngress/Validate_multiple_ALB_Ingresses_successfully" time="0.000000"></testcase>
		<testcase classname="github.com/argoproj/argo-rollouts/pkg/apis/rollouts/validation" name="TestValidateRolloutReferencedResourcesAlbIngress" time="0.000000"></testcase>
		<testcase classname="github.com/argoproj/argo-rollouts/pkg/apis/rollouts/validation" name="TestValidateAnalysisTemplatesWithType/failure_-_invalid_argument" time="0.000000"></testcase>
		<testcase classname="github.com/argoproj/argo-rollouts/pkg/apis/rollouts/validation" name="TestValidateAnalysisTemplatesWithType/success" time="0.000000"></testcase>
		<testcase classname="github.com/argoproj/argo-rollouts/pkg/apis/rollouts/validation" name="TestValidateAnalysisTemplatesWithType/failure_-_duplicate_metrics" time="0.000000"></testcase>
		<testcase classname="github.com/argoproj/argo-rollouts/pkg/apis/rollouts/validation" name="TestValidateAnalysisTemplatesWithType/failure_-_duplicate_MeasurementRetention" time="0.000000"></testcase>
		<testcase classname="github.com/argoproj/argo-rollouts/pkg/apis/rollouts/validation" name="TestValidateAnalysisTemplatesWithType" time="0.000000"></testcase>
		<testcase classname="github.com/argoproj/argo-rollouts/pkg/apis/rollouts/validation" name="TestValidateAnalysisTemplateWithType/validate_analysisTemplate_-_success" time="0.000000"></testcase>
		<testcase classname="github.com/argoproj/argo-rollouts/pkg/apis/rollouts/validation" name="TestValidateAnalysisTemplateWithType/validate_inline_clusterAnalysisTemplate_-_failure" time="0.000000"></testcase>
		<testcase classname="github.com/argoproj/argo-rollouts/pkg/apis/rollouts/validation" name="TestValidateAnalysisTemplateWithType/validate_inline_analysisTemplate_argument_-_success" time="0.000000"></testcase>
		<testcase classname="github.com/argoproj/argo-rollouts/pkg/apis/rollouts/validation" name="TestValidateAnalysisTemplateWithType/validate_background_analysisTemplate_-_failure" time="0.000000"></testcase>
		<testcase classname="github.com/argoproj/argo-rollouts/pkg/apis/rollouts/validation" name="TestValidateAnalysisTemplateWithType/validate_background_analysisTemplate_-_success" time="0.000000"></testcase>
		<testcase classname="github.com/argoproj/argo-rollouts/pkg/apis/rollouts/validation" name="TestValidateAnalysisTemplateWithType/validate_background_analysisTemplate_-_success#01" time="0.000000"></testcase>
		<testcase classname="github.com/argoproj/argo-rollouts/pkg/apis/rollouts/validation" name="TestValidateAnalysisTemplateWithType" time="0.000000"></testcase>
		<testcase classname="github.com/argoproj/argo-rollouts/pkg/apis/rollouts/validation" name="TestValidateAlbIngress/validate_alb_ingress_-_success" time="0.000000"></testcase>
		<testcase classname="github.com/argoproj/argo-rollouts/pkg/apis/rollouts/validation" name="TestValidateAlbIngress/validate_alb_ingress_-_failure" time="0.000000"></testcase>
		<testcase classname="github.com/argoproj/argo-rollouts/pkg/apis/rollouts/validation" name="TestValidateAlbIngress" time="0.000000"></testcase>
		<testcase classname="github.com/argoproj/argo-rollouts/pkg/apis/rollouts/validation" name="TestValidateRolloutNginxIngressesConfig/No_ingress_configured" time="0.000000"></testcase>
		<testcase classname="github.com/argoproj/argo-rollouts/pkg/apis/rollouts/validation" name="TestValidateRolloutNginxIngressesConfig/Both_ingresses_configured" time="0.000000"></testcase>
		<testcase classname="github.com/argoproj/argo-rollouts/pkg/apis/rollouts/validation" name="TestValidateRolloutNginxIngressesConfig/Just_StableIngress_configured" time="0.000000"></testcase>
		<testcase classname="github.com/argoproj/argo-rollouts/pkg/apis/rollouts/validation" name="TestValidateRolloutNginxIngressesConfig/Just_StableIngresses_configured" time="0.000000"></testcase>
		<testcase classname="github.com/argoproj/argo-rollouts/pkg/apis/rollouts/validation" name="TestValidateRolloutNginxIngressesConfig" time="0.000000"></testcase>
		<testcase classname="github.com/argoproj/argo-rollouts/pkg/apis/rollouts/validation" name="TestValidateRolloutAlbIngressesConfig/No_ingress_configured" time="0.000000"></testcase>
		<testcase classname="github.com/argoproj/argo-rollouts/pkg/apis/rollouts/validation" name="TestValidateRolloutAlbIngressesConfig/Both_ingresses_configured" time="0.000000"></testcase>
		<testcase classname="github.com/argoproj/argo-rollouts/pkg/apis/rollouts/validation" name="TestValidateRolloutAlbIngressesConfig/Just_Ingress_configured" time="0.000000"></testcase>
		<testcase classname="github.com/argoproj/argo-rollouts/pkg/apis/rollouts/validation" name="TestValidateRolloutAlbIngressesConfig/Just_Ingresses_configured" time="0.000000"></testcase>
		<testcase classname="github.com/argoproj/argo-rollouts/pkg/apis/rollouts/validation" name="TestValidateRolloutAlbIngressesConfig" time="0.000000"></testcase>
		<testcase classname="github.com/argoproj/argo-rollouts/pkg/apis/rollouts/validation" name="TestValidateService/validate_service_-_success" time="0.000000"></testcase>
		<testcase classname="github.com/argoproj/argo-rollouts/pkg/apis/rollouts/validation" name="TestValidateService/validate_service_-_failure" time="0.000000"></testcase>
		<testcase classname="github.com/argoproj/argo-rollouts/pkg/apis/rollouts/validation" name="TestValidateService/validate_service_with_unmatch_label_-_failure" time="0.000000"></testcase>
		<testcase classname="github.com/argoproj/argo-rollouts/pkg/apis/rollouts/validation" name="TestValidateService/validate_service_with_Rollout_label_-_success" time="0.000000"></testcase>
		<testcase classname="github.com/argoproj/argo-rollouts/pkg/apis/rollouts/validation" name="TestValidateService" time="0.000000"></testcase>
		<testcase classname="github.com/argoproj/argo-rollouts/pkg/apis/rollouts/validation" name="TestValidateVirtualService/validate_virtualService_HTTP_routes_-_success" time="0.000000"></testcase>
		<testcase classname="github.com/argoproj/argo-rollouts/pkg/apis/rollouts/validation" name="TestValidateVirtualService/validate_virtualService_HTTP_routes_-_failure" time="0.000000"></testcase>
		<testcase classname="github.com/argoproj/argo-rollouts/pkg/apis/rollouts/validation" name="TestValidateVirtualService/validate_virtualService_TLS_routes_-_success" time="0.000000"></testcase>
		<testcase classname="github.com/argoproj/argo-rollouts/pkg/apis/rollouts/validation" name="TestValidateVirtualService/validate_virtualService_TLS_routes_-_failure" time="0.000000"></testcase>
		<testcase classname="github.com/argoproj/argo-rollouts/pkg/apis/rollouts/validation" name="TestValidateVirtualService/validate_virtualService_TCP_routes_-_success" time="0.000000"></testcase>
		<testcase classname="github.com/argoproj/argo-rollouts/pkg/apis/rollouts/validation" name="TestValidateVirtualService/validate_virtualService_TCP_routes_-_failure" time="0.000000"></testcase>
		<testcase classname="github.com/argoproj/argo-rollouts/pkg/apis/rollouts/validation" name="TestValidateVirtualService/validate_virtualService_no_routes_-_failure" time="0.000000"></testcase>
		<testcase classname="github.com/argoproj/argo-rollouts/pkg/apis/rollouts/validation" name="TestValidateVirtualService/validate_virtualService_invalid_http_routes_-_failure" time="0.000000"></testcase>
		<testcase classname="github.com/argoproj/argo-rollouts/pkg/apis/rollouts/validation" name="TestValidateVirtualService/validate_virtualService_invalid_tls_routes_-_failure" time="0.000000"></testcase>
		<testcase classname="github.com/argoproj/argo-rollouts/pkg/apis/rollouts/validation" name="TestValidateVirtualService/validate_virtualService_invalid_rollout_missing_istio" time="0.000000"></testcase>
		<testcase classname="github.com/argoproj/argo-rollouts/pkg/apis/rollouts/validation" name="TestValidateVirtualService/validate_virtualService_invalid_tcp_routes_-_failure" time="0.000000"></testcase>
		<testcase classname="github.com/argoproj/argo-rollouts/pkg/apis/rollouts/validation" name="TestValidateVirtualService" time="0.000000"></testcase>
		<testcase classname="github.com/argoproj/argo-rollouts/pkg/apis/rollouts/validation" name="TestValidateVirtualServices/validate_virtualService_-_success" time="0.000000"></testcase>
		<testcase classname="github.com/argoproj/argo-rollouts/pkg/apis/rollouts/validation" name="TestValidateVirtualServices/validate_virtualService_-_failure" time="0.000000"></testcase>
		<testcase classname="github.com/argoproj/argo-rollouts/pkg/apis/rollouts/validation" name="TestValidateVirtualServices" time="0.000000"></testcase>
		<testcase classname="github.com/argoproj/argo-rollouts/pkg/apis/rollouts/validation" name="TestValidateRolloutVirtualServicesConfig/validate_No_virtualService_configured_-_fail" time="0.000000"></testcase>
		<testcase classname="github.com/argoproj/argo-rollouts/pkg/apis/rollouts/validation" name="TestValidateRolloutVirtualServicesConfig/validate_both_virtualService_configured_-_fail" time="0.000000"></testcase>
		<testcase classname="github.com/argoproj/argo-rollouts/pkg/apis/rollouts/validation" name="TestValidateRolloutVirtualServicesConfig/validate_either_virtualService_or__virtualServices_configured_-_pass" time="0.000000"></testcase>
		<testcase classname="github.com/argoproj/argo-rollouts/pkg/apis/rollouts/validation" name="TestValidateRolloutVirtualServicesConfig" time="0.000000"></testcase>
		<testcase classname="github.com/argoproj/argo-rollouts/pkg/apis/rollouts/validation" name="TestGetAnalysisTemplateWithTypeFieldPath/get_fieldPath_for_analysisTemplateType_PrePromotionAnalysis" time="0.000000"></testcase>
		<testcase classname="github.com/argoproj/argo-rollouts/pkg/apis/rollouts/validation" name="TestGetAnalysisTemplateWithTypeFieldPath/get_fieldPath_for_analysisTemplateType_PostPromotionAnalysis" time="0.000000"></testcase>
		<testcase classname="github.com/argoproj/argo-rollouts/pkg/apis/rollouts/validation" name="TestGetAnalysisTemplateWithTypeFieldPath/get_fieldPath_for_analysisTemplateType_CanaryStep" time="0.000000"></testcase>
		<testcase classname="github.com/argoproj/argo-rollouts/pkg/apis/rollouts/validation" name="TestGetAnalysisTemplateWithTypeFieldPath/get_fieldPath_for_analysisTemplateType_that_does_not_exist" time="0.000000"></testcase>
		<testcase classname="github.com/argoproj/argo-rollouts/pkg/apis/rollouts/validation" name="TestGetAnalysisTemplateWithTypeFieldPath" time="0.000000"></testcase>
		<testcase classname="github.com/argoproj/argo-rollouts/pkg/apis/rollouts/validation" name="TestGetServiceWithTypeFieldPath/get_activeService_fieldPath" time="0.000000"></testcase>
		<testcase classname="github.com/argoproj/argo-rollouts/pkg/apis/rollouts/validation" name="TestGetServiceWithTypeFieldPath/get_previewService_fieldPath" time="0.000000"></testcase>
		<testcase classname="github.com/argoproj/argo-rollouts/pkg/apis/rollouts/validation" name="TestGetServiceWithTypeFieldPath/get_canaryService_fieldPath" time="0.000000"></testcase>
		<testcase classname="github.com/argoproj/argo-rollouts/pkg/apis/rollouts/validation" name="TestGetServiceWithTypeFieldPath/get_stableService_fieldPath" time="0.000000"></testcase>
		<testcase classname="github.com/argoproj/argo-rollouts/pkg/apis/rollouts/validation" name="TestGetServiceWithTypeFieldPath/get_pingService_fieldPath" time="0.000000"></testcase>
		<testcase classname="github.com/argoproj/argo-rollouts/pkg/apis/rollouts/validation" name="TestGetServiceWithTypeFieldPath/get_pongService_fieldPath" time="0.000000"></testcase>
		<testcase classname="github.com/argoproj/argo-rollouts/pkg/apis/rollouts/validation" name="TestGetServiceWithTypeFieldPath/get_fieldPath_for_serviceType_that_does_not_exist" time="0.000000"></testcase>
		<testcase classname="github.com/argoproj/argo-rollouts/pkg/apis/rollouts/validation" name="TestGetServiceWithTypeFieldPath" time="0.000000"></testcase>
		<testcase classname="github.com/argoproj/argo-rollouts/pkg/apis/rollouts/validation" name="TestValidateAmbassadorMapping/will_return_no_error_if_mapping_is_valid" time="0.000000"></testcase>
		<testcase classname="github.com/argoproj/argo-rollouts/pkg/apis/rollouts/validation" name="TestValidateAmbassadorMapping/will_return_error_if_base_mapping_defines_weight" time="0.000000"></testcase>
		<testcase classname="github.com/argoproj/argo-rollouts/pkg/apis/rollouts/validation" name="TestValidateAmbassadorMapping" time="0.000000"></testcase>
		<testcase classname="github.com/argoproj/argo-rollouts/pkg/apis/rollouts/validation" name="TestValidateAppMeshResource/will_return_error_with_appmesh_virtual-service" time="0.000000"></testcase>
		<testcase classname="github.com/argoproj/argo-rollouts/pkg/apis/rollouts/validation" name="TestValidateAppMeshResource/will_succeed_with_valid_appmesh_virtual-router_with_http2Route" time="0.000000"></testcase>
		<testcase classname="github.com/argoproj/argo-rollouts/pkg/apis/rollouts/validation" name="TestValidateAppMeshResource/will_return_error_with_appmesh_virtual-router_with_unsupported_route_type" time="0.000000"></testcase>
		<testcase classname="github.com/argoproj/argo-rollouts/pkg/apis/rollouts/validation" name="TestValidateAppMeshResource/will_return_error_when_appmesh_virtual-router_has_routes_with_1_target" time="0.000000"></testcase>
		<testcase classname="github.com/argoproj/argo-rollouts/pkg/apis/rollouts/validation" name="TestValidateAppMeshResource/will_return_error_when_appmesh_virtual-router_has_routes_with_no_targets" time="0.000000"></testcase>
		<testcase classname="github.com/argoproj/argo-rollouts/pkg/apis/rollouts/validation" name="TestValidateAppMeshResource/will_succeed_with_valid_appmesh_virtual-router_with_grpcRoute" time="0.000000"></testcase>
		<testcase classname="github.com/argoproj/argo-rollouts/pkg/apis/rollouts/validation" name="TestValidateAppMeshResource/will_return_error_when_appmesh_virtual-router_has_route_that_is_not_a_struct" time="0.000000"></testcase>
		<testcase classname="github.com/argoproj/argo-rollouts/pkg/apis/rollouts/validation" name="TestValidateAppMeshResource/will_return_error_when_appmesh_virtual-router_has_routes_with_3_targets" time="0.000000"></testcase>
		<testcase classname="github.com/argoproj/argo-rollouts/pkg/apis/rollouts/validation" name="TestValidateAppMeshResource/will_return_error_when_appmesh_virtual-router_has_no_routes" time="0.000000"></testcase>
		<testcase classname="github.com/argoproj/argo-rollouts/pkg/apis/rollouts/validation" name="TestValidateAppMeshResource/will_succeed_with_valid_appmesh_virtual-router_with_tcpRoute" time="0.000000"></testcase>
		<testcase classname="github.com/argoproj/argo-rollouts/pkg/apis/rollouts/validation" name="TestValidateAppMeshResource/will_succeed_with_valid_appmesh_virtual-router_with_httpRoute" time="0.000000"></testcase>
		<testcase classname="github.com/argoproj/argo-rollouts/pkg/apis/rollouts/validation" name="TestValidateAppMeshResource" time="0.000000"></testcase>
		<testcase classname="github.com/argoproj/argo-rollouts/pkg/apis/rollouts/validation" name="TestValidateAnalysisMetrics/Success" time="0.000000"></testcase>
		<testcase classname="github.com/argoproj/argo-rollouts/pkg/apis/rollouts/validation" name="TestValidateAnalysisMetrics/Error:_arg_has_both_Value_and_ValueFrom" time="0.000000"></testcase>
		<testcase classname="github.com/argoproj/argo-rollouts/pkg/apis/rollouts/validation" name="TestValidateAnalysisMetrics" time="0.000000"></testcase>
		<testcase classname="github.com/argoproj/argo-rollouts/pkg/apis/rollouts/validation" name="TestValidateRollout/missing_selector" time="0.000000"></testcase>
		<testcase classname="github.com/argoproj/argo-rollouts/pkg/apis/rollouts/validation" name="TestValidateRollout/empty_selector" time="0.000000"></testcase>
		<testcase classname="github.com/argoproj/argo-rollouts/pkg/apis/rollouts/validation" name="TestValidateRollout/invalid_progressDeadlineSeconds" time="0.000000"></testcase>
		<testcase classname="github.com/argoproj/argo-rollouts/pkg/apis/rollouts/validation" name="TestValidateRollout/successful_run" time="0.000000"></testcase>
		<testcase classname="github.com/argoproj/argo-rollouts/pkg/apis/rollouts/validation" name="TestValidateRollout/privileged_container" time="0.000000"></testcase>
		<testcase classname="github.com/argoproj/argo-rollouts/pkg/apis/rollouts/validation" name="TestValidateRollout" time="0.000000"></testcase>
		<testcase classname="github.com/argoproj/argo-rollouts/pkg/apis/rollouts/validation" name="TestValidateRolloutStrategy" time="0.000000"></testcase>
		<testcase classname="github.com/argoproj/argo-rollouts/pkg/apis/rollouts/validation" name="TestValidateRolloutStrategyBlueGreen" time="0.000000"></testcase>
		<testcase classname="github.com/argoproj/argo-rollouts/pkg/apis/rollouts/validation" name="TestValidateRolloutStrategyCanaryMissingServiceNames/ALB" time="0.000000"></testcase>
		<testcase classname="github.com/argoproj/argo-rollouts/pkg/apis/rollouts/validation" name="TestValidateRolloutStrategyCanaryMissingServiceNames/Istio" time="0.000000"></testcase>
		<testcase classname="github.com/argoproj/argo-rollouts/pkg/apis/rollouts/validation" name="TestValidateRolloutStrategyCanaryMissingServiceNames/SMI" time="0.000000"></testcase>
		<testcase classname="github.com/argoproj/argo-rollouts/pkg/apis/rollouts/validation" name="TestValidateRolloutStrategyCanaryMissingServiceNames/Apisix" time="0.000000"></testcase>
		<testcase classname="github.com/argoproj/argo-rollouts/pkg/apis/rollouts/validation" name="TestValidateRolloutStrategyCanaryMissingServiceNames/Ambassador" time="0.000000"></testcase>
		<testcase classname="github.com/argoproj/argo-rollouts/pkg/apis/rollouts/validation" name="TestValidateRolloutStrategyCanaryMissingServiceNames/Nginx" time="0.000000"></testcase>
		<testcase classname="github.com/argoproj/argo-rollouts/pkg/apis/rollouts/validation" name="TestValidateRolloutStrategyCanaryMissingServiceNames/AppMesh" time="0.000000"></testcase>
		<testcase classname="github.com/argoproj/argo-rollouts/pkg/apis/rollouts/validation" name="TestValidateRolloutStrategyCanaryMissingServiceNames/Traefik" time="0.000000"></testcase>
		<testcase classname="github.com/argoproj/argo-rollouts/pkg/apis/rollouts/validation" name="TestValidateRolloutStrategyCanaryMissingServiceNames/Traefik_and_Istio_Subset_Routing" time="0.000000"></testcase>
		<testcase classname="github.com/argoproj/argo-rollouts/pkg/apis/rollouts/validation" name="TestValidateRolloutStrategyCanaryMissingServiceNames/AppMesh_and_external_plugin(doesnt_require_service_names)" time="0.000000"></testcase>
		<testcase classname="github.com/argoproj/argo-rollouts/pkg/apis/rollouts/validation" name="TestValidateRolloutStrategyCanaryMissingServiceNames/Apisix,_Istio_Subset_Routing_and_external_plugin(doesnt_require_service_names)" time="0.000000"></testcase>
		<testcase classname="github.com/argoproj/argo-rollouts/pkg/apis/rollouts/validation" name="TestValidateRolloutStrategyCanaryMissingServiceNames" time="0.000000"></testcase>
		<testcase classname="github.com/argoproj/argo-rollouts/pkg/apis/rollouts/validation" name="TestValidateRolloutStrategyCanary/valid_rollout" time="0.000000"></testcase>
		<testcase classname="github.com/argoproj/argo-rollouts/pkg/apis/rollouts/validation" name="TestValidateRolloutStrategyCanary/valid_plugin_missing_canary_and_stable_service" time="0.000000"></testcase>
		<testcase classname="github.com/argoproj/argo-rollouts/pkg/apis/rollouts/validation" name="TestValidateRolloutStrategyCanary/valid_Istio_missing_canary_and_stable_service" time="0.000000"></testcase>
		<testcase classname="github.com/argoproj/argo-rollouts/pkg/apis/rollouts/validation" name="TestValidateRolloutStrategyCanary/valid_Istio_with_ping_pong" time="0.000000"></testcase>
		<testcase classname="github.com/argoproj/argo-rollouts/pkg/apis/rollouts/validation" name="TestValidateRolloutStrategyCanary/valid_PingPong_missing_canary_and_stable_service" time="0.000000"></testcase>
		<testcase classname="github.com/argoproj/argo-rollouts/pkg/apis/rollouts/validation" name="TestValidateRolloutStrategyCanary/valid_two_plugins_missing_canary_and_stable_service" time="0.000000"></testcase>
		<testcase classname="github.com/argoproj/argo-rollouts/pkg/apis/rollouts/validation" name="TestValidateRolloutStrategyCanary/invalid_two_plugins_missing_canary_and_stable_service" time="0.000000"></testcase>
		<testcase classname="github.com/argoproj/argo-rollouts/pkg/apis/rollouts/validation" name="TestValidateRolloutStrategyCanary/duplicate_services" time="0.000000"></testcase>
		<testcase classname="github.com/argoproj/argo-rollouts/pkg/apis/rollouts/validation" name="TestValidateRolloutStrategyCanary/duplicate_ping_pong_services" time="0.000000"></testcase>
		<testcase classname="github.com/argoproj/argo-rollouts/pkg/apis/rollouts/validation" name="TestValidateRolloutStrategyCanary/ping_services_using_only" time="0.000000"></testcase>
		<testcase classname="github.com/argoproj/argo-rollouts/pkg/apis/rollouts/validation" name="TestValidateRolloutStrategyCanary/pong_service_using_only" time="0.000000"></testcase>
		<testcase classname="github.com/argoproj/argo-rollouts/pkg/apis/rollouts/validation" name="TestValidateRolloutStrategyCanary/missed_ALB_root_service_for_the_ping-pong_feature" time="0.000000"></testcase>
		<testcase classname="github.com/argoproj/argo-rollouts/pkg/apis/rollouts/validation" name="TestValidateRolloutStrategyCanary/ping-pong_feature_without_the_ALB_traffic_routing" time="0.000000"></testcase>
		<testcase classname="github.com/argoproj/argo-rollouts/pkg/apis/rollouts/validation" name="TestValidateRolloutStrategyCanary/invalid_traffic_routing" time="0.000000"></testcase>
		<testcase classname="github.com/argoproj/argo-rollouts/pkg/apis/rollouts/validation" name="TestValidateRolloutStrategyCanary/invalid_setCanaryScale_without_trafficRouting" time="0.000000"></testcase>
		<testcase classname="github.com/argoproj/argo-rollouts/pkg/apis/rollouts/validation" name="TestValidateRolloutStrategyCanary/invalid_canary_step" time="0.000000"></testcase>
		<testcase classname="github.com/argoproj/argo-rollouts/pkg/apis/rollouts/validation" name="TestValidateRolloutStrategyCanary/invalid_set_weight_value" time="0.000000"></testcase>
		<testcase classname="github.com/argoproj/argo-rollouts/pkg/apis/rollouts/validation" name="TestValidateRolloutStrategyCanary/only_nginx/plugins_support_max_weight_value" time="0.000000"></testcase>
		<testcase classname="github.com/argoproj/argo-rollouts/pkg/apis/rollouts/validation" name="TestValidateRolloutStrategyCanary/invalid_duration_set_in_paused_step" time="0.000000"></testcase>
		<testcase classname="github.com/argoproj/argo-rollouts/pkg/apis/rollouts/validation" name="TestValidateRolloutStrategyCanary/invalid_metadata_references_in_analysis_step" time="0.000000"></testcase>
		<testcase classname="github.com/argoproj/argo-rollouts/pkg/apis/rollouts/validation" name="TestValidateRolloutStrategyCanary/invalid_metadata_references_in_experiment_step" time="0.000000"></testcase>
		<testcase classname="github.com/argoproj/argo-rollouts/pkg/apis/rollouts/validation" name="TestValidateRolloutStrategyCanary" time="0.000000"></testcase>
		<testcase classname="github.com/argoproj/argo-rollouts/pkg/apis/rollouts/validation" name="TestValidateRolloutStrategyAntiAffinity" time="0.000000"></testcase>
		<testcase classname="github.com/argoproj/argo-rollouts/pkg/apis/rollouts/validation" name="TestValidateRolloutStrategyCanarySetHeaderRoute/using_SetHeaderRoute_step_without_the_traffic_routing" time="0.000000"></testcase>
		<testcase classname="github.com/argoproj/argo-rollouts/pkg/apis/rollouts/validation" name="TestValidateRolloutStrategyCanarySetHeaderRoute" time="0.000000"></testcase>
		<testcase classname="github.com/argoproj/argo-rollouts/pkg/apis/rollouts/validation" name="TestValidateRolloutStrategyCanarySetHeaderRoutePlugins/using_SetHeaderRoute_step_with_plugins" time="0.000000"></testcase>
		<testcase classname="github.com/argoproj/argo-rollouts/pkg/apis/rollouts/validation" name="TestValidateRolloutStrategyCanarySetHeaderRoutePlugins" time="0.000000"></testcase>
		<testcase classname="github.com/argoproj/argo-rollouts/pkg/apis/rollouts/validation" name="TestValidateRolloutStrategyCanarySetHeaderRouteIstio/using_SetHeaderRoute_step_with_multiple_values" time="0.000000"></testcase>
		<testcase classname="github.com/argoproj/argo-rollouts/pkg/apis/rollouts/validation" name="TestValidateRolloutStrategyCanarySetHeaderRouteIstio/using_SetHeaderRoute_step_with_missed_values" time="0.000000"></testcase>
		<testcase classname="github.com/argoproj/argo-rollouts/pkg/apis/rollouts/validation" name="TestValidateRolloutStrategyCanarySetHeaderRouteIstio/using_SetHeaderRoute_step_without_managedRoutes_defined_but_missing_route" time="0.000000"></testcase>
		<testcase classname="github.com/argoproj/argo-rollouts/pkg/apis/rollouts/validation" name="TestValidateRolloutStrategyCanarySetHeaderRouteIstio" time="0.000000"></testcase>
		<testcase classname="github.com/argoproj/argo-rollouts/pkg/apis/rollouts/validation" name="TestValidateRolloutStrategyCanarySetHeaderRoutingALB/using_SetHeaderRouting_step_with_multiple_values" time="0.000000"></testcase>
		<testcase classname="github.com/argoproj/argo-rollouts/pkg/apis/rollouts/validation" name="TestValidateRolloutStrategyCanarySetHeaderRoutingALB/using_SetHeaderRouting_step_with_missed_values" time="0.000000"></testcase>
		<testcase classname="github.com/argoproj/argo-rollouts/pkg/apis/rollouts/validation" name="TestValidateRolloutStrategyCanarySetHeaderRoutingALB/using_SetHeaderRouting_step_with_invalid_ALB_match_value" time="0.000000"></testcase>
		<testcase classname="github.com/argoproj/argo-rollouts/pkg/apis/rollouts/validation" name="TestValidateRolloutStrategyCanarySetHeaderRoutingALB" time="0.000000"></testcase>
		<testcase classname="github.com/argoproj/argo-rollouts/pkg/apis/rollouts/validation" name="TestValidateRolloutStrategyCanarySetMirrorRouteIstio/using_SetMirrorRoute_step_without_the_traffic_routing" time="0.000000"></testcase>
		<testcase classname="github.com/argoproj/argo-rollouts/pkg/apis/rollouts/validation" name="TestValidateRolloutStrategyCanarySetMirrorRouteIstio/using_SetMirrorRoute_step_with_multiple_values" time="0.000000"></testcase>
		<testcase classname="github.com/argoproj/argo-rollouts/pkg/apis/rollouts/validation" name="TestValidateRolloutStrategyCanarySetMirrorRouteIstio/using_SetMirrorRoute_step_with_missed_match_and_no_kind" time="0.000000"></testcase>
		<testcase classname="github.com/argoproj/argo-rollouts/pkg/apis/rollouts/validation" name="TestValidateRolloutStrategyCanarySetMirrorRouteIstio/using_SetMirrorRoute_step_without_managedRoutes_not_defined" time="0.000000"></testcase>
		<testcase classname="github.com/argoproj/argo-rollouts/pkg/apis/rollouts/validation" name="TestValidateRolloutStrategyCanarySetMirrorRouteIstio/using_SetMirrorRoute_step_without_managedRoutes_defined_but_missing_route" time="0.000000"></testcase>
		<testcase classname="github.com/argoproj/argo-rollouts/pkg/apis/rollouts/validation" name="TestValidateRolloutStrategyCanarySetMirrorRouteIstio/using_SetMirrorRoute_step_with_managedRoutes_defined" time="0.000000"></testcase>
		<testcase classname="github.com/argoproj/argo-rollouts/pkg/apis/rollouts/validation" name="TestValidateRolloutStrategyCanarySetMirrorRouteIstio" time="0.000000"></testcase>
		<testcase classname="github.com/argoproj/argo-rollouts/pkg/apis/rollouts/validation" name="TestInvalidMaxSurgeMaxUnavailable" time="0.000000"></testcase>
		<testcase classname="github.com/argoproj/argo-rollouts/pkg/apis/rollouts/validation" name="TestHasMultipleStepsType" time="0.000000"></testcase>
		<testcase classname="github.com/argoproj/argo-rollouts/pkg/apis/rollouts/validation" name="TestCanaryScaleDownDelaySeconds/scaleDownDelaySeconds_with_basic_canary" time="0.000000"></testcase>
		<testcase classname="github.com/argoproj/argo-rollouts/pkg/apis/rollouts/validation" name="TestCanaryScaleDownDelaySeconds/scaleDownDelaySeconds_with_traffic_weight_canary" time="0.000000"></testcase>
		<testcase classname="github.com/argoproj/argo-rollouts/pkg/apis/rollouts/validation" name="TestCanaryScaleDownDelaySeconds" time="0.000000"></testcase>
		<testcase classname="github.com/argoproj/argo-rollouts/pkg/apis/rollouts/validation" name="TestCanaryDynamicStableScale/dynamicStableScale_with_basic_canary" time="0.000000"></testcase>
		<testcase classname="github.com/argoproj/argo-rollouts/pkg/apis/rollouts/validation" name="TestCanaryDynamicStableScale/dynamicStableScale_with_scaleDownDelaySeconds" time="0.000000"></testcase>
		<testcase classname="github.com/argoproj/argo-rollouts/pkg/apis/rollouts/validation" name="TestCanaryDynamicStableScale" time="0.000000"></testcase>
		<testcase classname="github.com/argoproj/argo-rollouts/pkg/apis/rollouts/validation" name="TestWorkloadRefWithTemplate/workload_reference_with_template" time="0.000000"></testcase>
		<testcase classname="github.com/argoproj/argo-rollouts/pkg/apis/rollouts/validation" name="TestWorkloadRefWithTemplate/valid_workload_reference_with_selector" time="0.000000"></testcase>
		<testcase classname="github.com/argoproj/argo-rollouts/pkg/apis/rollouts/validation" name="TestWorkloadRefWithTemplate/valid_workload_reference_without_selector" time="0.000000"></testcase>
		<testcase classname="github.com/argoproj/argo-rollouts/pkg/apis/rollouts/validation" name="TestWorkloadRefWithTemplate" time="0.000000"></testcase>
		<testcase classname="github.com/argoproj/argo-rollouts/pkg/apis/rollouts/validation" name="TestCanaryExperimentStepWithWeight/invalid_-_no_TrafficRouting_set" time="0.000000"></testcase>
		<testcase classname="github.com/argoproj/argo-rollouts/pkg/apis/rollouts/validation" name="TestCanaryExperimentStepWithWeight/invalid_-_empty_TrafficRouting" time="0.000000"></testcase>
		<testcase classname="github.com/argoproj/argo-rollouts/pkg/apis/rollouts/validation" name="TestCanaryExperimentStepWithWeight/unsupported_-_Nginx_TrafficRouting" time="0.000000"></testcase>
		<testcase classname="github.com/argoproj/argo-rollouts/pkg/apis/rollouts/validation" name="TestCanaryExperimentStepWithWeight/unsupported_-_Ambassador_TrafficRouting" time="0.000000"></testcase>
		<testcase classname="github.com/argoproj/argo-rollouts/pkg/apis/rollouts/validation" name="TestCanaryExperimentStepWithWeight/unsupported_-_Istio_TrafficRouting" time="0.000000"></testcase>
		<testcase classname="github.com/argoproj/argo-rollouts/pkg/apis/rollouts/validation" name="TestCanaryExperimentStepWithWeight/success_-_SMI_TrafficRouting" time="0.000000"></testcase>
		<testcase classname="github.com/argoproj/argo-rollouts/pkg/apis/rollouts/validation" name="TestCanaryExperimentStepWithWeight/success_-_ALB_TrafficRouting" time="0.000000"></testcase>
		<testcase classname="github.com/argoproj/argo-rollouts/pkg/apis/rollouts/validation" name="TestCanaryExperimentStepWithWeight/unsupported_-_AppMesh_TrafficRouting" time="0.000000"></testcase>
		<testcase classname="github.com/argoproj/argo-rollouts/pkg/apis/rollouts/validation" name="TestCanaryExperimentStepWithWeight" time="0.000000"></testcase>
	</testsuite>
	<testsuite tests="0" failures="0" time="0.032000" name="github.com/argoproj/argo-rollouts/pkg/client/clientset/versioned" timestamp="2024-10-02T10:26:39+08:00">
		<properties>
			<property name="go.version" value="go1.22.5 darwin/arm64"></property>
		</properties>
	</testsuite>
	<testsuite tests="0" failures="0" time="0.039000" name="github.com/argoproj/argo-rollouts/pkg/client/clientset/versioned/fake" timestamp="2024-10-02T10:26:39+08:00">
		<properties>
			<property name="go.version" value="go1.22.5 darwin/arm64"></property>
		</properties>
	</testsuite>
	<testsuite tests="0" failures="0" time="0.037000" name="github.com/argoproj/argo-rollouts/pkg/client/clientset/versioned/scheme" timestamp="2024-10-02T10:26:39+08:00">
		<properties>
			<property name="go.version" value="go1.22.5 darwin/arm64"></property>
		</properties>
	</testsuite>
	<testsuite tests="0" failures="0" time="0.049000" name="github.com/argoproj/argo-rollouts/pkg/client/clientset/versioned/typed/rollouts/v1alpha1" timestamp="2024-10-02T10:26:39+08:00">
		<properties>
			<property name="go.version" value="go1.22.5 darwin/arm64"></property>
		</properties>
	</testsuite>
	<testsuite tests="0" failures="0" time="0.053000" name="github.com/argoproj/argo-rollouts/pkg/client/clientset/versioned/typed/rollouts/v1alpha1/fake" timestamp="2024-10-02T10:26:39+08:00">
		<properties>
			<property name="go.version" value="go1.22.5 darwin/arm64"></property>
		</properties>
	</testsuite>
	<testsuite tests="0" failures="0" time="0.042000" name="github.com/argoproj/argo-rollouts/pkg/client/informers/externalversions" timestamp="2024-10-02T10:26:39+08:00">
		<properties>
			<property name="go.version" value="go1.22.5 darwin/arm64"></property>
		</properties>
	</testsuite>
	<testsuite tests="0" failures="0" time="0.000000" name="github.com/argoproj/argo-rollouts/pkg/client/informers/externalversions/internalinterfaces" timestamp="2024-10-02T10:26:39+08:00">
		<properties>
			<property name="go.version" value="go1.22.5 darwin/arm64"></property>
		</properties>
	</testsuite>
	<testsuite tests="0" failures="0" time="0.036000" name="github.com/argoproj/argo-rollouts/pkg/client/informers/externalversions/rollouts" timestamp="2024-10-02T10:26:39+08:00">
		<properties>
			<property name="go.version" value="go1.22.5 darwin/arm64"></property>
		</properties>
	</testsuite>
	<testsuite tests="0" failures="0" time="0.020000" name="github.com/argoproj/argo-rollouts/pkg/client/informers/externalversions/rollouts/v1alpha1" timestamp="2024-10-02T10:26:39+08:00">
		<properties>
			<property name="go.version" value="go1.22.5 darwin/arm64"></property>
		</properties>
	</testsuite>
	<testsuite tests="0" failures="0" time="0.032000" name="github.com/argoproj/argo-rollouts/pkg/client/listers/rollouts/v1alpha1" timestamp="2024-10-02T10:26:39+08:00">
		<properties>
			<property name="go.version" value="go1.22.5 darwin/arm64"></property>
		</properties>
	</testsuite>
	<testsuite tests="1" failures="0" time="4.315000" name="github.com/argoproj/argo-rollouts/pkg/kubectl-argo-rollouts/cmd" timestamp="2024-10-02T10:26:39+08:00">
		<properties>
			<property name="go.version" value="go1.22.5 darwin/arm64"></property>
		</properties>
		<testcase classname="github.com/argoproj/argo-rollouts/pkg/kubectl-argo-rollouts/cmd" name="TestCmdArgoRolloutsCmdUsage" time="0.010000"></testcase>
	</testsuite>
	<testsuite tests="3" failures="0" time="5.907000" name="github.com/argoproj/argo-rollouts/pkg/kubectl-argo-rollouts/cmd/abort" timestamp="2024-10-02T10:26:39+08:00">
		<properties>
			<property name="go.version" value="go1.22.5 darwin/arm64"></property>
		</properties>
		<testcase classname="github.com/argoproj/argo-rollouts/pkg/kubectl-argo-rollouts/cmd/abort" name="TestAbortCmdUsage" time="0.020000"></testcase>
		<testcase classname="github.com/argoproj/argo-rollouts/pkg/kubectl-argo-rollouts/cmd/abort" name="TestAbortCmd" time="0.010000"></testcase>
		<testcase classname="github.com/argoproj/argo-rollouts/pkg/kubectl-argo-rollouts/cmd/abort" name="TestAbortCmdError" time="0.010000"></testcase>
	</testsuite>
	<testsuite tests="5" failures="0" time="6.743000" name="github.com/argoproj/argo-rollouts/pkg/kubectl-argo-rollouts/cmd/completion" timestamp="2024-10-02T10:26:39+08:00">
		<properties>
			<property name="go.version" value="go1.22.5 darwin/arm64"></property>
		</properties>
		<testcase classname="github.com/argoproj/argo-rollouts/pkg/kubectl-argo-rollouts/cmd/completion" name="TestShellNotFound" time="0.010000"></testcase>
		<testcase classname="github.com/argoproj/argo-rollouts/pkg/kubectl-argo-rollouts/cmd/completion" name="TestFish" time="0.030000"></testcase>
		<testcase classname="github.com/argoproj/argo-rollouts/pkg/kubectl-argo-rollouts/cmd/completion" name="TestBash" time="0.000000"></testcase>
		<testcase classname="github.com/argoproj/argo-rollouts/pkg/kubectl-argo-rollouts/cmd/completion" name="TestZsh" time="0.000000"></testcase>
		<testcase classname="github.com/argoproj/argo-rollouts/pkg/kubectl-argo-rollouts/cmd/completion" name="TestPowershell" time="0.000000"></testcase>
	</testsuite>
	<testsuite tests="19" failures="0" time="8.384000" name="github.com/argoproj/argo-rollouts/pkg/kubectl-argo-rollouts/cmd/create" timestamp="2024-10-02T10:26:39+08:00">
		<properties>
			<property name="go.version" value="go1.22.5 darwin/arm64"></property>
		</properties>
		<testcase classname="github.com/argoproj/argo-rollouts/pkg/kubectl-argo-rollouts/cmd/create" name="TestCreateRollout" time="0.020000"></testcase>
		<testcase classname="github.com/argoproj/argo-rollouts/pkg/kubectl-argo-rollouts/cmd/create" name="TestCreateExperiment" time="0.050000"></testcase>
		<testcase classname="github.com/argoproj/argo-rollouts/pkg/kubectl-argo-rollouts/cmd/create" name="TestCreateAnalysisTemplate" time="0.080000"></testcase>
		<testcase classname="github.com/argoproj/argo-rollouts/pkg/kubectl-argo-rollouts/cmd/create" name="TestCreateAnalysisRun" time="0.060000"></testcase>
		<testcase classname="github.com/argoproj/argo-rollouts/pkg/kubectl-argo-rollouts/cmd/create" name="TestCreateAnalysisRunUsage" time="0.040000"></testcase>
		<testcase classname="github.com/argoproj/argo-rollouts/pkg/kubectl-argo-rollouts/cmd/create" name="TestCreateAnalysisRunMultipleFromSources" time="0.010000"></testcase>
		<testcase classname="github.com/argoproj/argo-rollouts/pkg/kubectl-argo-rollouts/cmd/create" name="TestCreateAnalysisRunUnresolvedArg" time="0.010000"></testcase>
		<testcase classname="github.com/argoproj/argo-rollouts/pkg/kubectl-argo-rollouts/cmd/create" name="TestCreateAnalysisRunBadArg" time="0.010000"></testcase>
		<testcase classname="github.com/argoproj/argo-rollouts/pkg/kubectl-argo-rollouts/cmd/create" name="TestCreateAnalysisRunDefaultGenerateName" time="0.010000"></testcase>
		<testcase classname="github.com/argoproj/argo-rollouts/pkg/kubectl-argo-rollouts/cmd/create" name="TestCreateAnalysisRunName" time="0.020000"></testcase>
		<testcase classname="github.com/argoproj/argo-rollouts/pkg/kubectl-argo-rollouts/cmd/create" name="TestCreateAnalysisRunNameNotSpecified" time="0.010000"></testcase>
		<testcase classname="github.com/argoproj/argo-rollouts/pkg/kubectl-argo-rollouts/cmd/create" name="TestCreateAnalysisRunWithInstanceID" time="0.010000"></testcase>
		<testcase classname="github.com/argoproj/argo-rollouts/pkg/kubectl-argo-rollouts/cmd/create" name="TestCreateJSON" time="0.010000"></testcase>
		<testcase classname="github.com/argoproj/argo-rollouts/pkg/kubectl-argo-rollouts/cmd/create" name="TestCreateAnalysisRunFromTemplateInCluster" time="0.020000"></testcase>
		<testcase classname="github.com/argoproj/argo-rollouts/pkg/kubectl-argo-rollouts/cmd/create" name="TestCreateAnalysisRunFromTemplateNotFoundInCluster" time="0.020000"></testcase>
		<testcase classname="github.com/argoproj/argo-rollouts/pkg/kubectl-argo-rollouts/cmd/create" name="TestCreateAnalysisRunFromClusterTemplateInCluster" time="0.000000"></testcase>
		<testcase classname="github.com/argoproj/argo-rollouts/pkg/kubectl-argo-rollouts/cmd/create" name="TestCreateAnalysisRunFromClusterTemplateNotFoundInCluster" time="0.010000"></testcase>
		<testcase classname="github.com/argoproj/argo-rollouts/pkg/kubectl-argo-rollouts/cmd/create" name="TestCreateAnalysisRunFromClusterTemplateBadArg" time="0.010000"></testcase>
		<testcase classname="github.com/argoproj/argo-rollouts/pkg/kubectl-argo-rollouts/cmd/create" name="TestCreateAnalysisFromClusterTemplateRunUnresolvedArg" time="0.010000"></testcase>
	</testsuite>
	<testsuite tests="0" failures="0" time="0.039000" name="github.com/argoproj/argo-rollouts/pkg/kubectl-argo-rollouts/cmd/dashboard" timestamp="2024-10-02T10:26:39+08:00">
		<properties>
			<property name="go.version" value="go1.22.5 darwin/arm64"></property>
		</properties>
	</testsuite>
	<testsuite tests="16" failures="0" time="16.729000" name="github.com/argoproj/argo-rollouts/pkg/kubectl-argo-rollouts/cmd/get" timestamp="2024-10-02T10:26:39+08:00">
		<properties>
			<property name="go.version" value="go1.22.5 darwin/arm64"></property>
		</properties>
		<testcase classname="github.com/argoproj/argo-rollouts/pkg/kubectl-argo-rollouts/cmd/get" name="TestGetUsage" time="0.000000"></testcase>
		<testcase classname="github.com/argoproj/argo-rollouts/pkg/kubectl-argo-rollouts/cmd/get" name="TestGetRolloutUsage" time="0.000000"></testcase>
		<testcase classname="github.com/argoproj/argo-rollouts/pkg/kubectl-argo-rollouts/cmd/get" name="TestGetExperimentUsage" time="0.000000"></testcase>
		<testcase classname="github.com/argoproj/argo-rollouts/pkg/kubectl-argo-rollouts/cmd/get" name="TestRolloutNotFound" time="0.110000"></testcase>
		<testcase classname="github.com/argoproj/argo-rollouts/pkg/kubectl-argo-rollouts/cmd/get" name="TestWatchRolloutNotFound" time="0.110000"></testcase>
		<testcase classname="github.com/argoproj/argo-rollouts/pkg/kubectl-argo-rollouts/cmd/get" name="TestWatchBlueGreenRollout" time="10.120000"></testcase>
		<testcase classname="github.com/argoproj/argo-rollouts/pkg/kubectl-argo-rollouts/cmd/get" name="TestGetBlueGreenRollout" time="0.120000"></testcase>
		<testcase classname="github.com/argoproj/argo-rollouts/pkg/kubectl-argo-rollouts/cmd/get" name="TestGetBlueGreenRolloutScaleDownDelay" time="0.120000"></testcase>
		<testcase classname="github.com/argoproj/argo-rollouts/pkg/kubectl-argo-rollouts/cmd/get" name="TestGetBlueGreenRolloutScaleDownDelayPassed" time="0.140000"></testcase>
		<testcase classname="github.com/argoproj/argo-rollouts/pkg/kubectl-argo-rollouts/cmd/get" name="TestGetCanaryRollout" time="0.120000"></testcase>
		<testcase classname="github.com/argoproj/argo-rollouts/pkg/kubectl-argo-rollouts/cmd/get" name="TestGetCanaryPingPongRollout" time="0.120000"></testcase>
		<testcase classname="github.com/argoproj/argo-rollouts/pkg/kubectl-argo-rollouts/cmd/get" name="TestExperimentRollout" time="0.110000"></testcase>
		<testcase classname="github.com/argoproj/argo-rollouts/pkg/kubectl-argo-rollouts/cmd/get" name="TestGetExperiment" time="0.120000"></testcase>
		<testcase classname="github.com/argoproj/argo-rollouts/pkg/kubectl-argo-rollouts/cmd/get" name="TestGetRolloutWithExperimentJob" time="0.120000"></testcase>
		<testcase classname="github.com/argoproj/argo-rollouts/pkg/kubectl-argo-rollouts/cmd/get" name="TestGetInvalidRollout" time="0.110000"></testcase>
		<testcase classname="github.com/argoproj/argo-rollouts/pkg/kubectl-argo-rollouts/cmd/get" name="TestGetAbortedRollout" time="0.110000"></testcase>
	</testsuite>
	<testsuite tests="25" failures="0" time="3.084000" name="github.com/argoproj/argo-rollouts/pkg/kubectl-argo-rollouts/cmd/lint" timestamp="2024-10-02T10:26:39+08:00">
		<properties>
			<property name="go.version" value="go1.22.5 darwin/arm64"></property>
		</properties>
		<testcase classname="github.com/argoproj/argo-rollouts/pkg/kubectl-argo-rollouts/cmd/lint" name="TestLintValidRollout/testdata/valid.yml" time="0.000000"></testcase>
		<testcase classname="github.com/argoproj/argo-rollouts/pkg/kubectl-argo-rollouts/cmd/lint" name="TestLintValidRollout/testdata/valid.json" time="0.000000"></testcase>
		<testcase classname="github.com/argoproj/argo-rollouts/pkg/kubectl-argo-rollouts/cmd/lint" name="TestLintValidRollout/testdata/valid-workload-ref.yaml" time="0.000000"></testcase>
		<testcase classname="github.com/argoproj/argo-rollouts/pkg/kubectl-argo-rollouts/cmd/lint" name="TestLintValidRollout/testdata/valid-with-another-empty-object.yml" time="0.000000"></testcase>
		<testcase classname="github.com/argoproj/argo-rollouts/pkg/kubectl-argo-rollouts/cmd/lint" name="TestLintValidRollout/testdata/valid-istio-v1alpha3.yml" time="0.000000"></testcase>
		<testcase classname="github.com/argoproj/argo-rollouts/pkg/kubectl-argo-rollouts/cmd/lint" name="TestLintValidRollout/testdata/valid-istio-v1beta1.yml" time="0.000000"></testcase>
		<testcase classname="github.com/argoproj/argo-rollouts/pkg/kubectl-argo-rollouts/cmd/lint" name="TestLintValidRollout/testdata/valid-blue-green.yml" time="0.000000"></testcase>
		<testcase classname="github.com/argoproj/argo-rollouts/pkg/kubectl-argo-rollouts/cmd/lint" name="TestLintValidRollout/testdata/valid-ingress-smi.yml" time="0.000000"></testcase>
		<testcase classname="github.com/argoproj/argo-rollouts/pkg/kubectl-argo-rollouts/cmd/lint" name="TestLintValidRollout/testdata/valid-ingress-smi-multi.yml" time="0.010000"></testcase>
		<testcase classname="github.com/argoproj/argo-rollouts/pkg/kubectl-argo-rollouts/cmd/lint" name="TestLintValidRollout/testdata/valid-alb-canary.yml" time="0.000000"></testcase>
		<testcase classname="github.com/argoproj/argo-rollouts/pkg/kubectl-argo-rollouts/cmd/lint" name="TestLintValidRollout/testdata/valid-nginx-canary.yml" time="0.000000"></testcase>
		<testcase classname="github.com/argoproj/argo-rollouts/pkg/kubectl-argo-rollouts/cmd/lint" name="TestLintValidRollout/testdata/valid-nginx-basic-canary.yml" time="0.000000"></testcase>
		<testcase classname="github.com/argoproj/argo-rollouts/pkg/kubectl-argo-rollouts/cmd/lint" name="TestLintValidRollout/testdata/valid-istio-v1beta1-mulitiple-virtualsvcs.yml" time="0.000000"></testcase>
		<testcase classname="github.com/argoproj/argo-rollouts/pkg/kubectl-argo-rollouts/cmd/lint" name="TestLintValidRollout/testdata/valid-nginx-smi-with-vsvc.yaml" time="0.000000"></testcase>
		<testcase classname="github.com/argoproj/argo-rollouts/pkg/kubectl-argo-rollouts/cmd/lint" name="TestLintValidRollout" time="0.040000"></testcase>
		<testcase classname="github.com/argoproj/argo-rollouts/pkg/kubectl-argo-rollouts/cmd/lint" name="TestLintInvalidRollout/testdata/invalid.yml" time="0.010000"></testcase>
		<testcase classname="github.com/argoproj/argo-rollouts/pkg/kubectl-argo-rollouts/cmd/lint" name="TestLintInvalidRollout/testdata/invalid-empty-rollout-vsvc.yml" time="0.010000"></testcase>
		<testcase classname="github.com/argoproj/argo-rollouts/pkg/kubectl-argo-rollouts/cmd/lint" name="TestLintInvalidRollout/testdata/invalid.json" time="0.020000"></testcase>
		<testcase classname="github.com/argoproj/argo-rollouts/pkg/kubectl-argo-rollouts/cmd/lint" name="TestLintInvalidRollout/testdata/invalid-multiple-docs.yml" time="0.010000"></testcase>
		<testcase classname="github.com/argoproj/argo-rollouts/pkg/kubectl-argo-rollouts/cmd/lint" name="TestLintInvalidRollout/testdata/invalid-unknown-field.yml" time="0.010000"></testcase>
		<testcase classname="github.com/argoproj/argo-rollouts/pkg/kubectl-argo-rollouts/cmd/lint" name="TestLintInvalidRollout/testdata/invalid-service-labels.yml" time="0.030000"></testcase>
		<testcase classname="github.com/argoproj/argo-rollouts/pkg/kubectl-argo-rollouts/cmd/lint" name="TestLintInvalidRollout/testdata/invalid-ping-pong.yml" time="0.080000"></testcase>
		<testcase classname="github.com/argoproj/argo-rollouts/pkg/kubectl-argo-rollouts/cmd/lint" name="TestLintInvalidRollout/testdata/invalid-ingress-smi-multi.yml" time="0.030000"></testcase>
		<testcase classname="github.com/argoproj/argo-rollouts/pkg/kubectl-argo-rollouts/cmd/lint" name="TestLintInvalidRollout/testdata/invalid-nginx-canary.yml" time="0.010000"></testcase>
		<testcase classname="github.com/argoproj/argo-rollouts/pkg/kubectl-argo-rollouts/cmd/lint" name="TestLintInvalidRollout" time="0.200000"></testcase>
	</testsuite>
	<testsuite tests="10" failures="0" time="7.816000" name="github.com/argoproj/argo-rollouts/pkg/kubectl-argo-rollouts/cmd/list" timestamp="2024-10-02T10:26:39+08:00">
		<properties>
			<property name="go.version" value="go1.22.5 darwin/arm64"></property>
		</properties>
		<testcase classname="github.com/argoproj/argo-rollouts/pkg/kubectl-argo-rollouts/cmd/list" name="TestListCmdUsage" time="0.010000"></testcase>
		<testcase classname="github.com/argoproj/argo-rollouts/pkg/kubectl-argo-rollouts/cmd/list" name="TestListRolloutsCmdUsage" time="0.010000"></testcase>
		<testcase classname="github.com/argoproj/argo-rollouts/pkg/kubectl-argo-rollouts/cmd/list" name="TestListExperimentsCmdUsage" time="0.010000"></testcase>
		<testcase classname="github.com/argoproj/argo-rollouts/pkg/kubectl-argo-rollouts/cmd/list" name="TestListRolloutsNoResources" time="0.010000"></testcase>
		<testcase classname="github.com/argoproj/argo-rollouts/pkg/kubectl-argo-rollouts/cmd/list" name="TestListCanaryRollout" time="0.010000"></testcase>
		<testcase classname="github.com/argoproj/argo-rollouts/pkg/kubectl-argo-rollouts/cmd/list" name="TestListBlueGreenResource" time="0.000000"></testcase>
		<testcase classname="github.com/argoproj/argo-rollouts/pkg/kubectl-argo-rollouts/cmd/list" name="TestListNamespaceAndTimestamp" time="0.010000"></testcase>
		<testcase classname="github.com/argoproj/argo-rollouts/pkg/kubectl-argo-rollouts/cmd/list" name="TestListWithWatch" time="6.010000"></testcase>
		<testcase classname="github.com/argoproj/argo-rollouts/pkg/kubectl-argo-rollouts/cmd/list" name="TestListExperimentsNoResources" time="0.020000"></testcase>
		<testcase classname="github.com/argoproj/argo-rollouts/pkg/kubectl-argo-rollouts/cmd/list" name="TestListExperiments" time="0.010000"></testcase>
	</testsuite>
	<testsuite tests="0" failures="0" time="0.000000" name="github.com/argoproj/argo-rollouts/pkg/kubectl-argo-rollouts/cmd/login" timestamp="2024-10-02T10:26:39+08:00">
		<properties>
			<property name="go.version" value="go1.22.5 darwin/arm64"></property>
		</properties>
	</testsuite>
	<testsuite tests="3" failures="0" time="0.841000" name="github.com/argoproj/argo-rollouts/pkg/kubectl-argo-rollouts/cmd/pause" timestamp="2024-10-02T10:26:39+08:00">
		<properties>
			<property name="go.version" value="go1.22.5 darwin/arm64"></property>
		</properties>
		<testcase classname="github.com/argoproj/argo-rollouts/pkg/kubectl-argo-rollouts/cmd/pause" name="TestPauseCmdUsage" time="0.000000"></testcase>
		<testcase classname="github.com/argoproj/argo-rollouts/pkg/kubectl-argo-rollouts/cmd/pause" name="TestPauseCmd" time="0.000000"></testcase>
		<testcase classname="github.com/argoproj/argo-rollouts/pkg/kubectl-argo-rollouts/cmd/pause" name="TestPauseCmdError" time="0.000000"></testcase>
	</testsuite>
	<testsuite tests="15" failures="0" time="5.092000" name="github.com/argoproj/argo-rollouts/pkg/kubectl-argo-rollouts/cmd/promote" timestamp="2024-10-02T10:26:39+08:00">
		<properties>
			<property name="go.version" value="go1.22.5 darwin/arm64"></property>
		</properties>
		<testcase classname="github.com/argoproj/argo-rollouts/pkg/kubectl-argo-rollouts/cmd/promote" name="TestPromoteCmdUsage" time="0.030000"></testcase>
		<testcase classname="github.com/argoproj/argo-rollouts/pkg/kubectl-argo-rollouts/cmd/promote" name="TestPromoteUseBothSkipFlagError" time="0.080000"></testcase>
		<testcase classname="github.com/argoproj/argo-rollouts/pkg/kubectl-argo-rollouts/cmd/promote" name="TestPromoteSkipFlagOnBlueGreenError" time="0.020000"></testcase>
		<testcase classname="github.com/argoproj/argo-rollouts/pkg/kubectl-argo-rollouts/cmd/promote" name="TestPromoteSkipFlagOnNoStepCanaryError" time="0.010000"></testcase>
		<testcase classname="github.com/argoproj/argo-rollouts/pkg/kubectl-argo-rollouts/cmd/promote" name="TestPromoteNoStepCanary" time="0.010000"></testcase>
		<testcase classname="github.com/argoproj/argo-rollouts/pkg/kubectl-argo-rollouts/cmd/promote" name="TestPromoteCmdSuccesSkipAllSteps" time="0.010000"></testcase>
		<testcase classname="github.com/argoproj/argo-rollouts/pkg/kubectl-argo-rollouts/cmd/promote" name="TestPromoteCmdSuccesFirstStepWithSkipFirstStep" time="0.020000"></testcase>
		<testcase classname="github.com/argoproj/argo-rollouts/pkg/kubectl-argo-rollouts/cmd/promote" name="TestPromoteCmdSuccesFirstStep" time="0.010000"></testcase>
		<testcase classname="github.com/argoproj/argo-rollouts/pkg/kubectl-argo-rollouts/cmd/promote" name="TestPromoteCmdSuccessDoNotGoPastLastStep" time="0.010000"></testcase>
		<testcase classname="github.com/argoproj/argo-rollouts/pkg/kubectl-argo-rollouts/cmd/promote" name="TestPromoteCmdSuccessUnpause" time="0.020000"></testcase>
		<testcase classname="github.com/argoproj/argo-rollouts/pkg/kubectl-argo-rollouts/cmd/promote" name="TestPromoteCmdPatchError" time="0.010000"></testcase>
		<testcase classname="github.com/argoproj/argo-rollouts/pkg/kubectl-argo-rollouts/cmd/promote" name="TestPromoteCmdNotFoundError" time="0.010000"></testcase>
		<testcase classname="github.com/argoproj/argo-rollouts/pkg/kubectl-argo-rollouts/cmd/promote" name="TestPromoteCmdFull" time="0.010000"></testcase>
		<testcase classname="github.com/argoproj/argo-rollouts/pkg/kubectl-argo-rollouts/cmd/promote" name="TestPromoteCmdAlreadyFullyPromoted" time="0.010000"></testcase>
		<testcase classname="github.com/argoproj/argo-rollouts/pkg/kubectl-argo-rollouts/cmd/promote" name="TestPromoteInconclusiveStep" time="0.010000"></testcase>
	</testsuite>
	<testsuite tests="6" failures="0" time="6.236000" name="github.com/argoproj/argo-rollouts/pkg/kubectl-argo-rollouts/cmd/restart" timestamp="2024-10-02T10:26:39+08:00">
		<properties>
			<property name="go.version" value="go1.22.5 darwin/arm64"></property>
		</properties>
		<testcase classname="github.com/argoproj/argo-rollouts/pkg/kubectl-argo-rollouts/cmd/restart" name="TestRestartCmdUsage" time="0.010000"></testcase>
		<testcase classname="github.com/argoproj/argo-rollouts/pkg/kubectl-argo-rollouts/cmd/restart" name="TestRestartInvalidIn" time="0.010000"></testcase>
		<testcase classname="github.com/argoproj/argo-rollouts/pkg/kubectl-argo-rollouts/cmd/restart" name="TestRestartCmdSuccessSetNow" time="0.010000"></testcase>
		<testcase classname="github.com/argoproj/argo-rollouts/pkg/kubectl-argo-rollouts/cmd/restart" name="TestRestartCmdSuccessSetIn10Minutes" time="0.010000"></testcase>
		<testcase classname="github.com/argoproj/argo-rollouts/pkg/kubectl-argo-rollouts/cmd/restart" name="TestRestartCmdPatchError" time="0.010000"></testcase>
		<testcase classname="github.com/argoproj/argo-rollouts/pkg/kubectl-argo-rollouts/cmd/restart" name="TestRestartCmdNotFoundError" time="0.020000"></testcase>
	</testsuite>
	<testsuite tests="7" failures="0" time="5.444000" name="github.com/argoproj/argo-rollouts/pkg/kubectl-argo-rollouts/cmd/retry" timestamp="2024-10-02T10:26:39+08:00">
		<properties>
			<property name="go.version" value="go1.22.5 darwin/arm64"></property>
		</properties>
		<testcase classname="github.com/argoproj/argo-rollouts/pkg/kubectl-argo-rollouts/cmd/retry" name="TestRetryCmdUsage" time="0.020000"></testcase>
		<testcase classname="github.com/argoproj/argo-rollouts/pkg/kubectl-argo-rollouts/cmd/retry" name="TestRetryRolloutCmdUsage" time="0.010000"></testcase>
		<testcase classname="github.com/argoproj/argo-rollouts/pkg/kubectl-argo-rollouts/cmd/retry" name="TestRetryExperimentCmdUsage" time="0.010000"></testcase>
		<testcase classname="github.com/argoproj/argo-rollouts/pkg/kubectl-argo-rollouts/cmd/retry" name="TestRetryRolloutCmd" time="0.020000"></testcase>
		<testcase classname="github.com/argoproj/argo-rollouts/pkg/kubectl-argo-rollouts/cmd/retry" name="TestRetryRolloutCmdError" time="0.010000"></testcase>
		<testcase classname="github.com/argoproj/argo-rollouts/pkg/kubectl-argo-rollouts/cmd/retry" name="TestRetryExperimentCmd" time="0.010000"></testcase>
		<testcase classname="github.com/argoproj/argo-rollouts/pkg/kubectl-argo-rollouts/cmd/retry" name="TestRetryExperimentCmdError" time="0.010000"></testcase>
	</testsuite>
	<testsuite tests="8" failures="0" time="5.292000" name="github.com/argoproj/argo-rollouts/pkg/kubectl-argo-rollouts/cmd/set" timestamp="2024-10-02T10:26:39+08:00">
		<properties>
			<property name="go.version" value="go1.22.5 darwin/arm64"></property>
		</properties>
		<testcase classname="github.com/argoproj/argo-rollouts/pkg/kubectl-argo-rollouts/cmd/set" name="TestSetCmdUsage" time="0.010000"></testcase>
		<testcase classname="github.com/argoproj/argo-rollouts/pkg/kubectl-argo-rollouts/cmd/set" name="TestSetImageCmdUsage" time="0.010000"></testcase>
		<testcase classname="github.com/argoproj/argo-rollouts/pkg/kubectl-argo-rollouts/cmd/set" name="TestSetImageCmd" time="0.010000"></testcase>
		<testcase classname="github.com/argoproj/argo-rollouts/pkg/kubectl-argo-rollouts/cmd/set" name="TestSetImageCmdStar" time="0.010000"></testcase>
		<testcase classname="github.com/argoproj/argo-rollouts/pkg/kubectl-argo-rollouts/cmd/set" name="TestSetImageCmdRolloutNotFound" time="0.010000"></testcase>
		<testcase classname="github.com/argoproj/argo-rollouts/pkg/kubectl-argo-rollouts/cmd/set" name="TestSetImageCmdContainerNotFound" time="0.010000"></testcase>
		<testcase classname="github.com/argoproj/argo-rollouts/pkg/kubectl-argo-rollouts/cmd/set" name="TestSetImageConflict" time="0.010000"></testcase>
		<testcase classname="github.com/argoproj/argo-rollouts/pkg/kubectl-argo-rollouts/cmd/set" name="TestSetImageWorkloadRef" time="0.010000"></testcase>
	</testsuite>
	<testsuite tests="0" failures="0" time="0.022000" name="github.com/argoproj/argo-rollouts/pkg/kubectl-argo-rollouts/cmd/signals" timestamp="2024-10-02T10:26:39+08:00">
		<properties>
			<property name="go.version" value="go1.22.5 darwin/arm64"></property>
		</properties>
	</testsuite>
	<testsuite tests="8" failures="0" time="4.349000" name="github.com/argoproj/argo-rollouts/pkg/kubectl-argo-rollouts/cmd/status" timestamp="2024-10-02T10:26:39+08:00">
		<properties>
			<property name="go.version" value="go1.22.5 darwin/arm64"></property>
		</properties>
		<testcase classname="github.com/argoproj/argo-rollouts/pkg/kubectl-argo-rollouts/cmd/status" name="TestStatusUsage" time="0.010000"></testcase>
		<testcase classname="github.com/argoproj/argo-rollouts/pkg/kubectl-argo-rollouts/cmd/status" name="TestStatusRolloutNotFound" time="0.110000"></testcase>
		<testcase classname="github.com/argoproj/argo-rollouts/pkg/kubectl-argo-rollouts/cmd/status" name="TestWatchStatusRolloutNotFound" time="0.100000"></testcase>
		<testcase classname="github.com/argoproj/argo-rollouts/pkg/kubectl-argo-rollouts/cmd/status" name="TestStatusBlueGreenRollout" time="0.120000"></testcase>
		<testcase classname="github.com/argoproj/argo-rollouts/pkg/kubectl-argo-rollouts/cmd/status" name="TestStatusInvalidRollout" time="0.110000"></testcase>
		<testcase classname="github.com/argoproj/argo-rollouts/pkg/kubectl-argo-rollouts/cmd/status" name="TestStatusAbortedRollout" time="0.110000"></testcase>
		<testcase classname="github.com/argoproj/argo-rollouts/pkg/kubectl-argo-rollouts/cmd/status" name="TestWatchAbortedRollout" time="0.110000"></testcase>
		<testcase classname="github.com/argoproj/argo-rollouts/pkg/kubectl-argo-rollouts/cmd/status" name="TestWatchTimeoutRollout" time="1.120000"></testcase>
	</testsuite>
	<testsuite tests="7" failures="0" time="1.579000" name="github.com/argoproj/argo-rollouts/pkg/kubectl-argo-rollouts/cmd/terminate" timestamp="2024-10-02T10:26:39+08:00">
		<properties>
			<property name="go.version" value="go1.22.5 darwin/arm64"></property>
		</properties>
		<testcase classname="github.com/argoproj/argo-rollouts/pkg/kubectl-argo-rollouts/cmd/terminate" name="TestTerminateCmdUsage" time="0.010000"></testcase>
		<testcase classname="github.com/argoproj/argo-rollouts/pkg/kubectl-argo-rollouts/cmd/terminate" name="TestTerminateAnalysisCmdUsage" time="0.000000"></testcase>
		<testcase classname="github.com/argoproj/argo-rollouts/pkg/kubectl-argo-rollouts/cmd/terminate" name="TestTerminateExperimentCmdUsage" time="0.000000"></testcase>
		<testcase classname="github.com/argoproj/argo-rollouts/pkg/kubectl-argo-rollouts/cmd/terminate" name="TestTerminateAnalysisRunCmd" time="0.000000"></testcase>
		<testcase classname="github.com/argoproj/argo-rollouts/pkg/kubectl-argo-rollouts/cmd/terminate" name="TestTerminateAnalysisRunCmdError" time="0.000000"></testcase>
		<testcase classname="github.com/argoproj/argo-rollouts/pkg/kubectl-argo-rollouts/cmd/terminate" name="TestTerminateExperimentCmd" time="0.000000"></testcase>
		<testcase classname="github.com/argoproj/argo-rollouts/pkg/kubectl-argo-rollouts/cmd/terminate" name="TestTerminateExperimentCmdError" time="0.020000"></testcase>
	</testsuite>
	<testsuite tests="8" failures="0" time="3.928000" name="github.com/argoproj/argo-rollouts/pkg/kubectl-argo-rollouts/cmd/undo" timestamp="2024-10-02T10:26:39+08:00">
		<properties>
			<property name="go.version" value="go1.22.5 darwin/arm64"></property>
		</properties>
		<testcase classname="github.com/argoproj/argo-rollouts/pkg/kubectl-argo-rollouts/cmd/undo" name="TestUndoCmdUsage" time="0.010000"></testcase>
		<testcase classname="github.com/argoproj/argo-rollouts/pkg/kubectl-argo-rollouts/cmd/undo" name="TestUndoCmd" time="0.030000"></testcase>
		<testcase classname="github.com/argoproj/argo-rollouts/pkg/kubectl-argo-rollouts/cmd/undo" name="TestUndoCmdToRevision" time="0.020000"></testcase>
		<testcase classname="github.com/argoproj/argo-rollouts/pkg/kubectl-argo-rollouts/cmd/undo" name="TestUndoCmdToRevisionOfWorkloadRef" time="0.030000"></testcase>
		<testcase classname="github.com/argoproj/argo-rollouts/pkg/kubectl-argo-rollouts/cmd/undo" name="TestUndoCmdToRevisionSkipCurrent" time="0.020000"></testcase>
		<testcase classname="github.com/argoproj/argo-rollouts/pkg/kubectl-argo-rollouts/cmd/undo" name="TestUndoCmdToRevisionNotFoundError" time="0.010000"></testcase>
		<testcase classname="github.com/argoproj/argo-rollouts/pkg/kubectl-argo-rollouts/cmd/undo" name="TestUndoCmdNoRevisionError" time="0.000000"></testcase>
		<testcase classname="github.com/argoproj/argo-rollouts/pkg/kubectl-argo-rollouts/cmd/undo" name="TestUndoCmdError" time="0.000000"></testcase>
	</testsuite>
	<testsuite tests="2" failures="0" time="1.040000" name="github.com/argoproj/argo-rollouts/pkg/kubectl-argo-rollouts/cmd/version" timestamp="2024-10-02T10:26:39+08:00">
		<properties>
			<property name="go.version" value="go1.22.5 darwin/arm64"></property>
		</properties>
		<testcase classname="github.com/argoproj/argo-rollouts/pkg/kubectl-argo-rollouts/cmd/version" name="TestVersionCmd" time="0.020000"></testcase>
		<testcase classname="github.com/argoproj/argo-rollouts/pkg/kubectl-argo-rollouts/cmd/version" name="TestVersionCmdShort" time="0.010000"></testcase>
	</testsuite>
	<testsuite tests="14" failures="0" time="3.186000" name="github.com/argoproj/argo-rollouts/pkg/kubectl-argo-rollouts/info" timestamp="2024-10-02T10:26:39+08:00">
		<properties>
			<property name="go.version" value="go1.22.5 darwin/arm64"></property>
		</properties>
		<testcase classname="github.com/argoproj/argo-rollouts/pkg/kubectl-argo-rollouts/info" name="TestAge" time="0.000000"></testcase>
		<testcase classname="github.com/argoproj/argo-rollouts/pkg/kubectl-argo-rollouts/info" name="TestCanaryRolloutInfo" time="0.020000"></testcase>
		<testcase classname="github.com/argoproj/argo-rollouts/pkg/kubectl-argo-rollouts/info" name="TestCanaryRolloutInfoWeights/TestActualWeightWithExistingWeight/will_test_that_actual_weight_for_info_object_is_set_from_rollout_status" time="0.000000"></testcase>
		<testcase classname="github.com/argoproj/argo-rollouts/pkg/kubectl-argo-rollouts/info" name="TestCanaryRolloutInfoWeights/TestActualWeightWithExistingWeight" time="0.000000"></testcase>
		<testcase classname="github.com/argoproj/argo-rollouts/pkg/kubectl-argo-rollouts/info" name="TestCanaryRolloutInfoWeights/TestActualWeightWithoutExistingWeight/will_test_that_actual_weight_is_set_to_SetWeight_when_status_field_does_not_exist" time="0.000000"></testcase>
		<testcase classname="github.com/argoproj/argo-rollouts/pkg/kubectl-argo-rollouts/info" name="TestCanaryRolloutInfoWeights/TestActualWeightWithoutExistingWeight" time="0.000000"></testcase>
		<testcase classname="github.com/argoproj/argo-rollouts/pkg/kubectl-argo-rollouts/info" name="TestCanaryRolloutInfoWeights" time="0.010000"></testcase>
		<testcase classname="github.com/argoproj/argo-rollouts/pkg/kubectl-argo-rollouts/info" name="TestPingPongCanaryRolloutInfo" time="0.010000"></testcase>
		<testcase classname="github.com/argoproj/argo-rollouts/pkg/kubectl-argo-rollouts/info" name="TestBlueGreenRolloutInfo" time="0.020000"></testcase>
		<testcase classname="github.com/argoproj/argo-rollouts/pkg/kubectl-argo-rollouts/info" name="TestExperimentAnalysisRolloutInfo" time="0.010000"></testcase>
		<testcase classname="github.com/argoproj/argo-rollouts/pkg/kubectl-argo-rollouts/info" name="TestExperimentInfo" time="0.010000"></testcase>
		<testcase classname="github.com/argoproj/argo-rollouts/pkg/kubectl-argo-rollouts/info" name="TestRolloutStatusInvalidSpec" time="0.000000"></testcase>
		<testcase classname="github.com/argoproj/argo-rollouts/pkg/kubectl-argo-rollouts/info" name="TestRolloutAborted" time="0.000000"></testcase>
		<testcase classname="github.com/argoproj/argo-rollouts/pkg/kubectl-argo-rollouts/info" name="TestRolloutInfoMetadata" time="0.010000"></testcase>
	</testsuite>
	<testsuite tests="4" failures="0" time="3.043000" name="github.com/argoproj/argo-rollouts/pkg/kubectl-argo-rollouts/options" timestamp="2024-10-02T10:26:39+08:00">
		<properties>
			<property name="go.version" value="go1.22.5 darwin/arm64"></property>
		</properties>
		<testcase classname="github.com/argoproj/argo-rollouts/pkg/kubectl-argo-rollouts/options" name="TestExample" time="0.010000"></testcase>
		<testcase classname="github.com/argoproj/argo-rollouts/pkg/kubectl-argo-rollouts/options" name="TestUsageErr" time="0.010000"></testcase>
		<testcase classname="github.com/argoproj/argo-rollouts/pkg/kubectl-argo-rollouts/options" name="TestAddKubectlFlags" time="0.010000"></testcase>
		<testcase classname="github.com/argoproj/argo-rollouts/pkg/kubectl-argo-rollouts/options" name="TestClientsets" time="0.020000"></testcase>
	</testsuite>
	<testsuite tests="0" failures="0" time="0.021000" name="github.com/argoproj/argo-rollouts/pkg/kubectl-argo-rollouts/options/fake" timestamp="2024-10-02T10:26:39+08:00">
		<properties>
			<property name="go.version" value="go1.22.5 darwin/arm64"></property>
		</properties>
	</testsuite>
	<testsuite tests="6" failures="0" time="3.352000" name="github.com/argoproj/argo-rollouts/pkg/kubectl-argo-rollouts/util/completion" timestamp="2024-10-02T10:26:39+08:00">
		<properties>
			<property name="go.version" value="go1.22.5 darwin/arm64"></property>
		</properties>
		<testcase classname="github.com/argoproj/argo-rollouts/pkg/kubectl-argo-rollouts/util/completion" name="TestRolloutNameCompletionFuncNoArgs" time="0.020000"></testcase>
		<testcase classname="github.com/argoproj/argo-rollouts/pkg/kubectl-argo-rollouts/util/completion" name="TestRolloutNameCompletionFuncOneArg" time="0.020000"></testcase>
		<testcase classname="github.com/argoproj/argo-rollouts/pkg/kubectl-argo-rollouts/util/completion" name="TestExperimentNameCompletionFuncNoArgs" time="0.020000"></testcase>
		<testcase classname="github.com/argoproj/argo-rollouts/pkg/kubectl-argo-rollouts/util/completion" name="TestExperimentNameCompletionFuncOneArg" time="0.020000"></testcase>
		<testcase classname="github.com/argoproj/argo-rollouts/pkg/kubectl-argo-rollouts/util/completion" name="TestAnalysisRunNameCompletionFuncNoArgs" time="0.020000"></testcase>
		<testcase classname="github.com/argoproj/argo-rollouts/pkg/kubectl-argo-rollouts/util/completion" name="TestAnalysisRunNameCompletionFuncOneArg" time="0.020000"></testcase>
	</testsuite>
	<testsuite tests="4" failures="0" time="6.401000" name="github.com/argoproj/argo-rollouts/pkg/kubectl-argo-rollouts/viewcontroller" timestamp="2024-10-02T10:26:39+08:00">
		<properties>
			<property name="go.version" value="go1.22.5 darwin/arm64"></property>
		</properties>
		<testcase classname="github.com/argoproj/argo-rollouts/pkg/kubectl-argo-rollouts/viewcontroller" name="TestRolloutController" time="0.100000"></testcase>
		<testcase classname="github.com/argoproj/argo-rollouts/pkg/kubectl-argo-rollouts/viewcontroller" name="TestRolloutControllerCallback" time="1.100000"></testcase>
		<testcase classname="github.com/argoproj/argo-rollouts/pkg/kubectl-argo-rollouts/viewcontroller" name="TestExperimentController" time="0.100000"></testcase>
		<testcase classname="github.com/argoproj/argo-rollouts/pkg/kubectl-argo-rollouts/viewcontroller" name="TestExperimentControllerCallback" time="1.100000"></testcase>
	</testsuite>
	<testsuite tests="0" failures="0" time="0.024000" name="github.com/argoproj/argo-rollouts/pkg/signals" timestamp="2024-10-02T10:26:39+08:00">
		<properties>
			<property name="go.version" value="go1.22.5 darwin/arm64"></property>
		</properties>
	</testsuite>
	<testsuite tests="405" failures="0" time="58.905000" name="github.com/argoproj/argo-rollouts/rollout" timestamp="2024-10-02T10:26:39+08:00">
		<properties>
			<property name="go.version" value="go1.22.5 darwin/arm64"></property>
		</properties>
		<testcase classname="github.com/argoproj/argo-rollouts/rollout" name="TestCreateBackgroundAnalysisRun" time="0.220000"></testcase>
		<testcase classname="github.com/argoproj/argo-rollouts/rollout" name="TestCreateBackgroundAnalysisRunWithTemplates" time="0.200000"></testcase>
		<testcase classname="github.com/argoproj/argo-rollouts/rollout" name="TestCreateBackgroundAnalysisRunWithClusterTemplates" time="0.200000"></testcase>
		<testcase classname="github.com/argoproj/argo-rollouts/rollout" name="TestInvalidSpecMissingClusterTemplatesBackgroundAnalysis" time="0.200000"></testcase>
		<testcase classname="github.com/argoproj/argo-rollouts/rollout" name="TestCreateBackgroundAnalysisRunWithClusterTemplatesAndTemplate" time="0.200000"></testcase>
		<testcase classname="github.com/argoproj/argo-rollouts/rollout" name="TestCreateBackgroundAnalysisRunWithClusterTemplatesAndTemplateAndInnerTemplates" time="0.200000"></testcase>
		<testcase classname="github.com/argoproj/argo-rollouts/rollout" name="TestCreateBackgroundAnalysisRunWithTemplatesAndNoMetrics" time="0.200000"></testcase>
		<testcase classname="github.com/argoproj/argo-rollouts/rollout" name="TestCreateAnalysisRunWithCollision" time="0.210000"></testcase>
		<testcase classname="github.com/argoproj/argo-rollouts/rollout" name="TestCreateAnalysisRunWithCollisionAndSemanticEquality" time="0.200000"></testcase>
		<testcase classname="github.com/argoproj/argo-rollouts/rollout" name="TestCreateAnalysisRunOnAnalysisStep" time="0.200000"></testcase>
		<testcase classname="github.com/argoproj/argo-rollouts/rollout" name="TestCreateAnalysisRunOnPromotedAnalysisStepIfPreviousStepWasAnalysisToo" time="0.200000"></testcase>
		<testcase classname="github.com/argoproj/argo-rollouts/rollout" name="TestFailCreateStepAnalysisRunIfInvalidTemplateRef" time="0.200000"></testcase>
		<testcase classname="github.com/argoproj/argo-rollouts/rollout" name="TestFailCreateBackgroundAnalysisRunIfInvalidTemplateRef" time="0.200000"></testcase>
		<testcase classname="github.com/argoproj/argo-rollouts/rollout" name="TestFailCreateBackgroundAnalysisRunIfMetricRepeated" time="0.200000"></testcase>
		<testcase classname="github.com/argoproj/argo-rollouts/rollout" name="TestDoNothingWithAnalysisRunsWhileBackgroundAnalysisRunRunning" time="0.200000"></testcase>
		<testcase classname="github.com/argoproj/argo-rollouts/rollout" name="TestDoNothingWhileStepBasedAnalysisRunRunning" time="0.200000"></testcase>
		<testcase classname="github.com/argoproj/argo-rollouts/rollout" name="TestCancelOlderAnalysisRuns" time="0.200000"></testcase>
		<testcase classname="github.com/argoproj/argo-rollouts/rollout" name="TestDeleteAnalysisRunsWithNoMatchingRS" time="0.200000"></testcase>
		<testcase classname="github.com/argoproj/argo-rollouts/rollout" name="TestDeleteAnalysisRunsAfterRSDelete" time="0.200000"></testcase>
		<testcase classname="github.com/argoproj/argo-rollouts/rollout" name="TestIncrementStepAfterSuccessfulAnalysisRun" time="0.200000"></testcase>
		<testcase classname="github.com/argoproj/argo-rollouts/rollout" name="TestPausedOnInconclusiveBackgroundAnalysisRun" time="0.200000"></testcase>
		<testcase classname="github.com/argoproj/argo-rollouts/rollout" name="TestPausedStepAfterInconclusiveAnalysisRun" time="0.200000"></testcase>
		<testcase classname="github.com/argoproj/argo-rollouts/rollout" name="TestErrorConditionAfterErrorAnalysisRunStep" time="0.200000"></testcase>
		<testcase classname="github.com/argoproj/argo-rollouts/rollout" name="TestErrorConditionAfterErrorAnalysisRunBackground" time="0.200000"></testcase>
		<testcase classname="github.com/argoproj/argo-rollouts/rollout" name="TestCancelAnalysisRunsWhenAborted" time="0.200000"></testcase>
		<testcase classname="github.com/argoproj/argo-rollouts/rollout" name="TestCancelBackgroundAnalysisRunWhenRolloutIsCompleted" time="0.260000"></testcase>
		<testcase classname="github.com/argoproj/argo-rollouts/rollout" name="TestDoNotCreateBackgroundAnalysisRunAfterInconclusiveRun" time="0.210000"></testcase>
		<testcase classname="github.com/argoproj/argo-rollouts/rollout" name="TestDoNotCreateBackgroundAnalysisRunOnNewCanaryRollout" time="0.210000"></testcase>
		<testcase classname="github.com/argoproj/argo-rollouts/rollout" name="TestDoNotCreateBackgroundAnalysisRunOnNewCanaryRolloutStableRSEmpty" time="0.210000"></testcase>
		<testcase classname="github.com/argoproj/argo-rollouts/rollout" name="TestDoNotCreateBackgroundAnalysisRunWhenWithinRollbackWindow" time="0.200000"></testcase>
		<testcase classname="github.com/argoproj/argo-rollouts/rollout" name="TestCreatePrePromotionAnalysisRun" time="0.200000"></testcase>
		<testcase classname="github.com/argoproj/argo-rollouts/rollout" name="TestDoNotCreatePrePromotionAnalysisAfterPromotionRollout" time="0.200000"></testcase>
		<testcase classname="github.com/argoproj/argo-rollouts/rollout" name="TestDoNotCreatePrePromotionAnalysisRunOnNewRollout" time="0.200000"></testcase>
		<testcase classname="github.com/argoproj/argo-rollouts/rollout" name="TestDoNotCreatePrePromotionAnalysisRunOnNotReadyReplicaSet" time="0.200000"></testcase>
		<testcase classname="github.com/argoproj/argo-rollouts/rollout" name="TestRolloutPrePromotionAnalysisBecomesInconclusive" time="0.200000"></testcase>
		<testcase classname="github.com/argoproj/argo-rollouts/rollout" name="TestRolloutPrePromotionAnalysisSwitchServiceAfterSuccess" time="0.200000"></testcase>
		<testcase classname="github.com/argoproj/argo-rollouts/rollout" name="TestRolloutPrePromotionAnalysisHonorAutoPromotionSeconds" time="0.200000"></testcase>
		<testcase classname="github.com/argoproj/argo-rollouts/rollout" name="TestRolloutPrePromotionAnalysisDoNothingOnInconclusiveAnalysis" time="0.200000"></testcase>
		<testcase classname="github.com/argoproj/argo-rollouts/rollout" name="TestAbortRolloutOnErrorPrePromotionAnalysis" time="0.200000"></testcase>
		<testcase classname="github.com/argoproj/argo-rollouts/rollout" name="TestCreatePostPromotionAnalysisRun" time="0.200000"></testcase>
		<testcase classname="github.com/argoproj/argo-rollouts/rollout" name="TestRolloutPostPromotionAnalysisSuccess" time="0.200000"></testcase>
		<testcase classname="github.com/argoproj/argo-rollouts/rollout" name="TestPostPromotionAnalysisRunHandleInconclusive" time="0.200000"></testcase>
		<testcase classname="github.com/argoproj/argo-rollouts/rollout" name="TestAbortRolloutOnErrorPostPromotionAnalysis" time="0.200000"></testcase>
		<testcase classname="github.com/argoproj/argo-rollouts/rollout" name="TestCreateAnalysisRunWithCustomAnalysisRunMetadataAndROCopyLabels" time="0.200000"></testcase>
		<testcase classname="github.com/argoproj/argo-rollouts/rollout" name="TestCancelBackgroundAnalysisRunWhenRolloutAnalysisHasNoTemplate" time="0.200000"></testcase>
		<testcase classname="github.com/argoproj/argo-rollouts/rollout" name="TestBlueGreenCompletedRolloutRestart" time="0.200000"></testcase>
		<testcase classname="github.com/argoproj/argo-rollouts/rollout" name="TestBlueGreenCreatesReplicaSet" time="0.200000"></testcase>
		<testcase classname="github.com/argoproj/argo-rollouts/rollout" name="TestBlueGreenSetPreviewService" time="0.200000"></testcase>
		<testcase classname="github.com/argoproj/argo-rollouts/rollout" name="TestBlueGreenProgressDeadlineAbort" time="0.410000"></testcase>
		<testcase classname="github.com/argoproj/argo-rollouts/rollout" name="TestSetServiceManagedBy" time="0.200000"></testcase>
		<testcase classname="github.com/argoproj/argo-rollouts/rollout" name="TestBlueGreenHandlePause/NoPauseIfNewRSIsNotHealthy" time="0.200000"></testcase>
		<testcase classname="github.com/argoproj/argo-rollouts/rollout" name="TestBlueGreenHandlePause/AddPause" time="0.400000"></testcase>
		<testcase classname="github.com/argoproj/argo-rollouts/rollout" name="TestBlueGreenHandlePause/AddPausedConditionWhilePaused" time="0.200000"></testcase>
		<testcase classname="github.com/argoproj/argo-rollouts/rollout" name="TestBlueGreenHandlePause/NoActionsAfterPausing" time="0.200000"></testcase>
		<testcase classname="github.com/argoproj/argo-rollouts/rollout" name="TestBlueGreenHandlePause/NoActionsAfterPausedOnInconclusiveRun" time="0.200000"></testcase>
		<testcase classname="github.com/argoproj/argo-rollouts/rollout" name="TestBlueGreenHandlePause/NoAutoPromoteBeforeDelayTimePasses" time="0.200000"></testcase>
		<testcase classname="github.com/argoproj/argo-rollouts/rollout" name="TestBlueGreenHandlePause/AutoPromoteAfterDelayTimePasses" time="0.200000"></testcase>
		<testcase classname="github.com/argoproj/argo-rollouts/rollout" name="TestBlueGreenHandlePause/NoAutoPromoteAfterDelayTimePassesIfUserPaused" time="0.200000"></testcase>
		<testcase classname="github.com/argoproj/argo-rollouts/rollout" name="TestBlueGreenHandlePause/NoPauseWhenAutoPromotionEnabledIsNotSet" time="0.200000"></testcase>
		<testcase classname="github.com/argoproj/argo-rollouts/rollout" name="TestBlueGreenHandlePause/PauseWhenAutoPromotionEnabledIsFalse" time="0.210000"></testcase>
		<testcase classname="github.com/argoproj/argo-rollouts/rollout" name="TestBlueGreenHandlePause/SkipPauseReconcileWhenActiveHasPodHashSelector" time="0.200000"></testcase>
		<testcase classname="github.com/argoproj/argo-rollouts/rollout" name="TestBlueGreenHandlePause/ContinueAfterUnpaused" time="0.200000"></testcase>
		<testcase classname="github.com/argoproj/argo-rollouts/rollout" name="TestBlueGreenHandlePause" time="2.640000"></testcase>
		<testcase classname="github.com/argoproj/argo-rollouts/rollout" name="TestBlueGreenAddScaleDownDelayToPreviousActiveReplicaSet" time="0.200000"></testcase>
		<testcase classname="github.com/argoproj/argo-rollouts/rollout" name="TestBlueGreenRolloutStatusHPAStatusFieldsActiveSelectorSet" time="0.200000"></testcase>
		<testcase classname="github.com/argoproj/argo-rollouts/rollout" name="TestBlueGreenRolloutStatusHPAStatusFieldsNoActiveSelector" time="0.100000"></testcase>
		<testcase classname="github.com/argoproj/argo-rollouts/rollout" name="TestBlueGreenRolloutScaleUpdateActiveRS" time="0.200000"></testcase>
		<testcase classname="github.com/argoproj/argo-rollouts/rollout" name="TestBlueGreenRolloutScaleUpdateStableRS" time="0.400000"></testcase>
		<testcase classname="github.com/argoproj/argo-rollouts/rollout" name="TestBlueGreenStableRSReconciliationShouldNotScaleOnFirstTimeRollout" time="0.200000"></testcase>
		<testcase classname="github.com/argoproj/argo-rollouts/rollout" name="TestPreviewReplicaCountHandleScaleUpPreviewCheckPoint/TrueAfterMeetingMinAvailable" time="0.200000"></testcase>
		<testcase classname="github.com/argoproj/argo-rollouts/rollout" name="TestPreviewReplicaCountHandleScaleUpPreviewCheckPoint/FalseAfterActiveServiceSwitch" time="0.200000"></testcase>
		<testcase classname="github.com/argoproj/argo-rollouts/rollout" name="TestPreviewReplicaCountHandleScaleUpPreviewCheckPoint/TrueWhenScalingUpPreview" time="0.200000"></testcase>
		<testcase classname="github.com/argoproj/argo-rollouts/rollout" name="TestPreviewReplicaCountHandleScaleUpPreviewCheckPoint" time="0.610000"></testcase>
		<testcase classname="github.com/argoproj/argo-rollouts/rollout" name="TestBlueGreenRolloutIgnoringScalingUsePreviewRSCount" time="0.200000"></testcase>
		<testcase classname="github.com/argoproj/argo-rollouts/rollout" name="TestBlueGreenRolloutCompleted" time="0.200000"></testcase>
		<testcase classname="github.com/argoproj/argo-rollouts/rollout" name="TestBlueGreenRolloutCompletedFalse" time="0.200000"></testcase>
		<testcase classname="github.com/argoproj/argo-rollouts/rollout" name="TestBlueGreenUnableToReadScaleDownAt" time="0.200000"></testcase>
		<testcase classname="github.com/argoproj/argo-rollouts/rollout" name="TestBlueGreenNotReadyToScaleDownOldReplica" time="0.200000"></testcase>
		<testcase classname="github.com/argoproj/argo-rollouts/rollout" name="TestBlueGreenReadyToScaleDownOldReplica" time="0.200000"></testcase>
		<testcase classname="github.com/argoproj/argo-rollouts/rollout" name="TestFastRollback" time="0.200000"></testcase>
		<testcase classname="github.com/argoproj/argo-rollouts/rollout" name="TestBlueGreenScaleDownLimit" time="0.200000"></testcase>
		<testcase classname="github.com/argoproj/argo-rollouts/rollout" name="TestBlueGreenAbort" time="0.200000"></testcase>
		<testcase classname="github.com/argoproj/argo-rollouts/rollout" name="TestBlueGreenHandlePauseAutoPromoteWithConditions" time="0.200000"></testcase>
		<testcase classname="github.com/argoproj/argo-rollouts/rollout" name="TestBlueGreenAddScaleDownDelay" time="0.200000"></testcase>
		<testcase classname="github.com/argoproj/argo-rollouts/rollout" name="TestCanaryRolloutBumpVersion" time="0.200000"></testcase>
		<testcase classname="github.com/argoproj/argo-rollouts/rollout" name="TestReconcileCanaryStepsHandleBaseCases" time="0.200000"></testcase>
		<testcase classname="github.com/argoproj/argo-rollouts/rollout" name="TestCanaryRolloutEnterPauseState" time="0.200000"></testcase>
		<testcase classname="github.com/argoproj/argo-rollouts/rollout" name="TestCanaryRolloutNoProgressWhilePaused" time="0.200000"></testcase>
		<testcase classname="github.com/argoproj/argo-rollouts/rollout" name="TestCanaryRolloutUpdatePauseConditionWhilePaused" time="0.200000"></testcase>
		<testcase classname="github.com/argoproj/argo-rollouts/rollout" name="TestCanaryRolloutResetProgressDeadlineOnRetry" time="0.210000"></testcase>
		<testcase classname="github.com/argoproj/argo-rollouts/rollout" name="TestCanaryRolloutIncrementStepAfterUnPaused" time="0.200000"></testcase>
		<testcase classname="github.com/argoproj/argo-rollouts/rollout" name="TestCanaryRolloutUpdateStatusWhenAtEndOfSteps" time="0.200000"></testcase>
		<testcase classname="github.com/argoproj/argo-rollouts/rollout" name="TestResetCurrentStepIndexOnStepChange" time="0.200000"></testcase>
		<testcase classname="github.com/argoproj/argo-rollouts/rollout" name="TestResetCurrentStepIndexOnPodSpecChange" time="0.200000"></testcase>
		<testcase classname="github.com/argoproj/argo-rollouts/rollout" name="TestCanaryRolloutCreateFirstReplicasetNoSteps" time="0.200000"></testcase>
		<testcase classname="github.com/argoproj/argo-rollouts/rollout" name="TestCanaryRolloutCreateFirstReplicasetWithSteps" time="0.200000"></testcase>
		<testcase classname="github.com/argoproj/argo-rollouts/rollout" name="TestCanaryRolloutWithMaxWeightInTrafficRouting" time="0.410000"></testcase>
		<testcase classname="github.com/argoproj/argo-rollouts/rollout" name="TestCanaryRolloutCreateNewReplicaWithCorrectWeight" time="0.200000"></testcase>
		<testcase classname="github.com/argoproj/argo-rollouts/rollout" name="TestCanaryRolloutScaleUpNewReplicaWithCorrectWeight" time="0.200000"></testcase>
		<testcase classname="github.com/argoproj/argo-rollouts/rollout" name="TestCanaryRolloutScaleDownStableToMatchWeight" time="0.200000"></testcase>
		<testcase classname="github.com/argoproj/argo-rollouts/rollout" name="TestCanaryRolloutScaleDownOldRs" time="0.200000"></testcase>
		<testcase classname="github.com/argoproj/argo-rollouts/rollout" name="TestCanaryRolloutScaleDownOldRsDontScaleDownTooMuch" time="0.200000"></testcase>
		<testcase classname="github.com/argoproj/argo-rollouts/rollout" name="TestCanaryDontScaleDownOldRsDuringInterruptedUpdate" time="0.200000"></testcase>
		<testcase classname="github.com/argoproj/argo-rollouts/rollout" name="TestCanaryScaleDownOldRsDuringInterruptedUpdate" time="0.200000"></testcase>
		<testcase classname="github.com/argoproj/argo-rollouts/rollout" name="TestRollBackToStable" time="0.200000"></testcase>
		<testcase classname="github.com/argoproj/argo-rollouts/rollout" name="TestRollBackToActiveReplicaSetWithinWindow" time="0.200000"></testcase>
		<testcase classname="github.com/argoproj/argo-rollouts/rollout" name="TestGradualShiftToNewStable" time="0.200000"></testcase>
		<testcase classname="github.com/argoproj/argo-rollouts/rollout" name="TestRollBackToStableAndStepChange" time="0.200000"></testcase>
		<testcase classname="github.com/argoproj/argo-rollouts/rollout" name="TestCanaryRolloutIncrementStepIfSetWeightsAreCorrect" time="0.200000"></testcase>
		<testcase classname="github.com/argoproj/argo-rollouts/rollout" name="TestSyncRolloutWaitAddToQueue" time="0.200000"></testcase>
		<testcase classname="github.com/argoproj/argo-rollouts/rollout" name="TestSyncRolloutIgnoreWaitOutsideOfReconciliationPeriod" time="0.200000"></testcase>
		<testcase classname="github.com/argoproj/argo-rollouts/rollout" name="TestSyncRolloutWaitIncrementStepIndex" time="0.200000"></testcase>
		<testcase classname="github.com/argoproj/argo-rollouts/rollout" name="TestCanaryRolloutStatusHPAStatusFields" time="0.200000"></testcase>
		<testcase classname="github.com/argoproj/argo-rollouts/rollout" name="TestCanaryRolloutWithCanaryService" time="0.200000"></testcase>
		<testcase classname="github.com/argoproj/argo-rollouts/rollout" name="TestCanarySVCSelectors" time="0.800000"></testcase>
		<testcase classname="github.com/argoproj/argo-rollouts/rollout" name="TestCanarySVCSelectorsBasicCanaryAbortServiceSwitchBack" time="0.400000"></testcase>
		<testcase classname="github.com/argoproj/argo-rollouts/rollout" name="TestCanaryRolloutWithInvalidCanaryServiceName" time="0.200000"></testcase>
		<testcase classname="github.com/argoproj/argo-rollouts/rollout" name="TestCanaryRolloutWithStableService" time="0.200000"></testcase>
		<testcase classname="github.com/argoproj/argo-rollouts/rollout" name="TestCanaryRolloutWithInvalidStableServiceName" time="0.200000"></testcase>
		<testcase classname="github.com/argoproj/argo-rollouts/rollout" name="TestCanaryRolloutWithPingPongServices" time="0.200000"></testcase>
		<testcase classname="github.com/argoproj/argo-rollouts/rollout" name="TestCanaryRolloutWithInvalidPingServiceName" time="0.200000"></testcase>
		<testcase classname="github.com/argoproj/argo-rollouts/rollout" name="TestCanaryRolloutWithInvalidPongServiceName" time="0.200000"></testcase>
		<testcase classname="github.com/argoproj/argo-rollouts/rollout" name="TestCanaryRolloutScaleWhilePaused" time="0.200000"></testcase>
		<testcase classname="github.com/argoproj/argo-rollouts/rollout" name="TestResumeRolloutAfterPauseDuration" time="0.200000"></testcase>
		<testcase classname="github.com/argoproj/argo-rollouts/rollout" name="TestNoResumeAfterPauseDurationIfUserPaused" time="0.200000"></testcase>
		<testcase classname="github.com/argoproj/argo-rollouts/rollout" name="TestHandleNilNewRSOnScaleAndImageChange" time="0.200000"></testcase>
		<testcase classname="github.com/argoproj/argo-rollouts/rollout" name="TestHandleCanaryAbort/Scale_up_stable_ReplicaSet" time="0.200000"></testcase>
		<testcase classname="github.com/argoproj/argo-rollouts/rollout" name="TestHandleCanaryAbort/Do_not_reset_currentStepCount_and_reset_abort_if_newRS_is_stableRS" time="0.210000"></testcase>
		<testcase classname="github.com/argoproj/argo-rollouts/rollout" name="TestHandleCanaryAbort" time="0.420000"></testcase>
		<testcase classname="github.com/argoproj/argo-rollouts/rollout" name="TestIsDynamicallyRollingBackToStable/desired_RS_!=_stable_RS" time="0.000000"></testcase>
		<testcase classname="github.com/argoproj/argo-rollouts/rollout" name="TestIsDynamicallyRollingBackToStable/not_using_traffic_routing" time="0.000000"></testcase>
		<testcase classname="github.com/argoproj/argo-rollouts/rollout" name="TestIsDynamicallyRollingBackToStable/not_using_dynamicStableScaling" time="0.000000"></testcase>
		<testcase classname="github.com/argoproj/argo-rollouts/rollout" name="TestIsDynamicallyRollingBackToStable/weighted_selector_==_desired_RS" time="0.000000"></testcase>
		<testcase classname="github.com/argoproj/argo-rollouts/rollout" name="TestIsDynamicallyRollingBackToStable/weighted_selector_!=_desired_RS,_desired_not_fully_available" time="0.000000"></testcase>
		<testcase classname="github.com/argoproj/argo-rollouts/rollout" name="TestIsDynamicallyRollingBackToStable/weighted_selector_!=_desired_RS,_desired_RS_is_fully_available" time="0.000000"></testcase>
		<testcase classname="github.com/argoproj/argo-rollouts/rollout" name="TestIsDynamicallyRollingBackToStable" time="0.000000"></testcase>
		<testcase classname="github.com/argoproj/argo-rollouts/rollout" name="TestSyncRolloutWithConflictInScaleReplicaSet" time="0.200000"></testcase>
		<testcase classname="github.com/argoproj/argo-rollouts/rollout" name="TestSyncRolloutWithConflictInSyncReplicaSetRevision" time="0.200000"></testcase>
		<testcase classname="github.com/argoproj/argo-rollouts/rollout" name="TestDontSyncRolloutsWithEmptyPodSelector" time="0.210000"></testcase>
		<testcase classname="github.com/argoproj/argo-rollouts/rollout" name="TestAdoptReplicaSet" time="0.200000"></testcase>
		<testcase classname="github.com/argoproj/argo-rollouts/rollout" name="TestRequeueStuckRollout/No_Progressing_Condition" time="0.100000"></testcase>
		<testcase classname="github.com/argoproj/argo-rollouts/rollout" name="TestRequeueStuckRollout/Rollout_Completed" time="0.100000"></testcase>
		<testcase classname="github.com/argoproj/argo-rollouts/rollout" name="TestRequeueStuckRollout/Rollout_Timed_out" time="0.100000"></testcase>
		<testcase classname="github.com/argoproj/argo-rollouts/rollout" name="TestRequeueStuckRollout/Rollout_Paused" time="0.100000"></testcase>
		<testcase classname="github.com/argoproj/argo-rollouts/rollout" name="TestRequeueStuckRollout/Less_than_a_second" time="0.100000"></testcase>
		<testcase classname="github.com/argoproj/argo-rollouts/rollout" name="TestRequeueStuckRollout/More_than_a_second" time="0.100000"></testcase>
		<testcase classname="github.com/argoproj/argo-rollouts/rollout" name="TestRequeueStuckRollout" time="0.610000"></testcase>
		<testcase classname="github.com/argoproj/argo-rollouts/rollout" name="TestSetReplicaToDefault" time="0.200000"></testcase>
		<testcase classname="github.com/argoproj/argo-rollouts/rollout" name="TestSwitchInvalidSpecMessage" time="0.200000"></testcase>
		<testcase classname="github.com/argoproj/argo-rollouts/rollout" name="TestPodTemplateHashEquivalence" time="0.410000"></testcase>
		<testcase classname="github.com/argoproj/argo-rollouts/rollout" name="TestNoReconcileForDeletedRollout" time="0.210000"></testcase>
		<testcase classname="github.com/argoproj/argo-rollouts/rollout" name="TestComputeHashChangeTolerationBlueGreen" time="0.200000"></testcase>
		<testcase classname="github.com/argoproj/argo-rollouts/rollout" name="TestComputeHashChangeTolerationCanary" time="0.210000"></testcase>
		<testcase classname="github.com/argoproj/argo-rollouts/rollout" name="TestSwitchBlueGreenToCanary" time="0.200000"></testcase>
		<testcase classname="github.com/argoproj/argo-rollouts/rollout" name="TestGetReferencedAnalyses/blueGreen_pre-promotion_analysis_-_fail" time="0.100000"></testcase>
		<testcase classname="github.com/argoproj/argo-rollouts/rollout" name="TestGetReferencedAnalyses/blueGreen_post-promotion_analysis_-_fail" time="0.100000"></testcase>
		<testcase classname="github.com/argoproj/argo-rollouts/rollout" name="TestGetReferencedAnalyses/canary_analysis_-_fail" time="0.100000"></testcase>
		<testcase classname="github.com/argoproj/argo-rollouts/rollout" name="TestGetReferencedAnalyses/canary_step_analysis_-_fail" time="0.100000"></testcase>
		<testcase classname="github.com/argoproj/argo-rollouts/rollout" name="TestGetReferencedAnalyses" time="0.410000"></testcase>
		<testcase classname="github.com/argoproj/argo-rollouts/rollout" name="TestGetReferencedClusterAnalysisTemplate/get_referenced_analysisTemplate_-_fail" time="0.100000"></testcase>
		<testcase classname="github.com/argoproj/argo-rollouts/rollout" name="TestGetReferencedClusterAnalysisTemplate/get_referenced_analysisTemplate_-_success" time="0.100000"></testcase>
		<testcase classname="github.com/argoproj/argo-rollouts/rollout" name="TestGetReferencedClusterAnalysisTemplate" time="0.200000"></testcase>
		<testcase classname="github.com/argoproj/argo-rollouts/rollout" name="TestGetInnerReferencedAnalysisTemplate/get_inner_referenced_analysisTemplate_-_fail" time="0.100000"></testcase>
		<testcase classname="github.com/argoproj/argo-rollouts/rollout" name="TestGetInnerReferencedAnalysisTemplate/get_inner_referenced_analysisTemplate_second_level_-_fail" time="0.100000"></testcase>
		<testcase classname="github.com/argoproj/argo-rollouts/rollout" name="TestGetInnerReferencedAnalysisTemplate/get_inner_referenced_analysisTemplate_-_success" time="0.100000"></testcase>
		<testcase classname="github.com/argoproj/argo-rollouts/rollout" name="TestGetInnerReferencedAnalysisTemplate" time="0.300000"></testcase>
		<testcase classname="github.com/argoproj/argo-rollouts/rollout" name="TestGetReferencedIngressesALB/get_referenced_ALB_ingress_-_fail" time="0.100000"></testcase>
		<testcase classname="github.com/argoproj/argo-rollouts/rollout" name="TestGetReferencedIngressesALB/get_referenced_ALB_ingress_-_success" time="0.100000"></testcase>
		<testcase classname="github.com/argoproj/argo-rollouts/rollout" name="TestGetReferencedIngressesALB" time="0.200000"></testcase>
		<testcase classname="github.com/argoproj/argo-rollouts/rollout" name="TestGetReferencedIngressesALBMultiIngress/get_referenced_ALB_ingress_-_fail_first_ingress_when_both_missing" time="0.100000"></testcase>
		<testcase classname="github.com/argoproj/argo-rollouts/rollout" name="TestGetReferencedIngressesALBMultiIngress/get_referenced_ALB_ingress_-_fail_on_primary_when_additional_present" time="0.100000"></testcase>
		<testcase classname="github.com/argoproj/argo-rollouts/rollout" name="TestGetReferencedIngressesALBMultiIngress/get_referenced_ALB_ingress_-_fail_on_secondary_when_only_secondary_missing" time="0.100000"></testcase>
		<testcase classname="github.com/argoproj/argo-rollouts/rollout" name="TestGetReferencedIngressesALBMultiIngress/get_referenced_ALB_ingress_-_success" time="0.100000"></testcase>
		<testcase classname="github.com/argoproj/argo-rollouts/rollout" name="TestGetReferencedIngressesALBMultiIngress" time="0.400000"></testcase>
		<testcase classname="github.com/argoproj/argo-rollouts/rollout" name="TestGetReferencedIngressesNginx/get_referenced_Nginx_ingress_-_fail" time="0.100000"></testcase>
		<testcase classname="github.com/argoproj/argo-rollouts/rollout" name="TestGetReferencedIngressesNginx/get_referenced_Nginx_ingress_-_success" time="0.100000"></testcase>
		<testcase classname="github.com/argoproj/argo-rollouts/rollout" name="TestGetReferencedIngressesNginx" time="0.210000"></testcase>
		<testcase classname="github.com/argoproj/argo-rollouts/rollout" name="TestGetReferencedIngressesNginxMultiIngress/get_referenced_Nginx_ingress_-_fail_first_ingress_when_both_missing" time="0.100000"></testcase>
		<testcase classname="github.com/argoproj/argo-rollouts/rollout" name="TestGetReferencedIngressesNginxMultiIngress/get_referenced_Nginx_ingress_-_fail_on_primary_when_additional_present" time="0.100000"></testcase>
		<testcase classname="github.com/argoproj/argo-rollouts/rollout" name="TestGetReferencedIngressesNginxMultiIngress/get_referenced_Nginx_ingress_-_fail_on_secondary_when_only_secondary_missing" time="0.100000"></testcase>
		<testcase classname="github.com/argoproj/argo-rollouts/rollout" name="TestGetReferencedIngressesNginxMultiIngress/get_referenced_Nginx_ingress_-_success" time="0.100000"></testcase>
		<testcase classname="github.com/argoproj/argo-rollouts/rollout" name="TestGetReferencedIngressesNginxMultiIngress" time="0.420000"></testcase>
		<testcase classname="github.com/argoproj/argo-rollouts/rollout" name="TestGetReferencedAppMeshResources/should_return_error_when_virtual-service_is_not_defined_on_rollout" time="0.100000"></testcase>
		<testcase classname="github.com/argoproj/argo-rollouts/rollout" name="TestGetReferencedAppMeshResources/should_return_error_when_virtual-service_is_not-found" time="0.100000"></testcase>
		<testcase classname="github.com/argoproj/argo-rollouts/rollout" name="TestGetReferencedAppMeshResources/should_return_error_when_virtual-router_is_not-found" time="0.100000"></testcase>
		<testcase classname="github.com/argoproj/argo-rollouts/rollout" name="TestGetReferencedAppMeshResources/get_referenced_App_Mesh_-_success" time="0.100000"></testcase>
		<testcase classname="github.com/argoproj/argo-rollouts/rollout" name="TestGetReferencedAppMeshResources" time="0.410000"></testcase>
		<testcase classname="github.com/argoproj/argo-rollouts/rollout" name="TestGetAmbassadorMappings/will_get_mappings_successfully" time="0.000000"></testcase>
		<testcase classname="github.com/argoproj/argo-rollouts/rollout" name="TestGetAmbassadorMappings" time="0.100000"></testcase>
		<testcase classname="github.com/argoproj/argo-rollouts/rollout" name="TestRolloutStrategyNotSet" time="0.210000"></testcase>
		<testcase classname="github.com/argoproj/argo-rollouts/rollout" name="TestWriteBackToInformer" time="0.200000"></testcase>
		<testcase classname="github.com/argoproj/argo-rollouts/rollout" name="TestRun" time="1.100000"></testcase>
		<testcase classname="github.com/argoproj/argo-rollouts/rollout" name="TestSyncCanaryEphemeralMetadataInitialRevision" time="0.200000"></testcase>
		<testcase classname="github.com/argoproj/argo-rollouts/rollout" name="TestSyncBlueGreenEphemeralMetadataInitialRevision" time="0.200000"></testcase>
		<testcase classname="github.com/argoproj/argo-rollouts/rollout" name="TestSyncCanaryEphemeralMetadataSecondRevision" time="0.210000"></testcase>
		<testcase classname="github.com/argoproj/argo-rollouts/rollout" name="TestSyncBlueGreenEphemeralMetadataSecondRevision" time="0.210000"></testcase>
		<testcase classname="github.com/argoproj/argo-rollouts/rollout" name="TestReconcileEphemeralMetadata" time="0.000000"></testcase>
		<testcase classname="github.com/argoproj/argo-rollouts/rollout" name="TestRolloutCreateExperiment" time="0.210000"></testcase>
		<testcase classname="github.com/argoproj/argo-rollouts/rollout" name="TestRolloutCreateClusterTemplateExperiment" time="0.200000"></testcase>
		<testcase classname="github.com/argoproj/argo-rollouts/rollout" name="TestCreateExperimentWithCollision" time="0.200000"></testcase>
		<testcase classname="github.com/argoproj/argo-rollouts/rollout" name="TestCreateExperimentWithCollisionAndSemanticEquality" time="0.200000"></testcase>
		<testcase classname="github.com/argoproj/argo-rollouts/rollout" name="TestRolloutExperimentProcessingDoNothing" time="0.200000"></testcase>
		<testcase classname="github.com/argoproj/argo-rollouts/rollout" name="TestAbortRolloutAfterFailedExperiment" time="0.200000"></testcase>
		<testcase classname="github.com/argoproj/argo-rollouts/rollout" name="TestPauseRolloutAfterInconclusiveExperiment" time="0.200000"></testcase>
		<testcase classname="github.com/argoproj/argo-rollouts/rollout" name="TestRolloutExperimentScaleDownExperimentFromPreviousStep" time="0.200000"></testcase>
		<testcase classname="github.com/argoproj/argo-rollouts/rollout" name="TestRolloutExperimentScaleDownExtraExperiment" time="0.210000"></testcase>
		<testcase classname="github.com/argoproj/argo-rollouts/rollout" name="TestRolloutExperimentFinishedIncrementStep" time="0.210000"></testcase>
		<testcase classname="github.com/argoproj/argo-rollouts/rollout" name="TestRolloutDoNotCreateExperimentWithoutStableRS" time="0.200000"></testcase>
		<testcase classname="github.com/argoproj/argo-rollouts/rollout" name="TestGetExperimentFromTemplate" time="0.000000"></testcase>
		<testcase classname="github.com/argoproj/argo-rollouts/rollout" name="TestGetExperimentFromTemplateModifiedLabelsDoesntChangeRefReplicatSet" time="0.000000"></testcase>
		<testcase classname="github.com/argoproj/argo-rollouts/rollout" name="TestDeleteExperimentWithNoMatchingRS" time="0.210000"></testcase>
		<testcase classname="github.com/argoproj/argo-rollouts/rollout" name="TestDeleteExperimentsAfterRSDelete" time="0.210000"></testcase>
		<testcase classname="github.com/argoproj/argo-rollouts/rollout" name="TestCancelExperimentWhenAborted" time="0.210000"></testcase>
		<testcase classname="github.com/argoproj/argo-rollouts/rollout" name="TestRolloutCreateExperimentWithInstanceID" time="0.210000"></testcase>
		<testcase classname="github.com/argoproj/argo-rollouts/rollout" name="TestRolloutCreateExperimentWithService" time="0.000000"></testcase>
		<testcase classname="github.com/argoproj/argo-rollouts/rollout" name="TestRolloutCreateWeightlessExperimentWithServiceAndName" time="0.000000"></testcase>
		<testcase classname="github.com/argoproj/argo-rollouts/rollout" name="TestRolloutCreateWeightlessExperimentWithService" time="0.000000"></testcase>
		<testcase classname="github.com/argoproj/argo-rollouts/rollout" name="TestRolloutCreateExperimentWithDryRunAndMetadata" time="0.200000"></testcase>
		<testcase classname="github.com/argoproj/argo-rollouts/rollout" name="TestHasAddPause" time="0.000000"></testcase>
		<testcase classname="github.com/argoproj/argo-rollouts/rollout" name="TestHasAddPauseNoReasons" time="0.000000"></testcase>
		<testcase classname="github.com/argoproj/argo-rollouts/rollout" name="TestCalculatePauseStatus" time="0.000000"></testcase>
		<testcase classname="github.com/argoproj/argo-rollouts/rollout" name="TestCalculatePauseStatusRemovePause" time="0.000000"></testcase>
		<testcase classname="github.com/argoproj/argo-rollouts/rollout" name="TestCompletedBlueGreenPause" time="0.000000"></testcase>
		<testcase classname="github.com/argoproj/argo-rollouts/rollout" name="TestCompletedBlueGreenPauseAutoPromotionDisabled" time="0.000000"></testcase>
		<testcase classname="github.com/argoproj/argo-rollouts/rollout" name="TestCompletedCanaryPauseStep" time="0.000000"></testcase>
		<testcase classname="github.com/argoproj/argo-rollouts/rollout" name="TestCompletedCanaryPauseStepInProgress" time="0.000000"></testcase>
		<testcase classname="github.com/argoproj/argo-rollouts/rollout" name="TestGetReplicaSetsForRollouts/Grab_corrected_owned_replicasets" time="0.110000"></testcase>
		<testcase classname="github.com/argoproj/argo-rollouts/rollout" name="TestGetReplicaSetsForRollouts/Adopt_orphaned_replica_sets" time="0.100000"></testcase>
		<testcase classname="github.com/argoproj/argo-rollouts/rollout" name="TestGetReplicaSetsForRollouts/No_replica_sets_exist" time="0.100000"></testcase>
		<testcase classname="github.com/argoproj/argo-rollouts/rollout" name="TestGetReplicaSetsForRollouts/No_selector_provided_so_no_adoption" time="0.100000"></testcase>
		<testcase classname="github.com/argoproj/argo-rollouts/rollout" name="TestGetReplicaSetsForRollouts/Orphan_RS_with_different_selector" time="0.100000"></testcase>
		<testcase classname="github.com/argoproj/argo-rollouts/rollout" name="TestGetReplicaSetsForRollouts" time="0.510000"></testcase>
		<testcase classname="github.com/argoproj/argo-rollouts/rollout" name="TestReconcileNewReplicaSet/New_Replica_Set_matches_rollout_replica:_No_scale" time="0.310000"></testcase>
		<testcase classname="github.com/argoproj/argo-rollouts/rollout" name="TestReconcileNewReplicaSet/New_Replica_Set_higher_than_rollout_replica:_Scale_down" time="0.310000"></testcase>
		<testcase classname="github.com/argoproj/argo-rollouts/rollout" name="TestReconcileNewReplicaSet/New_Replica_Set_lower_than_rollout_replica:_Scale_up" time="0.300000"></testcase>
		<testcase classname="github.com/argoproj/argo-rollouts/rollout" name="TestReconcileNewReplicaSet/New_Replica_scaled_down_to_0:_scale_down_on_abort_-_deadline_passed" time="0.300000"></testcase>
		<testcase classname="github.com/argoproj/argo-rollouts/rollout" name="TestReconcileNewReplicaSet/New_Replica_scaled_down_to_0:_scale_down_on_abort_-_deadline_not_passed" time="0.300000"></testcase>
		<testcase classname="github.com/argoproj/argo-rollouts/rollout" name="TestReconcileNewReplicaSet/New_Replica_scaled_down_to_0:_scale_down_on_abort_-_add_annotation" time="0.300000"></testcase>
		<testcase classname="github.com/argoproj/argo-rollouts/rollout" name="TestReconcileNewReplicaSet/Fail_to_update_RS:_No_scale_and_add_default_annotation" time="0.300000"></testcase>
		<testcase classname="github.com/argoproj/argo-rollouts/rollout" name="TestReconcileNewReplicaSet" time="2.120000"></testcase>
		<testcase classname="github.com/argoproj/argo-rollouts/rollout" name="TestReconcileOldReplicaSet/No_pods_to_scale_down" time="0.200000"></testcase>
		<testcase classname="github.com/argoproj/argo-rollouts/rollout" name="TestReconcileOldReplicaSet/Clean_up_unhealthy_pods" time="0.200000"></testcase>
		<testcase classname="github.com/argoproj/argo-rollouts/rollout" name="TestReconcileOldReplicaSet/Normal_scale_down_when_new_ReplicaSet_is_healthy" time="0.200000"></testcase>
		<testcase classname="github.com/argoproj/argo-rollouts/rollout" name="TestReconcileOldReplicaSet" time="0.600000"></testcase>
		<testcase classname="github.com/argoproj/argo-rollouts/rollout" name="TestIsReplicaSetReferenced/empty_hash" time="0.200000"></testcase>
		<testcase classname="github.com/argoproj/argo-rollouts/rollout" name="TestIsReplicaSetReferenced/not_referenced" time="0.200000"></testcase>
		<testcase classname="github.com/argoproj/argo-rollouts/rollout" name="TestIsReplicaSetReferenced/stable_rs_referenced" time="0.200000"></testcase>
		<testcase classname="github.com/argoproj/argo-rollouts/rollout" name="TestIsReplicaSetReferenced/current_rs_referenced" time="0.200000"></testcase>
		<testcase classname="github.com/argoproj/argo-rollouts/rollout" name="TestIsReplicaSetReferenced/active_referenced" time="0.200000"></testcase>
		<testcase classname="github.com/argoproj/argo-rollouts/rollout" name="TestIsReplicaSetReferenced/active_referenced#01" time="0.200000"></testcase>
		<testcase classname="github.com/argoproj/argo-rollouts/rollout" name="TestIsReplicaSetReferenced/traffic_routed_canary_current_pod_hash" time="0.200000"></testcase>
		<testcase classname="github.com/argoproj/argo-rollouts/rollout" name="TestIsReplicaSetReferenced/traffic_routed_canary_current_pod_hash#01" time="0.200000"></testcase>
		<testcase classname="github.com/argoproj/argo-rollouts/rollout" name="TestIsReplicaSetReferenced/canary_service_still_referenced" time="0.200000"></testcase>
		<testcase classname="github.com/argoproj/argo-rollouts/rollout" name="TestIsReplicaSetReferenced/stable_service_still_referenced" time="0.200000"></testcase>
		<testcase classname="github.com/argoproj/argo-rollouts/rollout" name="TestIsReplicaSetReferenced/active_service_still_referenced" time="0.200000"></testcase>
		<testcase classname="github.com/argoproj/argo-rollouts/rollout" name="TestIsReplicaSetReferenced/preview_service_still_referenced" time="0.200000"></testcase>
		<testcase classname="github.com/argoproj/argo-rollouts/rollout" name="TestIsReplicaSetReferenced/service_not_found" time="0.200000"></testcase>
		<testcase classname="github.com/argoproj/argo-rollouts/rollout" name="TestIsReplicaSetReferenced" time="2.620000"></testcase>
		<testcase classname="github.com/argoproj/argo-rollouts/rollout" name="TestScaleDownProgressively" time="0.300000"></testcase>
		<testcase classname="github.com/argoproj/argo-rollouts/rollout" name="TestRestartCheckEnqueueRollout/.Spec.Restart_not_set" time="0.000000"></testcase>
		<testcase classname="github.com/argoproj/argo-rollouts/rollout" name="TestRestartCheckEnqueueRollout/.Spec.Restart_has_already_past" time="0.000000"></testcase>
		<testcase classname="github.com/argoproj/argo-rollouts/rollout" name="TestRestartCheckEnqueueRollout/Enqueue_Rollout_since_before_next_resync" time="0.000000"></testcase>
		<testcase classname="github.com/argoproj/argo-rollouts/rollout" name="TestRestartCheckEnqueueRollout/Do_not_enqueue_Rollout_since_after_next_resync" time="0.000000"></testcase>
		<testcase classname="github.com/argoproj/argo-rollouts/rollout" name="TestRestartCheckEnqueueRollout" time="0.000000"></testcase>
		<testcase classname="github.com/argoproj/argo-rollouts/rollout" name="TestRestartReconcile/No_Restart_Needed" time="0.000000"></testcase>
		<testcase classname="github.com/argoproj/argo-rollouts/rollout" name="TestRestartReconcile/Not_all_ReplicaSets_are_fully_available" time="0.000000"></testcase>
		<testcase classname="github.com/argoproj/argo-rollouts/rollout" name="TestRestartReconcile/Fails_to_delete_Pod" time="0.000000"></testcase>
		<testcase classname="github.com/argoproj/argo-rollouts/rollout" name="TestRestartReconcile/Deletes_Pod" time="0.000000"></testcase>
		<testcase classname="github.com/argoproj/argo-rollouts/rollout" name="TestRestartReconcile/No_more_pods_to_delete" time="0.000000"></testcase>
		<testcase classname="github.com/argoproj/argo-rollouts/rollout" name="TestRestartReconcile/restartedAt_equals_creationTimestamp" time="0.000000"></testcase>
		<testcase classname="github.com/argoproj/argo-rollouts/rollout" name="TestRestartReconcile" time="0.000000"></testcase>
		<testcase classname="github.com/argoproj/argo-rollouts/rollout" name="TestRestartReplicaSetPod/Finds_no_pods_to_delete_to_due_to_different_label_selector" time="0.000000"></testcase>
		<testcase classname="github.com/argoproj/argo-rollouts/rollout" name="TestRestartReplicaSetPod/Delete_Pod_successfully" time="0.000000"></testcase>
		<testcase classname="github.com/argoproj/argo-rollouts/rollout" name="TestRestartReplicaSetPod/No_Pod_Deletion_required" time="0.000000"></testcase>
		<testcase classname="github.com/argoproj/argo-rollouts/rollout" name="TestRestartReplicaSetPod/Pod_List_error" time="0.000000"></testcase>
		<testcase classname="github.com/argoproj/argo-rollouts/rollout" name="TestRestartReplicaSetPod" time="0.000000"></testcase>
		<testcase classname="github.com/argoproj/argo-rollouts/rollout" name="TestRestartDoNotDeleteOtherPods" time="0.000000"></testcase>
		<testcase classname="github.com/argoproj/argo-rollouts/rollout" name="TestRestartSortReplicaSetsByPriority/NewSortReplicaSetsByPriority()" time="0.000000"></testcase>
		<testcase classname="github.com/argoproj/argo-rollouts/rollout" name="TestRestartSortReplicaSetsByPriority/Less():_honor_stable_RS_over_new_RS" time="0.000000"></testcase>
		<testcase classname="github.com/argoproj/argo-rollouts/rollout" name="TestRestartSortReplicaSetsByPriority/Less():_honor_stable_RS_over_older_RS" time="0.000000"></testcase>
		<testcase classname="github.com/argoproj/argo-rollouts/rollout" name="TestRestartSortReplicaSetsByPriority/Less():_honor_new_RS_over_older_RS" time="0.000000"></testcase>
		<testcase classname="github.com/argoproj/argo-rollouts/rollout" name="TestRestartSortReplicaSetsByPriority/Less():_prioritize_older_ReplicaSet_" time="0.000000"></testcase>
		<testcase classname="github.com/argoproj/argo-rollouts/rollout" name="TestRestartSortReplicaSetsByPriority/Len()" time="0.000000"></testcase>
		<testcase classname="github.com/argoproj/argo-rollouts/rollout" name="TestRestartSortReplicaSetsByPriority/Swap()" time="0.000000"></testcase>
		<testcase classname="github.com/argoproj/argo-rollouts/rollout" name="TestRestartSortReplicaSetsByPriority" time="0.000000"></testcase>
		<testcase classname="github.com/argoproj/argo-rollouts/rollout" name="TestRestartMaxUnavailable/Restart_multiple" time="0.000000"></testcase>
		<testcase classname="github.com/argoproj/argo-rollouts/rollout" name="TestRestartMaxUnavailable/Restart_multiple_honor_availability" time="0.000000"></testcase>
		<testcase classname="github.com/argoproj/argo-rollouts/rollout" name="TestRestartMaxUnavailable/maxUnavailable_zero" time="0.000000"></testcase>
		<testcase classname="github.com/argoproj/argo-rollouts/rollout" name="TestRestartMaxUnavailable/maxUnavailable_100%" time="0.000000"></testcase>
		<testcase classname="github.com/argoproj/argo-rollouts/rollout" name="TestRestartMaxUnavailable/replicas:1_weight:50" time="0.000000"></testcase>
		<testcase classname="github.com/argoproj/argo-rollouts/rollout" name="TestRestartMaxUnavailable/replicas:1_weight:50,_already_at_minAvailable" time="0.000000"></testcase>
		<testcase classname="github.com/argoproj/argo-rollouts/rollout" name="TestRestartMaxUnavailable/replicas:0" time="0.000000"></testcase>
		<testcase classname="github.com/argoproj/argo-rollouts/rollout" name="TestRestartMaxUnavailable" time="0.000000"></testcase>
		<testcase classname="github.com/argoproj/argo-rollouts/rollout" name="TestRestartRespectPodDisruptionBudget" time="0.000000"></testcase>
		<testcase classname="github.com/argoproj/argo-rollouts/rollout" name="TestScaleDeployment" time="0.510000"></testcase>
		<testcase classname="github.com/argoproj/argo-rollouts/rollout" name="TestGetPreviewAndActiveServices/Get_Both" time="0.000000"></testcase>
		<testcase classname="github.com/argoproj/argo-rollouts/rollout" name="TestGetPreviewAndActiveServices/Preview_not_found" time="0.000000"></testcase>
		<testcase classname="github.com/argoproj/argo-rollouts/rollout" name="TestGetPreviewAndActiveServices/Active_not_found" time="0.000000"></testcase>
		<testcase classname="github.com/argoproj/argo-rollouts/rollout" name="TestGetPreviewAndActiveServices/Invalid_Spec:_No_Active_Svc" time="0.000000"></testcase>
		<testcase classname="github.com/argoproj/argo-rollouts/rollout" name="TestGetPreviewAndActiveServices" time="0.100000"></testcase>
		<testcase classname="github.com/argoproj/argo-rollouts/rollout" name="TestActiveServiceNotFound" time="0.200000"></testcase>
		<testcase classname="github.com/argoproj/argo-rollouts/rollout" name="TestPreviewServiceNotFound" time="0.200000"></testcase>
		<testcase classname="github.com/argoproj/argo-rollouts/rollout" name="TestBlueGreenAWSVerifyTargetGroupsNotYetReady" time="0.200000"></testcase>
		<testcase classname="github.com/argoproj/argo-rollouts/rollout" name="TestBlueGreenAWSVerifyTargetGroupsReady" time="0.200000"></testcase>
		<testcase classname="github.com/argoproj/argo-rollouts/rollout" name="TestCanaryAWSVerifyTargetGroupsNotYetReady" time="0.200000"></testcase>
		<testcase classname="github.com/argoproj/argo-rollouts/rollout" name="TestCanaryAWSVerifyTargetGroupsReady" time="0.200000"></testcase>
		<testcase classname="github.com/argoproj/argo-rollouts/rollout" name="TestCanaryAWSVerifyTargetGroupsSkip" time="0.200000"></testcase>
		<testcase classname="github.com/argoproj/argo-rollouts/rollout" name="TestShouldVerifyTargetGroups/CanaryNotUsingTrafficRouting" time="0.000000"></testcase>
		<testcase classname="github.com/argoproj/argo-rollouts/rollout" name="TestShouldVerifyTargetGroups/CanaryNotFullyPromoted" time="0.000000"></testcase>
		<testcase classname="github.com/argoproj/argo-rollouts/rollout" name="TestShouldVerifyTargetGroups/CanaryFullyPromoted" time="0.000000"></testcase>
		<testcase classname="github.com/argoproj/argo-rollouts/rollout" name="TestShouldVerifyTargetGroups/BlueGreenFullyPromoted" time="0.000000"></testcase>
		<testcase classname="github.com/argoproj/argo-rollouts/rollout" name="TestShouldVerifyTargetGroups/BlueGreenBeforePromotion" time="0.000000"></testcase>
		<testcase classname="github.com/argoproj/argo-rollouts/rollout" name="TestShouldVerifyTargetGroups/BlueGreenAfterPromotionAfterPromotionAnalysisStarted" time="0.000000"></testcase>
		<testcase classname="github.com/argoproj/argo-rollouts/rollout" name="TestShouldVerifyTargetGroups/BlueGreenAfterPromotion" time="0.000000"></testcase>
		<testcase classname="github.com/argoproj/argo-rollouts/rollout" name="TestShouldVerifyTargetGroups" time="0.000000"></testcase>
		<testcase classname="github.com/argoproj/argo-rollouts/rollout" name="TestDelayCanaryStableServiceLabelInjection" time="0.310000"></testcase>
		<testcase classname="github.com/argoproj/argo-rollouts/rollout" name="TestDelayCanaryStableServiceDelayOnAdoptedService/AdoptedService_No_Availability" time="0.100000"></testcase>
		<testcase classname="github.com/argoproj/argo-rollouts/rollout" name="TestDelayCanaryStableServiceDelayOnAdoptedService/AdoptedService_Partial_Availability" time="0.100000"></testcase>
		<testcase classname="github.com/argoproj/argo-rollouts/rollout" name="TestDelayCanaryStableServiceDelayOnAdoptedService" time="0.210000"></testcase>
		<testcase classname="github.com/argoproj/argo-rollouts/rollout" name="Test_stepPluginContext_reconcile_ReconciliationError" time="0.100000"></testcase>
		<testcase classname="github.com/argoproj/argo-rollouts/rollout" name="Test_stepPluginContext_reconcile_SuccessfulReconciliation/Status_is_added_when_not_present" time="0.100000"></testcase>
		<testcase classname="github.com/argoproj/argo-rollouts/rollout" name="Test_stepPluginContext_reconcile_SuccessfulReconciliation/Status_is_updated_when_existing" time="0.100000"></testcase>
		<testcase classname="github.com/argoproj/argo-rollouts/rollout" name="Test_stepPluginContext_reconcile_SuccessfulReconciliation/Status_order_is_preserved_when_updating" time="0.100000"></testcase>
		<testcase classname="github.com/argoproj/argo-rollouts/rollout" name="Test_stepPluginContext_reconcile_SuccessfulReconciliation" time="0.310000"></testcase>
		<testcase classname="github.com/argoproj/argo-rollouts/rollout" name="Test_stepPluginContext_reconcile_RunningReconciliation/Status_is_added_when_not_present" time="0.100000"></testcase>
		<testcase classname="github.com/argoproj/argo-rollouts/rollout" name="Test_stepPluginContext_reconcile_RunningReconciliation/Status_is_updated_when_existing" time="0.100000"></testcase>
		<testcase classname="github.com/argoproj/argo-rollouts/rollout" name="Test_stepPluginContext_reconcile_RunningReconciliation/Rollout_is_added_to_the_queue" time="0.100000"></testcase>
		<testcase classname="github.com/argoproj/argo-rollouts/rollout" name="Test_stepPluginContext_reconcile_RunningReconciliation" time="0.310000"></testcase>
		<testcase classname="github.com/argoproj/argo-rollouts/rollout" name="Test_stepPluginContext_reconcile_FailedReconciliation/Status_is_added_when_not_present" time="0.100000"></testcase>
		<testcase classname="github.com/argoproj/argo-rollouts/rollout" name="Test_stepPluginContext_reconcile_FailedReconciliation/Status_is_updated_when_existing" time="0.100000"></testcase>
		<testcase classname="github.com/argoproj/argo-rollouts/rollout" name="Test_stepPluginContext_reconcile_FailedReconciliation/Rollout_is_aborted" time="0.100000"></testcase>
		<testcase classname="github.com/argoproj/argo-rollouts/rollout" name="Test_stepPluginContext_reconcile_FailedReconciliation" time="0.310000"></testcase>
		<testcase classname="github.com/argoproj/argo-rollouts/rollout" name="Test_stepPluginContext_reconcile_FullyPromoted/Rollout_is_Terminated_on_full_promotion" time="0.100000"></testcase>
		<testcase classname="github.com/argoproj/argo-rollouts/rollout" name="Test_stepPluginContext_reconcile_FullyPromoted/Rollout_is_Terminated_on_fully_promoted" time="0.100000"></testcase>
		<testcase classname="github.com/argoproj/argo-rollouts/rollout" name="Test_stepPluginContext_reconcile_FullyPromoted/Rollout_is_Reconciled_when_already_terminated" time="0.100000"></testcase>
		<testcase classname="github.com/argoproj/argo-rollouts/rollout" name="Test_stepPluginContext_reconcile_FullyPromoted/Reconciliation_error" time="0.100000"></testcase>
		<testcase classname="github.com/argoproj/argo-rollouts/rollout" name="Test_stepPluginContext_reconcile_FullyPromoted" time="0.410000"></testcase>
		<testcase classname="github.com/argoproj/argo-rollouts/rollout" name="Test_stepPluginContext_reconcile_Aborted/Abort_called_on_each_plugin_step" time="0.100000"></testcase>
		<testcase classname="github.com/argoproj/argo-rollouts/rollout" name="Test_stepPluginContext_reconcile_Aborted/Rollout_is_reconciled_when_already_aborted" time="0.100000"></testcase>
		<testcase classname="github.com/argoproj/argo-rollouts/rollout" name="Test_stepPluginContext_reconcile_Aborted/Reconciliation_error" time="0.100000"></testcase>
		<testcase classname="github.com/argoproj/argo-rollouts/rollout" name="Test_stepPluginContext_reconcile_Aborted" time="0.300000"></testcase>
		<testcase classname="github.com/argoproj/argo-rollouts/rollout" name="Test_stepPluginContext_reconcile_Retry_After_Abort/Rollout_is_retried_when_already_aborted" time="0.100000"></testcase>
		<testcase classname="github.com/argoproj/argo-rollouts/rollout" name="Test_stepPluginContext_reconcile_Retry_After_Abort" time="0.100000"></testcase>
		<testcase classname="github.com/argoproj/argo-rollouts/rollout" name="Test_stepPluginContext_isStepPluginCompleted/Status_is_not_set" time="0.000000"></testcase>
		<testcase classname="github.com/argoproj/argo-rollouts/rollout" name="Test_stepPluginContext_isStepPluginCompleted/Phase_is_successful" time="0.000000"></testcase>
		<testcase classname="github.com/argoproj/argo-rollouts/rollout" name="Test_stepPluginContext_isStepPluginCompleted/With_transient_error" time="0.000000"></testcase>
		<testcase classname="github.com/argoproj/argo-rollouts/rollout" name="Test_stepPluginContext_isStepPluginCompleted/Phase_is_failed" time="0.000000"></testcase>
		<testcase classname="github.com/argoproj/argo-rollouts/rollout" name="Test_stepPluginContext_isStepPluginCompleted/Phase_is_error" time="0.000000"></testcase>
		<testcase classname="github.com/argoproj/argo-rollouts/rollout" name="Test_stepPluginContext_isStepPluginCompleted/Phase_is_running" time="0.000000"></testcase>
		<testcase classname="github.com/argoproj/argo-rollouts/rollout" name="Test_stepPluginContext_isStepPluginCompleted/Phase_is_running,_but_terminated" time="0.000000"></testcase>
		<testcase classname="github.com/argoproj/argo-rollouts/rollout" name="Test_stepPluginContext_isStepPluginCompleted/Phase_is_running,_but_aborted" time="0.000000"></testcase>
		<testcase classname="github.com/argoproj/argo-rollouts/rollout" name="Test_stepPluginContext_isStepPluginCompleted/status_for_index_is_missing" time="0.000000"></testcase>
		<testcase classname="github.com/argoproj/argo-rollouts/rollout" name="Test_stepPluginContext_isStepPluginCompleted/status_is_disabled" time="0.000000"></testcase>
		<testcase classname="github.com/argoproj/argo-rollouts/rollout" name="Test_stepPluginContext_isStepPluginCompleted" time="0.000000"></testcase>
		<testcase classname="github.com/argoproj/argo-rollouts/rollout" name="Test_stepPluginContext_updateStatus/status_is_not" time="0.000000"></testcase>
		<testcase classname="github.com/argoproj/argo-rollouts/rollout" name="Test_stepPluginContext_updateStatus/status_is_set" time="0.000000"></testcase>
		<testcase classname="github.com/argoproj/argo-rollouts/rollout" name="Test_stepPluginContext_updateStatus" time="0.000000"></testcase>
		<testcase classname="github.com/argoproj/argo-rollouts/rollout" name="TestReconcileRevisionHistoryLimit/No_Revision_History_Limit" time="0.100000"></testcase>
		<testcase classname="github.com/argoproj/argo-rollouts/rollout" name="TestReconcileRevisionHistoryLimit/Avoid_deleting_RS_with_deletion_timestamp" time="0.100000"></testcase>
		<testcase classname="github.com/argoproj/argo-rollouts/rollout" name="TestReconcileRevisionHistoryLimit/Delete_extra_replicasets" time="0.100000"></testcase>
		<testcase classname="github.com/argoproj/argo-rollouts/rollout" name="TestReconcileRevisionHistoryLimit/Dont_delete_scaled_replicasets" time="0.100000"></testcase>
		<testcase classname="github.com/argoproj/argo-rollouts/rollout" name="TestReconcileRevisionHistoryLimit/Do_not_delete_any_replicasets" time="0.100000"></testcase>
		<testcase classname="github.com/argoproj/argo-rollouts/rollout" name="TestReconcileRevisionHistoryLimit" time="0.500000"></testcase>
		<testcase classname="github.com/argoproj/argo-rollouts/rollout" name="TestPersistWorkloadRefGeneration" time="0.000000"></testcase>
		<testcase classname="github.com/argoproj/argo-rollouts/rollout" name="TestPingPongCanaryPromoteStable" time="0.100000"></testcase>
		<testcase classname="github.com/argoproj/argo-rollouts/rollout" name="TestCanaryPromoteFull" time="0.210000"></testcase>
		<testcase classname="github.com/argoproj/argo-rollouts/rollout" name="TestBlueGreenPromoteFull" time="0.200000"></testcase>
		<testcase classname="github.com/argoproj/argo-rollouts/rollout" name="TestSendStateChangeEvents" time="0.300000"></testcase>
		<testcase classname="github.com/argoproj/argo-rollouts/rollout" name="TestRollbackWindow" time="0.000000"></testcase>
		<testcase classname="github.com/argoproj/argo-rollouts/rollout" name="Test_shouldFullPromote" time="0.000000"></testcase>
		<testcase classname="github.com/argoproj/argo-rollouts/rollout" name="TestScaleDownDeploymentOnSuccess" time="0.200000"></testcase>
		<testcase classname="github.com/argoproj/argo-rollouts/rollout" name="TestResolve_NotSupportedGroup" time="0.100000"></testcase>
		<testcase classname="github.com/argoproj/argo-rollouts/rollout" name="TestResolve_NotSupportedKind" time="0.100000"></testcase>
		<testcase classname="github.com/argoproj/argo-rollouts/rollout" name="TestResolve_UnknownAPIResource" time="0.100000"></testcase>
		<testcase classname="github.com/argoproj/argo-rollouts/rollout" name="TestResolve_RefDoesNotExists" time="0.200000"></testcase>
		<testcase classname="github.com/argoproj/argo-rollouts/rollout" name="TestResolve_DeploymentRef" time="0.200000"></testcase>
		<testcase classname="github.com/argoproj/argo-rollouts/rollout" name="TestResolve_ReplicaSetRef" time="0.200000"></testcase>
		<testcase classname="github.com/argoproj/argo-rollouts/rollout" name="TestResolveRefDeployment_PodTemplate" time="0.200000"></testcase>
		<testcase classname="github.com/argoproj/argo-rollouts/rollout" name="TestRequeueReferencedRollouts" time="1.200000"></testcase>
		<testcase classname="github.com/argoproj/argo-rollouts/rollout" name="TestRequeueReferencedRollouts_InvalidMeta" time="0.100000"></testcase>
		<testcase classname="github.com/argoproj/argo-rollouts/rollout" name="TestResolveNotRef" time="0.100000"></testcase>
		<testcase classname="github.com/argoproj/argo-rollouts/rollout" name="TestRemashalMapFails" time="0.000000"></testcase>
		<testcase classname="github.com/argoproj/argo-rollouts/rollout" name="TestResolve_WorkloadWithTemplate" time="0.100000"></testcase>
		<testcase classname="github.com/argoproj/argo-rollouts/rollout" name="TestReconcileTrafficRoutingSetWeightErr" time="0.200000"></testcase>
		<testcase classname="github.com/argoproj/argo-rollouts/rollout" name="TestReconcileTrafficRoutingVerifyWeightErr" time="0.210000"></testcase>
		<testcase classname="github.com/argoproj/argo-rollouts/rollout" name="TestReconcileTrafficRoutingVerifyWeightFalse" time="0.210000"></testcase>
		<testcase classname="github.com/argoproj/argo-rollouts/rollout" name="TestReconcileTrafficRoutingVerifyWeightEndOfRollout" time="0.200000"></testcase>
		<testcase classname="github.com/argoproj/argo-rollouts/rollout" name="TestRolloutUseDesiredWeight" time="0.200000"></testcase>
		<testcase classname="github.com/argoproj/argo-rollouts/rollout" name="TestRolloutUseDesiredWeight100" time="0.200000"></testcase>
		<testcase classname="github.com/argoproj/argo-rollouts/rollout" name="TestRolloutWithExperimentStep/Experiment_Running_-_WeightDestination_created" time="0.210000"></testcase>
		<testcase classname="github.com/argoproj/argo-rollouts/rollout" name="TestRolloutWithExperimentStep/Experiment_Pending_-_no_WeightDestination_created" time="0.210000"></testcase>
		<testcase classname="github.com/argoproj/argo-rollouts/rollout" name="TestRolloutWithExperimentStep" time="0.420000"></testcase>
		<testcase classname="github.com/argoproj/argo-rollouts/rollout" name="TestRolloutUsePreviousSetWeight" time="0.210000"></testcase>
		<testcase classname="github.com/argoproj/argo-rollouts/rollout" name="TestRolloutUseDynamicWeightOnPromoteFull/DynamicStableScale_true" time="0.210000"></testcase>
		<testcase classname="github.com/argoproj/argo-rollouts/rollout" name="TestRolloutUseDynamicWeightOnPromoteFull/DynamicStableScale_false" time="0.200000"></testcase>
		<testcase classname="github.com/argoproj/argo-rollouts/rollout" name="TestRolloutUseDynamicWeightOnPromoteFull" time="0.410000"></testcase>
		<testcase classname="github.com/argoproj/argo-rollouts/rollout" name="TestRolloutSetWeightToZeroWhenFullyRolledOut" time="0.200000"></testcase>
		<testcase classname="github.com/argoproj/argo-rollouts/rollout" name="TestNewTrafficRoutingReconciler" time="0.100000"></testcase>
		<testcase classname="github.com/argoproj/argo-rollouts/rollout" name="TestCanaryWithTrafficRoutingAddScaleDownDelay" time="0.200000"></testcase>
		<testcase classname="github.com/argoproj/argo-rollouts/rollout" name="TestCanaryWithTrafficRoutingScaleDownLimit" time="0.200000"></testcase>
		<testcase classname="github.com/argoproj/argo-rollouts/rollout" name="TestDynamicScalingDontIncreaseWeightWhenAborted" time="0.200000"></testcase>
		<testcase classname="github.com/argoproj/argo-rollouts/rollout" name="TestDynamicScalingDecreaseWeightAccordingToStableAvailabilityWhenAborted" time="0.200000"></testcase>
		<testcase classname="github.com/argoproj/argo-rollouts/rollout" name="TestDynamicScalingDecreaseWeightAccordingToStableAvailabilityWhenAbortedAndResetService" time="0.210000"></testcase>
		<testcase classname="github.com/argoproj/argo-rollouts/rollout" name="TestRolloutReplicaIsAvailableAndGenerationNotBeModifiedShouldModifyVirtualServiceSHeaderRoute" time="0.210000"></testcase>
		<testcase classname="github.com/argoproj/argo-rollouts/rollout" name="TestDontWeightToZeroWhenDynamicallyRollingBackToStable" time="0.200000"></testcase>
	</testsuite>
	<testsuite tests="0" failures="0" time="0.026000" name="github.com/argoproj/argo-rollouts/rollout/mocks" timestamp="2024-10-02T10:26:39+08:00">
		<properties>
			<property name="go.version" value="go1.22.5 darwin/arm64"></property>
		</properties>
	</testsuite>
	<testsuite tests="27" failures="0" time="2.472000" name="github.com/argoproj/argo-rollouts/rollout/steps/plugin" timestamp="2024-10-02T10:26:39+08:00">
		<properties>
			<property name="go.version" value="go1.22.5 darwin/arm64"></property>
		</properties>
		<testcase classname="github.com/argoproj/argo-rollouts/rollout/steps/plugin" name="Test_stepPlugin_Run/Argument_set_without_status" time="0.000000"></testcase>
		<testcase classname="github.com/argoproj/argo-rollouts/rollout/steps/plugin" name="Test_stepPlugin_Run/Argument_set_with_status" time="0.000000"></testcase>
		<testcase classname="github.com/argoproj/argo-rollouts/rollout/steps/plugin" name="Test_stepPlugin_Run/use_existing_state" time="0.000000"></testcase>
		<testcase classname="github.com/argoproj/argo-rollouts/rollout/steps/plugin" name="Test_stepPlugin_Run/Successful_status" time="0.000000"></testcase>
		<testcase classname="github.com/argoproj/argo-rollouts/rollout/steps/plugin" name="Test_stepPlugin_Run/Running_status" time="0.000000"></testcase>
		<testcase classname="github.com/argoproj/argo-rollouts/rollout/steps/plugin" name="Test_stepPlugin_Run/Running_status_without_requeue" time="0.000000"></testcase>
		<testcase classname="github.com/argoproj/argo-rollouts/rollout/steps/plugin" name="Test_stepPlugin_Run/Running_status_with_requeue_too_fast" time="0.000000"></testcase>
		<testcase classname="github.com/argoproj/argo-rollouts/rollout/steps/plugin" name="Test_stepPlugin_Run/Failed_status" time="0.000000"></testcase>
		<testcase classname="github.com/argoproj/argo-rollouts/rollout/steps/plugin" name="Test_stepPlugin_Run/Error_status" time="0.000000"></testcase>
		<testcase classname="github.com/argoproj/argo-rollouts/rollout/steps/plugin" name="Test_stepPlugin_Run" time="0.000000"></testcase>
		<testcase classname="github.com/argoproj/argo-rollouts/rollout/steps/plugin" name="Test_stepPlugin_Terminate/Return_nil_status_if_not_running" time="0.000000"></testcase>
		<testcase classname="github.com/argoproj/argo-rollouts/rollout/steps/plugin" name="Test_stepPlugin_Terminate/Return_nil_status_if_already_terminated" time="0.000000"></testcase>
		<testcase classname="github.com/argoproj/argo-rollouts/rollout/steps/plugin" name="Test_stepPlugin_Terminate/Running_phase_overridden_to_failed_if_running" time="0.000000"></testcase>
		<testcase classname="github.com/argoproj/argo-rollouts/rollout/steps/plugin" name="Test_stepPlugin_Terminate/Completes_successfully" time="0.000000"></testcase>
		<testcase classname="github.com/argoproj/argo-rollouts/rollout/steps/plugin" name="Test_stepPlugin_Terminate/Error_status" time="0.000000"></testcase>
		<testcase classname="github.com/argoproj/argo-rollouts/rollout/steps/plugin" name="Test_stepPlugin_Terminate" time="0.000000"></testcase>
		<testcase classname="github.com/argoproj/argo-rollouts/rollout/steps/plugin" name="Test_stepPlugin_Abort/Return_nil_status_if_run_is_in_error" time="0.000000"></testcase>
		<testcase classname="github.com/argoproj/argo-rollouts/rollout/steps/plugin" name="Test_stepPlugin_Abort/Return_nil_status_if_run_has_failed" time="0.000000"></testcase>
		<testcase classname="github.com/argoproj/argo-rollouts/rollout/steps/plugin" name="Test_stepPlugin_Abort/Return_nil_status_if_already_aborted" time="0.000000"></testcase>
		<testcase classname="github.com/argoproj/argo-rollouts/rollout/steps/plugin" name="Test_stepPlugin_Abort/Running_phase_overridden_to_failed_if_running" time="0.000000"></testcase>
		<testcase classname="github.com/argoproj/argo-rollouts/rollout/steps/plugin" name="Test_stepPlugin_Abort/Completes_successfully" time="0.000000"></testcase>
		<testcase classname="github.com/argoproj/argo-rollouts/rollout/steps/plugin" name="Test_stepPlugin_Abort/Error_status" time="0.000000"></testcase>
		<testcase classname="github.com/argoproj/argo-rollouts/rollout/steps/plugin" name="Test_stepPlugin_Abort" time="0.000000"></testcase>
		<testcase classname="github.com/argoproj/argo-rollouts/rollout/steps/plugin" name="Test_disabledStepPlugin/Run_always_return_disabled_status" time="0.000000"></testcase>
		<testcase classname="github.com/argoproj/argo-rollouts/rollout/steps/plugin" name="Test_disabledStepPlugin/Abort_has_no_effect" time="0.000000"></testcase>
		<testcase classname="github.com/argoproj/argo-rollouts/rollout/steps/plugin" name="Test_disabledStepPlugin/Terminate_has_no_effect" time="0.000000"></testcase>
		<testcase classname="github.com/argoproj/argo-rollouts/rollout/steps/plugin" name="Test_disabledStepPlugin" time="0.000000"></testcase>
	</testsuite>
	<testsuite tests="0" failures="0" time="0.066000" name="github.com/argoproj/argo-rollouts/rollout/steps/plugin/client" timestamp="2024-10-02T10:26:39+08:00">
		<properties>
			<property name="go.version" value="go1.22.5 darwin/arm64"></property>
		</properties>
	</testsuite>
	<testsuite tests="0" failures="0" time="0.048000" name="github.com/argoproj/argo-rollouts/rollout/steps/plugin/mocks" timestamp="2024-10-02T10:26:39+08:00">
		<properties>
			<property name="go.version" value="go1.22.5 darwin/arm64"></property>
		</properties>
	</testsuite>
	<testsuite tests="3" failures="0" time="0.596000" name="github.com/argoproj/argo-rollouts/rollout/steps/plugin/rpc" timestamp="2024-10-02T10:26:39+08:00">
		<properties>
			<property name="go.version" value="go1.22.5 darwin/arm64"></property>
		</properties>
		<testcase classname="github.com/argoproj/argo-rollouts/rollout/steps/plugin/rpc" name="TestPlugin" time="0.010000"></testcase>
		<testcase classname="github.com/argoproj/argo-rollouts/rollout/steps/plugin/rpc" name="TestPluginClosedConnection" time="0.100000"></testcase>
		<testcase classname="github.com/argoproj/argo-rollouts/rollout/steps/plugin/rpc" name="TestInvalidArgs" time="0.000000"></testcase>
	</testsuite>
	<testsuite tests="0" failures="0" time="0.050000" name="github.com/argoproj/argo-rollouts/rollout/steps/plugin/rpc/mocks" timestamp="2024-10-02T10:26:39+08:00">
		<properties>
			<property name="go.version" value="go1.22.5 darwin/arm64"></property>
		</properties>
	</testsuite>
	<testsuite tests="1" failures="0" time="1.929000" name="github.com/argoproj/argo-rollouts/rollout/trafficrouting" timestamp="2024-10-02T10:26:39+08:00">
		<properties>
			<property name="go.version" value="go1.22.5 darwin/arm64"></property>
		</properties>
		<testcase classname="github.com/argoproj/argo-rollouts/rollout/trafficrouting" name="TestGetStableAndCanaryServices" time="0.000000"></testcase>
	</testsuite>
	<testsuite tests="39" failures="0" time="8.403000" name="github.com/argoproj/argo-rollouts/rollout/trafficrouting/alb" timestamp="2024-10-02T10:26:39+08:00">
		<properties>
			<property name="go.version" value="go1.22.5 darwin/arm64"></property>
		</properties>
		<testcase classname="github.com/argoproj/argo-rollouts/rollout/trafficrouting/alb" name="TestType" time="0.100000"></testcase>
		<testcase classname="github.com/argoproj/argo-rollouts/rollout/trafficrouting/alb" name="TestTypeMultiIngress" time="0.100000"></testcase>
		<testcase classname="github.com/argoproj/argo-rollouts/rollout/trafficrouting/alb" name="TestAddManagedAnnotation" time="0.000000"></testcase>
		<testcase classname="github.com/argoproj/argo-rollouts/rollout/trafficrouting/alb" name="TestIngressNotFound" time="0.100000"></testcase>
		<testcase classname="github.com/argoproj/argo-rollouts/rollout/trafficrouting/alb" name="TestIngressNotFoundMultiIngress" time="0.100000"></testcase>
		<testcase classname="github.com/argoproj/argo-rollouts/rollout/trafficrouting/alb" name="TestServiceNotFoundInIngress" time="0.100000"></testcase>
		<testcase classname="github.com/argoproj/argo-rollouts/rollout/trafficrouting/alb" name="TestServiceNotFoundInMultiIngress" time="0.100000"></testcase>
		<testcase classname="github.com/argoproj/argo-rollouts/rollout/trafficrouting/alb" name="TestNoChanges" time="0.100000"></testcase>
		<testcase classname="github.com/argoproj/argo-rollouts/rollout/trafficrouting/alb" name="TestNoChangesMultiIngress" time="0.100000"></testcase>
		<testcase classname="github.com/argoproj/argo-rollouts/rollout/trafficrouting/alb" name="TestErrorOnInvalidManagedBy" time="0.100000"></testcase>
		<testcase classname="github.com/argoproj/argo-rollouts/rollout/trafficrouting/alb" name="TestErrorOnInvalidManagedByMultiIngress" time="0.100000"></testcase>
		<testcase classname="github.com/argoproj/argo-rollouts/rollout/trafficrouting/alb" name="TestSetInitialDesiredWeight" time="0.100000"></testcase>
		<testcase classname="github.com/argoproj/argo-rollouts/rollout/trafficrouting/alb" name="TestSetInitialDesiredWeightMultiIngress" time="0.100000"></testcase>
		<testcase classname="github.com/argoproj/argo-rollouts/rollout/trafficrouting/alb" name="TestSetWeightPingPong" time="0.100000"></testcase>
		<testcase classname="github.com/argoproj/argo-rollouts/rollout/trafficrouting/alb" name="TestSetWeightPingPongMultiIngress" time="0.100000"></testcase>
		<testcase classname="github.com/argoproj/argo-rollouts/rollout/trafficrouting/alb" name="TestUpdateDesiredWeightWithStickyConfig" time="0.100000"></testcase>
		<testcase classname="github.com/argoproj/argo-rollouts/rollout/trafficrouting/alb" name="TestUpdateDesiredWeightWithStickyConfigMultiIngress" time="0.110000"></testcase>
		<testcase classname="github.com/argoproj/argo-rollouts/rollout/trafficrouting/alb" name="TestUpdateDesiredWeight" time="0.100000"></testcase>
		<testcase classname="github.com/argoproj/argo-rollouts/rollout/trafficrouting/alb" name="TestUpdateDesiredWeightMultiIngress" time="0.100000"></testcase>
		<testcase classname="github.com/argoproj/argo-rollouts/rollout/trafficrouting/alb" name="TestGetForwardActionStringMarshalsZeroCorrectly" time="0.000000"></testcase>
		<testcase classname="github.com/argoproj/argo-rollouts/rollout/trafficrouting/alb" name="TestGetForwardActionStringMarshalsDisabledStickyConfigCorrectly" time="0.000000"></testcase>
		<testcase classname="github.com/argoproj/argo-rollouts/rollout/trafficrouting/alb" name="TestGetForwardActionStringDetectsNegativeStickyConfigDuration" time="0.000000"></testcase>
		<testcase classname="github.com/argoproj/argo-rollouts/rollout/trafficrouting/alb" name="TestGetForwardActionStringDetectsTooLargeStickyConfigDuration" time="0.000000"></testcase>
		<testcase classname="github.com/argoproj/argo-rollouts/rollout/trafficrouting/alb" name="TestErrorPatching" time="0.100000"></testcase>
		<testcase classname="github.com/argoproj/argo-rollouts/rollout/trafficrouting/alb" name="TestErrorPatchingMultiIngress" time="0.100000"></testcase>
		<testcase classname="github.com/argoproj/argo-rollouts/rollout/trafficrouting/alb" name="TestVerifyWeight" time="0.710000"></testcase>
		<testcase classname="github.com/argoproj/argo-rollouts/rollout/trafficrouting/alb" name="TestVerifyWeightMultiIngress" time="0.610000"></testcase>
		<testcase classname="github.com/argoproj/argo-rollouts/rollout/trafficrouting/alb" name="TestSetWeightWithMultipleBackends" time="0.100000"></testcase>
		<testcase classname="github.com/argoproj/argo-rollouts/rollout/trafficrouting/alb" name="TestSetWeightWithMultipleBackendsMultiIngress" time="0.100000"></testcase>
		<testcase classname="github.com/argoproj/argo-rollouts/rollout/trafficrouting/alb" name="TestVerifyWeightWithAdditionalDestinations" time="0.350000"></testcase>
		<testcase classname="github.com/argoproj/argo-rollouts/rollout/trafficrouting/alb" name="TestVerifyWeightWithAdditionalDestinationsMultiIngress" time="0.310000"></testcase>
		<testcase classname="github.com/argoproj/argo-rollouts/rollout/trafficrouting/alb" name="TestSetHeaderRoute" time="0.110000"></testcase>
		<testcase classname="github.com/argoproj/argo-rollouts/rollout/trafficrouting/alb" name="TestSetHeaderRouteWithDifferentHeaderNames" time="0.100000"></testcase>
		<testcase classname="github.com/argoproj/argo-rollouts/rollout/trafficrouting/alb" name="TestSetHeaderRouteWithDuplicateHeaderNameMatches" time="0.100000"></testcase>
		<testcase classname="github.com/argoproj/argo-rollouts/rollout/trafficrouting/alb" name="TestSetHeaderRouteMultiIngress" time="0.100000"></testcase>
		<testcase classname="github.com/argoproj/argo-rollouts/rollout/trafficrouting/alb" name="TestRemoveManagedRoutes" time="0.100000"></testcase>
		<testcase classname="github.com/argoproj/argo-rollouts/rollout/trafficrouting/alb" name="TestRemoveManagedRoutesMultiIngress" time="0.100000"></testcase>
		<testcase classname="github.com/argoproj/argo-rollouts/rollout/trafficrouting/alb" name="TestSetMirrorRoute" time="0.100000"></testcase>
		<testcase classname="github.com/argoproj/argo-rollouts/rollout/trafficrouting/alb" name="TestSetMirrorRouteMultiIngress" time="0.100000"></testcase>
	</testsuite>
	<testsuite tests="31" failures="0" time="7.826000" name="github.com/argoproj/argo-rollouts/rollout/trafficrouting/ambassador" timestamp="2024-10-02T10:26:39+08:00">
		<properties>
			<property name="go.version" value="go1.22.5 darwin/arm64"></property>
		</properties>
		<testcase classname="github.com/argoproj/argo-rollouts/rollout/trafficrouting/ambassador" name="TestReconciler_SetWeight/SetWeight/will_respect_kube_resource_name_size_when_creating_the_canary_mapping" time="0.100000"></testcase>
		<testcase classname="github.com/argoproj/argo-rollouts/rollout/trafficrouting/ambassador" name="TestReconciler_SetWeight/SetWeight/will_return_error_if_base_mapping_defines_the_weight" time="0.100000"></testcase>
		<testcase classname="github.com/argoproj/argo-rollouts/rollout/trafficrouting/ambassador" name="TestReconciler_SetWeight/SetWeight/will_create_canary_ambassadormapping_and_set_weight_successfully" time="0.100000"></testcase>
		<testcase classname="github.com/argoproj/argo-rollouts/rollout/trafficrouting/ambassador" name="TestReconciler_SetWeight/SetWeight/will_create_canary_mapping_with_no_service_port" time="0.100000"></testcase>
		<testcase classname="github.com/argoproj/argo-rollouts/rollout/trafficrouting/ambassador" name="TestReconciler_SetWeight/SetWeight/will_create_multiple_canary_mappings_when_provided_multiple_base_mappings" time="0.100000"></testcase>
		<testcase classname="github.com/argoproj/argo-rollouts/rollout/trafficrouting/ambassador" name="TestReconciler_SetWeight/SetWeight/will_create_canary_mapping_and_set_weight_successfully" time="0.100000"></testcase>
		<testcase classname="github.com/argoproj/argo-rollouts/rollout/trafficrouting/ambassador" name="TestReconciler_SetWeight/SetWeight/will_update_canary_mapping_according_to_provided_weight" time="0.100000"></testcase>
		<testcase classname="github.com/argoproj/argo-rollouts/rollout/trafficrouting/ambassador" name="TestReconciler_SetWeight/SetWeight/will_return_errors_from_all_mapping_creations" time="0.100000"></testcase>
		<testcase classname="github.com/argoproj/argo-rollouts/rollout/trafficrouting/ambassador" name="TestReconciler_SetWeight/SetWeight/will_return_error_if_base_mapping_not_found" time="0.100000"></testcase>
		<testcase classname="github.com/argoproj/argo-rollouts/rollout/trafficrouting/ambassador" name="TestReconciler_SetWeight/SetWeight/will_cleanup_canary_mapping_if_current_weight_is_zero" time="5.100000"></testcase>
		<testcase classname="github.com/argoproj/argo-rollouts/rollout/trafficrouting/ambassador" name="TestReconciler_SetWeight/SetWeight" time="0.000000"></testcase>
		<testcase classname="github.com/argoproj/argo-rollouts/rollout/trafficrouting/ambassador" name="TestReconciler_SetWeight/Type/will_validate_returned_type" time="0.100000"></testcase>
		<testcase classname="github.com/argoproj/argo-rollouts/rollout/trafficrouting/ambassador" name="TestReconciler_SetWeight/Type" time="0.000000"></testcase>
		<testcase classname="github.com/argoproj/argo-rollouts/rollout/trafficrouting/ambassador" name="TestReconciler_SetWeight/VerifyWeight/verify_weight_will_always_return_nil" time="0.100000"></testcase>
		<testcase classname="github.com/argoproj/argo-rollouts/rollout/trafficrouting/ambassador" name="TestReconciler_SetWeight/VerifyWeight" time="0.000000"></testcase>
		<testcase classname="github.com/argoproj/argo-rollouts/rollout/trafficrouting/ambassador" name="TestReconciler_SetWeight/UpdateHash/will_always_return_nil" time="0.100000"></testcase>
		<testcase classname="github.com/argoproj/argo-rollouts/rollout/trafficrouting/ambassador" name="TestReconciler_SetWeight/UpdateHash" time="0.000000"></testcase>
		<testcase classname="github.com/argoproj/argo-rollouts/rollout/trafficrouting/ambassador" name="TestReconciler_SetWeight" time="5.410000"></testcase>
		<testcase classname="github.com/argoproj/argo-rollouts/rollout/trafficrouting/ambassador" name="TestReconcilerSetHeaderRoute/SetHeaderRoute/will_always_return_nil" time="0.110000"></testcase>
		<testcase classname="github.com/argoproj/argo-rollouts/rollout/trafficrouting/ambassador" name="TestReconcilerSetHeaderRoute/SetHeaderRoute" time="0.000000"></testcase>
		<testcase classname="github.com/argoproj/argo-rollouts/rollout/trafficrouting/ambassador" name="TestReconcilerSetHeaderRoute" time="0.110000"></testcase>
		<testcase classname="github.com/argoproj/argo-rollouts/rollout/trafficrouting/ambassador" name="TestReconcilerSetMirrorRoute/SetMirrorRoute/will_always_return_nil" time="0.100000"></testcase>
		<testcase classname="github.com/argoproj/argo-rollouts/rollout/trafficrouting/ambassador" name="TestReconcilerSetMirrorRoute/SetMirrorRoute" time="0.000000"></testcase>
		<testcase classname="github.com/argoproj/argo-rollouts/rollout/trafficrouting/ambassador" name="TestReconcilerSetMirrorRoute" time="0.100000"></testcase>
		<testcase classname="github.com/argoproj/argo-rollouts/rollout/trafficrouting/ambassador" name="TestGetMappingService/will_return_empty_string_if_service_not_found" time="0.000000"></testcase>
		<testcase classname="github.com/argoproj/argo-rollouts/rollout/trafficrouting/ambassador" name="TestGetMappingService" time="0.000000"></testcase>
		<testcase classname="github.com/argoproj/argo-rollouts/rollout/trafficrouting/ambassador" name="TestGetMappingGVR/will_return_default_gvr_if_apiVersion_not_provided" time="0.000000"></testcase>
		<testcase classname="github.com/argoproj/argo-rollouts/rollout/trafficrouting/ambassador" name="TestGetMappingGVR/will_get_gvr_successfully" time="0.000000"></testcase>
		<testcase classname="github.com/argoproj/argo-rollouts/rollout/trafficrouting/ambassador" name="TestGetMappingGVR/will_get_valid_gvr_even_if_apiVersion_has_the_wrong_domain" time="0.000000"></testcase>
		<testcase classname="github.com/argoproj/argo-rollouts/rollout/trafficrouting/ambassador" name="TestGetMappingGVR/will_get_correct_gvr_for_x.getambassador.io_api_group" time="0.000000"></testcase>
		<testcase classname="github.com/argoproj/argo-rollouts/rollout/trafficrouting/ambassador" name="TestGetMappingGVR" time="0.000000"></testcase>
	</testsuite>
	<testsuite tests="37" failures="0" time="2.747000" name="github.com/argoproj/argo-rollouts/rollout/trafficrouting/apisix" timestamp="2024-10-02T10:26:39+08:00">
		<properties>
			<property name="go.version" value="go1.22.5 darwin/arm64"></property>
		</properties>
		<testcase classname="github.com/argoproj/argo-rollouts/rollout/trafficrouting/apisix" name="TestUpdateHash/UpdateHash" time="0.000000"></testcase>
		<testcase classname="github.com/argoproj/argo-rollouts/rollout/trafficrouting/apisix" name="TestUpdateHash" time="0.000000"></testcase>
		<testcase classname="github.com/argoproj/argo-rollouts/rollout/trafficrouting/apisix" name="TestSetWeight/SetWeight" time="0.000000"></testcase>
		<testcase classname="github.com/argoproj/argo-rollouts/rollout/trafficrouting/apisix" name="TestSetWeight/SetWeightWithError" time="0.000000"></testcase>
		<testcase classname="github.com/argoproj/argo-rollouts/rollout/trafficrouting/apisix" name="TestSetWeight/SetWeightWithErrorManifest" time="0.000000"></testcase>
		<testcase classname="github.com/argoproj/argo-rollouts/rollout/trafficrouting/apisix" name="TestSetWeight/SetWeightWithErrorStableName" time="0.000000"></testcase>
		<testcase classname="github.com/argoproj/argo-rollouts/rollout/trafficrouting/apisix" name="TestSetWeight/SetWeightWithErrorCanaryName" time="0.000000"></testcase>
		<testcase classname="github.com/argoproj/argo-rollouts/rollout/trafficrouting/apisix" name="TestSetWeight/ApisixUpdateError" time="0.000000"></testcase>
		<testcase classname="github.com/argoproj/argo-rollouts/rollout/trafficrouting/apisix" name="TestSetWeight" time="0.000000"></testcase>
		<testcase classname="github.com/argoproj/argo-rollouts/rollout/trafficrouting/apisix" name="TestGetHttpRouteError" time="0.000000"></testcase>
		<testcase classname="github.com/argoproj/argo-rollouts/rollout/trafficrouting/apisix" name="TestGetBackendsError" time="0.000000"></testcase>
		<testcase classname="github.com/argoproj/argo-rollouts/rollout/trafficrouting/apisix" name="TestSetBackendWeightError" time="0.000000"></testcase>
		<testcase classname="github.com/argoproj/argo-rollouts/rollout/trafficrouting/apisix" name="TestSetHeaderRoute/SetHeaderGetRouteError" time="0.000000"></testcase>
		<testcase classname="github.com/argoproj/argo-rollouts/rollout/trafficrouting/apisix" name="TestSetHeaderRoute/SetHeaderGetManagedRouteError" time="0.000000"></testcase>
		<testcase classname="github.com/argoproj/argo-rollouts/rollout/trafficrouting/apisix" name="TestSetHeaderRoute/SetHeaderDuplicateManagedRouteError" time="0.000000"></testcase>
		<testcase classname="github.com/argoproj/argo-rollouts/rollout/trafficrouting/apisix" name="TestSetHeaderRoute/SetHeaderRouteNilMatchWithNew" time="0.000000"></testcase>
		<testcase classname="github.com/argoproj/argo-rollouts/rollout/trafficrouting/apisix" name="TestSetHeaderRoute/SetHeaderRouteNilMatch" time="0.000000"></testcase>
		<testcase classname="github.com/argoproj/argo-rollouts/rollout/trafficrouting/apisix" name="TestSetHeaderRoute/SetHeaderRoutePriorityWithNew" time="0.000000"></testcase>
		<testcase classname="github.com/argoproj/argo-rollouts/rollout/trafficrouting/apisix" name="TestSetHeaderRoute/SetHeaderRoutePriorityWithNew#01" time="0.000000"></testcase>
		<testcase classname="github.com/argoproj/argo-rollouts/rollout/trafficrouting/apisix" name="TestSetHeaderRoute/SetHeaderRouteExprsWithNew" time="0.000000"></testcase>
		<testcase classname="github.com/argoproj/argo-rollouts/rollout/trafficrouting/apisix" name="TestSetHeaderRoute/SetHeaderRouteExprs" time="0.000000"></testcase>
		<testcase classname="github.com/argoproj/argo-rollouts/rollout/trafficrouting/apisix" name="TestSetHeaderRoute/SetHeaderDeleteError" time="0.000000"></testcase>
		<testcase classname="github.com/argoproj/argo-rollouts/rollout/trafficrouting/apisix" name="TestSetHeaderRoute/SetHeaderCreateError" time="0.000000"></testcase>
		<testcase classname="github.com/argoproj/argo-rollouts/rollout/trafficrouting/apisix" name="TestSetHeaderRoute/SetHeaderUpdateError" time="0.000000"></testcase>
		<testcase classname="github.com/argoproj/argo-rollouts/rollout/trafficrouting/apisix" name="TestSetHeaderRoute/RemoveManagedRoutesDeleteError" time="0.000000"></testcase>
		<testcase classname="github.com/argoproj/argo-rollouts/rollout/trafficrouting/apisix" name="TestSetHeaderRoute/RemoveManagedRoutesNilManagedRoutes" time="0.000000"></testcase>
		<testcase classname="github.com/argoproj/argo-rollouts/rollout/trafficrouting/apisix" name="TestSetHeaderRoute" time="0.000000"></testcase>
		<testcase classname="github.com/argoproj/argo-rollouts/rollout/trafficrouting/apisix" name="TestSetMirrorRoute/SetMirrorRoute" time="0.000000"></testcase>
		<testcase classname="github.com/argoproj/argo-rollouts/rollout/trafficrouting/apisix" name="TestSetMirrorRoute" time="0.000000"></testcase>
		<testcase classname="github.com/argoproj/argo-rollouts/rollout/trafficrouting/apisix" name="TestRemoveManagedRoutes/RemoveManagedRoutes" time="0.000000"></testcase>
		<testcase classname="github.com/argoproj/argo-rollouts/rollout/trafficrouting/apisix" name="TestRemoveManagedRoutes/RemoveManagedRoutesError" time="0.000000"></testcase>
		<testcase classname="github.com/argoproj/argo-rollouts/rollout/trafficrouting/apisix" name="TestRemoveManagedRoutes/RemoveManagedRoutesNotFound" time="0.000000"></testcase>
		<testcase classname="github.com/argoproj/argo-rollouts/rollout/trafficrouting/apisix" name="TestRemoveManagedRoutes" time="0.000000"></testcase>
		<testcase classname="github.com/argoproj/argo-rollouts/rollout/trafficrouting/apisix" name="TestVerifyWeight/VerifyWeight" time="0.000000"></testcase>
		<testcase classname="github.com/argoproj/argo-rollouts/rollout/trafficrouting/apisix" name="TestVerifyWeight" time="0.000000"></testcase>
		<testcase classname="github.com/argoproj/argo-rollouts/rollout/trafficrouting/apisix" name="TestType/Type" time="0.000000"></testcase>
		<testcase classname="github.com/argoproj/argo-rollouts/rollout/trafficrouting/apisix" name="TestType" time="0.000000"></testcase>
	</testsuite>
	<testsuite tests="0" failures="0" time="0.016000" name="github.com/argoproj/argo-rollouts/rollout/trafficrouting/apisix/mocks" timestamp="2024-10-02T10:26:39+08:00">
		<properties>
			<property name="go.version" value="go1.22.5 darwin/arm64"></property>
		</properties>
	</testsuite>
	<testsuite tests="37" failures="0" time="5.289000" name="github.com/argoproj/argo-rollouts/rollout/trafficrouting/appmesh" timestamp="2024-10-02T10:26:39+08:00">
		<properties>
			<property name="go.version" value="go1.22.5 darwin/arm64"></property>
		</properties>
		<testcase classname="github.com/argoproj/argo-rollouts/rollout/trafficrouting/appmesh" name="TestSetWeightWithMissingVsvc" time="0.100000"></testcase>
		<testcase classname="github.com/argoproj/argo-rollouts/rollout/trafficrouting/appmesh" name="TestSetWeightVsvcWithVnodeProvider" time="0.100000"></testcase>
		<testcase classname="github.com/argoproj/argo-rollouts/rollout/trafficrouting/appmesh" name="TestSetWeightForVsvcWithMissingVrouter" time="0.100000"></testcase>
		<testcase classname="github.com/argoproj/argo-rollouts/rollout/trafficrouting/appmesh" name="TestSetWeightForVsvcWithVrouter/http-false" time="0.100000"></testcase>
		<testcase classname="github.com/argoproj/argo-rollouts/rollout/trafficrouting/appmesh" name="TestSetWeightForVsvcWithVrouter/tcp-true" time="0.100000"></testcase>
		<testcase classname="github.com/argoproj/argo-rollouts/rollout/trafficrouting/appmesh" name="TestSetWeightForVsvcWithVrouter/http-true" time="0.100000"></testcase>
		<testcase classname="github.com/argoproj/argo-rollouts/rollout/trafficrouting/appmesh" name="TestSetWeightForVsvcWithVrouter/http2-true" time="0.100000"></testcase>
		<testcase classname="github.com/argoproj/argo-rollouts/rollout/trafficrouting/appmesh" name="TestSetWeightForVsvcWithVrouter/grpc-true" time="0.100000"></testcase>
		<testcase classname="github.com/argoproj/argo-rollouts/rollout/trafficrouting/appmesh" name="TestSetWeightForVsvcWithVrouter/tcp-false" time="0.100000"></testcase>
		<testcase classname="github.com/argoproj/argo-rollouts/rollout/trafficrouting/appmesh" name="TestSetWeightForVsvcWithVrouter/grpc-false" time="0.100000"></testcase>
		<testcase classname="github.com/argoproj/argo-rollouts/rollout/trafficrouting/appmesh" name="TestSetWeightForVsvcWithVrouter/http2-false" time="0.100000"></testcase>
		<testcase classname="github.com/argoproj/argo-rollouts/rollout/trafficrouting/appmesh" name="TestSetWeightForVsvcWithVrouter" time="0.000000"></testcase>
		<testcase classname="github.com/argoproj/argo-rollouts/rollout/trafficrouting/appmesh" name="TestSetWeightWithUpdateVirtualRouterError" time="0.100000"></testcase>
		<testcase classname="github.com/argoproj/argo-rollouts/rollout/trafficrouting/appmesh" name="TestSetWeightWithInvalidRoutes/missing_routes" time="0.100000"></testcase>
		<testcase classname="github.com/argoproj/argo-rollouts/rollout/trafficrouting/appmesh" name="TestSetWeightWithInvalidRoutes/route_with_malformed_content" time="0.100000"></testcase>
		<testcase classname="github.com/argoproj/argo-rollouts/rollout/trafficrouting/appmesh" name="TestSetWeightWithInvalidRoutes/route_with_no_name" time="0.100000"></testcase>
		<testcase classname="github.com/argoproj/argo-rollouts/rollout/trafficrouting/appmesh" name="TestSetWeightWithInvalidRoutes/route_with_bad_route-type" time="0.100000"></testcase>
		<testcase classname="github.com/argoproj/argo-rollouts/rollout/trafficrouting/appmesh" name="TestSetWeightWithInvalidRoutes/route_with_no_targets" time="0.100000"></testcase>
		<testcase classname="github.com/argoproj/argo-rollouts/rollout/trafficrouting/appmesh" name="TestSetWeightWithInvalidRoutes" time="0.500000"></testcase>
		<testcase classname="github.com/argoproj/argo-rollouts/rollout/trafficrouting/appmesh" name="TestSetWeightForRolloutWithRouteFilter/with_mismatched_route-filter" time="0.100000"></testcase>
		<testcase classname="github.com/argoproj/argo-rollouts/rollout/trafficrouting/appmesh" name="TestSetWeightForRolloutWithRouteFilter/with_multiple_route-filter" time="0.100000"></testcase>
		<testcase classname="github.com/argoproj/argo-rollouts/rollout/trafficrouting/appmesh" name="TestSetWeightForRolloutWithRouteFilter/with_matched_route-filter" time="0.100000"></testcase>
		<testcase classname="github.com/argoproj/argo-rollouts/rollout/trafficrouting/appmesh" name="TestSetWeightForRolloutWithRouteFilter" time="0.000000"></testcase>
		<testcase classname="github.com/argoproj/argo-rollouts/rollout/trafficrouting/appmesh" name="TestUpdateHash/with_different_existing_hashes" time="0.100000"></testcase>
		<testcase classname="github.com/argoproj/argo-rollouts/rollout/trafficrouting/appmesh" name="TestUpdateHash/with_no_existing_hashes" time="0.100000"></testcase>
		<testcase classname="github.com/argoproj/argo-rollouts/rollout/trafficrouting/appmesh" name="TestUpdateHash/with_canaryHash_==_stableHash" time="0.100000"></testcase>
		<testcase classname="github.com/argoproj/argo-rollouts/rollout/trafficrouting/appmesh" name="TestUpdateHash/with_existing_hashes_cleared" time="0.100000"></testcase>
		<testcase classname="github.com/argoproj/argo-rollouts/rollout/trafficrouting/appmesh" name="TestUpdateHash" time="0.000000"></testcase>
		<testcase classname="github.com/argoproj/argo-rollouts/rollout/trafficrouting/appmesh" name="TestSetHeaderRoute/not_implemented_check" time="0.100000"></testcase>
		<testcase classname="github.com/argoproj/argo-rollouts/rollout/trafficrouting/appmesh" name="TestSetHeaderRoute" time="0.000000"></testcase>
		<testcase classname="github.com/argoproj/argo-rollouts/rollout/trafficrouting/appmesh" name="TestSetMirrorRoute/not_implemented_check" time="0.100000"></testcase>
		<testcase classname="github.com/argoproj/argo-rollouts/rollout/trafficrouting/appmesh" name="TestSetMirrorRoute" time="0.000000"></testcase>
		<testcase classname="github.com/argoproj/argo-rollouts/rollout/trafficrouting/appmesh" name="TestUpdateHashWhenGetStableVirtualNodeFails" time="0.100000"></testcase>
		<testcase classname="github.com/argoproj/argo-rollouts/rollout/trafficrouting/appmesh" name="TestUpdateHashWhenGetCanaryVirtualNodeFails" time="0.100000"></testcase>
		<testcase classname="github.com/argoproj/argo-rollouts/rollout/trafficrouting/appmesh" name="TestUpdateHashWhenUpdateStableVirtualNodeFails" time="0.100000"></testcase>
		<testcase classname="github.com/argoproj/argo-rollouts/rollout/trafficrouting/appmesh" name="TestUpdateHashWhenUpdateCanaryVirtualNodeFails" time="0.130000"></testcase>
		<testcase classname="github.com/argoproj/argo-rollouts/rollout/trafficrouting/appmesh" name="TestUpdateHashWithVirtualNodeMissingMatchLabels" time="0.110000"></testcase>
	</testsuite>
	<testsuite tests="70" failures="0" time="11.483000" name="github.com/argoproj/argo-rollouts/rollout/trafficrouting/istio" timestamp="2024-10-02T10:26:39+08:00">
		<properties>
			<property name="go.version" value="go1.22.5 darwin/arm64"></property>
		</properties>
		<testcase classname="github.com/argoproj/argo-rollouts/rollout/trafficrouting/istio" name="TestGetReferencedVirtualServices/get_referenced_virtualService_-_fail" time="0.000000"></testcase>
		<testcase classname="github.com/argoproj/argo-rollouts/rollout/trafficrouting/istio" name="TestGetReferencedVirtualServices" time="0.000000"></testcase>
		<testcase classname="github.com/argoproj/argo-rollouts/rollout/trafficrouting/istio" name="TestGetReferencedMultipleVirtualServices/get_referenced_virtualService_-_fail" time="0.000000"></testcase>
		<testcase classname="github.com/argoproj/argo-rollouts/rollout/trafficrouting/istio" name="TestGetReferencedMultipleVirtualServices" time="0.000000"></testcase>
		<testcase classname="github.com/argoproj/argo-rollouts/rollout/trafficrouting/istio" name="TestSyncDestinationRule" time="0.000000"></testcase>
		<testcase classname="github.com/argoproj/argo-rollouts/rollout/trafficrouting/istio" name="TestRun" time="1.000000"></testcase>
		<testcase classname="github.com/argoproj/argo-rollouts/rollout/trafficrouting/istio" name="TestHttpReconcileWeightsBaseCase" time="0.000000"></testcase>
		<testcase classname="github.com/argoproj/argo-rollouts/rollout/trafficrouting/istio" name="TestHttpReconcileHeaderRouteHostBased" time="0.200000"></testcase>
		<testcase classname="github.com/argoproj/argo-rollouts/rollout/trafficrouting/istio" name="TestHttpReconcileHeaderRouteSubsetBased" time="0.200000"></testcase>
		<testcase classname="github.com/argoproj/argo-rollouts/rollout/trafficrouting/istio" name="TestHttpReconcileHeaderRouteWithExtra" time="0.210000"></testcase>
		<testcase classname="github.com/argoproj/argo-rollouts/rollout/trafficrouting/istio" name="TestReconcileUpdateHeader" time="0.200000"></testcase>
		<testcase classname="github.com/argoproj/argo-rollouts/rollout/trafficrouting/istio" name="TestTlsReconcileWeightsBaseCase" time="0.000000"></testcase>
		<testcase classname="github.com/argoproj/argo-rollouts/rollout/trafficrouting/istio" name="TestTlsSniReconcileWeightsBaseCase" time="0.000000"></testcase>
		<testcase classname="github.com/argoproj/argo-rollouts/rollout/trafficrouting/istio" name="TestTlsPortAndSniReconcileWeightsBaseCase" time="0.000000"></testcase>
		<testcase classname="github.com/argoproj/argo-rollouts/rollout/trafficrouting/istio" name="TestTcpReconcileWeightsBaseCase" time="0.000000"></testcase>
		<testcase classname="github.com/argoproj/argo-rollouts/rollout/trafficrouting/istio" name="TestReconcileWeightsBaseCase" time="0.000000"></testcase>
		<testcase classname="github.com/argoproj/argo-rollouts/rollout/trafficrouting/istio" name="TestReconcileWeightsPingPongBaseCase" time="0.000000"></testcase>
		<testcase classname="github.com/argoproj/argo-rollouts/rollout/trafficrouting/istio" name="TestReconcileUpdateVirtualService" time="0.200000"></testcase>
		<testcase classname="github.com/argoproj/argo-rollouts/rollout/trafficrouting/istio" name="TestTlsReconcileUpdateVirtualService" time="0.200000"></testcase>
		<testcase classname="github.com/argoproj/argo-rollouts/rollout/trafficrouting/istio" name="TestTcpReconcileUpdateVirtualService" time="0.200000"></testcase>
		<testcase classname="github.com/argoproj/argo-rollouts/rollout/trafficrouting/istio" name="TestReconcileNoChanges" time="0.100000"></testcase>
		<testcase classname="github.com/argoproj/argo-rollouts/rollout/trafficrouting/istio" name="TestReconcileVirtualServiceExperimentStep" time="0.100000"></testcase>
		<testcase classname="github.com/argoproj/argo-rollouts/rollout/trafficrouting/istio" name="TestHostSplitExperimentStep" time="0.100000"></testcase>
		<testcase classname="github.com/argoproj/argo-rollouts/rollout/trafficrouting/istio" name="TestTlsReconcileNoChanges" time="0.100000"></testcase>
		<testcase classname="github.com/argoproj/argo-rollouts/rollout/trafficrouting/istio" name="TestTcpReconcileNoChanges" time="0.100000"></testcase>
		<testcase classname="github.com/argoproj/argo-rollouts/rollout/trafficrouting/istio" name="TestHttpReconcileInvalidVsvc" time="0.000000"></testcase>
		<testcase classname="github.com/argoproj/argo-rollouts/rollout/trafficrouting/istio" name="TestTlsReconcileInvalidVsvc" time="0.000000"></testcase>
		<testcase classname="github.com/argoproj/argo-rollouts/rollout/trafficrouting/istio" name="TestTcpReconcileInvalidVsvc" time="0.000000"></testcase>
		<testcase classname="github.com/argoproj/argo-rollouts/rollout/trafficrouting/istio" name="TestReconcileInvalidValidation" time="0.200000"></testcase>
		<testcase classname="github.com/argoproj/argo-rollouts/rollout/trafficrouting/istio" name="TestTlsReconcileInvalidValidation" time="0.200000"></testcase>
		<testcase classname="github.com/argoproj/argo-rollouts/rollout/trafficrouting/istio" name="TestTcpReconcileInvalidValidation" time="0.200000"></testcase>
		<testcase classname="github.com/argoproj/argo-rollouts/rollout/trafficrouting/istio" name="TestReconcileVirtualServiceNotFound" time="0.200000"></testcase>
		<testcase classname="github.com/argoproj/argo-rollouts/rollout/trafficrouting/istio" name="TestReconcileAmbiguousRoutes" time="0.200000"></testcase>
		<testcase classname="github.com/argoproj/argo-rollouts/rollout/trafficrouting/istio" name="TestTlsReconcileAmbiguousRoutes" time="0.200000"></testcase>
		<testcase classname="github.com/argoproj/argo-rollouts/rollout/trafficrouting/istio" name="TestTcpReconcileAmbiguousRoutes" time="0.200000"></testcase>
		<testcase classname="github.com/argoproj/argo-rollouts/rollout/trafficrouting/istio" name="TestHttpReconcileInferredSingleRoute" time="0.200000"></testcase>
		<testcase classname="github.com/argoproj/argo-rollouts/rollout/trafficrouting/istio" name="TestTlsReconcileInferredSingleRoute" time="0.200000"></testcase>
		<testcase classname="github.com/argoproj/argo-rollouts/rollout/trafficrouting/istio" name="TestTcpReconcileInferredSingleRoute" time="0.200000"></testcase>
		<testcase classname="github.com/argoproj/argo-rollouts/rollout/trafficrouting/istio" name="TestReconcileInferredSingleRoute" time="0.200000"></testcase>
		<testcase classname="github.com/argoproj/argo-rollouts/rollout/trafficrouting/istio" name="TestType" time="0.100000"></testcase>
		<testcase classname="github.com/argoproj/argo-rollouts/rollout/trafficrouting/istio" name="TestInvalidPatches" time="0.000000"></testcase>
		<testcase classname="github.com/argoproj/argo-rollouts/rollout/trafficrouting/istio" name="TestValidateHTTPRoutes" time="0.000000"></testcase>
		<testcase classname="github.com/argoproj/argo-rollouts/rollout/trafficrouting/istio" name="TestValidateTLSRoutes" time="0.000000"></testcase>
		<testcase classname="github.com/argoproj/argo-rollouts/rollout/trafficrouting/istio" name="TestValidateTCPRoutes" time="0.000000"></testcase>
		<testcase classname="github.com/argoproj/argo-rollouts/rollout/trafficrouting/istio" name="TestValidateHosts" time="0.000000"></testcase>
		<testcase classname="github.com/argoproj/argo-rollouts/rollout/trafficrouting/istio" name="TestValidateHTTPRoutesSubsets" time="0.000000"></testcase>
		<testcase classname="github.com/argoproj/argo-rollouts/rollout/trafficrouting/istio" name="TestUpdateHashAdditionalFieldsWithListers" time="0.200000"></testcase>
		<testcase classname="github.com/argoproj/argo-rollouts/rollout/trafficrouting/istio" name="TestUpdateHashWithListers" time="0.200000"></testcase>
		<testcase classname="github.com/argoproj/argo-rollouts/rollout/trafficrouting/istio" name="TestUpdateHashNoChange" time="0.200000"></testcase>
		<testcase classname="github.com/argoproj/argo-rollouts/rollout/trafficrouting/istio" name="TestUpdateHashWithoutListers" time="0.100000"></testcase>
		<testcase classname="github.com/argoproj/argo-rollouts/rollout/trafficrouting/istio" name="TestUpdateHashDestinationRuleNotFound" time="0.200000"></testcase>
		<testcase classname="github.com/argoproj/argo-rollouts/rollout/trafficrouting/istio" name="TestUpdateHashWithAdditionalDestinations" time="0.610000"></testcase>
		<testcase classname="github.com/argoproj/argo-rollouts/rollout/trafficrouting/istio" name="TestMultipleVirtualServiceConfigured" time="0.000000"></testcase>
		<testcase classname="github.com/argoproj/argo-rollouts/rollout/trafficrouting/istio" name="TestMultipleVirtualServiceReconcileWeightsBaseCase" time="0.000000"></testcase>
		<testcase classname="github.com/argoproj/argo-rollouts/rollout/trafficrouting/istio" name="TestMultipleVirtualServiceReconcileNoChanges" time="0.100000"></testcase>
		<testcase classname="github.com/argoproj/argo-rollouts/rollout/trafficrouting/istio" name="TestMultipleVirtualServiceReconcileUpdateVirtualServices" time="0.200000"></testcase>
		<testcase classname="github.com/argoproj/argo-rollouts/rollout/trafficrouting/istio" name="TestMultipleVirtualServiceReconcileInvalidValidation" time="0.200000"></testcase>
		<testcase classname="github.com/argoproj/argo-rollouts/rollout/trafficrouting/istio" name="TestMultipleVirtualServiceReconcileVirtualServiceNotFound" time="0.200000"></testcase>
		<testcase classname="github.com/argoproj/argo-rollouts/rollout/trafficrouting/istio" name="TestMultipleVirtualServiceReconcileAmbiguousRoutes" time="0.200000"></testcase>
		<testcase classname="github.com/argoproj/argo-rollouts/rollout/trafficrouting/istio" name="TestMultipleVirtualServiceReconcileInferredSingleRoute" time="0.200000"></testcase>
		<testcase classname="github.com/argoproj/argo-rollouts/rollout/trafficrouting/istio" name="TestHttpReconcileMirrorRoute" time="0.200000"></testcase>
		<testcase classname="github.com/argoproj/argo-rollouts/rollout/trafficrouting/istio" name="TestSingleTlsRouteReconcile" time="0.200000"></testcase>
		<testcase classname="github.com/argoproj/argo-rollouts/rollout/trafficrouting/istio" name="TestHttpReconcileMirrorRouteWithExtraFields" time="0.200000"></testcase>
		<testcase classname="github.com/argoproj/argo-rollouts/rollout/trafficrouting/istio" name="TestHttpReconcileMirrorRouteOrder" time="0.200000"></testcase>
		<testcase classname="github.com/argoproj/argo-rollouts/rollout/trafficrouting/istio" name="TestHttpReconcileMirrorRouteOrderSingleRouteNoName" time="0.200000"></testcase>
		<testcase classname="github.com/argoproj/argo-rollouts/rollout/trafficrouting/istio" name="TestHttpReconcileMirrorRouteSubset" time="0.200000"></testcase>
		<testcase classname="github.com/argoproj/argo-rollouts/rollout/trafficrouting/istio" name="TestReconcileUpdateMirror" time="0.200000"></testcase>
		<testcase classname="github.com/argoproj/argo-rollouts/rollout/trafficrouting/istio" name="TestReconcileHeaderRouteAvoidDuplicates" time="0.200000"></testcase>
		<testcase classname="github.com/argoproj/argo-rollouts/rollout/trafficrouting/istio" name="TestUpdateHashNoReadyReplicaSets" time="0.200000"></testcase>
		<testcase classname="github.com/argoproj/argo-rollouts/rollout/trafficrouting/istio" name="TestUpdateHashReadyReplicaSets" time="0.200000"></testcase>
	</testsuite>
	<testsuite tests="63" failures="0" time="4.438000" name="github.com/argoproj/argo-rollouts/rollout/trafficrouting/nginx" timestamp="2024-10-02T10:26:39+08:00">
		<properties>
			<property name="go.version" value="go1.22.5 darwin/arm64"></property>
		</properties>
		<testcase classname="github.com/argoproj/argo-rollouts/rollout/trafficrouting/nginx" name="TestCanaryIngressCreate/singleIngress" time="0.000000"></testcase>
		<testcase classname="github.com/argoproj/argo-rollouts/rollout/trafficrouting/nginx" name="TestCanaryIngressCreate/multiIngress" time="0.000000"></testcase>
		<testcase classname="github.com/argoproj/argo-rollouts/rollout/trafficrouting/nginx" name="TestCanaryIngressCreate" time="0.000000"></testcase>
		<testcase classname="github.com/argoproj/argo-rollouts/rollout/trafficrouting/nginx" name="TestCanaryIngressPatchWeight/singleIngress" time="0.000000"></testcase>
		<testcase classname="github.com/argoproj/argo-rollouts/rollout/trafficrouting/nginx" name="TestCanaryIngressPatchWeight/multiIngress" time="0.000000"></testcase>
		<testcase classname="github.com/argoproj/argo-rollouts/rollout/trafficrouting/nginx" name="TestCanaryIngressPatchWeight" time="0.000000"></testcase>
		<testcase classname="github.com/argoproj/argo-rollouts/rollout/trafficrouting/nginx" name="TestCanaryIngressUpdateRoute/singleIngress" time="0.000000"></testcase>
		<testcase classname="github.com/argoproj/argo-rollouts/rollout/trafficrouting/nginx" name="TestCanaryIngressUpdateRoute/multiIngress" time="0.000000"></testcase>
		<testcase classname="github.com/argoproj/argo-rollouts/rollout/trafficrouting/nginx" name="TestCanaryIngressUpdateRoute" time="0.000000"></testcase>
		<testcase classname="github.com/argoproj/argo-rollouts/rollout/trafficrouting/nginx" name="TestCanaryIngressRetainIngressClass/singleIngress" time="0.000000"></testcase>
		<testcase classname="github.com/argoproj/argo-rollouts/rollout/trafficrouting/nginx" name="TestCanaryIngressRetainIngressClass/multiIngress" time="0.000000"></testcase>
		<testcase classname="github.com/argoproj/argo-rollouts/rollout/trafficrouting/nginx" name="TestCanaryIngressRetainIngressClass" time="0.000000"></testcase>
		<testcase classname="github.com/argoproj/argo-rollouts/rollout/trafficrouting/nginx" name="TestCanaryIngressRetainTLS" time="0.000000"></testcase>
		<testcase classname="github.com/argoproj/argo-rollouts/rollout/trafficrouting/nginx" name="TestCanaryIngressRetainTLSWithMultipleStableIngresses" time="0.000000"></testcase>
		<testcase classname="github.com/argoproj/argo-rollouts/rollout/trafficrouting/nginx" name="TestCanaryIngressRetainLegacyTLS" time="0.000000"></testcase>
		<testcase classname="github.com/argoproj/argo-rollouts/rollout/trafficrouting/nginx" name="TestCanaryIngressNotAddTLS" time="0.000000"></testcase>
		<testcase classname="github.com/argoproj/argo-rollouts/rollout/trafficrouting/nginx" name="TestCanaryIngressNotAddLegacyTLS" time="0.000000"></testcase>
		<testcase classname="github.com/argoproj/argo-rollouts/rollout/trafficrouting/nginx" name="TestCanaryIngressAdditionalAnnotations/singleIngress" time="0.000000"></testcase>
		<testcase classname="github.com/argoproj/argo-rollouts/rollout/trafficrouting/nginx" name="TestCanaryIngressAdditionalAnnotations/multiIngress" time="0.000000"></testcase>
		<testcase classname="github.com/argoproj/argo-rollouts/rollout/trafficrouting/nginx" name="TestCanaryIngressAdditionalAnnotations" time="0.000000"></testcase>
		<testcase classname="github.com/argoproj/argo-rollouts/rollout/trafficrouting/nginx" name="TestCanaryIngressAdditionalAnnotationsNewIngress/singleIngress" time="0.000000"></testcase>
		<testcase classname="github.com/argoproj/argo-rollouts/rollout/trafficrouting/nginx" name="TestCanaryIngressAdditionalAnnotationsNewIngress/multiIngress" time="0.000000"></testcase>
		<testcase classname="github.com/argoproj/argo-rollouts/rollout/trafficrouting/nginx" name="TestCanaryIngressAdditionalAnnotationsNewIngress" time="0.000000"></testcase>
		<testcase classname="github.com/argoproj/argo-rollouts/rollout/trafficrouting/nginx" name="TestCanaryIngressRetainCurrentAnnotations/singleIngress" time="0.000000"></testcase>
		<testcase classname="github.com/argoproj/argo-rollouts/rollout/trafficrouting/nginx" name="TestCanaryIngressRetainCurrentAnnotations/multiIngress" time="0.000000"></testcase>
		<testcase classname="github.com/argoproj/argo-rollouts/rollout/trafficrouting/nginx" name="TestCanaryIngressRetainCurrentAnnotations" time="0.000000"></testcase>
		<testcase classname="github.com/argoproj/argo-rollouts/rollout/trafficrouting/nginx" name="TestCanaryIngressMaxWeightInTrafficRouting/singleIngress" time="0.000000"></testcase>
		<testcase classname="github.com/argoproj/argo-rollouts/rollout/trafficrouting/nginx" name="TestCanaryIngressMaxWeightInTrafficRouting/multiIngress" time="0.000000"></testcase>
		<testcase classname="github.com/argoproj/argo-rollouts/rollout/trafficrouting/nginx" name="TestCanaryIngressMaxWeightInTrafficRouting/singleIngress#01" time="0.000000"></testcase>
		<testcase classname="github.com/argoproj/argo-rollouts/rollout/trafficrouting/nginx" name="TestCanaryIngressMaxWeightInTrafficRouting/multiIngress#01" time="0.000000"></testcase>
		<testcase classname="github.com/argoproj/argo-rollouts/rollout/trafficrouting/nginx" name="TestCanaryIngressMaxWeightInTrafficRouting" time="0.000000"></testcase>
		<testcase classname="github.com/argoproj/argo-rollouts/rollout/trafficrouting/nginx" name="TestReconciler_canaryIngress/singleIngress" time="0.000000"></testcase>
		<testcase classname="github.com/argoproj/argo-rollouts/rollout/trafficrouting/nginx" name="TestReconciler_canaryIngress/multiIngress" time="0.000000"></testcase>
		<testcase classname="github.com/argoproj/argo-rollouts/rollout/trafficrouting/nginx" name="TestReconciler_canaryIngress" time="0.000000"></testcase>
		<testcase classname="github.com/argoproj/argo-rollouts/rollout/trafficrouting/nginx" name="TestType" time="0.100000"></testcase>
		<testcase classname="github.com/argoproj/argo-rollouts/rollout/trafficrouting/nginx" name="TestReconcileStableIngressNotFound" time="0.100000"></testcase>
		<testcase classname="github.com/argoproj/argo-rollouts/rollout/trafficrouting/nginx" name="TestReconcileStableIngressFound/singleIngress" time="0.100000"></testcase>
		<testcase classname="github.com/argoproj/argo-rollouts/rollout/trafficrouting/nginx" name="TestReconcileStableIngressFound/multiIngress" time="0.100000"></testcase>
		<testcase classname="github.com/argoproj/argo-rollouts/rollout/trafficrouting/nginx" name="TestReconcileStableIngressFound" time="0.200000"></testcase>
		<testcase classname="github.com/argoproj/argo-rollouts/rollout/trafficrouting/nginx" name="TestReconcileStableIngressFoundWrongBackend/singleIngress" time="0.100000"></testcase>
		<testcase classname="github.com/argoproj/argo-rollouts/rollout/trafficrouting/nginx" name="TestReconcileStableIngressFoundWrongBackend/multiIngress" time="0.100000"></testcase>
		<testcase classname="github.com/argoproj/argo-rollouts/rollout/trafficrouting/nginx" name="TestReconcileStableIngressFoundWrongBackend" time="0.200000"></testcase>
		<testcase classname="github.com/argoproj/argo-rollouts/rollout/trafficrouting/nginx" name="TestReconcileStableAndCanaryIngressFoundNoOwner/singleIngress" time="0.100000"></testcase>
		<testcase classname="github.com/argoproj/argo-rollouts/rollout/trafficrouting/nginx" name="TestReconcileStableAndCanaryIngressFoundNoOwner/multiIngress" time="0.100000"></testcase>
		<testcase classname="github.com/argoproj/argo-rollouts/rollout/trafficrouting/nginx" name="TestReconcileStableAndCanaryIngressFoundNoOwner" time="0.200000"></testcase>
		<testcase classname="github.com/argoproj/argo-rollouts/rollout/trafficrouting/nginx" name="TestReconcileStableAndCanaryIngressFoundBadOwner/singleIngress" time="0.100000"></testcase>
		<testcase classname="github.com/argoproj/argo-rollouts/rollout/trafficrouting/nginx" name="TestReconcileStableAndCanaryIngressFoundBadOwner/multiIngress" time="0.100000"></testcase>
		<testcase classname="github.com/argoproj/argo-rollouts/rollout/trafficrouting/nginx" name="TestReconcileStableAndCanaryIngressFoundBadOwner" time="0.200000"></testcase>
		<testcase classname="github.com/argoproj/argo-rollouts/rollout/trafficrouting/nginx" name="TestReconcileStableAndCanaryIngressFoundPatch/singleIngress" time="0.100000"></testcase>
		<testcase classname="github.com/argoproj/argo-rollouts/rollout/trafficrouting/nginx" name="TestReconcileStableAndCanaryIngressFoundPatch/multiIngress" time="0.100000"></testcase>
		<testcase classname="github.com/argoproj/argo-rollouts/rollout/trafficrouting/nginx" name="TestReconcileStableAndCanaryIngressFoundPatch" time="0.200000"></testcase>
		<testcase classname="github.com/argoproj/argo-rollouts/rollout/trafficrouting/nginx" name="TestReconcileWillInvokeNetworkingIngress/singleIngress" time="0.100000"></testcase>
		<testcase classname="github.com/argoproj/argo-rollouts/rollout/trafficrouting/nginx" name="TestReconcileWillInvokeNetworkingIngress/multiIngress" time="0.100000"></testcase>
		<testcase classname="github.com/argoproj/argo-rollouts/rollout/trafficrouting/nginx" name="TestReconcileWillInvokeNetworkingIngress" time="0.200000"></testcase>
		<testcase classname="github.com/argoproj/argo-rollouts/rollout/trafficrouting/nginx" name="TestReconcileStableAndCanaryIngressFoundNoChange/singleIngress" time="0.100000"></testcase>
		<testcase classname="github.com/argoproj/argo-rollouts/rollout/trafficrouting/nginx" name="TestReconcileStableAndCanaryIngressFoundNoChange/multiIngress" time="0.100000"></testcase>
		<testcase classname="github.com/argoproj/argo-rollouts/rollout/trafficrouting/nginx" name="TestReconcileStableAndCanaryIngressFoundNoChange" time="0.200000"></testcase>
		<testcase classname="github.com/argoproj/argo-rollouts/rollout/trafficrouting/nginx" name="TestReconcileCanaryCreateError/singleIngress" time="0.100000"></testcase>
		<testcase classname="github.com/argoproj/argo-rollouts/rollout/trafficrouting/nginx" name="TestReconcileCanaryCreateError/multiIngress" time="0.100000"></testcase>
		<testcase classname="github.com/argoproj/argo-rollouts/rollout/trafficrouting/nginx" name="TestReconcileCanaryCreateError" time="0.200000"></testcase>
		<testcase classname="github.com/argoproj/argo-rollouts/rollout/trafficrouting/nginx" name="TestReconcileCanaryCreateErrorAlreadyExistsPatch/singleIngress" time="0.100000"></testcase>
		<testcase classname="github.com/argoproj/argo-rollouts/rollout/trafficrouting/nginx" name="TestReconcileCanaryCreateErrorAlreadyExistsPatch/multiIngress" time="0.100000"></testcase>
		<testcase classname="github.com/argoproj/argo-rollouts/rollout/trafficrouting/nginx" name="TestReconcileCanaryCreateErrorAlreadyExistsPatch" time="0.200000"></testcase>
	</testsuite>
	<testsuite tests="0" failures="0" time="0.023000" name="github.com/argoproj/argo-rollouts/rollout/trafficrouting/plugin" timestamp="2024-10-02T10:26:39+08:00">
		<properties>
			<property name="go.version" value="go1.22.5 darwin/arm64"></property>
		</properties>
	</testsuite>
	<testsuite tests="0" failures="0" time="0.030000" name="github.com/argoproj/argo-rollouts/rollout/trafficrouting/plugin/client" timestamp="2024-10-02T10:26:39+08:00">
		<properties>
			<property name="go.version" value="go1.22.5 darwin/arm64"></property>
		</properties>
	</testsuite>
	<testsuite tests="3" failures="0" time="0.594000" name="github.com/argoproj/argo-rollouts/rollout/trafficrouting/plugin/rpc" timestamp="2024-10-02T10:26:39+08:00">
		<properties>
			<property name="go.version" value="go1.22.5 darwin/arm64"></property>
		</properties>
		<testcase classname="github.com/argoproj/argo-rollouts/rollout/trafficrouting/plugin/rpc" name="TestPlugin" time="0.010000"></testcase>
		<testcase classname="github.com/argoproj/argo-rollouts/rollout/trafficrouting/plugin/rpc" name="TestPluginClosedConnection" time="0.100000"></testcase>
		<testcase classname="github.com/argoproj/argo-rollouts/rollout/trafficrouting/plugin/rpc" name="TestInvalidArgs" time="0.000000"></testcase>
	</testsuite>
	<testsuite tests="27" failures="0" time="4.149000" name="github.com/argoproj/argo-rollouts/rollout/trafficrouting/smi" timestamp="2024-10-02T10:26:39+08:00">
		<properties>
			<property name="go.version" value="go1.22.5 darwin/arm64"></property>
		</properties>
		<testcase classname="github.com/argoproj/argo-rollouts/rollout/trafficrouting/smi" name="TestType" time="0.100000"></testcase>
		<testcase classname="github.com/argoproj/argo-rollouts/rollout/trafficrouting/smi" name="TestUnsupportedTrafficSplitApiVersionError" time="0.100000"></testcase>
		<testcase classname="github.com/argoproj/argo-rollouts/rollout/trafficrouting/smi" name="TestReconcileCreateNewTrafficSplit/v1alpha1" time="0.100000"></testcase>
		<testcase classname="github.com/argoproj/argo-rollouts/rollout/trafficrouting/smi" name="TestReconcileCreateNewTrafficSplit/v1alpha2" time="0.100000"></testcase>
		<testcase classname="github.com/argoproj/argo-rollouts/rollout/trafficrouting/smi" name="TestReconcileCreateNewTrafficSplit/v1alpha3" time="0.100000"></testcase>
		<testcase classname="github.com/argoproj/argo-rollouts/rollout/trafficrouting/smi" name="TestReconcileCreateNewTrafficSplit" time="0.300000"></testcase>
		<testcase classname="github.com/argoproj/argo-rollouts/rollout/trafficrouting/smi" name="TestReconcilePatchExistingTrafficSplit/v1alpha1" time="0.100000"></testcase>
		<testcase classname="github.com/argoproj/argo-rollouts/rollout/trafficrouting/smi" name="TestReconcilePatchExistingTrafficSplit/v1alpha2" time="0.100000"></testcase>
		<testcase classname="github.com/argoproj/argo-rollouts/rollout/trafficrouting/smi" name="TestReconcilePatchExistingTrafficSplit/v1alpha3" time="0.100000"></testcase>
		<testcase classname="github.com/argoproj/argo-rollouts/rollout/trafficrouting/smi" name="TestReconcilePatchExistingTrafficSplit" time="0.300000"></testcase>
		<testcase classname="github.com/argoproj/argo-rollouts/rollout/trafficrouting/smi" name="TestReconcilePatchExistingTrafficSplitNoChange/v1alpha1" time="0.100000"></testcase>
		<testcase classname="github.com/argoproj/argo-rollouts/rollout/trafficrouting/smi" name="TestReconcilePatchExistingTrafficSplitNoChange/v1alpha2" time="0.100000"></testcase>
		<testcase classname="github.com/argoproj/argo-rollouts/rollout/trafficrouting/smi" name="TestReconcilePatchExistingTrafficSplitNoChange/v1alpha3" time="0.100000"></testcase>
		<testcase classname="github.com/argoproj/argo-rollouts/rollout/trafficrouting/smi" name="TestReconcilePatchExistingTrafficSplitNoChange" time="0.300000"></testcase>
		<testcase classname="github.com/argoproj/argo-rollouts/rollout/trafficrouting/smi" name="TestReconcileGetTrafficSplitError" time="0.100000"></testcase>
		<testcase classname="github.com/argoproj/argo-rollouts/rollout/trafficrouting/smi" name="TestReconcileRolloutDoesNotOwnTrafficSplitError/v1alpha1" time="0.100000"></testcase>
		<testcase classname="github.com/argoproj/argo-rollouts/rollout/trafficrouting/smi" name="TestReconcileRolloutDoesNotOwnTrafficSplitError/v1alpha2" time="0.100000"></testcase>
		<testcase classname="github.com/argoproj/argo-rollouts/rollout/trafficrouting/smi" name="TestReconcileRolloutDoesNotOwnTrafficSplitError/v1alpha3" time="0.100000"></testcase>
		<testcase classname="github.com/argoproj/argo-rollouts/rollout/trafficrouting/smi" name="TestReconcileRolloutDoesNotOwnTrafficSplitError" time="0.300000"></testcase>
		<testcase classname="github.com/argoproj/argo-rollouts/rollout/trafficrouting/smi" name="TestCreateTrafficSplitForMultipleBackends/v1alpha1" time="0.100000"></testcase>
		<testcase classname="github.com/argoproj/argo-rollouts/rollout/trafficrouting/smi" name="TestCreateTrafficSplitForMultipleBackends/v1alpha2" time="0.100000"></testcase>
		<testcase classname="github.com/argoproj/argo-rollouts/rollout/trafficrouting/smi" name="TestCreateTrafficSplitForMultipleBackends/v1alpha3" time="0.100000"></testcase>
		<testcase classname="github.com/argoproj/argo-rollouts/rollout/trafficrouting/smi" name="TestCreateTrafficSplitForMultipleBackends" time="0.300000"></testcase>
		<testcase classname="github.com/argoproj/argo-rollouts/rollout/trafficrouting/smi" name="TestReconcileSetHeaderRoute/not_implemented" time="0.100000"></testcase>
		<testcase classname="github.com/argoproj/argo-rollouts/rollout/trafficrouting/smi" name="TestReconcileSetHeaderRoute" time="0.100000"></testcase>
		<testcase classname="github.com/argoproj/argo-rollouts/rollout/trafficrouting/smi" name="TestReconcileSetMirrorRoute/not_implemented" time="0.100000"></testcase>
		<testcase classname="github.com/argoproj/argo-rollouts/rollout/trafficrouting/smi" name="TestReconcileSetMirrorRoute" time="0.100000"></testcase>
	</testsuite>
	<testsuite tests="24" failures="0" time="2.170000" name="github.com/argoproj/argo-rollouts/rollout/trafficrouting/traefik" timestamp="2024-10-02T10:26:39+08:00">
		<properties>
			<property name="go.version" value="go1.22.5 darwin/arm64"></property>
		</properties>
		<testcase classname="github.com/argoproj/argo-rollouts/rollout/trafficrouting/traefik" name="TestNewDynamicClient/NewDynamicClient" time="0.000000"></testcase>
		<testcase classname="github.com/argoproj/argo-rollouts/rollout/trafficrouting/traefik" name="TestNewDynamicClient" time="0.000000"></testcase>
		<testcase classname="github.com/argoproj/argo-rollouts/rollout/trafficrouting/traefik" name="TestUpdateHash/UpdateHash" time="0.000000"></testcase>
		<testcase classname="github.com/argoproj/argo-rollouts/rollout/trafficrouting/traefik" name="TestUpdateHash" time="0.000000"></testcase>
		<testcase classname="github.com/argoproj/argo-rollouts/rollout/trafficrouting/traefik" name="TestSetWeight/SetWeight" time="0.000000"></testcase>
		<testcase classname="github.com/argoproj/argo-rollouts/rollout/trafficrouting/traefik" name="TestSetWeight/SetWeightWithError" time="0.000000"></testcase>
		<testcase classname="github.com/argoproj/argo-rollouts/rollout/trafficrouting/traefik" name="TestSetWeight/SetWeightWithErrorManifest" time="0.000000"></testcase>
		<testcase classname="github.com/argoproj/argo-rollouts/rollout/trafficrouting/traefik" name="TestSetWeight/SetWeightWithErrorStableName" time="0.000000"></testcase>
		<testcase classname="github.com/argoproj/argo-rollouts/rollout/trafficrouting/traefik" name="TestSetWeight/SetWeightWithErrorCanaryName" time="0.000000"></testcase>
		<testcase classname="github.com/argoproj/argo-rollouts/rollout/trafficrouting/traefik" name="TestSetWeight/TraefikUpdateError" time="0.000000"></testcase>
		<testcase classname="github.com/argoproj/argo-rollouts/rollout/trafficrouting/traefik" name="TestSetWeight" time="0.000000"></testcase>
		<testcase classname="github.com/argoproj/argo-rollouts/rollout/trafficrouting/traefik" name="TestSetHeaderRoute/SetHeaderRoute" time="0.000000"></testcase>
		<testcase classname="github.com/argoproj/argo-rollouts/rollout/trafficrouting/traefik" name="TestSetHeaderRoute" time="0.000000"></testcase>
		<testcase classname="github.com/argoproj/argo-rollouts/rollout/trafficrouting/traefik" name="TestSetMirrorRoute/SetMirrorRoute" time="0.000000"></testcase>
		<testcase classname="github.com/argoproj/argo-rollouts/rollout/trafficrouting/traefik" name="TestSetMirrorRoute" time="0.000000"></testcase>
		<testcase classname="github.com/argoproj/argo-rollouts/rollout/trafficrouting/traefik" name="TestVerifyWeight/VerifyWeight" time="0.000000"></testcase>
		<testcase classname="github.com/argoproj/argo-rollouts/rollout/trafficrouting/traefik" name="TestVerifyWeight" time="0.000000"></testcase>
		<testcase classname="github.com/argoproj/argo-rollouts/rollout/trafficrouting/traefik" name="TestType/Type" time="0.000000"></testcase>
		<testcase classname="github.com/argoproj/argo-rollouts/rollout/trafficrouting/traefik" name="TestType" time="0.000000"></testcase>
		<testcase classname="github.com/argoproj/argo-rollouts/rollout/trafficrouting/traefik" name="TestGetService/ErrorGetServiceFromStruct_" time="0.000000"></testcase>
		<testcase classname="github.com/argoproj/argo-rollouts/rollout/trafficrouting/traefik" name="TestGetService/ErrorGetServiceFromNil" time="0.000000"></testcase>
		<testcase classname="github.com/argoproj/argo-rollouts/rollout/trafficrouting/traefik" name="TestGetService/GetServiceFromMap" time="0.000000"></testcase>
		<testcase classname="github.com/argoproj/argo-rollouts/rollout/trafficrouting/traefik" name="TestGetService/ErrorGetServiceFromMap" time="0.000000"></testcase>
		<testcase classname="github.com/argoproj/argo-rollouts/rollout/trafficrouting/traefik" name="TestGetService" time="0.000000"></testcase>
	</testsuite>
	<testsuite tests="0" failures="0" time="0.020000" name="github.com/argoproj/argo-rollouts/rollout/trafficrouting/traefik/mocks" timestamp="2024-10-02T10:26:39+08:00">
		<properties>
			<property name="go.version" value="go1.22.5 darwin/arm64"></property>
		</properties>
	</testsuite>
	<testsuite tests="13" failures="0" time="1.423000" name="github.com/argoproj/argo-rollouts/server" timestamp="2024-10-02T10:26:39+08:00">
		<properties>
			<property name="go.version" value="go1.22.5 darwin/arm64"></property>
		</properties>
		<testcase classname="github.com/argoproj/argo-rollouts/server" name="TestIndexHtmlIsServed//test-root/" time="0.000000"></testcase>
		<testcase classname="github.com/argoproj/argo-rollouts/server" name="TestIndexHtmlIsServed//test-root/index.html" time="0.000000"></testcase>
		<testcase classname="github.com/argoproj/argo-rollouts/server" name="TestIndexHtmlIsServed//test-root/nonsense/../index.html" time="0.000000"></testcase>
		<testcase classname="github.com/argoproj/argo-rollouts/server" name="TestIndexHtmlIsServed//test-root/test-dir/test.css" time="0.000000"></testcase>
		<testcase classname="github.com/argoproj/argo-rollouts/server" name="TestIndexHtmlIsServed" time="0.000000"></testcase>
		<testcase classname="github.com/argoproj/argo-rollouts/server" name="TestWhenFileNotFoundSendIndexPageForUiReactRouter" time="0.000000"></testcase>
		<testcase classname="github.com/argoproj/argo-rollouts/server" name="TestSlashWillBeRedirectedToRootPath" time="0.000000"></testcase>
		<testcase classname="github.com/argoproj/argo-rollouts/server" name="TestInvalidFilesOrHackingAttemptReturn404//index.html" time="0.000000"></testcase>
		<testcase classname="github.com/argoproj/argo-rollouts/server" name="TestInvalidFilesOrHackingAttemptReturn404//etc/passwd" time="0.000000"></testcase>
		<testcase classname="github.com/argoproj/argo-rollouts/server" name="TestInvalidFilesOrHackingAttemptReturn404//test-root/../etc/passwd" time="0.000000"></testcase>
		<testcase classname="github.com/argoproj/argo-rollouts/server" name="TestInvalidFilesOrHackingAttemptReturn404//test-root/../../etc/passwd" time="0.000000"></testcase>
		<testcase classname="github.com/argoproj/argo-rollouts/server" name="TestInvalidFilesOrHackingAttemptReturn404//test-root/../../../etc/passwd" time="0.000000"></testcase>
		<testcase classname="github.com/argoproj/argo-rollouts/server" name="TestInvalidFilesOrHackingAttemptReturn404" time="0.000000"></testcase>
	</testsuite>
	<testsuite tests="5" failures="2" time="1.815000" name="github.com/argoproj/argo-rollouts/server/rbacpolicy" timestamp="2024-10-02T10:26:39+08:00">
		<properties>
			<property name="go.version" value="go1.22.5 darwin/arm64"></property>
		</properties>
		<testcase classname="github.com/argoproj/argo-rollouts/server/rbacpolicy" name="TestEnforceAllPolicies" time="0.000000">
			<failure message="Failed" type="">=== RUN   TestEnforceAllPolicies&#xA;2024/10/02 10:27:41 Request: alice, rollouts, promote, my-ns/my-app ---&gt; false&#xA;Hit Policy: &#xA;2024/10/02 10:27:41 Request: , rollouts, promote, my-ns/my-app ---&gt; false&#xA;Hit Policy: &#xA;    rbacpolicy_test.go:26: &#xA;        &#x9;Error Trace:&#x9;/Users/mac-DHAIOU06/go/src/github.com/argoproj/argo-rollouts/server/rbacpolicy/rbacpolicy_test.go:26&#xA;        &#x9;Error:      &#x9;Should be true&#xA;        &#x9;Test:       &#x9;TestEnforceAllPolicies&#xA;2024/10/02 10:27:41 Request: alice, logs, get, my-ns/my-app ---&gt; true&#xA;Hit Policy: &#xA;2024/10/02 10:27:41 Request: alice, updatecontainer, promote, my-ns/my-app ---&gt; true&#xA;Hit Policy: &#xA;2024/10/02 10:27:41 Request: bob, rollouts, promote, my-ns/my-app ---&gt; true&#xA;Hit Policy: &#xA;2024/10/02 10:27:41 Request: bob, logs, get, my-ns/my-app ---&gt; true&#xA;Hit Policy: &#xA;2024/10/02 10:27:41 Request: bob, updatecontainer, promote, my-ns/my-app ---&gt; true&#xA;Hit Policy: &#xA;2024/10/02 10:27:41 Request: my-role, rollouts, promote, my-ns/my-app ---&gt; false&#xA;Hit Policy: &#xA;2024/10/02 10:27:41 Request: , rollouts, promote, my-ns/my-app ---&gt; false&#xA;Hit Policy: &#xA;    rbacpolicy_test.go:36: &#xA;        &#x9;Error Trace:&#x9;/Users/mac-DHAIOU06/go/src/github.com/argoproj/argo-rollouts/server/rbacpolicy/rbacpolicy_test.go:36&#xA;        &#x9;Error:      &#x9;Should be true&#xA;        &#x9;Test:       &#x9;TestEnforceAllPolicies&#xA;2024/10/02 10:27:41 Request: , rollouts, promote, my-ns/my-app ---&gt; false&#xA;Hit Policy: &#xA;2024/10/02 10:27:41 Request: , rollouts, promote, my-ns/my-app ---&gt; false&#xA;Hit Policy: &#xA;    rbacpolicy_test.go:39: &#xA;        &#x9;Error Trace:&#x9;/Users/mac-DHAIOU06/go/src/github.com/argoproj/argo-rollouts/server/rbacpolicy/rbacpolicy_test.go:39&#xA;        &#x9;Error:      &#x9;Should be true&#xA;        &#x9;Test:       &#x9;TestEnforceAllPolicies&#xA;2024/10/02 10:27:41 Request: cathy, rollouts, promote, my-ns/my-app ---&gt; false&#xA;Hit Policy: &#xA;2024/10/02 10:27:41 Request: , rollouts, promote, my-ns/my-app ---&gt; false&#xA;Hit Policy: &#xA;2024/10/02 10:27:41 Request: , rollouts, promote, my-ns/my-app ---&gt; false&#xA;Hit Policy: &#xA;2024/10/02 10:27:41 Request: , rollouts, promote, my-ns/my-app ---&gt; false&#xA;Hit Policy: &#xA;    rbacpolicy_test.go:47: &#xA;        &#x9;Error Trace:&#x9;/Users/mac-DHAIOU06/go/src/github.com/argoproj/argo-rollouts/server/rbacpolicy/rbacpolicy_test.go:47&#xA;        &#x9;Error:      &#x9;Should be true&#xA;        &#x9;Test:       &#x9;TestEnforceAllPolicies&#xA;--- FAIL: TestEnforceAllPolicies (0.00s)&#xA;</failure>
		</testcase>
		<testcase classname="github.com/argoproj/argo-rollouts/server/rbacpolicy" name="TestInvalidatedCache" time="0.000000">
			<failure message="Failed" type="">=== RUN   TestInvalidatedCache&#xA;2024/10/02 10:27:41 Request: alice, rollouts, promote, my-ns/my-app ---&gt; true&#xA;Hit Policy: &#xA;2024/10/02 10:27:41 Request: bob, rollouts, promote, my-ns/my-app ---&gt; true&#xA;Hit Policy: &#xA;2024/10/02 10:27:41 Request: bob, rollouts, updatecontainer, my-ns/my-app ---&gt; true&#xA;Hit Policy: &#xA;2024/10/02 10:27:41 Request: bob, rollouts, get, my-ns/my-app ---&gt; true&#xA;Hit Policy: &#xA;    rbacpolicy_test.go:91: &#xA;        &#x9;Error Trace:&#x9;/Users/mac-DHAIOU06/go/src/github.com/argoproj/argo-rollouts/server/rbacpolicy/rbacpolicy_test.go:91&#xA;        &#x9;Error:      &#x9;Should be false&#xA;        &#x9;Test:       &#x9;TestInvalidatedCache&#xA;2024/10/02 10:27:41 Request: alice, rollouts, promote, my-ns2/my-app ---&gt; true&#xA;Hit Policy: &#xA;2024/10/02 10:27:41 Request: alice, rollouts, updatecontainer, my-ns2/my-app ---&gt; true&#xA;Hit Policy: &#xA;2024/10/02 10:27:41 Request: alice, rollouts, get, my-ns2/my-app ---&gt; false&#xA;Hit Policy: &#xA;2024/10/02 10:27:41 Request: , rollouts, get, my-ns2/my-app ---&gt; false&#xA;Hit Policy: &#xA;2024/10/02 10:27:41 Request: bob, rollouts, promote, my-ns2/my-app ---&gt; true&#xA;Hit Policy: &#xA;2024/10/02 10:27:41 Request: alice, rollouts, promote, my-ns/my-app ---&gt; false&#xA;Hit Policy: &#xA;2024/10/02 10:27:41 Request: , rollouts, promote, my-ns/my-app ---&gt; false&#xA;Hit Policy: &#xA;2024/10/02 10:27:41 Request: bob, rollouts, promote, my-ns/my-app ---&gt; false&#xA;Hit Policy: &#xA;2024/10/02 10:27:41 Request: , rollouts, promote, my-ns/my-app ---&gt; false&#xA;Hit Policy: &#xA;--- FAIL: TestInvalidatedCache (0.00s)&#xA;</failure>
		</testcase>
		<testcase classname="github.com/argoproj/argo-rollouts/server/rbacpolicy" name="TestEnforceActionActions" time="0.000000"></testcase>
		<testcase classname="github.com/argoproj/argo-rollouts/server/rbacpolicy" name="TestGetScopes_DefaultScopes" time="0.000000"></testcase>
		<testcase classname="github.com/argoproj/argo-rollouts/server/rbacpolicy" name="TestGetScopes_CustomScopes" time="0.000000"></testcase>
	</testsuite>
	<testsuite tests="0" failures="0" time="0.000000" name="github.com/argoproj/argo-rollouts/server/rollout" timestamp="2024-10-02T10:26:39+08:00">
		<properties>
			<property name="go.version" value="go1.22.5 darwin/arm64"></property>
		</properties>
	</testsuite>
	<testsuite tests="0" failures="0" time="0.054000" name="github.com/argoproj/argo-rollouts/server/settings" timestamp="2024-10-02T10:26:39+08:00">
		<properties>
			<property name="go.version" value="go1.22.5 darwin/arm64"></property>
		</properties>
	</testsuite>
	<testsuite tests="0" failures="0" time="0.054000" name="github.com/argoproj/argo-rollouts/server/settings/oidc" timestamp="2024-10-02T10:26:39+08:00">
		<properties>
			<property name="go.version" value="go1.22.5 darwin/arm64"></property>
		</properties>
	</testsuite>
	<testsuite tests="8" failures="0" time="2.292000" name="github.com/argoproj/argo-rollouts/service" timestamp="2024-10-02T10:26:39+08:00">
		<properties>
			<property name="go.version" value="go1.22.5 darwin/arm64"></property>
		</properties>
		<testcase classname="github.com/argoproj/argo-rollouts/service" name="TestGenerateRemovePatch" time="0.000000"></testcase>
		<testcase classname="github.com/argoproj/argo-rollouts/service" name="TestSyncMissingService" time="0.000000"></testcase>
		<testcase classname="github.com/argoproj/argo-rollouts/service" name="TestSyncMissingServiceInCache" time="0.000000"></testcase>
		<testcase classname="github.com/argoproj/argo-rollouts/service" name="TestSyncServiceNotReferencedByRollout" time="0.000000"></testcase>
		<testcase classname="github.com/argoproj/argo-rollouts/service" name="TestSyncServiceWithNoManagedBy" time="0.000000"></testcase>
		<testcase classname="github.com/argoproj/argo-rollouts/service" name="TestSyncServiceWithManagedByWithNoRolloutReference" time="0.000000"></testcase>
		<testcase classname="github.com/argoproj/argo-rollouts/service" name="TestSyncServiceReferencedByRollout" time="0.000000"></testcase>
		<testcase classname="github.com/argoproj/argo-rollouts/service" name="TestRun" time="1.000000"></testcase>
	</testsuite>
	<testsuite tests="0" failures="0" time="0.034000" name="github.com/argoproj/argo-rollouts/test" timestamp="2024-10-02T10:26:39+08:00">
		<properties>
			<property name="go.version" value="go1.22.5 darwin/arm64"></property>
		</properties>
	</testsuite>
	<testsuite tests="0" failures="0" time="0.042000" name="github.com/argoproj/argo-rollouts/test/cmd/step-plugin-e2e" timestamp="2024-10-02T10:26:39+08:00">
		<properties>
			<property name="go.version" value="go1.22.5 darwin/arm64"></property>
		</properties>
	</testsuite>
	<testsuite tests="0" failures="0" time="0.025000" name="github.com/argoproj/argo-rollouts/test/cmd/step-plugin-e2e/internal/plugin" timestamp="2024-10-02T10:26:39+08:00">
		<properties>
			<property name="go.version" value="go1.22.5 darwin/arm64"></property>
		</properties>
	</testsuite>
	<testsuite tests="1" failures="0" time="1.644000" name="github.com/argoproj/argo-rollouts/test/cmd/step-plugin-sample" timestamp="2024-10-02T10:26:39+08:00">
		<properties>
			<property name="go.version" value="go1.22.5 darwin/arm64"></property>
		</properties>
		<testcase classname="github.com/argoproj/argo-rollouts/test/cmd/step-plugin-sample" name="TestPlugin" time="0.010000"></testcase>
	</testsuite>
	<testsuite tests="10" failures="0" time="2.083000" name="github.com/argoproj/argo-rollouts/test/cmd/step-plugin-sample/internal/plugin" timestamp="2024-10-02T10:26:39+08:00">
		<properties>
			<property name="go.version" value="go1.22.5 darwin/arm64"></property>
		</properties>
		<testcase classname="github.com/argoproj/argo-rollouts/test/cmd/step-plugin-sample/internal/plugin" name="Test_rpcPlugin_Run/Return_value_with_nil_context" time="0.000000"></testcase>
		<testcase classname="github.com/argoproj/argo-rollouts/test/cmd/step-plugin-sample/internal/plugin" name="Test_rpcPlugin_Run/Return_value_with_empty_context" time="0.000000"></testcase>
		<testcase classname="github.com/argoproj/argo-rollouts/test/cmd/step-plugin-sample/internal/plugin" name="Test_rpcPlugin_Run/Return_value_with_existing_state" time="0.000000"></testcase>
		<testcase classname="github.com/argoproj/argo-rollouts/test/cmd/step-plugin-sample/internal/plugin" name="Test_rpcPlugin_Run/Running_status_with_async_config" time="0.000000"></testcase>
		<testcase classname="github.com/argoproj/argo-rollouts/test/cmd/step-plugin-sample/internal/plugin" name="Test_rpcPlugin_Run/Return_running_with_async_config_and_existing_state_not_completed" time="0.000000"></testcase>
		<testcase classname="github.com/argoproj/argo-rollouts/test/cmd/step-plugin-sample/internal/plugin" name="Test_rpcPlugin_Run/Return_value_with_async_config_and_existing_state" time="0.000000"></testcase>
		<testcase classname="github.com/argoproj/argo-rollouts/test/cmd/step-plugin-sample/internal/plugin" name="Test_rpcPlugin_Run/Return_value_with_aggregate_and_no_previous_step" time="0.000000"></testcase>
		<testcase classname="github.com/argoproj/argo-rollouts/test/cmd/step-plugin-sample/internal/plugin" name="Test_rpcPlugin_Run/Return_value_with_aggregate" time="0.000000"></testcase>
		<testcase classname="github.com/argoproj/argo-rollouts/test/cmd/step-plugin-sample/internal/plugin" name="Test_rpcPlugin_Run/Return_value_with_aggregate_of_an_aggregate" time="0.000000"></testcase>
		<testcase classname="github.com/argoproj/argo-rollouts/test/cmd/step-plugin-sample/internal/plugin" name="Test_rpcPlugin_Run" time="0.000000"></testcase>
	</testsuite>
	<testsuite tests="0" failures="0" time="0.027000" name="github.com/argoproj/argo-rollouts/test/cmd/trafficrouter-plugin-sample" timestamp="2024-10-02T10:26:39+08:00">
		<properties>
			<property name="go.version" value="go1.22.5 darwin/arm64"></property>
		</properties>
	</testsuite>
	<testsuite tests="0" failures="0" time="0.025000" name="github.com/argoproj/argo-rollouts/test/cmd/trafficrouter-plugin-sample/internal/plugin" timestamp="2024-10-02T10:26:39+08:00">
		<properties>
			<property name="go.version" value="go1.22.5 darwin/arm64"></property>
		</properties>
	</testsuite>
	<testsuite tests="0" failures="0" time="0.011000" name="github.com/argoproj/argo-rollouts/test/fixtures" timestamp="2024-10-02T10:26:39+08:00">
		<properties>
			<property name="go.version" value="go1.22.5 darwin/arm64"></property>
		</properties>
	</testsuite>
	<testsuite tests="0" failures="0" time="0.012000" name="github.com/argoproj/argo-rollouts/test/util" timestamp="2024-10-02T10:26:39+08:00">
		<properties>
			<property name="go.version" value="go1.22.5 darwin/arm64"></property>
		</properties>
	</testsuite>
	<testsuite tests="84" failures="0" time="1.377000" name="github.com/argoproj/argo-rollouts/utils/analysis" timestamp="2024-10-02T10:26:39+08:00">
		<properties>
			<property name="go.version" value="go1.22.5 darwin/arm64"></property>
		</properties>
		<testcase classname="github.com/argoproj/argo-rollouts/utils/analysis" name="TestBuildArgumentsForRolloutAnalysisRun" time="0.000000"></testcase>
		<testcase classname="github.com/argoproj/argo-rollouts/utils/analysis" name="TestPrePromotionLabels" time="0.000000"></testcase>
		<testcase classname="github.com/argoproj/argo-rollouts/utils/analysis" name="TestPostPromotionLabels" time="0.000000"></testcase>
		<testcase classname="github.com/argoproj/argo-rollouts/utils/analysis" name="TestStepLabels" time="0.000000"></testcase>
		<testcase classname="github.com/argoproj/argo-rollouts/utils/analysis" name="TestBackgroundLabels" time="0.000000"></testcase>
		<testcase classname="github.com/argoproj/argo-rollouts/utils/analysis" name="TestValidateMetrics/Ensure_count_&gt;=_failureLimit" time="0.000000"></testcase>
		<testcase classname="github.com/argoproj/argo-rollouts/utils/analysis" name="TestValidateMetrics/Ensure_count_must_be_&gt;=_inconclusiveLimit" time="0.000000"></testcase>
		<testcase classname="github.com/argoproj/argo-rollouts/utils/analysis" name="TestValidateMetrics/Validate_metric" time="0.000000"></testcase>
		<testcase classname="github.com/argoproj/argo-rollouts/utils/analysis" name="TestValidateMetrics/Ensure_valid_internal_string" time="0.000000"></testcase>
		<testcase classname="github.com/argoproj/argo-rollouts/utils/analysis" name="TestValidateMetrics/Ensure_valid_initialDelay_string" time="0.000000"></testcase>
		<testcase classname="github.com/argoproj/argo-rollouts/utils/analysis" name="TestValidateMetrics/Ensure_metric_provider_listed" time="0.000000"></testcase>
		<testcase classname="github.com/argoproj/argo-rollouts/utils/analysis" name="TestValidateMetrics/Ensure_interval_set_when_count_&gt;_1" time="0.000000"></testcase>
		<testcase classname="github.com/argoproj/argo-rollouts/utils/analysis" name="TestValidateMetrics/Ensure_no_duplicate_metric_names" time="0.000000"></testcase>
		<testcase classname="github.com/argoproj/argo-rollouts/utils/analysis" name="TestValidateMetrics/Ensure_failureLimit_&gt;=_0" time="0.000000"></testcase>
		<testcase classname="github.com/argoproj/argo-rollouts/utils/analysis" name="TestValidateMetrics/Ensure_inconclusiveLimit_&gt;=_0" time="0.000000"></testcase>
		<testcase classname="github.com/argoproj/argo-rollouts/utils/analysis" name="TestValidateMetrics/Ensure_consecutiveErrorLimit_&gt;=_0" time="0.000000"></testcase>
		<testcase classname="github.com/argoproj/argo-rollouts/utils/analysis" name="TestValidateMetrics/Ensure_metric_has_provider" time="0.000000"></testcase>
		<testcase classname="github.com/argoproj/argo-rollouts/utils/analysis" name="TestValidateMetrics/Ensure_metric_does_not_have_more_than_1_provider" time="0.000000"></testcase>
		<testcase classname="github.com/argoproj/argo-rollouts/utils/analysis" name="TestValidateMetrics" time="0.000000"></testcase>
		<testcase classname="github.com/argoproj/argo-rollouts/utils/analysis" name="TestResolveMetricArgs" time="0.000000"></testcase>
		<testcase classname="github.com/argoproj/argo-rollouts/utils/analysis" name="TestResolveMetricArgsWithQuotes" time="0.000000"></testcase>
		<testcase classname="github.com/argoproj/argo-rollouts/utils/analysis" name="Test_extractValueFromRollout/should_return_a_label_using_dot_notation" time="0.000000"></testcase>
		<testcase classname="github.com/argoproj/argo-rollouts/utils/analysis" name="Test_extractValueFromRollout/should_fail_returning_a_label_using_accessor_notation" time="0.000000"></testcase>
		<testcase classname="github.com/argoproj/argo-rollouts/utils/analysis" name="Test_extractValueFromRollout/should_fail_when_path_is_inavlid" time="0.000000"></testcase>
		<testcase classname="github.com/argoproj/argo-rollouts/utils/analysis" name="Test_extractValueFromRollout/should_fail_when_path_references_an_empty_field" time="0.000000"></testcase>
		<testcase classname="github.com/argoproj/argo-rollouts/utils/analysis" name="Test_extractValueFromRollout/should_fail_when_path_references_a_non-primitive_value" time="0.000000"></testcase>
		<testcase classname="github.com/argoproj/argo-rollouts/utils/analysis" name="Test_extractValueFromRollout/should_return_a_simple_metadata_value" time="0.000000"></testcase>
		<testcase classname="github.com/argoproj/argo-rollouts/utils/analysis" name="Test_extractValueFromRollout/should_return_a_status_value" time="0.000000"></testcase>
		<testcase classname="github.com/argoproj/argo-rollouts/utils/analysis" name="Test_extractValueFromRollout/should_fail_when_array_indexer_is_not_an_int" time="0.000000"></testcase>
		<testcase classname="github.com/argoproj/argo-rollouts/utils/analysis" name="Test_extractValueFromRollout/should_fail_when_array_indexer_is_out_of_range" time="0.000000"></testcase>
		<testcase classname="github.com/argoproj/argo-rollouts/utils/analysis" name="Test_extractValueFromRollout" time="0.000000"></testcase>
		<testcase classname="github.com/argoproj/argo-rollouts/utils/analysis" name="TestGetCurrentAnalysisRunByKind" time="0.000000"></testcase>
		<testcase classname="github.com/argoproj/argo-rollouts/utils/analysis" name="TestFilterCurrentRolloutAnalysisRuns/Canary" time="0.000000"></testcase>
		<testcase classname="github.com/argoproj/argo-rollouts/utils/analysis" name="TestFilterCurrentRolloutAnalysisRuns/BlueGreen" time="0.000000"></testcase>
		<testcase classname="github.com/argoproj/argo-rollouts/utils/analysis" name="TestFilterCurrentRolloutAnalysisRuns" time="0.000000"></testcase>
		<testcase classname="github.com/argoproj/argo-rollouts/utils/analysis" name="TestFilterAnalysisRunsByName" time="0.000000"></testcase>
		<testcase classname="github.com/argoproj/argo-rollouts/utils/analysis" name="TestFilterAnalysisRunsByRolloutType" time="0.000000"></testcase>
		<testcase classname="github.com/argoproj/argo-rollouts/utils/analysis" name="TestFilterAnalysisRunsToDelete" time="0.000000"></testcase>
		<testcase classname="github.com/argoproj/argo-rollouts/utils/analysis" name="TestFilterAnalysisRunsToDeleteByLimit" time="0.000000"></testcase>
		<testcase classname="github.com/argoproj/argo-rollouts/utils/analysis" name="TestSortAnalysisRunByPodHash" time="0.000000"></testcase>
		<testcase classname="github.com/argoproj/argo-rollouts/utils/analysis" name="TestIsWorst" time="0.000000"></testcase>
		<testcase classname="github.com/argoproj/argo-rollouts/utils/analysis" name="TestWorst" time="0.000000"></testcase>
		<testcase classname="github.com/argoproj/argo-rollouts/utils/analysis" name="TestIsFastFailTerminating" time="0.000000"></testcase>
		<testcase classname="github.com/argoproj/argo-rollouts/utils/analysis" name="TestGetResult" time="0.000000"></testcase>
		<testcase classname="github.com/argoproj/argo-rollouts/utils/analysis" name="TestSetResult" time="0.000000"></testcase>
		<testcase classname="github.com/argoproj/argo-rollouts/utils/analysis" name="TestMetricCompleted" time="0.000000"></testcase>
		<testcase classname="github.com/argoproj/argo-rollouts/utils/analysis" name="TestLastMeasurement" time="0.000000"></testcase>
		<testcase classname="github.com/argoproj/argo-rollouts/utils/analysis" name="TestArrayMeasurement" time="0.000000"></testcase>
		<testcase classname="github.com/argoproj/argo-rollouts/utils/analysis" name="TestIsTerminating" time="0.000000"></testcase>
		<testcase classname="github.com/argoproj/argo-rollouts/utils/analysis" name="TestTerminateRun" time="0.000000"></testcase>
		<testcase classname="github.com/argoproj/argo-rollouts/utils/analysis" name="TestIsSemanticallyEqual" time="0.000000"></testcase>
		<testcase classname="github.com/argoproj/argo-rollouts/utils/analysis" name="TestCreateWithCollisionCounterNoController" time="0.000000"></testcase>
		<testcase classname="github.com/argoproj/argo-rollouts/utils/analysis" name="TestCreateWithCollisionCounterError" time="0.000000"></testcase>
		<testcase classname="github.com/argoproj/argo-rollouts/utils/analysis" name="TestCreateWithCollisionCounterStillRunning" time="0.000000"></testcase>
		<testcase classname="github.com/argoproj/argo-rollouts/utils/analysis" name="TestCreateWithCollisionCounter" time="0.000000"></testcase>
		<testcase classname="github.com/argoproj/argo-rollouts/utils/analysis" name="TestFlattenTemplates/Handle_empty_list" time="0.000000"></testcase>
		<testcase classname="github.com/argoproj/argo-rollouts/utils/analysis" name="TestFlattenTemplates/No_changes_on_single_template" time="0.000000"></testcase>
		<testcase classname="github.com/argoproj/argo-rollouts/utils/analysis" name="TestFlattenTemplates/Merge_multiple_metrics_successfully" time="0.000000"></testcase>
		<testcase classname="github.com/argoproj/argo-rollouts/utils/analysis" name="TestFlattenTemplates/Merge_analysis_templates_and_cluster_templates_successfully" time="0.000000"></testcase>
		<testcase classname="github.com/argoproj/argo-rollouts/utils/analysis" name="TestFlattenTemplates/Merge_fail_with_name_collision" time="0.000000"></testcase>
		<testcase classname="github.com/argoproj/argo-rollouts/utils/analysis" name="TestFlattenTemplates/Merge_fail_with_dry-run_name_collision" time="0.000000"></testcase>
		<testcase classname="github.com/argoproj/argo-rollouts/utils/analysis" name="TestFlattenTemplates/Merge_fail_with_measurement_retention_metrics_name_collision" time="0.000000"></testcase>
		<testcase classname="github.com/argoproj/argo-rollouts/utils/analysis" name="TestFlattenTemplates/Merge_multiple_args_successfully" time="0.000000"></testcase>
		<testcase classname="github.com/argoproj/argo-rollouts/utils/analysis" name="TestFlattenTemplates/_Merge_args_with_same_name_but_only_one_has_value" time="0.000000"></testcase>
		<testcase classname="github.com/argoproj/argo-rollouts/utils/analysis" name="TestFlattenTemplates/Error:_merge_args_with_same_name_and_both_have_values" time="0.000000"></testcase>
		<testcase classname="github.com/argoproj/argo-rollouts/utils/analysis" name="TestFlattenTemplates" time="0.000000"></testcase>
		<testcase classname="github.com/argoproj/argo-rollouts/utils/analysis" name="TestNewAnalysisRunFromTemplates" time="0.000000"></testcase>
		<testcase classname="github.com/argoproj/argo-rollouts/utils/analysis" name="TestMergeArgs" time="0.000000"></testcase>
		<testcase classname="github.com/argoproj/argo-rollouts/utils/analysis" name="TestNewAnalysisRunFromUnstructured" time="0.000000"></testcase>
		<testcase classname="github.com/argoproj/argo-rollouts/utils/analysis" name="TestCompatibilityNewAnalysisRunFromTemplate" time="0.000000"></testcase>
		<testcase classname="github.com/argoproj/argo-rollouts/utils/analysis" name="TestCompatibilityNewAnalysisRunFromClusterTemplate" time="0.000000"></testcase>
		<testcase classname="github.com/argoproj/argo-rollouts/utils/analysis" name="TestGetInstanceID" time="0.000000"></testcase>
		<testcase classname="github.com/argoproj/argo-rollouts/utils/analysis" name="TestGetDryRunMetrics/GetDryRunMetrics_returns_the_metric_names_map" time="0.000000"></testcase>
		<testcase classname="github.com/argoproj/argo-rollouts/utils/analysis" name="TestGetDryRunMetrics/GetDryRunMetrics_handles_the_RegEx_rules" time="0.000000"></testcase>
		<testcase classname="github.com/argoproj/argo-rollouts/utils/analysis" name="TestGetDryRunMetrics/GetDryRunMetrics_throw_error_when_a_rule_doesn&#39;t_get_matched" time="0.000000"></testcase>
		<testcase classname="github.com/argoproj/argo-rollouts/utils/analysis" name="TestGetDryRunMetrics" time="0.000000"></testcase>
		<testcase classname="github.com/argoproj/argo-rollouts/utils/analysis" name="TestGetMeasurementRetentionMetrics/GetMeasurementRetentionMetrics_returns_the_metric_names_map" time="0.000000"></testcase>
		<testcase classname="github.com/argoproj/argo-rollouts/utils/analysis" name="TestGetMeasurementRetentionMetrics/GetMeasurementRetentionMetrics_handles_the_RegEx_rules" time="0.000000"></testcase>
		<testcase classname="github.com/argoproj/argo-rollouts/utils/analysis" name="TestGetMeasurementRetentionMetrics/GetMeasurementRetentionMetrics_throw_error_when_a_rule_doesn&#39;t_get_matched" time="0.000000"></testcase>
		<testcase classname="github.com/argoproj/argo-rollouts/utils/analysis" name="TestGetMeasurementRetentionMetrics" time="0.000000"></testcase>
		<testcase classname="github.com/argoproj/argo-rollouts/utils/analysis" name="TestAnalysisTemplateFiltering/FilterAnalysisTemplates_is_returning_empty_arrays_when_empty_arrays_are_provided_in_parameters" time="0.000000"></testcase>
		<testcase classname="github.com/argoproj/argo-rollouts/utils/analysis" name="TestAnalysisTemplateFiltering/FilterAnalysisTemplates_is_not_filtering_analysisTemplates_duplications_if_there_are_none_in_the_reference_tree" time="0.000000"></testcase>
		<testcase classname="github.com/argoproj/argo-rollouts/utils/analysis" name="TestAnalysisTemplateFiltering/FilterAnalysisTemplates_is_filtering_analysisTemplates_duplications_in_the_reference_tree" time="0.000000"></testcase>
		<testcase classname="github.com/argoproj/argo-rollouts/utils/analysis" name="TestAnalysisTemplateFiltering" time="0.000000"></testcase>
	</testsuite>
	<testsuite tests="34" failures="0" time="1.657000" name="github.com/argoproj/argo-rollouts/utils/annotations" timestamp="2024-10-02T10:26:39+08:00">
		<properties>
			<property name="go.version" value="go1.22.5 darwin/arm64"></property>
		</properties>
		<testcase classname="github.com/argoproj/argo-rollouts/utils/annotations" name="TestAnnotationUtils/SetRolloutRevision" time="0.000000"></testcase>
		<testcase classname="github.com/argoproj/argo-rollouts/utils/annotations" name="TestAnnotationUtils/SetRolloutRevisionNoAnnotations" time="0.000000"></testcase>
		<testcase classname="github.com/argoproj/argo-rollouts/utils/annotations" name="TestAnnotationUtils/SetRolloutWorkloadRefGeneration" time="0.000000"></testcase>
		<testcase classname="github.com/argoproj/argo-rollouts/utils/annotations" name="TestAnnotationUtils/SetRolloutWorkloadRefGenerationAlreadySet" time="0.000000"></testcase>
		<testcase classname="github.com/argoproj/argo-rollouts/utils/annotations" name="TestAnnotationUtils/SetRolloutWorkloadRefGenerationUnchanged" time="0.000000"></testcase>
		<testcase classname="github.com/argoproj/argo-rollouts/utils/annotations" name="TestAnnotationUtils/RemoveRolloutWorkloadRefGeneration" time="0.000000"></testcase>
		<testcase classname="github.com/argoproj/argo-rollouts/utils/annotations" name="TestAnnotationUtils/SetRolloutRevisionAlreadySet" time="0.000000"></testcase>
		<testcase classname="github.com/argoproj/argo-rollouts/utils/annotations" name="TestAnnotationUtils/SetNewReplicaSetAnnotations" time="0.000000"></testcase>
		<testcase classname="github.com/argoproj/argo-rollouts/utils/annotations" name="TestAnnotationUtils/SetNewReplicaSetAnnotationsCopyAnnotations" time="0.000000"></testcase>
		<testcase classname="github.com/argoproj/argo-rollouts/utils/annotations" name="TestAnnotationUtils/SetNewReplicaSetAnnotationsHandleBadOldRevision" time="0.000000"></testcase>
		<testcase classname="github.com/argoproj/argo-rollouts/utils/annotations" name="TestAnnotationUtils/SetNewReplicaSetAnnotationsHandleBadNewRevision" time="0.000000"></testcase>
		<testcase classname="github.com/argoproj/argo-rollouts/utils/annotations" name="TestAnnotationUtils/SetReplicasAnnotations" time="0.000000"></testcase>
		<testcase classname="github.com/argoproj/argo-rollouts/utils/annotations" name="TestAnnotationUtils/SetReplicasAnnotationsNoAnnotations" time="0.000000"></testcase>
		<testcase classname="github.com/argoproj/argo-rollouts/utils/annotations" name="TestAnnotationUtils/SetReplicasAnnotationsNoChanges" time="0.000000"></testcase>
		<testcase classname="github.com/argoproj/argo-rollouts/utils/annotations" name="TestAnnotationUtils/GetDesiredReplicasAnnotation" time="0.000000"></testcase>
		<testcase classname="github.com/argoproj/argo-rollouts/utils/annotations" name="TestAnnotationUtils/GetDesiredReplicasAnnotationNoReplicaSet" time="0.000000"></testcase>
		<testcase classname="github.com/argoproj/argo-rollouts/utils/annotations" name="TestAnnotationUtils/GetDesiredReplicasAnnotationInvalidAnnotations" time="0.000000"></testcase>
		<testcase classname="github.com/argoproj/argo-rollouts/utils/annotations" name="TestAnnotationUtils/GetDesiredReplicasAnnotationNotSet" time="0.000000"></testcase>
		<testcase classname="github.com/argoproj/argo-rollouts/utils/annotations" name="TestAnnotationUtils/GetDesiredReplicasAnnotation#01" time="0.000000"></testcase>
		<testcase classname="github.com/argoproj/argo-rollouts/utils/annotations" name="TestAnnotationUtils/GetDesiredReplicasAnnotationOutOfRange" time="0.000000"></testcase>
		<testcase classname="github.com/argoproj/argo-rollouts/utils/annotations" name="TestAnnotationUtils/GetWorkloadGenerationAnnotationNilInput" time="0.000000"></testcase>
		<testcase classname="github.com/argoproj/argo-rollouts/utils/annotations" name="TestAnnotationUtils/GetWorkloadGenerationAnnotationInvalidAnnotations" time="0.000000"></testcase>
		<testcase classname="github.com/argoproj/argo-rollouts/utils/annotations" name="TestAnnotationUtils/GetDesiredReplicasAnnotationNoAnnotations" time="0.000000"></testcase>
		<testcase classname="github.com/argoproj/argo-rollouts/utils/annotations" name="TestAnnotationUtils/GetDesiredReplicasAnnotationOutOfInt32Value" time="0.000000"></testcase>
		<testcase classname="github.com/argoproj/argo-rollouts/utils/annotations" name="TestAnnotationUtils/IsSaturated" time="0.000000"></testcase>
		<testcase classname="github.com/argoproj/argo-rollouts/utils/annotations" name="TestAnnotationUtils/IsSaturatedFalseNoRS" time="0.000000"></testcase>
		<testcase classname="github.com/argoproj/argo-rollouts/utils/annotations" name="TestAnnotationUtils/IsSaturatedFalseInvalidAnnotations" time="0.000000"></testcase>
		<testcase classname="github.com/argoproj/argo-rollouts/utils/annotations" name="TestAnnotationUtils" time="0.000000"></testcase>
		<testcase classname="github.com/argoproj/argo-rollouts/utils/annotations" name="TestReplicasAnnotationsNeedUpdate/test_Annotations_nil" time="0.000000"></testcase>
		<testcase classname="github.com/argoproj/argo-rollouts/utils/annotations" name="TestReplicasAnnotationsNeedUpdate/test_desiredReplicas_update" time="0.000000"></testcase>
		<testcase classname="github.com/argoproj/argo-rollouts/utils/annotations" name="TestReplicasAnnotationsNeedUpdate/test_remove_scale-down-delay" time="0.000000"></testcase>
		<testcase classname="github.com/argoproj/argo-rollouts/utils/annotations" name="TestReplicasAnnotationsNeedUpdate/test_needn&#39;t_update" time="0.000000"></testcase>
		<testcase classname="github.com/argoproj/argo-rollouts/utils/annotations" name="TestReplicasAnnotationsNeedUpdate" time="0.000000"></testcase>
		<testcase classname="github.com/argoproj/argo-rollouts/utils/annotations" name="TestGetRevisionAnnotation" time="0.000000"></testcase>
	</testsuite>
	<testsuite tests="5" failures="0" time="1.459000" name="github.com/argoproj/argo-rollouts/utils/apisix" timestamp="2024-10-02T10:26:39+08:00">
		<properties>
			<property name="go.version" value="go1.22.5 darwin/arm64"></property>
		</properties>
		<testcase classname="github.com/argoproj/argo-rollouts/utils/apisix" name="TestNewDynamicClient/NewDynamicClient" time="0.000000"></testcase>
		<testcase classname="github.com/argoproj/argo-rollouts/utils/apisix" name="TestNewDynamicClient" time="0.000000"></testcase>
		<testcase classname="github.com/argoproj/argo-rollouts/utils/apisix" name="TestDoesApisixExist/exist" time="0.000000"></testcase>
		<testcase classname="github.com/argoproj/argo-rollouts/utils/apisix" name="TestDoesApisixExist/not_exist" time="0.000000"></testcase>
		<testcase classname="github.com/argoproj/argo-rollouts/utils/apisix" name="TestDoesApisixExist" time="0.000000"></testcase>
	</testsuite>
	<testsuite tests="0" failures="0" time="0.027000" name="github.com/argoproj/argo-rollouts/utils/appmesh" timestamp="2024-10-02T10:26:39+08:00">
		<properties>
			<property name="go.version" value="go1.22.5 darwin/arm64"></property>
		</properties>
	</testsuite>
	<testsuite tests="0" failures="0" time="0.032000" name="github.com/argoproj/argo-rollouts/utils/assets" timestamp="2024-10-02T10:26:39+08:00">
		<properties>
			<property name="go.version" value="go1.22.5 darwin/arm64"></property>
		</properties>
	</testsuite>
	<testsuite tests="8" failures="0" time="1.175000" name="github.com/argoproj/argo-rollouts/utils/aws" timestamp="2024-10-02T10:26:39+08:00">
		<properties>
			<property name="go.version" value="go1.22.5 darwin/arm64"></property>
		</properties>
		<testcase classname="github.com/argoproj/argo-rollouts/utils/aws" name="TestFindLoadBalancerByDNSName" time="0.000000"></testcase>
		<testcase classname="github.com/argoproj/argo-rollouts/utils/aws" name="TestGetNumericTargetPort" time="0.000000"></testcase>
		<testcase classname="github.com/argoproj/argo-rollouts/utils/aws" name="TestGetTargetGroupMetadata" time="0.000000"></testcase>
		<testcase classname="github.com/argoproj/argo-rollouts/utils/aws" name="TestBuildTargetGroupResourceID" time="0.000000"></testcase>
		<testcase classname="github.com/argoproj/argo-rollouts/utils/aws" name="TestGetTargetGroupHealth" time="0.000000"></testcase>
		<testcase classname="github.com/argoproj/argo-rollouts/utils/aws" name="TestGetTargetGroupBindingsByService" time="0.000000"></testcase>
		<testcase classname="github.com/argoproj/argo-rollouts/utils/aws" name="TestVerifyTargetGroupBindingIgnoreInstanceMode" time="0.000000"></testcase>
		<testcase classname="github.com/argoproj/argo-rollouts/utils/aws" name="TestVerifyTargetGroupBinding" time="0.000000"></testcase>
	</testsuite>
	<testsuite tests="0" failures="0" time="0.019000" name="github.com/argoproj/argo-rollouts/utils/aws/mocks" timestamp="2024-10-02T10:26:39+08:00">
		<properties>
			<property name="go.version" value="go1.22.5 darwin/arm64"></property>
		</properties>
	</testsuite>
	<testsuite tests="29" failures="0" time="1.874000" name="github.com/argoproj/argo-rollouts/utils/cache" timestamp="2024-10-02T10:26:39+08:00">
		<properties>
			<property name="go.version" value="go1.22.5 darwin/arm64"></property>
		</properties>
		<testcase classname="github.com/argoproj/argo-rollouts/utils/cache" name="TestAddCacheFlagsToCmd" time="0.000000"></testcase>
		<testcase classname="github.com/argoproj/argo-rollouts/utils/cache" name="TestCacheClient/SetItem" time="0.000000"></testcase>
		<testcase classname="github.com/argoproj/argo-rollouts/utils/cache" name="TestCacheClient/SetCacheItem_W/Disable_Overwrite" time="0.000000"></testcase>
		<testcase classname="github.com/argoproj/argo-rollouts/utils/cache" name="TestCacheClient/GetItem" time="0.000000"></testcase>
		<testcase classname="github.com/argoproj/argo-rollouts/utils/cache" name="TestCacheClient/DeleteItem" time="0.000000"></testcase>
		<testcase classname="github.com/argoproj/argo-rollouts/utils/cache" name="TestCacheClient/Check_for_nil_items" time="0.000000"></testcase>
		<testcase classname="github.com/argoproj/argo-rollouts/utils/cache" name="TestCacheClient/SetItem#01" time="0.000000"></testcase>
		<testcase classname="github.com/argoproj/argo-rollouts/utils/cache" name="TestCacheClient/SetCacheItem_W/Disable_Overwrite#01" time="0.000000"></testcase>
		<testcase classname="github.com/argoproj/argo-rollouts/utils/cache" name="TestCacheClient/GetItem#01" time="0.000000"></testcase>
		<testcase classname="github.com/argoproj/argo-rollouts/utils/cache" name="TestCacheClient/DeleteItem#01" time="0.000000"></testcase>
		<testcase classname="github.com/argoproj/argo-rollouts/utils/cache" name="TestCacheClient/Check_for_nil_items#01" time="0.000000"></testcase>
		<testcase classname="github.com/argoproj/argo-rollouts/utils/cache" name="TestCacheClient/SetItem#02" time="0.000000"></testcase>
		<testcase classname="github.com/argoproj/argo-rollouts/utils/cache" name="TestCacheClient/SetCacheItem_W/Disable_Overwrite#02" time="0.000000"></testcase>
		<testcase classname="github.com/argoproj/argo-rollouts/utils/cache" name="TestCacheClient/GetItem#02" time="0.000000"></testcase>
		<testcase classname="github.com/argoproj/argo-rollouts/utils/cache" name="TestCacheClient/DeleteItem#02" time="0.000000"></testcase>
		<testcase classname="github.com/argoproj/argo-rollouts/utils/cache" name="TestCacheClient/Check_for_nil_items#02" time="0.000000"></testcase>
		<testcase classname="github.com/argoproj/argo-rollouts/utils/cache" name="TestCacheClient" time="0.000000"></testcase>
		<testcase classname="github.com/argoproj/argo-rollouts/utils/cache" name="TestGenerateCacheKey" time="0.000000"></testcase>
		<testcase classname="github.com/argoproj/argo-rollouts/utils/cache" name="TestCache" time="0.000000"></testcase>
		<testcase classname="github.com/argoproj/argo-rollouts/utils/cache" name="TestInMemoryCache" time="0.000000"></testcase>
		<testcase classname="github.com/argoproj/argo-rollouts/utils/cache" name="Test_ReconnectCallbackHookCalled" time="0.080000"></testcase>
		<testcase classname="github.com/argoproj/argo-rollouts/utils/cache" name="Test_ReconnectCallbackHookNotCalled" time="0.000000"></testcase>
		<testcase classname="github.com/argoproj/argo-rollouts/utils/cache" name="TestRedisSetCache/Successful_set" time="0.000000"></testcase>
		<testcase classname="github.com/argoproj/argo-rollouts/utils/cache" name="TestRedisSetCache/Successful_get" time="0.000000"></testcase>
		<testcase classname="github.com/argoproj/argo-rollouts/utils/cache" name="TestRedisSetCache/Successful_delete" time="0.000000"></testcase>
		<testcase classname="github.com/argoproj/argo-rollouts/utils/cache" name="TestRedisSetCache/Cache_miss" time="0.000000"></testcase>
		<testcase classname="github.com/argoproj/argo-rollouts/utils/cache" name="TestRedisSetCache" time="0.000000"></testcase>
		<testcase classname="github.com/argoproj/argo-rollouts/utils/cache" name="TestRedisSetCacheCompressed" time="0.000000"></testcase>
		<testcase classname="github.com/argoproj/argo-rollouts/utils/cache" name="TestRedisMetrics" time="0.090000"></testcase>
	</testsuite>
	<testsuite tests="0" failures="0" time="0.019000" name="github.com/argoproj/argo-rollouts/utils/cache/mocks" timestamp="2024-10-02T10:26:39+08:00">
		<properties>
			<property name="go.version" value="go1.22.5 darwin/arm64"></property>
		</properties>
	</testsuite>
	<testsuite tests="38" failures="0" time="1.417000" name="github.com/argoproj/argo-rollouts/utils/cert" timestamp="2024-10-02T10:26:39+08:00">
		<properties>
			<property name="go.version" value="go1.22.5 darwin/arm64"></property>
		</properties>
		<testcase classname="github.com/argoproj/argo-rollouts/utils/cert" name="Test_TLSCertificate_ValidPEM_ValidCert" time="0.000000"></testcase>
		<testcase classname="github.com/argoproj/argo-rollouts/utils/cert" name="Test_TLSCertificate_ValidPEM_InvalidCert" time="0.000000"></testcase>
		<testcase classname="github.com/argoproj/argo-rollouts/utils/cert" name="Test_TLSCertificate_InvalidPEM" time="0.000000"></testcase>
		<testcase classname="github.com/argoproj/argo-rollouts/utils/cert" name="Test_TLSCertificate_ValidPEM_ValidCert_Multi" time="0.000000"></testcase>
		<testcase classname="github.com/argoproj/argo-rollouts/utils/cert" name="Test_TLSCertificate_ValidPEM_ValidCert_FromFile" time="0.000000"></testcase>
		<testcase classname="github.com/argoproj/argo-rollouts/utils/cert" name="Test_TLSCertPool" time="0.000000"></testcase>
		<testcase classname="github.com/argoproj/argo-rollouts/utils/cert" name="Test_TLSCertificate_CertFromNonExistingFile" time="0.000000"></testcase>
		<testcase classname="github.com/argoproj/argo-rollouts/utils/cert" name="Test_MatchHostName" time="0.000000"></testcase>
		<testcase classname="github.com/argoproj/argo-rollouts/utils/cert" name="Test_ServerNameWithoutPort" time="0.000000"></testcase>
		<testcase classname="github.com/argoproj/argo-rollouts/utils/cert" name="Test_ValidHostnames/Test_validity_for_hostname_localhost.local_domain" time="0.000000"></testcase>
		<testcase classname="github.com/argoproj/argo-rollouts/utils/cert" name="Test_ValidHostnames/Test_validity_for_hostname_argocd-server.svc.kubernetes.local" time="0.000000"></testcase>
		<testcase classname="github.com/argoproj/argo-rollouts/utils/cert" name="Test_ValidHostnames/Test_validity_for_hostname__svc.example.com" time="0.000000"></testcase>
		<testcase classname="github.com/argoproj/argo-rollouts/utils/cert" name="Test_ValidHostnames/Test_validity_for_hostname_localhost..localdomain" time="0.000000"></testcase>
		<testcase classname="github.com/argoproj/argo-rollouts/utils/cert" name="Test_ValidHostnames/Test_validity_for_hostname_local_host" time="0.000000"></testcase>
		<testcase classname="github.com/argoproj/argo-rollouts/utils/cert" name="Test_ValidHostnames/Test_validity_for_hostname__.example.com" time="0.000000"></testcase>
		<testcase classname="github.com/argoproj/argo-rollouts/utils/cert" name="Test_ValidHostnames/Test_validity_for_hostname_localhost.." time="0.000000"></testcase>
		<testcase classname="github.com/argoproj/argo-rollouts/utils/cert" name="Test_ValidHostnames/Test_validity_for_hostname_localhost" time="0.000000"></testcase>
		<testcase classname="github.com/argoproj/argo-rollouts/utils/cert" name="Test_ValidHostnames/Test_validity_for_hostname_localhost.localdomain" time="0.000000"></testcase>
		<testcase classname="github.com/argoproj/argo-rollouts/utils/cert" name="Test_ValidHostnames/Test_validity_for_hostname_localhost." time="0.000000"></testcase>
		<testcase classname="github.com/argoproj/argo-rollouts/utils/cert" name="Test_ValidHostnames/Test_validity_for_hostname_github.com." time="0.000000"></testcase>
		<testcase classname="github.com/argoproj/argo-rollouts/utils/cert" name="Test_ValidHostnames/Test_validity_for_hostname_foo_bar.example.com" time="0.000000"></testcase>
		<testcase classname="github.com/argoproj/argo-rollouts/utils/cert" name="Test_ValidHostnames/Test_validity_for_hostname__svc.example_.com" time="0.000000"></testcase>
		<testcase classname="github.com/argoproj/argo-rollouts/utils/cert" name="Test_ValidHostnames/Test_validity_for_hostname_.localhost" time="0.000000"></testcase>
		<testcase classname="github.com/argoproj/argo-rollouts/utils/cert" name="Test_ValidHostnames/Test_validity_for_hostname_foo.example.com" time="0.000000"></testcase>
		<testcase classname="github.com/argoproj/argo-rollouts/utils/cert" name="Test_ValidHostnames" time="0.000000"></testcase>
		<testcase classname="github.com/argoproj/argo-rollouts/utils/cert" name="Test_ValidFQDNs" time="0.000000"></testcase>
		<testcase classname="github.com/argoproj/argo-rollouts/utils/cert" name="Test_EscapeBracketPattern" time="0.000000"></testcase>
		<testcase classname="github.com/argoproj/argo-rollouts/utils/cert" name="TestGetTLSCertificateDataPath/Get_default_path" time="0.000000"></testcase>
		<testcase classname="github.com/argoproj/argo-rollouts/utils/cert" name="TestGetTLSCertificateDataPath/Get_custom_path" time="0.000000"></testcase>
		<testcase classname="github.com/argoproj/argo-rollouts/utils/cert" name="TestGetTLSCertificateDataPath" time="0.000000"></testcase>
		<testcase classname="github.com/argoproj/argo-rollouts/utils/cert" name="TestGetCertificateForConnect/Success" time="0.010000"></testcase>
		<testcase classname="github.com/argoproj/argo-rollouts/utils/cert" name="TestGetCertificateForConnect/No_cert_found" time="0.000000"></testcase>
		<testcase classname="github.com/argoproj/argo-rollouts/utils/cert" name="TestGetCertificateForConnect/No_valid_cert_in_file" time="0.010000"></testcase>
		<testcase classname="github.com/argoproj/argo-rollouts/utils/cert" name="TestGetCertificateForConnect" time="0.010000"></testcase>
		<testcase classname="github.com/argoproj/argo-rollouts/utils/cert" name="TestGetCertBundlePathForRepository/Success" time="0.000000"></testcase>
		<testcase classname="github.com/argoproj/argo-rollouts/utils/cert" name="TestGetCertBundlePathForRepository/No_cert_found" time="0.000000"></testcase>
		<testcase classname="github.com/argoproj/argo-rollouts/utils/cert" name="TestGetCertBundlePathForRepository/No_valid_cert_in_file" time="0.000000"></testcase>
		<testcase classname="github.com/argoproj/argo-rollouts/utils/cert" name="TestGetCertBundlePathForRepository" time="0.000000"></testcase>
	</testsuite>
	<testsuite tests="70" failures="0" time="1.607000" name="github.com/argoproj/argo-rollouts/utils/conditions" timestamp="2024-10-02T10:26:39+08:00">
		<properties>
			<property name="go.version" value="go1.22.5 darwin/arm64"></property>
		</properties>
		<testcase classname="github.com/argoproj/argo-rollouts/utils/conditions" name="TestNewCondition" time="0.000000"></testcase>
		<testcase classname="github.com/argoproj/argo-rollouts/utils/conditions" name="TestGetExperimentCondition/condition_exists" time="0.000000"></testcase>
		<testcase classname="github.com/argoproj/argo-rollouts/utils/conditions" name="TestGetExperimentCondition/condition_does_not_exist" time="0.000000"></testcase>
		<testcase classname="github.com/argoproj/argo-rollouts/utils/conditions" name="TestGetExperimentCondition" time="0.000000"></testcase>
		<testcase classname="github.com/argoproj/argo-rollouts/utils/conditions" name="TestSetExperimentCondition/set_for_the_first_time" time="0.000000"></testcase>
		<testcase classname="github.com/argoproj/argo-rollouts/utils/conditions" name="TestSetExperimentCondition/simple_set" time="0.000000"></testcase>
		<testcase classname="github.com/argoproj/argo-rollouts/utils/conditions" name="TestSetExperimentCondition/No_Changes" time="0.000000"></testcase>
		<testcase classname="github.com/argoproj/argo-rollouts/utils/conditions" name="TestSetExperimentCondition/Phase_change" time="0.000000"></testcase>
		<testcase classname="github.com/argoproj/argo-rollouts/utils/conditions" name="TestSetExperimentCondition/No_status_change" time="0.000000"></testcase>
		<testcase classname="github.com/argoproj/argo-rollouts/utils/conditions" name="TestSetExperimentCondition/overwrite" time="0.000000"></testcase>
		<testcase classname="github.com/argoproj/argo-rollouts/utils/conditions" name="TestSetExperimentCondition" time="0.000000"></testcase>
		<testcase classname="github.com/argoproj/argo-rollouts/utils/conditions" name="TestRemoveExperimentCondition/remove_from_empty_status" time="0.000000"></testcase>
		<testcase classname="github.com/argoproj/argo-rollouts/utils/conditions" name="TestRemoveExperimentCondition/simple_remove" time="0.000000"></testcase>
		<testcase classname="github.com/argoproj/argo-rollouts/utils/conditions" name="TestRemoveExperimentCondition/doesn&#39;t_remove_anything" time="0.000000"></testcase>
		<testcase classname="github.com/argoproj/argo-rollouts/utils/conditions" name="TestRemoveExperimentCondition" time="0.000000"></testcase>
		<testcase classname="github.com/argoproj/argo-rollouts/utils/conditions" name="TestExperimentProgressing/No_Changes" time="0.000000"></testcase>
		<testcase classname="github.com/argoproj/argo-rollouts/utils/conditions" name="TestExperimentProgressing/Changes_add_new_templateStatus" time="0.000000"></testcase>
		<testcase classname="github.com/argoproj/argo-rollouts/utils/conditions" name="TestExperimentProgressing/Changes_replica" time="0.000000"></testcase>
		<testcase classname="github.com/argoproj/argo-rollouts/utils/conditions" name="TestExperimentProgressing/Changes_updated_replica" time="0.000000"></testcase>
		<testcase classname="github.com/argoproj/argo-rollouts/utils/conditions" name="TestExperimentProgressing/Changes_ready_replica" time="0.000000"></testcase>
		<testcase classname="github.com/argoproj/argo-rollouts/utils/conditions" name="TestExperimentProgressing/Changes_available_replica" time="0.000000"></testcase>
		<testcase classname="github.com/argoproj/argo-rollouts/utils/conditions" name="TestExperimentProgressing" time="0.000000"></testcase>
		<testcase classname="github.com/argoproj/argo-rollouts/utils/conditions" name="TestExperimentRunning" time="0.000000"></testcase>
		<testcase classname="github.com/argoproj/argo-rollouts/utils/conditions" name="TestVerifyExperimentSpecBaseCases" time="0.000000"></testcase>
		<testcase classname="github.com/argoproj/argo-rollouts/utils/conditions" name="TestGetCondition/condition_exists" time="0.000000"></testcase>
		<testcase classname="github.com/argoproj/argo-rollouts/utils/conditions" name="TestGetCondition/condition_does_not_exist" time="0.000000"></testcase>
		<testcase classname="github.com/argoproj/argo-rollouts/utils/conditions" name="TestGetCondition" time="0.000000"></testcase>
		<testcase classname="github.com/argoproj/argo-rollouts/utils/conditions" name="TestSetCondition/set_for_the_first_time" time="0.000000"></testcase>
		<testcase classname="github.com/argoproj/argo-rollouts/utils/conditions" name="TestSetCondition/simple_set" time="0.000000"></testcase>
		<testcase classname="github.com/argoproj/argo-rollouts/utils/conditions" name="TestSetCondition/No_Changes" time="0.000000"></testcase>
		<testcase classname="github.com/argoproj/argo-rollouts/utils/conditions" name="TestSetCondition/Phase_change" time="0.000000"></testcase>
		<testcase classname="github.com/argoproj/argo-rollouts/utils/conditions" name="TestSetCondition/No_status_change" time="0.000000"></testcase>
		<testcase classname="github.com/argoproj/argo-rollouts/utils/conditions" name="TestSetCondition/overwrite" time="0.000000"></testcase>
		<testcase classname="github.com/argoproj/argo-rollouts/utils/conditions" name="TestSetCondition" time="0.000000"></testcase>
		<testcase classname="github.com/argoproj/argo-rollouts/utils/conditions" name="TestRemoveCondition/remove_from_empty_status" time="0.000000"></testcase>
		<testcase classname="github.com/argoproj/argo-rollouts/utils/conditions" name="TestRemoveCondition/simple_remove" time="0.000000"></testcase>
		<testcase classname="github.com/argoproj/argo-rollouts/utils/conditions" name="TestRemoveCondition/doesn&#39;t_remove_anything" time="0.000000"></testcase>
		<testcase classname="github.com/argoproj/argo-rollouts/utils/conditions" name="TestRemoveCondition" time="0.000000"></testcase>
		<testcase classname="github.com/argoproj/argo-rollouts/utils/conditions" name="TestRolloutProgressing/BlueGreen:_Active_Selector_change" time="0.000000"></testcase>
		<testcase classname="github.com/argoproj/argo-rollouts/utils/conditions" name="TestRolloutProgressing/BlueGreen:_Preview_Selector_change" time="0.000000"></testcase>
		<testcase classname="github.com/argoproj/argo-rollouts/utils/conditions" name="TestRolloutProgressing/BlueGreen:_No_change" time="0.000000"></testcase>
		<testcase classname="github.com/argoproj/argo-rollouts/utils/conditions" name="TestRolloutProgressing/Canary:_Stable_Selector_change" time="0.000000"></testcase>
		<testcase classname="github.com/argoproj/argo-rollouts/utils/conditions" name="TestRolloutProgressing/Canary:_StepIndex_change" time="0.000000"></testcase>
		<testcase classname="github.com/argoproj/argo-rollouts/utils/conditions" name="TestRolloutProgressing/Canary:_StepHash_change" time="0.000000"></testcase>
		<testcase classname="github.com/argoproj/argo-rollouts/utils/conditions" name="TestRolloutProgressing/Canary:_No_change" time="0.000000"></testcase>
		<testcase classname="github.com/argoproj/argo-rollouts/utils/conditions" name="TestRolloutProgressing/Updated_Replica_change" time="0.000000"></testcase>
		<testcase classname="github.com/argoproj/argo-rollouts/utils/conditions" name="TestRolloutProgressing/Ready_Replica_change" time="0.000000"></testcase>
		<testcase classname="github.com/argoproj/argo-rollouts/utils/conditions" name="TestRolloutProgressing/Available_Replica_change" time="0.000000"></testcase>
		<testcase classname="github.com/argoproj/argo-rollouts/utils/conditions" name="TestRolloutProgressing/Old_Replica_Replica_change" time="0.000000"></testcase>
		<testcase classname="github.com/argoproj/argo-rollouts/utils/conditions" name="TestRolloutProgressing" time="0.000000"></testcase>
		<testcase classname="github.com/argoproj/argo-rollouts/utils/conditions" name="TestRolloutHealthy/BlueGreen_complete" time="0.000000"></testcase>
		<testcase classname="github.com/argoproj/argo-rollouts/utils/conditions" name="TestRolloutHealthy/BlueGreen_complete_with_extra_old_replicas" time="0.000000"></testcase>
		<testcase classname="github.com/argoproj/argo-rollouts/utils/conditions" name="TestRolloutHealthy/BlueGreen_not_completed:_active_service_does_not_point_at_updated_rs" time="0.000000"></testcase>
		<testcase classname="github.com/argoproj/argo-rollouts/utils/conditions" name="TestRolloutHealthy/BlueGreen_not_completed:_preview_service_does_not_point_at_updated_rs" time="0.000000"></testcase>
		<testcase classname="github.com/argoproj/argo-rollouts/utils/conditions" name="TestRolloutHealthy/CanaryWithSteps_Completed" time="0.000000"></testcase>
		<testcase classname="github.com/argoproj/argo-rollouts/utils/conditions" name="TestRolloutHealthy/CanaryWithSteps_Not_Completed:_Steps_left" time="0.000000"></testcase>
		<testcase classname="github.com/argoproj/argo-rollouts/utils/conditions" name="TestRolloutHealthy/CanaryNoSteps_Completed" time="0.000000"></testcase>
		<testcase classname="github.com/argoproj/argo-rollouts/utils/conditions" name="TestRolloutHealthy/Canary_Not_Completed:_Diff_stableRs" time="0.000000"></testcase>
		<testcase classname="github.com/argoproj/argo-rollouts/utils/conditions" name="TestRolloutHealthy/not_complete:_min_but_not_all_pods_become_available" time="0.000000"></testcase>
		<testcase classname="github.com/argoproj/argo-rollouts/utils/conditions" name="TestRolloutHealthy/not_complete:_all_pods_are_available_but_not_all_active" time="0.000000"></testcase>
		<testcase classname="github.com/argoproj/argo-rollouts/utils/conditions" name="TestRolloutHealthy/Canary_not_complete:_still_running_old_pods" time="0.000000"></testcase>
		<testcase classname="github.com/argoproj/argo-rollouts/utils/conditions" name="TestRolloutHealthy/not_complete:_Mismatching_ObservedGeneration" time="0.000000"></testcase>
		<testcase classname="github.com/argoproj/argo-rollouts/utils/conditions" name="TestRolloutHealthy" time="0.000000"></testcase>
		<testcase classname="github.com/argoproj/argo-rollouts/utils/conditions" name="TestRolloutComplete" time="0.000000"></testcase>
		<testcase classname="github.com/argoproj/argo-rollouts/utils/conditions" name="TestRolloutTimedOut/Has_no_progressing_condition" time="0.000000"></testcase>
		<testcase classname="github.com/argoproj/argo-rollouts/utils/conditions" name="TestRolloutTimedOut/Rollout_is_already_has_timed_out_condition" time="0.000000"></testcase>
		<testcase classname="github.com/argoproj/argo-rollouts/utils/conditions" name="TestRolloutTimedOut/Rollout_has_not_timed_out" time="0.000000"></testcase>
		<testcase classname="github.com/argoproj/argo-rollouts/utils/conditions" name="TestRolloutTimedOut/Rollout_has_timed_out" time="0.000000"></testcase>
		<testcase classname="github.com/argoproj/argo-rollouts/utils/conditions" name="TestRolloutTimedOut" time="0.000000"></testcase>
		<testcase classname="github.com/argoproj/argo-rollouts/utils/conditions" name="TestComputeStepHash" time="0.000000"></testcase>
	</testsuite>
	<testsuite tests="0" failures="0" time="0.019000" name="github.com/argoproj/argo-rollouts/utils/config" timestamp="2024-10-02T10:26:39+08:00">
		<properties>
			<property name="go.version" value="go1.22.5 darwin/arm64"></property>
		</properties>
	</testsuite>
	<testsuite tests="25" failures="0" time="7.887000" name="github.com/argoproj/argo-rollouts/utils/controller" timestamp="2024-10-02T10:26:39+08:00">
		<properties>
			<property name="go.version" value="go1.22.5 darwin/arm64"></property>
		</properties>
		<testcase classname="github.com/argoproj/argo-rollouts/utils/controller" name="TestProcessNextWorkItemHandlePanic" time="0.000000"></testcase>
		<testcase classname="github.com/argoproj/argo-rollouts/utils/controller" name="TestProcessNextWorkItemShutDownQueue" time="0.000000"></testcase>
		<testcase classname="github.com/argoproj/argo-rollouts/utils/controller" name="TestProcessNextWorkItemNoTStringKey" time="0.000000"></testcase>
		<testcase classname="github.com/argoproj/argo-rollouts/utils/controller" name="TestProcessNextWorkItemNoValidKey" time="0.000000"></testcase>
		<testcase classname="github.com/argoproj/argo-rollouts/utils/controller" name="TestProcessNextWorkItemNormalSync" time="0.000000"></testcase>
		<testcase classname="github.com/argoproj/argo-rollouts/utils/controller" name="TestProcessNextWorkItemSyncHandlerReturnError" time="0.000000"></testcase>
		<testcase classname="github.com/argoproj/argo-rollouts/utils/controller" name="TestEnqueue" time="0.000000"></testcase>
		<testcase classname="github.com/argoproj/argo-rollouts/utils/controller" name="TestEnqueueInvalidObj" time="0.000000"></testcase>
		<testcase classname="github.com/argoproj/argo-rollouts/utils/controller" name="TestEnqueueAfter" time="2.000000"></testcase>
		<testcase classname="github.com/argoproj/argo-rollouts/utils/controller" name="TestEnqueueString" time="0.000000"></testcase>
		<testcase classname="github.com/argoproj/argo-rollouts/utils/controller" name="TestEnqueueAfterInvalidObj" time="2.000000"></testcase>
		<testcase classname="github.com/argoproj/argo-rollouts/utils/controller" name="TestEnqueueRateLimited" time="1.000000"></testcase>
		<testcase classname="github.com/argoproj/argo-rollouts/utils/controller" name="TestEnqueueRateLimitedInvalidObject" time="1.000000"></testcase>
		<testcase classname="github.com/argoproj/argo-rollouts/utils/controller" name="TestEnqueueParentObjectInvalidObject" time="0.000000"></testcase>
		<testcase classname="github.com/argoproj/argo-rollouts/utils/controller" name="TestEnqueueParentObjectInvalidTombstoneObject" time="0.000000"></testcase>
		<testcase classname="github.com/argoproj/argo-rollouts/utils/controller" name="TestEnqueueParentObjectNoOwner" time="0.000000"></testcase>
		<testcase classname="github.com/argoproj/argo-rollouts/utils/controller" name="TestEnqueueParentObjectDifferentOwnerKind" time="0.000000"></testcase>
		<testcase classname="github.com/argoproj/argo-rollouts/utils/controller" name="TestEnqueueParentObjectOtherOwnerTypes" time="0.000000"></testcase>
		<testcase classname="github.com/argoproj/argo-rollouts/utils/controller" name="TestEnqueueParentObjectEnqueueExperiment" time="0.000000"></testcase>
		<testcase classname="github.com/argoproj/argo-rollouts/utils/controller" name="TestEnqueueParentObjectEnqueueRollout" time="0.000000"></testcase>
		<testcase classname="github.com/argoproj/argo-rollouts/utils/controller" name="TestEnqueueParentObjectRecoverTombstoneObject" time="0.000000"></testcase>
		<testcase classname="github.com/argoproj/argo-rollouts/utils/controller" name="TestInstanceIDRequirement" time="0.000000"></testcase>
		<testcase classname="github.com/argoproj/argo-rollouts/utils/controller" name="TestWatchResourceNotFound" time="0.000000"></testcase>
		<testcase classname="github.com/argoproj/argo-rollouts/utils/controller" name="TestWatchResourceHandleStop" time="0.000000"></testcase>
		<testcase classname="github.com/argoproj/argo-rollouts/utils/controller" name="TestProcessNextWatchObj" time="0.000000"></testcase>
	</testsuite>
	<testsuite tests="2" failures="0" time="1.183000" name="github.com/argoproj/argo-rollouts/utils/crypto" timestamp="2024-10-02T10:26:39+08:00">
		<properties>
			<property name="go.version" value="go1.22.5 darwin/arm64"></property>
		</properties>
		<testcase classname="github.com/argoproj/argo-rollouts/utils/crypto" name="TestEncryptDecrypt_Successful" time="0.000000"></testcase>
		<testcase classname="github.com/argoproj/argo-rollouts/utils/crypto" name="TestEncryptDecrypt_Failed" time="0.000000"></testcase>
	</testsuite>
	<testsuite tests="16" failures="0" time="0.930000" name="github.com/argoproj/argo-rollouts/utils/defaults" timestamp="2024-10-02T10:26:39+08:00">
		<properties>
			<property name="go.version" value="go1.22.5 darwin/arm64"></property>
		</properties>
		<testcase classname="github.com/argoproj/argo-rollouts/utils/defaults" name="TestGetStringOrDefault" time="0.000000"></testcase>
		<testcase classname="github.com/argoproj/argo-rollouts/utils/defaults" name="TestGetReplicasOrDefault" time="0.000000"></testcase>
		<testcase classname="github.com/argoproj/argo-rollouts/utils/defaults" name="TestGetExperimentScaleDownDelaySecondsOrDefault" time="0.000000"></testcase>
		<testcase classname="github.com/argoproj/argo-rollouts/utils/defaults" name="TestGetRevisionHistoryOrDefault" time="0.000000"></testcase>
		<testcase classname="github.com/argoproj/argo-rollouts/utils/defaults" name="TestGetAnalysisRunSuccessfulHistoryLimitOrDefault" time="0.000000"></testcase>
		<testcase classname="github.com/argoproj/argo-rollouts/utils/defaults" name="TestGetAnalysisRunUnsuccessfulHistoryLimitOrDefault" time="0.000000"></testcase>
		<testcase classname="github.com/argoproj/argo-rollouts/utils/defaults" name="TestGetMaxSurgeOrDefault" time="0.000000"></testcase>
		<testcase classname="github.com/argoproj/argo-rollouts/utils/defaults" name="TestGetMaxUnavailableOrDefault" time="0.000000"></testcase>
		<testcase classname="github.com/argoproj/argo-rollouts/utils/defaults" name="TestGetCanaryIngressAnnotationPrefixOrDefault" time="0.000000"></testcase>
		<testcase classname="github.com/argoproj/argo-rollouts/utils/defaults" name="TestGetProgressDeadlineSecondsOrDefault" time="0.000000"></testcase>
		<testcase classname="github.com/argoproj/argo-rollouts/utils/defaults" name="TestGetScaleDownDelaySecondsOrDefault" time="0.000000"></testcase>
		<testcase classname="github.com/argoproj/argo-rollouts/utils/defaults" name="TestGetAbortScaleDownDelaySecondsOrDefault" time="0.000000"></testcase>
		<testcase classname="github.com/argoproj/argo-rollouts/utils/defaults" name="TestGetAutoPromotionEnabledOrDefault" time="0.000000"></testcase>
		<testcase classname="github.com/argoproj/argo-rollouts/utils/defaults" name="TestGetExperimentProgressDeadlineSecondsOrDefault" time="0.000000"></testcase>
		<testcase classname="github.com/argoproj/argo-rollouts/utils/defaults" name="TestGetConsecutiveErrorLimitOrDefault" time="0.000000"></testcase>
		<testcase classname="github.com/argoproj/argo-rollouts/utils/defaults" name="TestSetDefaults" time="0.000000"></testcase>
	</testsuite>
	<testsuite tests="20" failures="0" time="2.119000" name="github.com/argoproj/argo-rollouts/utils/dex" timestamp="2024-10-02T10:26:39+08:00">
		<properties>
			<property name="go.version" value="go1.22.5 darwin/arm64"></property>
		</properties>
		<testcase classname="github.com/argoproj/argo-rollouts/utils/dex" name="Test_DexReverseProxy/Invalid_URL_for_Dex_reverse_proxy" time="0.000000">
			<skipped message="=== RUN   Test_DexReverseProxy/Invalid_URL_for_Dex_reverse_proxy&#xA;    dex_test.go:419: &#xA;--- SKIP: Test_DexReverseProxy/Invalid_URL_for_Dex_reverse_proxy (0.00s)&#xA;"></skipped>
		</testcase>
		<testcase classname="github.com/argoproj/argo-rollouts/utils/dex" name="Test_GenerateDexConfig/Empty_settings" time="0.000000"></testcase>
		<testcase classname="github.com/argoproj/argo-rollouts/utils/dex" name="Test_GenerateDexConfig/Invalid_URL" time="0.000000"></testcase>
		<testcase classname="github.com/argoproj/argo-rollouts/utils/dex" name="Test_GenerateDexConfig/No_URL_set" time="0.000000"></testcase>
		<testcase classname="github.com/argoproj/argo-rollouts/utils/dex" name="Test_GenerateDexConfig/Invalid_YAML" time="0.000000"></testcase>
		<testcase classname="github.com/argoproj/argo-rollouts/utils/dex" name="Test_GenerateDexConfig/Valid_YAML_but_incorrect_Dex_config" time="0.000000"></testcase>
		<testcase classname="github.com/argoproj/argo-rollouts/utils/dex" name="Test_GenerateDexConfig/Valid_YAML_but_incorrect_Dex_config#01" time="0.000000"></testcase>
		<testcase classname="github.com/argoproj/argo-rollouts/utils/dex" name="Test_GenerateDexConfig/Valid_YAML_and_correct_Dex_config" time="0.000000"></testcase>
		<testcase classname="github.com/argoproj/argo-rollouts/utils/dex" name="Test_GenerateDexConfig/Secret_dereference" time="0.000000"></testcase>
		<testcase classname="github.com/argoproj/argo-rollouts/utils/dex" name="Test_GenerateDexConfig/Secret_dereference_with_extra_white_space" time="0.000000"></testcase>
		<testcase classname="github.com/argoproj/argo-rollouts/utils/dex" name="Test_GenerateDexConfig/Redirect_config" time="0.000000"></testcase>
		<testcase classname="github.com/argoproj/argo-rollouts/utils/dex" name="Test_GenerateDexConfig/Custom_static_clients" time="0.000000"></testcase>
		<testcase classname="github.com/argoproj/argo-rollouts/utils/dex" name="Test_GenerateDexConfig/Custom_static_clients_secret_dereference_with_trailing_CRLF" time="0.000000"></testcase>
		<testcase classname="github.com/argoproj/argo-rollouts/utils/dex" name="Test_GenerateDexConfig/Override_dex_oauth2_configuration" time="0.000000"></testcase>
		<testcase classname="github.com/argoproj/argo-rollouts/utils/dex" name="Test_GenerateDexConfig/Override_dex_oauth2_with_enabled_ApprovalScreen" time="0.000000"></testcase>
		<testcase classname="github.com/argoproj/argo-rollouts/utils/dex" name="Test_GenerateDexConfig" time="0.000000"></testcase>
		<testcase classname="github.com/argoproj/argo-rollouts/utils/dex" name="Test_DexReverseProxy/Good_case" time="0.000000"></testcase>
		<testcase classname="github.com/argoproj/argo-rollouts/utils/dex" name="Test_DexReverseProxy/Bad_case" time="0.000000"></testcase>
		<testcase classname="github.com/argoproj/argo-rollouts/utils/dex" name="Test_DexReverseProxy/Round_Tripper" time="0.000000"></testcase>
		<testcase classname="github.com/argoproj/argo-rollouts/utils/dex" name="Test_DexReverseProxy" time="0.000000"></testcase>
	</testsuite>
	<testsuite tests="5" failures="0" time="2.178000" name="github.com/argoproj/argo-rollouts/utils/diff" timestamp="2024-10-02T10:26:39+08:00">
		<properties>
			<property name="go.version" value="go1.22.5 darwin/arm64"></property>
		</properties>
		<testcase classname="github.com/argoproj/argo-rollouts/utils/diff" name="TestCreateTwoWayMergeInvalidOrig" time="0.000000"></testcase>
		<testcase classname="github.com/argoproj/argo-rollouts/utils/diff" name="TestCreateTwoWayMergeInvalidNewObj" time="0.000000"></testcase>
		<testcase classname="github.com/argoproj/argo-rollouts/utils/diff" name="TestCreateTwoWayMergeInvalidDataStruct" time="0.000000"></testcase>
		<testcase classname="github.com/argoproj/argo-rollouts/utils/diff" name="TestCreateTwoWayMergeCreatePatch" time="0.000000"></testcase>
		<testcase classname="github.com/argoproj/argo-rollouts/utils/diff" name="TestCreateTwoWayMergeNoPatch" time="0.000000"></testcase>
	</testsuite>
	<testsuite tests="68" failures="0" time="2.427000" name="github.com/argoproj/argo-rollouts/utils/env" timestamp="2024-10-02T10:26:39+08:00">
		<properties>
			<property name="go.version" value="go1.22.5 darwin/arm64"></property>
		</properties>
		<testcase classname="github.com/argoproj/argo-rollouts/utils/env" name="TestParseNumFromEnv/Valid_positive_number" time="0.000000"></testcase>
		<testcase classname="github.com/argoproj/argo-rollouts/utils/env" name="TestParseNumFromEnv/Valid_negative_number" time="0.000000"></testcase>
		<testcase classname="github.com/argoproj/argo-rollouts/utils/env" name="TestParseNumFromEnv/Invalid_number" time="0.000000"></testcase>
		<testcase classname="github.com/argoproj/argo-rollouts/utils/env" name="TestParseNumFromEnv/Equals_minimum" time="0.000000"></testcase>
		<testcase classname="github.com/argoproj/argo-rollouts/utils/env" name="TestParseNumFromEnv/Equals_maximum" time="0.000000"></testcase>
		<testcase classname="github.com/argoproj/argo-rollouts/utils/env" name="TestParseNumFromEnv/Less_than_minimum" time="0.000000"></testcase>
		<testcase classname="github.com/argoproj/argo-rollouts/utils/env" name="TestParseNumFromEnv/Greater_than_maximum" time="0.000000"></testcase>
		<testcase classname="github.com/argoproj/argo-rollouts/utils/env" name="TestParseNumFromEnv/Variable_not_set" time="0.000000"></testcase>
		<testcase classname="github.com/argoproj/argo-rollouts/utils/env" name="TestParseNumFromEnv" time="0.000000"></testcase>
		<testcase classname="github.com/argoproj/argo-rollouts/utils/env" name="TestParseFloatFromEnv/Valid_positive_float" time="0.000000"></testcase>
		<testcase classname="github.com/argoproj/argo-rollouts/utils/env" name="TestParseFloatFromEnv/Valid_negative_float" time="0.000000"></testcase>
		<testcase classname="github.com/argoproj/argo-rollouts/utils/env" name="TestParseFloatFromEnv/Valid_integer_as_float" time="0.000000"></testcase>
		<testcase classname="github.com/argoproj/argo-rollouts/utils/env" name="TestParseFloatFromEnv/Text_as_invalid_float" time="0.000000"></testcase>
		<testcase classname="github.com/argoproj/argo-rollouts/utils/env" name="TestParseFloatFromEnv/Equals_maximum" time="0.000000"></testcase>
		<testcase classname="github.com/argoproj/argo-rollouts/utils/env" name="TestParseFloatFromEnv/Equals_minimum" time="0.000000"></testcase>
		<testcase classname="github.com/argoproj/argo-rollouts/utils/env" name="TestParseFloatFromEnv/Greater_than_maximum" time="0.000000"></testcase>
		<testcase classname="github.com/argoproj/argo-rollouts/utils/env" name="TestParseFloatFromEnv/Lesser_than_minimum" time="0.000000"></testcase>
		<testcase classname="github.com/argoproj/argo-rollouts/utils/env" name="TestParseFloatFromEnv/Environment_not_set_at" time="0.000000"></testcase>
		<testcase classname="github.com/argoproj/argo-rollouts/utils/env" name="TestParseFloatFromEnv" time="0.000000"></testcase>
		<testcase classname="github.com/argoproj/argo-rollouts/utils/env" name="TestParseInt64FromEnv/Valid_int64" time="0.000000"></testcase>
		<testcase classname="github.com/argoproj/argo-rollouts/utils/env" name="TestParseInt64FromEnv/Text_as_invalid_int64" time="0.000000"></testcase>
		<testcase classname="github.com/argoproj/argo-rollouts/utils/env" name="TestParseInt64FromEnv/Equals_maximum" time="0.000000"></testcase>
		<testcase classname="github.com/argoproj/argo-rollouts/utils/env" name="TestParseInt64FromEnv/Equals_minimum" time="0.000000"></testcase>
		<testcase classname="github.com/argoproj/argo-rollouts/utils/env" name="TestParseInt64FromEnv/Greater_than_maximum" time="0.000000"></testcase>
		<testcase classname="github.com/argoproj/argo-rollouts/utils/env" name="TestParseInt64FromEnv/Less_than_minimum" time="0.000000"></testcase>
		<testcase classname="github.com/argoproj/argo-rollouts/utils/env" name="TestParseInt64FromEnv/Environment_not_set" time="0.000000"></testcase>
		<testcase classname="github.com/argoproj/argo-rollouts/utils/env" name="TestParseInt64FromEnv" time="0.000000"></testcase>
		<testcase classname="github.com/argoproj/argo-rollouts/utils/env" name="TestParseDurationFromEnv/EnvNotSet" time="0.000000"></testcase>
		<testcase classname="github.com/argoproj/argo-rollouts/utils/env" name="TestParseDurationFromEnv/ValidValueSet" time="0.000000"></testcase>
		<testcase classname="github.com/argoproj/argo-rollouts/utils/env" name="TestParseDurationFromEnv/MoreThanMaxSet" time="0.000000"></testcase>
		<testcase classname="github.com/argoproj/argo-rollouts/utils/env" name="TestParseDurationFromEnv/LessThanMinSet" time="0.000000"></testcase>
		<testcase classname="github.com/argoproj/argo-rollouts/utils/env" name="TestParseDurationFromEnv/InvalidSet" time="0.000000"></testcase>
		<testcase classname="github.com/argoproj/argo-rollouts/utils/env" name="TestParseDurationFromEnv" time="0.000000"></testcase>
		<testcase classname="github.com/argoproj/argo-rollouts/utils/env" name="Test_ParseBoolFromEnv/True_value" time="0.000000"></testcase>
		<testcase classname="github.com/argoproj/argo-rollouts/utils/env" name="Test_ParseBoolFromEnv/False_value" time="0.000000"></testcase>
		<testcase classname="github.com/argoproj/argo-rollouts/utils/env" name="Test_ParseBoolFromEnv/Invalid_value_with_true_default" time="0.000000"></testcase>
		<testcase classname="github.com/argoproj/argo-rollouts/utils/env" name="Test_ParseBoolFromEnv/Invalid_value_with_false_default" time="0.000000"></testcase>
		<testcase classname="github.com/argoproj/argo-rollouts/utils/env" name="Test_ParseBoolFromEnv/Env_not_set" time="0.000000"></testcase>
		<testcase classname="github.com/argoproj/argo-rollouts/utils/env" name="Test_ParseBoolFromEnv" time="0.000000"></testcase>
		<testcase classname="github.com/argoproj/argo-rollouts/utils/env" name="TestStringFromEnv/Some_string" time="0.000000"></testcase>
		<testcase classname="github.com/argoproj/argo-rollouts/utils/env" name="TestStringFromEnv/Empty_string_with_default" time="0.000000"></testcase>
		<testcase classname="github.com/argoproj/argo-rollouts/utils/env" name="TestStringFromEnv/Empty_string_without_default" time="0.000000"></testcase>
		<testcase classname="github.com/argoproj/argo-rollouts/utils/env" name="TestStringFromEnv/No_env_variable_with_default_allow_empty" time="0.000000"></testcase>
		<testcase classname="github.com/argoproj/argo-rollouts/utils/env" name="TestStringFromEnv/Some_variable_with_default_allow_empty" time="0.000000"></testcase>
		<testcase classname="github.com/argoproj/argo-rollouts/utils/env" name="TestStringFromEnv/Empty_variable_with_default_allow_empty" time="0.000000"></testcase>
		<testcase classname="github.com/argoproj/argo-rollouts/utils/env" name="TestStringFromEnv" time="0.000000"></testcase>
		<testcase classname="github.com/argoproj/argo-rollouts/utils/env" name="TestStringsFromEnv/List_of_strings" time="0.000000"></testcase>
		<testcase classname="github.com/argoproj/argo-rollouts/utils/env" name="TestStringsFromEnv/Comma_separated_with_other_delimeter" time="0.000000"></testcase>
		<testcase classname="github.com/argoproj/argo-rollouts/utils/env" name="TestStringsFromEnv/With_trimmed_white_space" time="0.000000"></testcase>
		<testcase classname="github.com/argoproj/argo-rollouts/utils/env" name="TestStringsFromEnv/Env_not_set" time="0.000000"></testcase>
		<testcase classname="github.com/argoproj/argo-rollouts/utils/env" name="TestStringsFromEnv" time="0.000000"></testcase>
		<testcase classname="github.com/argoproj/argo-rollouts/utils/env" name="TestParseStringToStringFromEnv/success,_no_key-value" time="0.000000"></testcase>
		<testcase classname="github.com/argoproj/argo-rollouts/utils/env" name="TestParseStringToStringFromEnv/success,_one_key,_no_value" time="0.000000"></testcase>
		<testcase classname="github.com/argoproj/argo-rollouts/utils/env" name="TestParseStringToStringFromEnv/success,_one_key,_no_value,_with_spaces" time="0.000000"></testcase>
		<testcase classname="github.com/argoproj/argo-rollouts/utils/env" name="TestParseStringToStringFromEnv/success,_one_pair" time="0.000000"></testcase>
		<testcase classname="github.com/argoproj/argo-rollouts/utils/env" name="TestParseStringToStringFromEnv/success,_one_pair_with_spaces" time="0.000000"></testcase>
		<testcase classname="github.com/argoproj/argo-rollouts/utils/env" name="TestParseStringToStringFromEnv/success,_one_pair_with_spaces_and_no_value" time="0.000000"></testcase>
		<testcase classname="github.com/argoproj/argo-rollouts/utils/env" name="TestParseStringToStringFromEnv/success,_two_keys,_no_value" time="0.000000"></testcase>
		<testcase classname="github.com/argoproj/argo-rollouts/utils/env" name="TestParseStringToStringFromEnv/success,_two_keys,_no_value,_with_spaces" time="0.000000"></testcase>
		<testcase classname="github.com/argoproj/argo-rollouts/utils/env" name="TestParseStringToStringFromEnv/success,_two_pairs" time="0.000000"></testcase>
		<testcase classname="github.com/argoproj/argo-rollouts/utils/env" name="TestParseStringToStringFromEnv/success,_two_pairs_with_semicolon_as_separator" time="0.000000"></testcase>
		<testcase classname="github.com/argoproj/argo-rollouts/utils/env" name="TestParseStringToStringFromEnv/success,_two_pairs_with_spaces" time="0.000000"></testcase>
		<testcase classname="github.com/argoproj/argo-rollouts/utils/env" name="TestParseStringToStringFromEnv/failure,_one_key" time="0.000000"></testcase>
		<testcase classname="github.com/argoproj/argo-rollouts/utils/env" name="TestParseStringToStringFromEnv/failure,_duplicate_keys" time="0.000000"></testcase>
		<testcase classname="github.com/argoproj/argo-rollouts/utils/env" name="TestParseStringToStringFromEnv/failure,_one_key_ending_with_two_successive_equals_to" time="0.000000"></testcase>
		<testcase classname="github.com/argoproj/argo-rollouts/utils/env" name="TestParseStringToStringFromEnv/failure,_one_valid_pair_and_invalid_one_key" time="0.000000"></testcase>
		<testcase classname="github.com/argoproj/argo-rollouts/utils/env" name="TestParseStringToStringFromEnv/failure,_two_valid_pairs_and_invalid_two_keys" time="0.000000"></testcase>
		<testcase classname="github.com/argoproj/argo-rollouts/utils/env" name="TestParseStringToStringFromEnv" time="0.000000"></testcase>
	</testsuite>
	<testsuite tests="0" failures="0" time="0.014000" name="github.com/argoproj/argo-rollouts/utils/errors" timestamp="2024-10-02T10:26:39+08:00">
		<properties>
			<property name="go.version" value="go1.22.5 darwin/arm64"></property>
		</properties>
	</testsuite>
	<testsuite tests="31" failures="0" time="2.212000" name="github.com/argoproj/argo-rollouts/utils/evaluate" timestamp="2024-10-02T10:26:39+08:00">
		<properties>
			<property name="go.version" value="go1.22.5 darwin/arm64"></property>
		</properties>
		<testcase classname="github.com/argoproj/argo-rollouts/utils/evaluate" name="TestEvaluateResultWithSuccess" time="0.000000"></testcase>
		<testcase classname="github.com/argoproj/argo-rollouts/utils/evaluate" name="TestEvaluateResultWithFailure" time="0.000000"></testcase>
		<testcase classname="github.com/argoproj/argo-rollouts/utils/evaluate" name="TestEvaluateResultInconclusive" time="0.000000"></testcase>
		<testcase classname="github.com/argoproj/argo-rollouts/utils/evaluate" name="TestEvaluateResultNoSuccessConditionAndNotFailing" time="0.000000"></testcase>
		<testcase classname="github.com/argoproj/argo-rollouts/utils/evaluate" name="TestEvaluateResultNoFailureConditionAndNotSuccessful" time="0.000000"></testcase>
		<testcase classname="github.com/argoproj/argo-rollouts/utils/evaluate" name="TestEvaluateResultNoFailureConditionAndNoSuccessCondition" time="0.000000"></testcase>
		<testcase classname="github.com/argoproj/argo-rollouts/utils/evaluate" name="TestEvaluateResultWithErrorOnSuccessCondition" time="0.000000"></testcase>
		<testcase classname="github.com/argoproj/argo-rollouts/utils/evaluate" name="TestEvaluateResultWithErrorOnFailureCondition" time="0.000000"></testcase>
		<testcase classname="github.com/argoproj/argo-rollouts/utils/evaluate" name="TestEvaluateConditionWithSuccess" time="0.000000"></testcase>
		<testcase classname="github.com/argoproj/argo-rollouts/utils/evaluate" name="TestEvaluateConditionWithFailure" time="0.000000"></testcase>
		<testcase classname="github.com/argoproj/argo-rollouts/utils/evaluate" name="TestErrorWithNonBoolReturn" time="0.000000"></testcase>
		<testcase classname="github.com/argoproj/argo-rollouts/utils/evaluate" name="TestErrorWithInvalidReference" time="0.000000"></testcase>
		<testcase classname="github.com/argoproj/argo-rollouts/utils/evaluate" name="TestEvaluateArray" time="0.000000"></testcase>
		<testcase classname="github.com/argoproj/argo-rollouts/utils/evaluate" name="TestEvaluateInOperator" time="0.000000"></testcase>
		<testcase classname="github.com/argoproj/argo-rollouts/utils/evaluate" name="TestEvaluateFloat64" time="0.000000"></testcase>
		<testcase classname="github.com/argoproj/argo-rollouts/utils/evaluate" name="TestEvaluateInvalidStruct" time="0.000000"></testcase>
		<testcase classname="github.com/argoproj/argo-rollouts/utils/evaluate" name="TestEvaluateAsIntPanic" time="0.000000"></testcase>
		<testcase classname="github.com/argoproj/argo-rollouts/utils/evaluate" name="TestEvaluateAsInt" time="0.000000"></testcase>
		<testcase classname="github.com/argoproj/argo-rollouts/utils/evaluate" name="TestEvaluateAsFloatError" time="0.000000"></testcase>
		<testcase classname="github.com/argoproj/argo-rollouts/utils/evaluate" name="TestEvaluateAsFloat" time="0.000000"></testcase>
		<testcase classname="github.com/argoproj/argo-rollouts/utils/evaluate" name="TestAsInt" time="0.000000"></testcase>
		<testcase classname="github.com/argoproj/argo-rollouts/utils/evaluate" name="TestAsFloat" time="0.000000"></testcase>
		<testcase classname="github.com/argoproj/argo-rollouts/utils/evaluate" name="TestIsInf" time="0.000000"></testcase>
		<testcase classname="github.com/argoproj/argo-rollouts/utils/evaluate" name="TestEqual" time="0.000000"></testcase>
		<testcase classname="github.com/argoproj/argo-rollouts/utils/evaluate" name="TestDefaultFunc" time="0.000000"></testcase>
		<testcase classname="github.com/argoproj/argo-rollouts/utils/evaluate" name="TestIsNilFunc" time="0.000000"></testcase>
		<testcase classname="github.com/argoproj/argo-rollouts/utils/evaluate" name="TestIsNil" time="0.000000"></testcase>
		<testcase classname="github.com/argoproj/argo-rollouts/utils/evaluate" name="TestValueFromPointer" time="0.000000"></testcase>
		<testcase classname="github.com/argoproj/argo-rollouts/utils/evaluate" name="TestEvalTimeWithSuccessExpr" time="0.000000"></testcase>
		<testcase classname="github.com/argoproj/argo-rollouts/utils/evaluate" name="TestEvalTimeWithNotTimeResult" time="0.000000"></testcase>
		<testcase classname="github.com/argoproj/argo-rollouts/utils/evaluate" name="TestEvalTimeWithInvalidExpression" time="0.000000"></testcase>
	</testsuite>
	<testsuite tests="23" failures="0" time="2.267000" name="github.com/argoproj/argo-rollouts/utils/experiment" timestamp="2024-10-02T10:26:39+08:00">
		<properties>
			<property name="go.version" value="go1.22.5 darwin/arm64"></property>
		</properties>
		<testcase classname="github.com/argoproj/argo-rollouts/utils/experiment" name="TestHasFinished" time="0.000000"></testcase>
		<testcase classname="github.com/argoproj/argo-rollouts/utils/experiment" name="TestCalculateTemplateReplicasCount" time="0.000000"></testcase>
		<testcase classname="github.com/argoproj/argo-rollouts/utils/experiment" name="TestPassedDurations" time="0.000000"></testcase>
		<testcase classname="github.com/argoproj/argo-rollouts/utils/experiment" name="TestGetTemplateStatusMapping" time="0.000000"></testcase>
		<testcase classname="github.com/argoproj/argo-rollouts/utils/experiment" name="TestReplicaSetNameFromExperiment" time="0.000000"></testcase>
		<testcase classname="github.com/argoproj/argo-rollouts/utils/experiment" name="TestExperimentByCreationTimestamp/Use_name_if_both_have_same_creation_timestamp" time="0.000000"></testcase>
		<testcase classname="github.com/argoproj/argo-rollouts/utils/experiment" name="TestExperimentByCreationTimestamp/Use_same_creation_timestamp" time="0.000000"></testcase>
		<testcase classname="github.com/argoproj/argo-rollouts/utils/experiment" name="TestExperimentByCreationTimestamp" time="0.000000"></testcase>
		<testcase classname="github.com/argoproj/argo-rollouts/utils/experiment" name="TestIsTerminating" time="0.000000"></testcase>
		<testcase classname="github.com/argoproj/argo-rollouts/utils/experiment" name="TestGetAnalysisRunStatus" time="0.000000"></testcase>
		<testcase classname="github.com/argoproj/argo-rollouts/utils/experiment" name="TestGetTemplateStatus" time="0.000000"></testcase>
		<testcase classname="github.com/argoproj/argo-rollouts/utils/experiment" name="TestSetTemplateStatus" time="0.000000"></testcase>
		<testcase classname="github.com/argoproj/argo-rollouts/utils/experiment" name="TestSetAnalysisStatus" time="0.000000"></testcase>
		<testcase classname="github.com/argoproj/argo-rollouts/utils/experiment" name="TestTemplateIsWorse" time="0.000000"></testcase>
		<testcase classname="github.com/argoproj/argo-rollouts/utils/experiment" name="TestWorse" time="0.000000"></testcase>
		<testcase classname="github.com/argoproj/argo-rollouts/utils/experiment" name="TestTerminate" time="0.000000"></testcase>
		<testcase classname="github.com/argoproj/argo-rollouts/utils/experiment" name="TestIsSemanticallyEqual" time="0.000000"></testcase>
		<testcase classname="github.com/argoproj/argo-rollouts/utils/experiment" name="TestRequiredAnalysisRunsSuccessful" time="0.000000"></testcase>
		<testcase classname="github.com/argoproj/argo-rollouts/utils/experiment" name="TestHasRequiredAnalysisRuns" time="0.000000"></testcase>
		<testcase classname="github.com/argoproj/argo-rollouts/utils/experiment" name="TestGetExperiments" time="0.000000"></testcase>
		<testcase classname="github.com/argoproj/argo-rollouts/utils/experiment" name="TestSortExperimentsByPodHash" time="0.000000"></testcase>
		<testcase classname="github.com/argoproj/argo-rollouts/utils/experiment" name="TestFilterExperimentsToDelete" time="0.000000"></testcase>
		<testcase classname="github.com/argoproj/argo-rollouts/utils/experiment" name="TestFilterExperimentsToDeleteByLimit" time="0.000000"></testcase>
	</testsuite>
	<testsuite tests="17" failures="0" time="2.456000" name="github.com/argoproj/argo-rollouts/utils/glob" timestamp="2024-10-02T10:26:39+08:00">
		<properties>
			<property name="go.version" value="go1.22.5 darwin/arm64"></property>
		</properties>
		<testcase classname="github.com/argoproj/argo-rollouts/utils/glob" name="Test_Match/Exact_match" time="0.000000"></testcase>
		<testcase classname="github.com/argoproj/argo-rollouts/utils/glob" name="Test_Match/Non-match_exact" time="0.000000"></testcase>
		<testcase classname="github.com/argoproj/argo-rollouts/utils/glob" name="Test_Match/Long_glob_match" time="0.000000"></testcase>
		<testcase classname="github.com/argoproj/argo-rollouts/utils/glob" name="Test_Match/Short_glob_match" time="0.000000"></testcase>
		<testcase classname="github.com/argoproj/argo-rollouts/utils/glob" name="Test_Match/Glob_non-match" time="0.000000"></testcase>
		<testcase classname="github.com/argoproj/argo-rollouts/utils/glob" name="Test_Match/Invalid_pattern" time="0.000000"></testcase>
		<testcase classname="github.com/argoproj/argo-rollouts/utils/glob" name="Test_Match" time="0.000000"></testcase>
		<testcase classname="github.com/argoproj/argo-rollouts/utils/glob" name="Test_MatchList/Exact_name_in_list" time="0.000000"></testcase>
		<testcase classname="github.com/argoproj/argo-rollouts/utils/glob" name="Test_MatchList/Exact_name_not_in_list" time="0.000000"></testcase>
		<testcase classname="github.com/argoproj/argo-rollouts/utils/glob" name="Test_MatchList/Exact_name_not_in_list,_multiple_elements" time="0.000000"></testcase>
		<testcase classname="github.com/argoproj/argo-rollouts/utils/glob" name="Test_MatchList/Exact_name_not_in_list,_list_empty" time="0.000000"></testcase>
		<testcase classname="github.com/argoproj/argo-rollouts/utils/glob" name="Test_MatchList/Exact_name_not_in_list,_empty_element" time="0.000000"></testcase>
		<testcase classname="github.com/argoproj/argo-rollouts/utils/glob" name="Test_MatchList/Glob_name_in_list,_but_exact_wanted" time="0.000000"></testcase>
		<testcase classname="github.com/argoproj/argo-rollouts/utils/glob" name="Test_MatchList/Glob_name_in_list_with_simple_wildcard" time="0.000000"></testcase>
		<testcase classname="github.com/argoproj/argo-rollouts/utils/glob" name="Test_MatchList/Glob_name_in_list_without_wildcard" time="0.000000"></testcase>
		<testcase classname="github.com/argoproj/argo-rollouts/utils/glob" name="Test_MatchList/Glob_name_in_list,_multiple_elements" time="0.000000"></testcase>
		<testcase classname="github.com/argoproj/argo-rollouts/utils/glob" name="Test_MatchList" time="0.000000"></testcase>
	</testsuite>
	<testsuite tests="3" failures="0" time="2.764000" name="github.com/argoproj/argo-rollouts/utils/hash" timestamp="2024-10-02T10:26:39+08:00">
		<properties>
			<property name="go.version" value="go1.22.5 darwin/arm64"></property>
		</properties>
		<testcase classname="github.com/argoproj/argo-rollouts/utils/hash" name="TestHashUtils/HashForSameTemplates" time="0.000000"></testcase>
		<testcase classname="github.com/argoproj/argo-rollouts/utils/hash" name="TestHashUtils/HashForDifferentTemplates" time="0.000000"></testcase>
		<testcase classname="github.com/argoproj/argo-rollouts/utils/hash" name="TestHashUtils" time="0.000000"></testcase>
	</testsuite>
	<testsuite tests="4" failures="0" time="2.944000" name="github.com/argoproj/argo-rollouts/utils/http" timestamp="2024-10-02T10:26:39+08:00">
		<properties>
			<property name="go.version" value="go1.22.5 darwin/arm64"></property>
		</properties>
		<testcase classname="github.com/argoproj/argo-rollouts/utils/http" name="TestCookieMaxLength" time="0.000000"></testcase>
		<testcase classname="github.com/argoproj/argo-rollouts/utils/http" name="TestCookieWithAttributes" time="0.000000"></testcase>
		<testcase classname="github.com/argoproj/argo-rollouts/utils/http" name="TestSplitCookie" time="0.000000"></testcase>
		<testcase classname="github.com/argoproj/argo-rollouts/utils/http" name="TestTransportWithHeader" time="0.000000"></testcase>
	</testsuite>
	<testsuite tests="124" failures="0" time="2.220000" name="github.com/argoproj/argo-rollouts/utils/ingress" timestamp="2024-10-02T10:26:39+08:00">
		<properties>
			<property name="go.version" value="go1.22.5 darwin/arm64"></property>
		</properties>
		<testcase classname="github.com/argoproj/argo-rollouts/utils/ingress" name="TestGetRolloutIngressKeysForCanary" time="0.000000"></testcase>
		<testcase classname="github.com/argoproj/argo-rollouts/utils/ingress" name="TestGetRolloutIngressKeysForCanaryWithTrafficRouting" time="0.000000"></testcase>
		<testcase classname="github.com/argoproj/argo-rollouts/utils/ingress" name="TestGetRolloutIngressKeysForCanaryWithTrafficRoutingMultiIngress" time="0.000000"></testcase>
		<testcase classname="github.com/argoproj/argo-rollouts/utils/ingress" name="TestGetCanaryIngressName/StableIngress_-_NoTrim" time="0.000000"></testcase>
		<testcase classname="github.com/argoproj/argo-rollouts/utils/ingress" name="TestGetCanaryIngressName/StableIngress_-_Trim" time="0.000000"></testcase>
		<testcase classname="github.com/argoproj/argo-rollouts/utils/ingress" name="TestGetCanaryIngressName/StableIngresses_-_NoTrim" time="0.000000"></testcase>
		<testcase classname="github.com/argoproj/argo-rollouts/utils/ingress" name="TestGetCanaryIngressName/StableIngresses_-_Trim" time="0.000000"></testcase>
		<testcase classname="github.com/argoproj/argo-rollouts/utils/ingress" name="TestGetCanaryIngressName/NoStableIngress" time="0.000000"></testcase>
		<testcase classname="github.com/argoproj/argo-rollouts/utils/ingress" name="TestGetCanaryIngressName" time="0.000000"></testcase>
		<testcase classname="github.com/argoproj/argo-rollouts/utils/ingress" name="TestGetCanaryAlbIngressName/Ingress_-_NoTrim" time="0.000000"></testcase>
		<testcase classname="github.com/argoproj/argo-rollouts/utils/ingress" name="TestGetCanaryAlbIngressName/Ingress_-_Trim" time="0.000000"></testcase>
		<testcase classname="github.com/argoproj/argo-rollouts/utils/ingress" name="TestGetCanaryAlbIngressName/Ingresses_-_NoTrim" time="0.000000"></testcase>
		<testcase classname="github.com/argoproj/argo-rollouts/utils/ingress" name="TestGetCanaryAlbIngressName/Ingresses_-_Trim" time="0.000000"></testcase>
		<testcase classname="github.com/argoproj/argo-rollouts/utils/ingress" name="TestGetCanaryAlbIngressName/NoIngress" time="0.000000"></testcase>
		<testcase classname="github.com/argoproj/argo-rollouts/utils/ingress" name="TestGetCanaryAlbIngressName" time="0.000000"></testcase>
		<testcase classname="github.com/argoproj/argo-rollouts/utils/ingress" name="TestHasRuleWithService/will_check_rule_with_legacy_ingress" time="0.000000"></testcase>
		<testcase classname="github.com/argoproj/argo-rollouts/utils/ingress" name="TestHasRuleWithService/will_return_false_if_invalid_IngressMode_passed" time="0.000000"></testcase>
		<testcase classname="github.com/argoproj/argo-rollouts/utils/ingress" name="TestHasRuleWithService/will_check_rule_with_networking_ingress" time="0.000000"></testcase>
		<testcase classname="github.com/argoproj/argo-rollouts/utils/ingress" name="TestHasRuleWithService" time="0.000000"></testcase>
		<testcase classname="github.com/argoproj/argo-rollouts/utils/ingress" name="TestBuildIngressPath/will_return_error_if_invalid_ingress_mode_passed" time="0.000000"></testcase>
		<testcase classname="github.com/argoproj/argo-rollouts/utils/ingress" name="TestBuildIngressPath/will_build_extensions_ingress_patch_successfully" time="0.000000"></testcase>
		<testcase classname="github.com/argoproj/argo-rollouts/utils/ingress" name="TestBuildIngressPath/will_build_network_ingress_patch_successfully" time="0.000000"></testcase>
		<testcase classname="github.com/argoproj/argo-rollouts/utils/ingress" name="TestBuildIngressPath" time="0.000000"></testcase>
		<testcase classname="github.com/argoproj/argo-rollouts/utils/ingress" name="TestManagedALBActions/No_annotations" time="0.000000"></testcase>
		<testcase classname="github.com/argoproj/argo-rollouts/utils/ingress" name="TestManagedALBActions/Incorrectly_formatted_action" time="0.000000"></testcase>
		<testcase classname="github.com/argoproj/argo-rollouts/utils/ingress" name="TestManagedALBActions/Handle_one_action" time="0.000000"></testcase>
		<testcase classname="github.com/argoproj/argo-rollouts/utils/ingress" name="TestManagedALBActions/Handle_multiple_actions" time="0.000000"></testcase>
		<testcase classname="github.com/argoproj/argo-rollouts/utils/ingress" name="TestManagedALBActions" time="0.000000"></testcase>
		<testcase classname="github.com/argoproj/argo-rollouts/utils/ingress" name="TestALBActionAnnotationKey" time="0.000000"></testcase>
		<testcase classname="github.com/argoproj/argo-rollouts/utils/ingress" name="TestDetermineIngressMode/will_return_extensions_mode_if_apiVersion_is_extensions/v1beta1" time="0.000000"></testcase>
		<testcase classname="github.com/argoproj/argo-rollouts/utils/ingress" name="TestDetermineIngressMode/will_return_networking_mode_if_server_minor_version_has_&#39;+&#39;_suffix,_e.g._1.19+" time="0.000000"></testcase>
		<testcase classname="github.com/argoproj/argo-rollouts/utils/ingress" name="TestDetermineIngressMode/will_return_error_if_fails_to_parse_minor_version_with_just_&#39;+&#39;" time="0.000000"></testcase>
		<testcase classname="github.com/argoproj/argo-rollouts/utils/ingress" name="TestDetermineIngressMode/will_return_extensions_mode_if_server_version_is_1.18" time="0.000000"></testcase>
		<testcase classname="github.com/argoproj/argo-rollouts/utils/ingress" name="TestDetermineIngressMode/will_return_networking_mode_if_server_version_is_1.19" time="0.000000"></testcase>
		<testcase classname="github.com/argoproj/argo-rollouts/utils/ingress" name="TestDetermineIngressMode/will_return_error_if_fails_to_retrieve_server_version" time="0.000000"></testcase>
		<testcase classname="github.com/argoproj/argo-rollouts/utils/ingress" name="TestDetermineIngressMode/will_return_error_if_fails_to_parse_minor_version_with_&#39;+&#39;_suffix,_e.g._1.wrong+" time="0.000000"></testcase>
		<testcase classname="github.com/argoproj/argo-rollouts/utils/ingress" name="TestDetermineIngressMode/will_return_networking_mode_if_apiVersion_is_networking/v1" time="0.000000"></testcase>
		<testcase classname="github.com/argoproj/argo-rollouts/utils/ingress" name="TestDetermineIngressMode/will_return_networking_mode_if_server_version_is_2.0" time="0.000000"></testcase>
		<testcase classname="github.com/argoproj/argo-rollouts/utils/ingress" name="TestDetermineIngressMode/will_return_error_if_fails_to_parse_minor_version" time="0.000000"></testcase>
		<testcase classname="github.com/argoproj/argo-rollouts/utils/ingress" name="TestDetermineIngressMode/will_return_error_if_fails_to_parse_major_version" time="0.000000"></testcase>
		<testcase classname="github.com/argoproj/argo-rollouts/utils/ingress" name="TestDetermineIngressMode" time="0.000000"></testcase>
		<testcase classname="github.com/argoproj/argo-rollouts/utils/ingress" name="TestManagedALBAnnotations" time="0.000000"></testcase>
		<testcase classname="github.com/argoproj/argo-rollouts/utils/ingress" name="TestALBHeaderBasedActionAnnotationKey" time="0.000000"></testcase>
		<testcase classname="github.com/argoproj/argo-rollouts/utils/ingress" name="TestALBHeaderBasedConditionAnnotationKey" time="0.000000"></testcase>
		<testcase classname="github.com/argoproj/argo-rollouts/utils/ingress" name="TestNewIngressWithAnnotations/will_instantiate_an_Ingress_wrapped_with_an_annotated_networkingv1.Ingress" time="0.000000"></testcase>
		<testcase classname="github.com/argoproj/argo-rollouts/utils/ingress" name="TestNewIngressWithAnnotations/will_instantiate_an_Ingress_wrapped_with_an_annotated_extensions/v1beta1.Ingress" time="0.000000"></testcase>
		<testcase classname="github.com/argoproj/argo-rollouts/utils/ingress" name="TestNewIngressWithAnnotations/will_return_nil_if_ingress_mode_is_undefined" time="0.000000"></testcase>
		<testcase classname="github.com/argoproj/argo-rollouts/utils/ingress" name="TestNewIngressWithAnnotations" time="0.000000"></testcase>
		<testcase classname="github.com/argoproj/argo-rollouts/utils/ingress" name="TestNewIngressWithSpecAndAnnotations/will_instantiate_an_Ingress_wrapped_with_an_annotated_networkingv1.Ingress" time="0.000000"></testcase>
		<testcase classname="github.com/argoproj/argo-rollouts/utils/ingress" name="TestNewIngressWithSpecAndAnnotations/will_instantiate_an_Ingress_wrapped_with_an_annotated_extensions/v1beta1.Ingress" time="0.000000"></testcase>
		<testcase classname="github.com/argoproj/argo-rollouts/utils/ingress" name="TestNewIngressWithSpecAndAnnotations" time="0.000000"></testcase>
		<testcase classname="github.com/argoproj/argo-rollouts/utils/ingress" name="TestGetExtensionsIngress/will_get_extensions_ingress_successfully" time="0.000000"></testcase>
		<testcase classname="github.com/argoproj/argo-rollouts/utils/ingress" name="TestGetExtensionsIngress/will_return_error_if_wrapper_has_nil_reference_to_the_extensionsIngress" time="0.000000"></testcase>
		<testcase classname="github.com/argoproj/argo-rollouts/utils/ingress" name="TestGetExtensionsIngress" time="0.000000"></testcase>
		<testcase classname="github.com/argoproj/argo-rollouts/utils/ingress" name="TestGetNetworkingIngress/will_get_networkingv1_ingress_successfully" time="0.000000"></testcase>
		<testcase classname="github.com/argoproj/argo-rollouts/utils/ingress" name="TestGetNetworkingIngress/will_return_error_if_wrapper_has_nil_reference_to_the_networkingIngress" time="0.000000"></testcase>
		<testcase classname="github.com/argoproj/argo-rollouts/utils/ingress" name="TestGetNetworkingIngress" time="0.000000"></testcase>
		<testcase classname="github.com/argoproj/argo-rollouts/utils/ingress" name="TestGetClass/will_get_the_class_from_network_Ingress_annotation" time="0.000000"></testcase>
		<testcase classname="github.com/argoproj/argo-rollouts/utils/ingress" name="TestGetClass/will_get_the_class_from_extensions_Ingress_annotation_with_priority" time="0.000000"></testcase>
		<testcase classname="github.com/argoproj/argo-rollouts/utils/ingress" name="TestGetClass/will_get_the_class_from_extensions_Ingress_spec" time="0.000000"></testcase>
		<testcase classname="github.com/argoproj/argo-rollouts/utils/ingress" name="TestGetClass/will_get_the_class_from_network_Ingress_annotation_with_priority" time="0.000000"></testcase>
		<testcase classname="github.com/argoproj/argo-rollouts/utils/ingress" name="TestGetClass/will_get_the_class_from_extensions_Ingress_annotation" time="0.000000"></testcase>
		<testcase classname="github.com/argoproj/argo-rollouts/utils/ingress" name="TestGetClass/will_get_the_class_from_network_Ingress_spec" time="0.000000"></testcase>
		<testcase classname="github.com/argoproj/argo-rollouts/utils/ingress" name="TestGetClass" time="0.000000"></testcase>
		<testcase classname="github.com/argoproj/argo-rollouts/utils/ingress" name="TestGetLabels/will_get_the_labels_from_network_Ingress_successfully" time="0.000000"></testcase>
		<testcase classname="github.com/argoproj/argo-rollouts/utils/ingress" name="TestGetLabels/will_get_labels_from_extensions_Ingress_successfully" time="0.000000"></testcase>
		<testcase classname="github.com/argoproj/argo-rollouts/utils/ingress" name="TestGetLabels" time="0.000000"></testcase>
		<testcase classname="github.com/argoproj/argo-rollouts/utils/ingress" name="TestGetObjectMeta/will_get_object_meta_from_wrapper_with_networking_ingress" time="0.000000"></testcase>
		<testcase classname="github.com/argoproj/argo-rollouts/utils/ingress" name="TestGetObjectMeta/will_get_object_meta_from_wrapper_with_extensions_ingress" time="0.000000"></testcase>
		<testcase classname="github.com/argoproj/argo-rollouts/utils/ingress" name="TestGetObjectMeta" time="0.000000"></testcase>
		<testcase classname="github.com/argoproj/argo-rollouts/utils/ingress" name="TestCreateAnnotationBasedPath/v1_ingress,_create_path" time="0.000000"></testcase>
		<testcase classname="github.com/argoproj/argo-rollouts/utils/ingress" name="TestCreateAnnotationBasedPath/v1_ingress,_create_existing_path" time="0.000000"></testcase>
		<testcase classname="github.com/argoproj/argo-rollouts/utils/ingress" name="TestCreateAnnotationBasedPath/v1beta1_ingress,_create_path" time="0.000000"></testcase>
		<testcase classname="github.com/argoproj/argo-rollouts/utils/ingress" name="TestCreateAnnotationBasedPath/v1beta1_ingress,_create_existing_path" time="0.000000"></testcase>
		<testcase classname="github.com/argoproj/argo-rollouts/utils/ingress" name="TestCreateAnnotationBasedPath" time="0.000000"></testcase>
		<testcase classname="github.com/argoproj/argo-rollouts/utils/ingress" name="TestRemoveAnnotationBasedPath/v1_ingress,_remove_path" time="0.000000"></testcase>
		<testcase classname="github.com/argoproj/argo-rollouts/utils/ingress" name="TestRemoveAnnotationBasedPath/v1_ingress,_remove_non_existing_path" time="0.000000"></testcase>
		<testcase classname="github.com/argoproj/argo-rollouts/utils/ingress" name="TestRemoveAnnotationBasedPath/v1beta1_ingress,_remove_path" time="0.000000"></testcase>
		<testcase classname="github.com/argoproj/argo-rollouts/utils/ingress" name="TestRemoveAnnotationBasedPath/v1beta1_ingress,_remove_non_existing_path" time="0.000000"></testcase>
		<testcase classname="github.com/argoproj/argo-rollouts/utils/ingress" name="TestRemoveAnnotationBasedPath" time="0.000000"></testcase>
		<testcase classname="github.com/argoproj/argo-rollouts/utils/ingress" name="TestSortHttpPaths/v1_ingress,_sort_path" time="0.000000"></testcase>
		<testcase classname="github.com/argoproj/argo-rollouts/utils/ingress" name="TestSortHttpPaths/v1beta1_ingress,_sort_path" time="0.000000"></testcase>
		<testcase classname="github.com/argoproj/argo-rollouts/utils/ingress" name="TestSortHttpPaths" time="0.000000"></testcase>
		<testcase classname="github.com/argoproj/argo-rollouts/utils/ingress" name="TestDeepCopy/will_deepcopy_ingress_wrapped_with_networking.Ingress" time="0.000000"></testcase>
		<testcase classname="github.com/argoproj/argo-rollouts/utils/ingress" name="TestDeepCopy/will_deepcopy_ingress_wrapped_with_extensions.Ingress" time="0.000000"></testcase>
		<testcase classname="github.com/argoproj/argo-rollouts/utils/ingress" name="TestDeepCopy" time="0.000000"></testcase>
		<testcase classname="github.com/argoproj/argo-rollouts/utils/ingress" name="TestGetLoadBalancerHostnames/will_get_loadbalancer_hostnames_from_wrapped_networking.Ingress" time="0.000000"></testcase>
		<testcase classname="github.com/argoproj/argo-rollouts/utils/ingress" name="TestGetLoadBalancerHostnames/will_get_loadbalancer_hostnames_from_wrapped_extensions.Ingress" time="0.000000"></testcase>
		<testcase classname="github.com/argoproj/argo-rollouts/utils/ingress" name="TestGetLoadBalancerHostnames" time="0.000000"></testcase>
		<testcase classname="github.com/argoproj/argo-rollouts/utils/ingress" name="Test_IngressWrapNew/will_return_error_if_invalid_ingress_mode_is_passed" time="0.000000"></testcase>
		<testcase classname="github.com/argoproj/argo-rollouts/utils/ingress" name="Test_IngressWrapNew" time="0.000000"></testcase>
		<testcase classname="github.com/argoproj/argo-rollouts/utils/ingress" name="Test_IngressWrapPatch/will_return_error_if_fails_to_patch_extensions_ingress" time="0.000000"></testcase>
		<testcase classname="github.com/argoproj/argo-rollouts/utils/ingress" name="Test_IngressWrapPatch/will_return_error_if_fails_to_patch_networking_ingress" time="0.000000"></testcase>
		<testcase classname="github.com/argoproj/argo-rollouts/utils/ingress" name="Test_IngressWrapPatch/will_patch_networking_ingress_successfully" time="0.000000"></testcase>
		<testcase classname="github.com/argoproj/argo-rollouts/utils/ingress" name="Test_IngressWrapPatch/will_patch_extensions_ingress_successfully" time="0.000000"></testcase>
		<testcase classname="github.com/argoproj/argo-rollouts/utils/ingress" name="Test_IngressWrapPatch" time="0.000000"></testcase>
		<testcase classname="github.com/argoproj/argo-rollouts/utils/ingress" name="Test_IngressWrapUpdate/will_update_networking_ingress_successfully" time="0.000000"></testcase>
		<testcase classname="github.com/argoproj/argo-rollouts/utils/ingress" name="Test_IngressWrapUpdate/will_return_error_if_fails_to_update_extensions_ingress" time="0.000000"></testcase>
		<testcase classname="github.com/argoproj/argo-rollouts/utils/ingress" name="Test_IngressWrapUpdate/will_return_error_if_wrapper_has_invalid_IngressMode" time="0.000000"></testcase>
		<testcase classname="github.com/argoproj/argo-rollouts/utils/ingress" name="Test_IngressWrapUpdate/will_update_extensions_ingress_successfully" time="0.000000"></testcase>
		<testcase classname="github.com/argoproj/argo-rollouts/utils/ingress" name="Test_IngressWrapUpdate/will_return_error_if_fails_to_update_networking_ingress" time="0.000000"></testcase>
		<testcase classname="github.com/argoproj/argo-rollouts/utils/ingress" name="Test_IngressWrapUpdate" time="0.000000"></testcase>
		<testcase classname="github.com/argoproj/argo-rollouts/utils/ingress" name="Test_IngressWrapGet/will_return_error_if_wrapper_has_invalid_IngressMode" time="0.000000"></testcase>
		<testcase classname="github.com/argoproj/argo-rollouts/utils/ingress" name="Test_IngressWrapGet/will_return_error_if_fails_to_get_extensions_ingress" time="0.000000"></testcase>
		<testcase classname="github.com/argoproj/argo-rollouts/utils/ingress" name="Test_IngressWrapGet/will_get_network_ingress_successfully" time="0.000000"></testcase>
		<testcase classname="github.com/argoproj/argo-rollouts/utils/ingress" name="Test_IngressWrapGet/will_get_extensions_ingress_successfully" time="0.000000"></testcase>
		<testcase classname="github.com/argoproj/argo-rollouts/utils/ingress" name="Test_IngressWrapGet/will_return_error_if_fails_to_get_networking_ingress" time="0.000000"></testcase>
		<testcase classname="github.com/argoproj/argo-rollouts/utils/ingress" name="Test_IngressWrapGet" time="0.000000"></testcase>
		<testcase classname="github.com/argoproj/argo-rollouts/utils/ingress" name="Test_IngressWrapGetCached/will_get_cached_network_ingress_successfully" time="0.000000"></testcase>
		<testcase classname="github.com/argoproj/argo-rollouts/utils/ingress" name="Test_IngressWrapGetCached/will_return_error_if_fails_to_get_extensions_ingress" time="0.000000"></testcase>
		<testcase classname="github.com/argoproj/argo-rollouts/utils/ingress" name="Test_IngressWrapGetCached/will_return_error_if_wrapper_has_invalid_IngressMode" time="0.000000"></testcase>
		<testcase classname="github.com/argoproj/argo-rollouts/utils/ingress" name="Test_IngressWrapGetCached/will_get_cached_extensions_ingress_successfully" time="0.000000"></testcase>
		<testcase classname="github.com/argoproj/argo-rollouts/utils/ingress" name="Test_IngressWrapGetCached/will_return_error_if_fails_to_get_cached_networking_ingress" time="0.000000"></testcase>
		<testcase classname="github.com/argoproj/argo-rollouts/utils/ingress" name="Test_IngressWrapGetCached" time="0.000000"></testcase>
		<testcase classname="github.com/argoproj/argo-rollouts/utils/ingress" name="Test_IngressWrapCreate/will_return_error_if_fails_to_create_extensions_ingress" time="0.000000"></testcase>
		<testcase classname="github.com/argoproj/argo-rollouts/utils/ingress" name="Test_IngressWrapCreate/will_return_error_if_wrapper_has_invalid_IngressMode" time="0.000000"></testcase>
		<testcase classname="github.com/argoproj/argo-rollouts/utils/ingress" name="Test_IngressWrapCreate/will_create_network_ingress_successfully" time="0.000000"></testcase>
		<testcase classname="github.com/argoproj/argo-rollouts/utils/ingress" name="Test_IngressWrapCreate/will_create_extensions_ingress_successfully" time="0.000000"></testcase>
		<testcase classname="github.com/argoproj/argo-rollouts/utils/ingress" name="Test_IngressWrapCreate/will_return_error_if_fails_to_create_networking_ingress" time="0.000000"></testcase>
		<testcase classname="github.com/argoproj/argo-rollouts/utils/ingress" name="Test_IngressWrapCreate" time="0.000000"></testcase>
		<testcase classname="github.com/argoproj/argo-rollouts/utils/ingress" name="Test_IngressWrapHasSynced/will_check_networking_ingress_HasSynced" time="0.000000"></testcase>
		<testcase classname="github.com/argoproj/argo-rollouts/utils/ingress" name="Test_IngressWrapHasSynced/will_return_false_if_wrapper_has_invalid_IngressMode" time="0.000000"></testcase>
		<testcase classname="github.com/argoproj/argo-rollouts/utils/ingress" name="Test_IngressWrapHasSynced/will_check_extensions_ingress_HasSynced" time="0.000000"></testcase>
		<testcase classname="github.com/argoproj/argo-rollouts/utils/ingress" name="Test_IngressWrapHasSynced" time="0.000000"></testcase>
	</testsuite>
	<testsuite tests="11" failures="0" time="1.323000" name="github.com/argoproj/argo-rollouts/utils/io" timestamp="2024-10-02T10:26:39+08:00">
		<properties>
			<property name="go.version" value="go1.22.5 darwin/arm64"></property>
		</properties>
		<testcase classname="github.com/argoproj/argo-rollouts/utils/io" name="TestByteReadSeeker_Read" time="0.000000"></testcase>
		<testcase classname="github.com/argoproj/argo-rollouts/utils/io" name="TestByteReadSeeker_Seek_Start" time="0.000000"></testcase>
		<testcase classname="github.com/argoproj/argo-rollouts/utils/io" name="TestByteReadSeeker_Seek_Current" time="0.000000"></testcase>
		<testcase classname="github.com/argoproj/argo-rollouts/utils/io" name="TestByteReadSeeker_Seek_End" time="0.000000"></testcase>
		<testcase classname="github.com/argoproj/argo-rollouts/utils/io" name="TestByteReadSeeker_Seek_OutOfBounds" time="0.000000"></testcase>
		<testcase classname="github.com/argoproj/argo-rollouts/utils/io" name="TestGetPath_SameURLs" time="0.000000"></testcase>
		<testcase classname="github.com/argoproj/argo-rollouts/utils/io" name="TestGetPath_DifferentURLs" time="0.000000"></testcase>
		<testcase classname="github.com/argoproj/argo-rollouts/utils/io" name="TestGetPath_SameURLsDifferentInstances" time="0.000000"></testcase>
		<testcase classname="github.com/argoproj/argo-rollouts/utils/io" name="TestGetPathIfExists/does_not_exist" time="0.000000"></testcase>
		<testcase classname="github.com/argoproj/argo-rollouts/utils/io" name="TestGetPathIfExists/does_exist" time="0.000000"></testcase>
		<testcase classname="github.com/argoproj/argo-rollouts/utils/io" name="TestGetPathIfExists" time="0.000000"></testcase>
	</testsuite>
	<testsuite tests="23" failures="0" time="1.636000" name="github.com/argoproj/argo-rollouts/utils/io/files" timestamp="2024-10-02T10:26:39+08:00">
		<properties>
			<property name="go.version" value="go1.22.5 darwin/arm64"></property>
		</properties>
		<testcase classname="github.com/argoproj/argo-rollouts/utils/io/files" name="TestTgz/will_exclude_directories_from_the_exclusion_list" time="0.010000"></testcase>
		<testcase classname="github.com/argoproj/argo-rollouts/utils/io/files" name="TestTgz/will_tgz_folder_successfully" time="0.010000"></testcase>
		<testcase classname="github.com/argoproj/argo-rollouts/utils/io/files" name="TestTgz/will_exclude_files_from_the_exclusion_list" time="0.010000"></testcase>
		<testcase classname="github.com/argoproj/argo-rollouts/utils/io/files" name="TestTgz" time="0.000000"></testcase>
		<testcase classname="github.com/argoproj/argo-rollouts/utils/io/files" name="TestUntgz/will_untgz_successfully" time="0.020000"></testcase>
		<testcase classname="github.com/argoproj/argo-rollouts/utils/io/files" name="TestUntgz/will_protect_against_symlink_exploit" time="0.000000"></testcase>
		<testcase classname="github.com/argoproj/argo-rollouts/utils/io/files" name="TestUntgz/preserves_file_mode" time="0.010000"></testcase>
		<testcase classname="github.com/argoproj/argo-rollouts/utils/io/files" name="TestUntgz" time="0.030000"></testcase>
		<testcase classname="github.com/argoproj/argo-rollouts/utils/io/files" name="TestRelativePath/will_return_relative_path_from_file_path" time="0.000000"></testcase>
		<testcase classname="github.com/argoproj/argo-rollouts/utils/io/files" name="TestRelativePath/will_handle_relative_paths" time="0.000000"></testcase>
		<testcase classname="github.com/argoproj/argo-rollouts/utils/io/files" name="TestRelativePath/will_handle_relative_basepath" time="0.000000"></testcase>
		<testcase classname="github.com/argoproj/argo-rollouts/utils/io/files" name="TestRelativePath/will_handle_relative_fullpath" time="0.000000"></testcase>
		<testcase classname="github.com/argoproj/argo-rollouts/utils/io/files" name="TestRelativePath/will_return_relative_path_from_dir_path#01" time="0.000000"></testcase>
		<testcase classname="github.com/argoproj/argo-rollouts/utils/io/files" name="TestRelativePath/will_return_error_if_basepath_does_not_match" time="0.000000"></testcase>
		<testcase classname="github.com/argoproj/argo-rollouts/utils/io/files" name="TestRelativePath/will_return_._if_fullpath_and_basepath_are_the_same" time="0.000000"></testcase>
		<testcase classname="github.com/argoproj/argo-rollouts/utils/io/files" name="TestRelativePath/will_return_relative_path_from_dir_path" time="0.000000"></testcase>
		<testcase classname="github.com/argoproj/argo-rollouts/utils/io/files" name="TestRelativePath" time="0.000000"></testcase>
		<testcase classname="github.com/argoproj/argo-rollouts/utils/io/files" name="TestInbound/will_return_true_if_candidate_is_inbound" time="0.000000"></testcase>
		<testcase classname="github.com/argoproj/argo-rollouts/utils/io/files" name="TestInbound/will_return_false_if_basedir_is_relative" time="0.000000"></testcase>
		<testcase classname="github.com/argoproj/argo-rollouts/utils/io/files" name="TestInbound/will_return_false_if_candidate_is_not_inbound" time="0.000000"></testcase>
		<testcase classname="github.com/argoproj/argo-rollouts/utils/io/files" name="TestInbound/will_return_true_if_candidate_is_relative_inbound" time="0.000000"></testcase>
		<testcase classname="github.com/argoproj/argo-rollouts/utils/io/files" name="TestInbound/will_return_false_if_candidate_is_relative_outbound" time="0.000000"></testcase>
		<testcase classname="github.com/argoproj/argo-rollouts/utils/io/files" name="TestInbound" time="0.000000"></testcase>
	</testsuite>
	<testsuite tests="0" failures="0" time="0.019000" name="github.com/argoproj/argo-rollouts/utils/io/mocks" timestamp="2024-10-02T10:26:39+08:00">
		<properties>
			<property name="go.version" value="go1.22.5 darwin/arm64"></property>
		</properties>
	</testsuite>
	<testsuite tests="27" failures="0" time="2.111000" name="github.com/argoproj/argo-rollouts/utils/io/path" timestamp="2024-10-02T10:26:39+08:00">
		<properties>
			<property name="go.version" value="go1.22.5 darwin/arm64"></property>
		</properties>
		<testcase classname="github.com/argoproj/argo-rollouts/utils/io/path" name="Test_resolveSymlinkRecursive/Resolve_non-symlink" time="0.000000"></testcase>
		<testcase classname="github.com/argoproj/argo-rollouts/utils/io/path" name="Test_resolveSymlinkRecursive/Successfully_resolve_symlink" time="0.000000"></testcase>
		<testcase classname="github.com/argoproj/argo-rollouts/utils/io/path" name="Test_resolveSymlinkRecursive/Do_not_allow_symlink_at_all" time="0.000000"></testcase>
		<testcase classname="github.com/argoproj/argo-rollouts/utils/io/path" name="Test_resolveSymlinkRecursive/Error_because_too_nested_symlink" time="0.000000"></testcase>
		<testcase classname="github.com/argoproj/argo-rollouts/utils/io/path" name="Test_resolveSymlinkRecursive/No_such_file_or_directory" time="0.000000"></testcase>
		<testcase classname="github.com/argoproj/argo-rollouts/utils/io/path" name="Test_resolveSymlinkRecursive" time="0.000000"></testcase>
		<testcase classname="github.com/argoproj/argo-rollouts/utils/io/path" name="Test_isURLSchemeAllowed/Allowed_scheme_matches" time="0.000000"></testcase>
		<testcase classname="github.com/argoproj/argo-rollouts/utils/io/path" name="Test_isURLSchemeAllowed/Allowed_scheme_matches_only_partially" time="0.000000"></testcase>
		<testcase classname="github.com/argoproj/argo-rollouts/utils/io/path" name="Test_isURLSchemeAllowed/Scheme_is_not_allowed" time="0.000000"></testcase>
		<testcase classname="github.com/argoproj/argo-rollouts/utils/io/path" name="Test_isURLSchemeAllowed/Empty_scheme_with_valid_allowances_is_forbidden" time="0.000000"></testcase>
		<testcase classname="github.com/argoproj/argo-rollouts/utils/io/path" name="Test_isURLSchemeAllowed/Empty_scheme_with_empty_allowances_is_forbidden" time="0.000000"></testcase>
		<testcase classname="github.com/argoproj/argo-rollouts/utils/io/path" name="Test_isURLSchemeAllowed/Some_scheme_with_empty_allowances_is_forbidden" time="0.000000"></testcase>
		<testcase classname="github.com/argoproj/argo-rollouts/utils/io/path" name="Test_isURLSchemeAllowed" time="0.000000"></testcase>
		<testcase classname="github.com/argoproj/argo-rollouts/utils/io/path" name="Test_resolveFilePath/Resolve_normal_relative_path_into_absolute_path" time="0.000000"></testcase>
		<testcase classname="github.com/argoproj/argo-rollouts/utils/io/path" name="Test_resolveFilePath/Resolve_normal_relative_path_into_absolute_path#01" time="0.000000"></testcase>
		<testcase classname="github.com/argoproj/argo-rollouts/utils/io/path" name="Test_resolveFilePath/Error_on_path_resolving_outside_repository_root" time="0.000000"></testcase>
		<testcase classname="github.com/argoproj/argo-rollouts/utils/io/path" name="Test_resolveFilePath/Return_verbatim_URL" time="0.000000"></testcase>
		<testcase classname="github.com/argoproj/argo-rollouts/utils/io/path" name="Test_resolveFilePath/URL_scheme_not_allowed" time="0.000000"></testcase>
		<testcase classname="github.com/argoproj/argo-rollouts/utils/io/path" name="Test_resolveFilePath/Implicit_URL_by_absolute_path" time="0.000000"></testcase>
		<testcase classname="github.com/argoproj/argo-rollouts/utils/io/path" name="Test_resolveFilePath/Relative_app_path" time="0.000000"></testcase>
		<testcase classname="github.com/argoproj/argo-rollouts/utils/io/path" name="Test_resolveFilePath/Relative_repo_path" time="0.000000"></testcase>
		<testcase classname="github.com/argoproj/argo-rollouts/utils/io/path" name="Test_resolveFilePath/Overlapping_root_prefix_without_trailing_slash" time="0.000000"></testcase>
		<testcase classname="github.com/argoproj/argo-rollouts/utils/io/path" name="Test_resolveFilePath/Overlapping_root_prefix_with_trailing_slash" time="0.000000"></testcase>
		<testcase classname="github.com/argoproj/argo-rollouts/utils/io/path" name="Test_resolveFilePath/Garbage_input_as_values_file" time="0.000000"></testcase>
		<testcase classname="github.com/argoproj/argo-rollouts/utils/io/path" name="Test_resolveFilePath/NUL-byte_path_input_as_values_file" time="0.000000"></testcase>
		<testcase classname="github.com/argoproj/argo-rollouts/utils/io/path" name="Test_resolveFilePath/Resolve_root_path_into_absolute_path_-_jsonnet_library_path" time="0.000000"></testcase>
		<testcase classname="github.com/argoproj/argo-rollouts/utils/io/path" name="Test_resolveFilePath" time="0.000000"></testcase>
	</testsuite>
	<testsuite tests="11" failures="0" time="1.685000" name="github.com/argoproj/argo-rollouts/utils/istio" timestamp="2024-10-02T10:26:39+08:00">
		<properties>
			<property name="go.version" value="go1.22.5 darwin/arm64"></property>
		</properties>
		<testcase classname="github.com/argoproj/argo-rollouts/utils/istio" name="TestDoesIstioExist" time="0.000000"></testcase>
		<testcase classname="github.com/argoproj/argo-rollouts/utils/istio" name="TestGetIstioVirtualServiceGVR" time="0.000000"></testcase>
		<testcase classname="github.com/argoproj/argo-rollouts/utils/istio" name="TestGetIstioDestinationRuleGVR" time="0.000000"></testcase>
		<testcase classname="github.com/argoproj/argo-rollouts/utils/istio" name="TestGetRolloutVirtualServiceKeys" time="0.000000"></testcase>
		<testcase classname="github.com/argoproj/argo-rollouts/utils/istio" name="TestGetRolloutDesinationRuleKeys" time="0.000000"></testcase>
		<testcase classname="github.com/argoproj/argo-rollouts/utils/istio" name="TestGetPrimaryClusterDynamicClient/TestNoPrimaryClusterSecret" time="0.000000"></testcase>
		<testcase classname="github.com/argoproj/argo-rollouts/utils/istio" name="TestGetPrimaryClusterDynamicClient/TestPrimaryClusterSingleSecret" time="0.000000"></testcase>
		<testcase classname="github.com/argoproj/argo-rollouts/utils/istio" name="TestGetPrimaryClusterDynamicClient/TestPrimaryClusterMultipleSecrets" time="0.000000"></testcase>
		<testcase classname="github.com/argoproj/argo-rollouts/utils/istio" name="TestGetPrimaryClusterDynamicClient/TestPrimaryClusterNoSecretInNamespaceForNamespacedController" time="0.000000"></testcase>
		<testcase classname="github.com/argoproj/argo-rollouts/utils/istio" name="TestGetPrimaryClusterDynamicClient/TestPrimaryClusterSingleSecretInNamespaceForNamespacedController" time="0.000000"></testcase>
		<testcase classname="github.com/argoproj/argo-rollouts/utils/istio" name="TestGetPrimaryClusterDynamicClient" time="0.000000"></testcase>
	</testsuite>
	<testsuite tests="2" failures="0" time="2.165000" name="github.com/argoproj/argo-rollouts/utils/json" timestamp="2024-10-02T10:26:39+08:00">
		<properties>
			<property name="go.version" value="go1.22.5 darwin/arm64"></property>
		</properties>
		<testcase classname="github.com/argoproj/argo-rollouts/utils/json" name="TestMustMarshalSuccess" time="0.000000"></testcase>
		<testcase classname="github.com/argoproj/argo-rollouts/utils/json" name="TestMustMarshalPanics" time="0.000000"></testcase>
	</testsuite>
	<testsuite tests="9" failures="0" time="1.871000" name="github.com/argoproj/argo-rollouts/utils/jwt" timestamp="2024-10-02T10:26:39+08:00">
		<properties>
			<property name="go.version" value="go1.22.5 darwin/arm64"></property>
		</properties>
		<testcase classname="github.com/argoproj/argo-rollouts/utils/jwt" name="TestGetSingleStringScope" time="0.000000"></testcase>
		<testcase classname="github.com/argoproj/argo-rollouts/utils/jwt" name="TestGetMultipleListScopes" time="0.000000"></testcase>
		<testcase classname="github.com/argoproj/argo-rollouts/utils/jwt" name="TestClaims" time="0.000000"></testcase>
		<testcase classname="github.com/argoproj/argo-rollouts/utils/jwt" name="TestIsMember" time="0.000000"></testcase>
		<testcase classname="github.com/argoproj/argo-rollouts/utils/jwt" name="TestGetGroups" time="0.000000"></testcase>
		<testcase classname="github.com/argoproj/argo-rollouts/utils/jwt" name="TestIssuedAtTime_Int64" time="0.000000"></testcase>
		<testcase classname="github.com/argoproj/argo-rollouts/utils/jwt" name="TestIssuedAtTime_Error_NoInt" time="0.000000"></testcase>
		<testcase classname="github.com/argoproj/argo-rollouts/utils/jwt" name="TestIssuedAtTime_Error_Missing" time="0.000000"></testcase>
		<testcase classname="github.com/argoproj/argo-rollouts/utils/jwt" name="TestIsValid" time="0.000000"></testcase>
	</testsuite>
	<testsuite tests="18" failures="0" time="2.222000" name="github.com/argoproj/argo-rollouts/utils/log" timestamp="2024-10-02T10:26:39+08:00">
		<properties>
			<property name="go.version" value="go1.22.5 darwin/arm64"></property>
		</properties>
		<testcase classname="github.com/argoproj/argo-rollouts/utils/log" name="TestWithUnstructuredObject" time="0.000000"></testcase>
		<testcase classname="github.com/argoproj/argo-rollouts/utils/log" name="TestWithRolloutObject" time="0.000000"></testcase>
		<testcase classname="github.com/argoproj/argo-rollouts/utils/log" name="TestKindNamespaceName" time="0.000000"></testcase>
		<testcase classname="github.com/argoproj/argo-rollouts/utils/log" name="TestWithRollout" time="0.000000"></testcase>
		<testcase classname="github.com/argoproj/argo-rollouts/utils/log" name="TestWithExperiment" time="0.000000"></testcase>
		<testcase classname="github.com/argoproj/argo-rollouts/utils/log" name="TestWithAnalysis" time="0.000000"></testcase>
		<testcase classname="github.com/argoproj/argo-rollouts/utils/log" name="TestWithRedactor" time="0.000000"></testcase>
		<testcase classname="github.com/argoproj/argo-rollouts/utils/log" name="TestWithRedactorWithEmptySecret" time="0.000000"></testcase>
		<testcase classname="github.com/argoproj/argo-rollouts/utils/log" name="TestWithVersionFields" time="0.000000"></testcase>
		<testcase classname="github.com/argoproj/argo-rollouts/utils/log" name="TestKLogLogger" time="0.000000"></testcase>
		<testcase classname="github.com/argoproj/argo-rollouts/utils/log" name="TestCreateFormatter/log_format_is_json" time="0.000000"></testcase>
		<testcase classname="github.com/argoproj/argo-rollouts/utils/log" name="TestCreateFormatter/log_format_is_text/FORCE_LOG_COLORS_==_1" time="0.000000"></testcase>
		<testcase classname="github.com/argoproj/argo-rollouts/utils/log" name="TestCreateFormatter/log_format_is_text/FORCE_LOG_COLORS_!=_1" time="0.000000"></testcase>
		<testcase classname="github.com/argoproj/argo-rollouts/utils/log" name="TestCreateFormatter/log_format_is_text/ARGOROLLOUTS_LOG_FORMAT_ENABLE_FULL_TIMESTAMP_==_1" time="0.000000"></testcase>
		<testcase classname="github.com/argoproj/argo-rollouts/utils/log" name="TestCreateFormatter/log_format_is_text/ARGOROLLOUTS_LOG_FORMAT_ENABLE_FULL_TIMESTAMP_!=_1" time="0.000000"></testcase>
		<testcase classname="github.com/argoproj/argo-rollouts/utils/log" name="TestCreateFormatter/log_format_is_text" time="0.000000"></testcase>
		<testcase classname="github.com/argoproj/argo-rollouts/utils/log" name="TestCreateFormatter/log_format_is_not_json_or_text" time="0.000000"></testcase>
		<testcase classname="github.com/argoproj/argo-rollouts/utils/log" name="TestCreateFormatter" time="0.000000"></testcase>
	</testsuite>
	<testsuite tests="1" failures="0" time="2.294000" name="github.com/argoproj/argo-rollouts/utils/metric" timestamp="2024-10-02T10:26:39+08:00">
		<properties>
			<property name="go.version" value="go1.22.5 darwin/arm64"></property>
		</properties>
		<testcase classname="github.com/argoproj/argo-rollouts/utils/metric" name="TestMarkMeasurementError" time="0.000000"></testcase>
	</testsuite>
	<testsuite tests="39" failures="0" time="2.902000" name="github.com/argoproj/argo-rollouts/utils/oidc" timestamp="2024-10-02T10:26:39+08:00">
		<properties>
			<property name="go.version" value="go1.22.5 darwin/arm64"></property>
		</properties>
		<testcase classname="github.com/argoproj/argo-rollouts/utils/oidc" name="TestInferGrantType/dex" time="0.010000"></testcase>
		<testcase classname="github.com/argoproj/argo-rollouts/utils/oidc" name="TestInferGrantType/okta" time="0.000000"></testcase>
		<testcase classname="github.com/argoproj/argo-rollouts/utils/oidc" name="TestInferGrantType/auth0" time="0.000000"></testcase>
		<testcase classname="github.com/argoproj/argo-rollouts/utils/oidc" name="TestInferGrantType/onelogin" time="0.000000"></testcase>
		<testcase classname="github.com/argoproj/argo-rollouts/utils/oidc" name="TestInferGrantType" time="0.010000"></testcase>
		<testcase classname="github.com/argoproj/argo-rollouts/utils/oidc" name="TestIDTokenClaims" time="0.000000"></testcase>
		<testcase classname="github.com/argoproj/argo-rollouts/utils/oidc" name="TestHandleCallback" time="0.000000"></testcase>
		<testcase classname="github.com/argoproj/argo-rollouts/utils/oidc" name="TestClientApp_HandleLogin/oidc_certificate_checking_during_login_should_toggle_on_config" time="0.120000"></testcase>
		<testcase classname="github.com/argoproj/argo-rollouts/utils/oidc" name="TestClientApp_HandleLogin/dex_certificate_checking_during_login_should_toggle_on_config" time="0.070000"></testcase>
		<testcase classname="github.com/argoproj/argo-rollouts/utils/oidc" name="TestClientApp_HandleLogin" time="0.200000"></testcase>
		<testcase classname="github.com/argoproj/argo-rollouts/utils/oidc" name="Test_Login_Flow" time="0.040000"></testcase>
		<testcase classname="github.com/argoproj/argo-rollouts/utils/oidc" name="TestClientApp_HandleCallback/oidc_certificate_checking_during_oidc_callback_should_toggle_on_config" time="0.070000"></testcase>
		<testcase classname="github.com/argoproj/argo-rollouts/utils/oidc" name="TestClientApp_HandleCallback/dex_certificate_checking_during_oidc_callback_should_toggle_on_config" time="0.070000"></testcase>
		<testcase classname="github.com/argoproj/argo-rollouts/utils/oidc" name="TestClientApp_HandleCallback" time="0.140000"></testcase>
		<testcase classname="github.com/argoproj/argo-rollouts/utils/oidc" name="TestIsValidRedirect/Single_allowed_valid_URL" time="0.000000"></testcase>
		<testcase classname="github.com/argoproj/argo-rollouts/utils/oidc" name="TestIsValidRedirect/Empty_URL" time="0.000000"></testcase>
		<testcase classname="github.com/argoproj/argo-rollouts/utils/oidc" name="TestIsValidRedirect/Trailing_single_slash_and_empty_suffix_are_handled_the_same" time="0.000000"></testcase>
		<testcase classname="github.com/argoproj/argo-rollouts/utils/oidc" name="TestIsValidRedirect/Multiple_valid_URLs_with_one_allowed" time="0.000000"></testcase>
		<testcase classname="github.com/argoproj/argo-rollouts/utils/oidc" name="TestIsValidRedirect/Multiple_valid_URLs_with_none_allowed" time="0.000000"></testcase>
		<testcase classname="github.com/argoproj/argo-rollouts/utils/oidc" name="TestIsValidRedirect/Invalid_redirect_URL_because_path_prefix_does_not_match" time="0.000000"></testcase>
		<testcase classname="github.com/argoproj/argo-rollouts/utils/oidc" name="TestIsValidRedirect/Valid_redirect_URL_because_prefix_matches" time="0.000000"></testcase>
		<testcase classname="github.com/argoproj/argo-rollouts/utils/oidc" name="TestIsValidRedirect/Invalid_redirect_URL_because_resolved_path_does_not_match_prefix" time="0.000000"></testcase>
		<testcase classname="github.com/argoproj/argo-rollouts/utils/oidc" name="TestIsValidRedirect/Invalid_redirect_URL_because_scheme_mismatch" time="0.000000"></testcase>
		<testcase classname="github.com/argoproj/argo-rollouts/utils/oidc" name="TestIsValidRedirect/Invalid_redirect_URL_because_port_mismatch" time="0.000000"></testcase>
		<testcase classname="github.com/argoproj/argo-rollouts/utils/oidc" name="TestIsValidRedirect/Invalid_redirect_URL_because_of_CRLF_in_path" time="0.000000"></testcase>
		<testcase classname="github.com/argoproj/argo-rollouts/utils/oidc" name="TestIsValidRedirect" time="0.000000"></testcase>
		<testcase classname="github.com/argoproj/argo-rollouts/utils/oidc" name="TestGenerateAppState/VerifyAppState_Successful" time="0.000000"></testcase>
		<testcase classname="github.com/argoproj/argo-rollouts/utils/oidc" name="TestGenerateAppState/VerifyAppState_Failed" time="0.000000"></testcase>
		<testcase classname="github.com/argoproj/argo-rollouts/utils/oidc" name="TestGenerateAppState" time="0.030000"></testcase>
		<testcase classname="github.com/argoproj/argo-rollouts/utils/oidc" name="TestGenerateAppState_XSS/XSS_fails" time="0.000000"></testcase>
		<testcase classname="github.com/argoproj/argo-rollouts/utils/oidc" name="TestGenerateAppState_XSS/valid_return_URL_succeeds" time="0.000000"></testcase>
		<testcase classname="github.com/argoproj/argo-rollouts/utils/oidc" name="TestGenerateAppState_XSS" time="0.030000"></testcase>
		<testcase classname="github.com/argoproj/argo-rollouts/utils/oidc" name="TestGenerateAppState_NoReturnURL" time="0.070000"></testcase>
		<testcase classname="github.com/argoproj/argo-rollouts/utils/oidc" name="TestGetUserInfo/call_UserInfo_with_wrong_userInfoPath" time="0.060000"></testcase>
		<testcase classname="github.com/argoproj/argo-rollouts/utils/oidc" name="TestGetUserInfo/call_UserInfo_with_bad_accessToken" time="0.060000"></testcase>
		<testcase classname="github.com/argoproj/argo-rollouts/utils/oidc" name="TestGetUserInfo/call_UserInfo_with_garbage_returned" time="0.060000"></testcase>
		<testcase classname="github.com/argoproj/argo-rollouts/utils/oidc" name="TestGetUserInfo/call_UserInfo_without_accessToken_in_cache" time="0.070000"></testcase>
		<testcase classname="github.com/argoproj/argo-rollouts/utils/oidc" name="TestGetUserInfo/call_UserInfo_with_valid_accessToken_in_cache" time="0.070000"></testcase>
		<testcase classname="github.com/argoproj/argo-rollouts/utils/oidc" name="TestGetUserInfo" time="0.320000"></testcase>
	</testsuite>
	<testsuite tests="25" failures="0" time="1.916000" name="github.com/argoproj/argo-rollouts/utils/plugin" timestamp="2024-10-02T10:26:39+08:00">
		<properties>
			<property name="go.version" value="go1.22.5 darwin/arm64"></property>
		</properties>
		<testcase classname="github.com/argoproj/argo-rollouts/utils/plugin" name="TestPlugin/try_to_get_config_without_being_initialized" time="0.000000"></testcase>
		<testcase classname="github.com/argoproj/argo-rollouts/utils/plugin" name="TestPlugin/test_initializing_and_downloading_plugins_successfully" time="0.010000"></testcase>
		<testcase classname="github.com/argoproj/argo-rollouts/utils/plugin" name="TestPlugin/test_bad_sha" time="0.000000"></testcase>
		<testcase classname="github.com/argoproj/argo-rollouts/utils/plugin" name="TestPlugin/test_plugin_initialization_with_no_configmap_found" time="0.000000"></testcase>
		<testcase classname="github.com/argoproj/argo-rollouts/utils/plugin" name="TestPlugin/test_moving_file_to_plugin_location" time="0.000000"></testcase>
		<testcase classname="github.com/argoproj/argo-rollouts/utils/plugin" name="TestPlugin/test_initialzing_the_config_system_twice" time="0.000000"></testcase>
		<testcase classname="github.com/argoproj/argo-rollouts/utils/plugin" name="TestPlugin/test_a_maformed_configmap" time="0.000000"></testcase>
		<testcase classname="github.com/argoproj/argo-rollouts/utils/plugin" name="TestPlugin/test_malformed_pluginLocation" time="0.000000"></testcase>
		<testcase classname="github.com/argoproj/argo-rollouts/utils/plugin" name="TestPlugin" time="0.020000"></testcase>
		<testcase classname="github.com/argoproj/argo-rollouts/utils/plugin" name="TestCheckPluginExits/test_that_non_existing_files_on_the_fs_return_error" time="0.000000"></testcase>
		<testcase classname="github.com/argoproj/argo-rollouts/utils/plugin" name="TestCheckPluginExits/test_that_if_a_file_exists_on_the_fs_we_dont_error" time="0.000000"></testcase>
		<testcase classname="github.com/argoproj/argo-rollouts/utils/plugin" name="TestCheckPluginExits" time="0.000000"></testcase>
		<testcase classname="github.com/argoproj/argo-rollouts/utils/plugin" name="TestCheckShaOfPlugin/test_sha_of_non_existing_file" time="0.000000"></testcase>
		<testcase classname="github.com/argoproj/argo-rollouts/utils/plugin" name="TestCheckShaOfPlugin/test_sha_of_real_file" time="0.000000"></testcase>
		<testcase classname="github.com/argoproj/argo-rollouts/utils/plugin" name="TestCheckShaOfPlugin" time="0.000000"></testcase>
		<testcase classname="github.com/argoproj/argo-rollouts/utils/plugin" name="TestDownloadFile" time="0.000000"></testcase>
		<testcase classname="github.com/argoproj/argo-rollouts/utils/plugin" name="Test_copyFile/test_copy_file_that_does_not_exist" time="0.000000"></testcase>
		<testcase classname="github.com/argoproj/argo-rollouts/utils/plugin" name="Test_copyFile/test_copy_file_that_does_exist" time="0.000000"></testcase>
		<testcase classname="github.com/argoproj/argo-rollouts/utils/plugin" name="Test_copyFile" time="0.000000"></testcase>
		<testcase classname="github.com/argoproj/argo-rollouts/utils/plugin" name="TestGetPluginInfo/tests_getting_plugin_location_of_metric_provider_plugins" time="0.000000"></testcase>
		<testcase classname="github.com/argoproj/argo-rollouts/utils/plugin" name="TestGetPluginInfo/tests_getting_plugin_location_of_traffic_router_plugins" time="0.000000"></testcase>
		<testcase classname="github.com/argoproj/argo-rollouts/utils/plugin" name="TestGetPluginInfo/tests_getting_plugin_location_of_step_plugins" time="0.000000"></testcase>
		<testcase classname="github.com/argoproj/argo-rollouts/utils/plugin" name="TestGetPluginInfo/test_getting_plugin_location_of_a_plugin_that_does_not_exists" time="0.000000"></testcase>
		<testcase classname="github.com/argoproj/argo-rollouts/utils/plugin" name="TestGetPluginInfo/test_getting_plugin_location_from_a_plugin_of_a_different_type" time="0.000000"></testcase>
		<testcase classname="github.com/argoproj/argo-rollouts/utils/plugin" name="TestGetPluginInfo" time="0.000000"></testcase>
	</testsuite>
	<testsuite tests="0" failures="0" time="0.025000" name="github.com/argoproj/argo-rollouts/utils/plugin/types" timestamp="2024-10-02T10:26:39+08:00">
		<properties>
			<property name="go.version" value="go1.22.5 darwin/arm64"></property>
		</properties>
	</testsuite>
	<testsuite tests="0" failures="0" time="0.026000" name="github.com/argoproj/argo-rollouts/utils/queue" timestamp="2024-10-02T10:26:39+08:00">
		<properties>
			<property name="go.version" value="go1.22.5 darwin/arm64"></property>
		</properties>
	</testsuite>
	<testsuite tests="1" failures="0" time="2.074000" name="github.com/argoproj/argo-rollouts/utils/rand" timestamp="2024-10-02T10:26:39+08:00">
		<properties>
			<property name="go.version" value="go1.22.5 darwin/arm64"></property>
		</properties>
		<testcase classname="github.com/argoproj/argo-rollouts/utils/rand" name="TestRandString" time="0.000000"></testcase>
	</testsuite>
	<testsuite tests="34" failures="6" time="1.465000" name="github.com/argoproj/argo-rollouts/utils/rbac" timestamp="2024-10-02T10:26:39+08:00">
		<properties>
			<property name="go.version" value="go1.22.5 darwin/arm64"></property>
		</properties>
		<testcase classname="github.com/argoproj/argo-rollouts/utils/rbac" name="TestBuiltinPolicyEnforcer" time="0.000000">
			<failure message="Failed" type="">=== RUN   TestBuiltinPolicyEnforcer&#xA;    rbac_test.go:127: &#xA;        &#x9;Error Trace:&#x9;/Users/mac-DHAIOU06/go/src/github.com/argoproj/argo-rollouts/utils/rbac/rbac_test.go:127&#xA;        &#x9;Error:      &#x9;Should be true&#xA;        &#x9;Test:       &#x9;TestBuiltinPolicyEnforcer&#xA;time=&#34;2024-10-02T10:27:54+08:00&#34; level=error msg=&#34;[admin rollouts get foo/bar]: expected true, got false&#34;&#xA;    rbac_test.go:127: &#xA;        &#x9;Error Trace:&#x9;/Users/mac-DHAIOU06/go/src/github.com/argoproj/argo-rollouts/utils/rbac/rbac_test.go:127&#xA;        &#x9;Error:      &#x9;Should be true&#xA;        &#x9;Test:       &#x9;TestBuiltinPolicyEnforcer&#xA;time=&#34;2024-10-02T10:27:54+08:00&#34; level=error msg=&#34;[admin rollouts promote foo/bar]: expected true, got false&#34;&#xA;    rbac_test.go:127: &#xA;        &#x9;Error Trace:&#x9;/Users/mac-DHAIOU06/go/src/github.com/argoproj/argo-rollouts/utils/rbac/rbac_test.go:127&#xA;        &#x9;Error:      &#x9;Should be true&#xA;        &#x9;Test:       &#x9;TestBuiltinPolicyEnforcer&#xA;time=&#34;2024-10-02T10:27:54+08:00&#34; level=error msg=&#34;[role:readonly rollouts get foo/bar]: expected true, got false&#34;&#xA;    rbac_test.go:127: &#xA;        &#x9;Error Trace:&#x9;/Users/mac-DHAIOU06/go/src/github.com/argoproj/argo-rollouts/utils/rbac/rbac_test.go:127&#xA;        &#x9;Error:      &#x9;Should be true&#xA;        &#x9;Test:       &#x9;TestBuiltinPolicyEnforcer&#xA;time=&#34;2024-10-02T10:27:54+08:00&#34; level=error msg=&#34;[role:admin rollouts get foo/bar]: expected true, got false&#34;&#xA;    rbac_test.go:127: &#xA;        &#x9;Error Trace:&#x9;/Users/mac-DHAIOU06/go/src/github.com/argoproj/argo-rollouts/utils/rbac/rbac_test.go:127&#xA;        &#x9;Error:      &#x9;Should be true&#xA;        &#x9;Test:       &#x9;TestBuiltinPolicyEnforcer&#xA;time=&#34;2024-10-02T10:27:54+08:00&#34; level=error msg=&#34;[role:admin rollouts promote foo/bar]: expected true, got false&#34;&#xA;--- FAIL: TestBuiltinPolicyEnforcer (0.00s)&#xA;</failure>
		</testcase>
		<testcase classname="github.com/argoproj/argo-rollouts/utils/rbac" name="TestDefaultRole" time="0.000000">
			<failure message="Failed" type="">=== RUN   TestDefaultRole&#xA;    rbac_test.go:189: &#xA;        &#x9;Error Trace:&#x9;/Users/mac-DHAIOU06/go/src/github.com/argoproj/argo-rollouts/utils/rbac/rbac_test.go:189&#xA;        &#x9;Error:      &#x9;Should be true&#xA;        &#x9;Test:       &#x9;TestDefaultRole&#xA;--- FAIL: TestDefaultRole (0.00s)&#xA;</failure>
		</testcase>
		<testcase classname="github.com/argoproj/argo-rollouts/utils/rbac" name="TestDefaultRoleWithRuntimePolicy" time="0.000000">
			<failure message="Failed" type="">=== RUN   TestDefaultRoleWithRuntimePolicy&#xA;    rbac_test.go:279: &#xA;        &#x9;Error Trace:&#x9;/Users/mac-DHAIOU06/go/src/github.com/argoproj/argo-rollouts/utils/rbac/rbac_test.go:279&#xA;        &#x9;Error:      &#x9;Should be true&#xA;        &#x9;Test:       &#x9;TestDefaultRoleWithRuntimePolicy&#xA;--- FAIL: TestDefaultRoleWithRuntimePolicy (0.00s)&#xA;</failure>
		</testcase>
		<testcase classname="github.com/argoproj/argo-rollouts/utils/rbac" name="TestClaimsEnforcerFuncWithRuntimePolicy" time="0.000000">
			<failure message="Failed" type="">=== RUN   TestClaimsEnforcerFuncWithRuntimePolicy&#xA;    rbac_test.go:296: &#xA;        &#x9;Error Trace:&#x9;/Users/mac-DHAIOU06/go/src/github.com/argoproj/argo-rollouts/utils/rbac/rbac_test.go:296&#xA;        &#x9;Error:      &#x9;Should be true&#xA;        &#x9;Test:       &#x9;TestClaimsEnforcerFuncWithRuntimePolicy&#xA;--- FAIL: TestClaimsEnforcerFuncWithRuntimePolicy (0.00s)&#xA;</failure>
		</testcase>
		<testcase classname="github.com/argoproj/argo-rollouts/utils/rbac" name="TestInvalidRuntimePolicy" time="0.000000">
			<failure message="Failed" type="">=== RUN   TestInvalidRuntimePolicy&#xA;    rbac_test.go:306: &#xA;        &#x9;Error Trace:&#x9;/Users/mac-DHAIOU06/go/src/github.com/argoproj/argo-rollouts/utils/rbac/rbac_test.go:306&#xA;        &#x9;Error:      &#x9;Should be true&#xA;        &#x9;Test:       &#x9;TestInvalidRuntimePolicy&#xA;    rbac_test.go:309: &#xA;        &#x9;Error Trace:&#x9;/Users/mac-DHAIOU06/go/src/github.com/argoproj/argo-rollouts/utils/rbac/rbac_test.go:309&#xA;        &#x9;Error:      &#x9;Should be true&#xA;        &#x9;Test:       &#x9;TestInvalidRuntimePolicy&#xA;--- FAIL: TestInvalidRuntimePolicy (0.00s)&#xA;</failure>
		</testcase>
		<testcase classname="github.com/argoproj/argo-rollouts/utils/rbac" name="TestDefaultGlobMatchMode" time="0.000000">
			<failure message="Failed" type="">=== RUN   TestDefaultGlobMatchMode&#xA;    rbac_test.go:385: &#xA;        &#x9;Error Trace:&#x9;/Users/mac-DHAIOU06/go/src/github.com/argoproj/argo-rollouts/utils/rbac/rbac_test.go:385&#xA;        &#x9;Error:      &#x9;Should be false&#xA;        &#x9;Test:       &#x9;TestDefaultGlobMatchMode&#xA;--- FAIL: TestDefaultGlobMatchMode (0.00s)&#xA;</failure>
		</testcase>
		<testcase classname="github.com/argoproj/argo-rollouts/utils/rbac" name="TestPolicyInformer" time="0.050000"></testcase>
		<testcase classname="github.com/argoproj/argo-rollouts/utils/rbac" name="TestResourceActionWildcards" time="0.000000"></testcase>
		<testcase classname="github.com/argoproj/argo-rollouts/utils/rbac" name="TestPolicyCSV/will_return_empty_string_if_data_has_no_csv_entries" time="0.000000"></testcase>
		<testcase classname="github.com/argoproj/argo-rollouts/utils/rbac" name="TestPolicyCSV/will_return_just_policy_defined_with_default_key" time="0.000000"></testcase>
		<testcase classname="github.com/argoproj/argo-rollouts/utils/rbac" name="TestPolicyCSV/will_return_composed_policy_provided_by_multiple_policy_keys" time="0.000000"></testcase>
		<testcase classname="github.com/argoproj/argo-rollouts/utils/rbac" name="TestPolicyCSV/will_return_composed_policy_in_a_deterministic_order" time="0.000000"></testcase>
		<testcase classname="github.com/argoproj/argo-rollouts/utils/rbac" name="TestPolicyCSV" time="0.000000"></testcase>
		<testcase classname="github.com/argoproj/argo-rollouts/utils/rbac" name="TestProjectIsolationEnforcement" time="0.000000"></testcase>
		<testcase classname="github.com/argoproj/argo-rollouts/utils/rbac" name="TestProjectReadOnly" time="0.000000"></testcase>
		<testcase classname="github.com/argoproj/argo-rollouts/utils/rbac" name="TestEnableDisableEnforce" time="0.000000"></testcase>
		<testcase classname="github.com/argoproj/argo-rollouts/utils/rbac" name="TestUpdatePolicy" time="0.000000"></testcase>
		<testcase classname="github.com/argoproj/argo-rollouts/utils/rbac" name="TestNoPolicy" time="0.000000"></testcase>
		<testcase classname="github.com/argoproj/argo-rollouts/utils/rbac" name="TestClaimsEnforcerFunc" time="0.000000"></testcase>
		<testcase classname="github.com/argoproj/argo-rollouts/utils/rbac" name="TestValidatePolicy" time="0.000000"></testcase>
		<testcase classname="github.com/argoproj/argo-rollouts/utils/rbac" name="TestEnforceErrorMessage" time="0.000000"></testcase>
		<testcase classname="github.com/argoproj/argo-rollouts/utils/rbac" name="TestGlobMatchMode" time="0.000000"></testcase>
		<testcase classname="github.com/argoproj/argo-rollouts/utils/rbac" name="TestRegexMatchMode" time="0.000000"></testcase>
		<testcase classname="github.com/argoproj/argo-rollouts/utils/rbac" name="TestGlobMatchFunc" time="0.000000"></testcase>
		<testcase classname="github.com/argoproj/argo-rollouts/utils/rbac" name="TestLoadPolicyLine/Valid_permission_line" time="0.000000"></testcase>
		<testcase classname="github.com/argoproj/argo-rollouts/utils/rbac" name="TestLoadPolicyLine/Valid_grant_line" time="0.000000"></testcase>
		<testcase classname="github.com/argoproj/argo-rollouts/utils/rbac" name="TestLoadPolicyLine/Empty_policy_line" time="0.000000"></testcase>
		<testcase classname="github.com/argoproj/argo-rollouts/utils/rbac" name="TestLoadPolicyLine/Comment_policy_line" time="0.000000"></testcase>
		<testcase classname="github.com/argoproj/argo-rollouts/utils/rbac" name="TestLoadPolicyLine/Invalid_policy_line:_single_token" time="0.000000"></testcase>
		<testcase classname="github.com/argoproj/argo-rollouts/utils/rbac" name="TestLoadPolicyLine/Invalid_policy_line:_plain_text" time="0.000000"></testcase>
		<testcase classname="github.com/argoproj/argo-rollouts/utils/rbac" name="TestLoadPolicyLine/Invalid_policy_line" time="0.000000"></testcase>
		<testcase classname="github.com/argoproj/argo-rollouts/utils/rbac" name="TestLoadPolicyLine/Invalid_policy_line_missing_comma" time="0.000000"></testcase>
		<testcase classname="github.com/argoproj/argo-rollouts/utils/rbac" name="TestLoadPolicyLine/Invalid_policy_line_missing_policy_type" time="0.000000"></testcase>
		<testcase classname="github.com/argoproj/argo-rollouts/utils/rbac" name="TestLoadPolicyLine" time="0.000000"></testcase>
	</testsuite>
	<testsuite tests="23" failures="0" time="2.806000" name="github.com/argoproj/argo-rollouts/utils/record" timestamp="2024-10-02T10:26:39+08:00">
		<properties>
			<property name="go.version" value="go1.22.5 darwin/arm64"></property>
		</properties>
		<testcase classname="github.com/argoproj/argo-rollouts/utils/record" name="TestRecordLog" time="0.100000"></testcase>
		<testcase classname="github.com/argoproj/argo-rollouts/utils/record" name="TestIncCounter" time="0.100000"></testcase>
		<testcase classname="github.com/argoproj/argo-rollouts/utils/record" name="TestSendNotifications" time="0.100000"></testcase>
		<testcase classname="github.com/argoproj/argo-rollouts/utils/record" name="TestSendNotificationsWhenCondition" time="0.100000"></testcase>
		<testcase classname="github.com/argoproj/argo-rollouts/utils/record" name="TestSendNotificationsWhenConditionTime/Test_when_condition_is_true" time="0.000000"></testcase>
		<testcase classname="github.com/argoproj/argo-rollouts/utils/record" name="TestSendNotificationsWhenConditionTime/Test_when_condition_parse_panics" time="0.000000"></testcase>
		<testcase classname="github.com/argoproj/argo-rollouts/utils/record" name="TestSendNotificationsWhenConditionTime" time="0.000000"></testcase>
		<testcase classname="github.com/argoproj/argo-rollouts/utils/record" name="TestNotificationFailedCounter" time="0.100000"></testcase>
		<testcase classname="github.com/argoproj/argo-rollouts/utils/record" name="TestNotificationSuccessCounter" time="0.100000"></testcase>
		<testcase classname="github.com/argoproj/argo-rollouts/utils/record" name="TestNotificationSendPerformance" time="0.100000"></testcase>
		<testcase classname="github.com/argoproj/argo-rollouts/utils/record" name="TestSendNotificationsFails/SendError" time="0.100000"></testcase>
		<testcase classname="github.com/argoproj/argo-rollouts/utils/record" name="TestSendNotificationsFails/GetAPIError" time="0.100000"></testcase>
		<testcase classname="github.com/argoproj/argo-rollouts/utils/record" name="TestSendNotificationsFails" time="0.200000"></testcase>
		<testcase classname="github.com/argoproj/argo-rollouts/utils/record" name="TestSendNotificationsFailsWithRunTriggerError/SendError" time="0.100000"></testcase>
		<testcase classname="github.com/argoproj/argo-rollouts/utils/record" name="TestSendNotificationsFailsWithRunTriggerError/GetAPIError" time="0.100000"></testcase>
		<testcase classname="github.com/argoproj/argo-rollouts/utils/record" name="TestSendNotificationsFailsWithRunTriggerError" time="0.200000"></testcase>
		<testcase classname="github.com/argoproj/argo-rollouts/utils/record" name="TestSendNotificationsNoTrigger" time="0.100000"></testcase>
		<testcase classname="github.com/argoproj/argo-rollouts/utils/record" name="TestNewAPIFactorySettings/Send_notification_with_rollout_and_analysisRun" time="0.000000"></testcase>
		<testcase classname="github.com/argoproj/argo-rollouts/utils/record" name="TestNewAPIFactorySettings/Send_notification_rollout_when_revision__and_label_doesn&#39;t_match" time="0.000000"></testcase>
		<testcase classname="github.com/argoproj/argo-rollouts/utils/record" name="TestNewAPIFactorySettings/arInformer_is_nil" time="0.000000"></testcase>
		<testcase classname="github.com/argoproj/argo-rollouts/utils/record" name="TestNewAPIFactorySettings/analysisRuns_nil_for_no_matching_namespace" time="0.000000"></testcase>
		<testcase classname="github.com/argoproj/argo-rollouts/utils/record" name="TestNewAPIFactorySettings" time="0.000000"></testcase>
		<testcase classname="github.com/argoproj/argo-rollouts/utils/record" name="TestWorkloadRefObjectMap" time="0.000000"></testcase>
	</testsuite>
	<testsuite tests="217" failures="0" time="1.730000" name="github.com/argoproj/argo-rollouts/utils/replicaset" timestamp="2024-10-02T10:26:39+08:00">
		<properties>
			<property name="go.version" value="go1.22.5 darwin/arm64"></property>
		</properties>
		<testcase classname="github.com/argoproj/argo-rollouts/utils/replicaset" name="TestGetReplicaSetByTemplateHash" time="0.000000"></testcase>
		<testcase classname="github.com/argoproj/argo-rollouts/utils/replicaset" name="TestReadyForPause" time="0.000000"></testcase>
		<testcase classname="github.com/argoproj/argo-rollouts/utils/replicaset" name="TestCalculateReplicaCountsForCanary/Do_not_add_extra_RSs_in_scaleDownCount_when_.Spec.Replica_&lt;_AvailableReplicas" time="0.000000"></testcase>
		<testcase classname="github.com/argoproj/argo-rollouts/utils/replicaset" name="TestCalculateReplicaCountsForCanary/Use_max_surge_int_to_scale_up_canary" time="0.000000"></testcase>
		<testcase classname="github.com/argoproj/argo-rollouts/utils/replicaset" name="TestCalculateReplicaCountsForCanary/Use_max_surge_percentage_to_scale_up_canary" time="0.000000"></testcase>
		<testcase classname="github.com/argoproj/argo-rollouts/utils/replicaset" name="TestCalculateReplicaCountsForCanary/Scale_down_extra_stable_replicas" time="0.000000"></testcase>
		<testcase classname="github.com/argoproj/argo-rollouts/utils/replicaset" name="TestCalculateReplicaCountsForCanary/Do_not_go_past_max_surge" time="0.000000"></testcase>
		<testcase classname="github.com/argoproj/argo-rollouts/utils/replicaset" name="TestCalculateReplicaCountsForCanary/Use_max_unavailable_int_to_scale_down_stableRS" time="0.000000"></testcase>
		<testcase classname="github.com/argoproj/argo-rollouts/utils/replicaset" name="TestCalculateReplicaCountsForCanary/Use_max_surge_percentage_to_scale_down_stableRS" time="0.000000"></testcase>
		<testcase classname="github.com/argoproj/argo-rollouts/utils/replicaset" name="TestCalculateReplicaCountsForCanary/Do_not_go_past_max_unavailable" time="0.000000"></testcase>
		<testcase classname="github.com/argoproj/argo-rollouts/utils/replicaset" name="TestCalculateReplicaCountsForCanary/Use_Max_Surge_and_Max_Unavailable" time="0.000000"></testcase>
		<testcase classname="github.com/argoproj/argo-rollouts/utils/replicaset" name="TestCalculateReplicaCountsForCanary/Scale_canaryRS_to_zero_on_setWeight_of_0%" time="0.000000"></testcase>
		<testcase classname="github.com/argoproj/argo-rollouts/utils/replicaset" name="TestCalculateReplicaCountsForCanary/Scale_stable_to_zero_on_setWeight_of_100%" time="0.000000"></testcase>
		<testcase classname="github.com/argoproj/argo-rollouts/utils/replicaset" name="TestCalculateReplicaCountsForCanary/Do_not_scale_canaryRS_down_to_zero_on_non-zero_weight" time="0.000000"></testcase>
		<testcase classname="github.com/argoproj/argo-rollouts/utils/replicaset" name="TestCalculateReplicaCountsForCanary/Do_not_scale_canaryRS_down_to_zero_on_non-100_weight" time="0.000000"></testcase>
		<testcase classname="github.com/argoproj/argo-rollouts/utils/replicaset" name="TestCalculateReplicaCountsForCanary/Scale_canaryRS_to_zero_on_&lt;50_weight_without_surge" time="0.000000"></testcase>
		<testcase classname="github.com/argoproj/argo-rollouts/utils/replicaset" name="TestCalculateReplicaCountsForCanary/Scale_stableRS_down_to_zero_on_&gt;=50_weight_without_surge" time="0.000000"></testcase>
		<testcase classname="github.com/argoproj/argo-rollouts/utils/replicaset" name="TestCalculateReplicaCountsForCanary/Scale_canaryRS_to_one_on_&gt;=50_weight_without_surge_and_stable_replicas" time="0.000000"></testcase>
		<testcase classname="github.com/argoproj/argo-rollouts/utils/replicaset" name="TestCalculateReplicaCountsForCanary/Scale_up_Stable_before_canaryRS" time="0.000000"></testcase>
		<testcase classname="github.com/argoproj/argo-rollouts/utils/replicaset" name="TestCalculateReplicaCountsForCanary/Scale_down_canaryRS_and_stable" time="0.000000"></testcase>
		<testcase classname="github.com/argoproj/argo-rollouts/utils/replicaset" name="TestCalculateReplicaCountsForCanary/Scale_down_stable_and_canary_available" time="0.000000"></testcase>
		<testcase classname="github.com/argoproj/argo-rollouts/utils/replicaset" name="TestCalculateReplicaCountsForCanary/Do_not_scale_down_canaryRS_or_stable_when_older_RS_count_&gt;=_scaleDownCount" time="0.000000"></testcase>
		<testcase classname="github.com/argoproj/argo-rollouts/utils/replicaset" name="TestCalculateReplicaCountsForCanary/Do_not_round_past_maxSurge_with_uneven_setWeight_divisor" time="0.000000"></testcase>
		<testcase classname="github.com/argoproj/argo-rollouts/utils/replicaset" name="TestCalculateReplicaCountsForCanary/Do_not_round_past_maxSurge_with_uneven_setWeight_divisor_(part_2)" time="0.000000"></testcase>
		<testcase classname="github.com/argoproj/argo-rollouts/utils/replicaset" name="TestCalculateReplicaCountsForCanary/Use_maxUnavailable_of_1_when_percentage_of_maxUnavailable_and_maxSurge_result_in_0_replicas" time="0.000000"></testcase>
		<testcase classname="github.com/argoproj/argo-rollouts/utils/replicaset" name="TestCalculateReplicaCountsForCanary/For_canary_replicas,_use_setCanaryScale.replicas_when_specified_along_with_trafficRouting_(and_ignore_setWeight)" time="0.000000"></testcase>
		<testcase classname="github.com/argoproj/argo-rollouts/utils/replicaset" name="TestCalculateReplicaCountsForCanary/Use_setCanaryScale.weight_for_canary_replicas_when_specified_with_trafficRouting_(and_ignore_setWeight)" time="0.000000"></testcase>
		<testcase classname="github.com/argoproj/argo-rollouts/utils/replicaset" name="TestCalculateReplicaCountsForCanary/Ignore_setCanaryScale_replicas/weight_when_matchTrafficWeight_is_true" time="0.000000"></testcase>
		<testcase classname="github.com/argoproj/argo-rollouts/utils/replicaset" name="TestCalculateReplicaCountsForCanary/Ignore_setCanaryScale_when_trafficRouting_is_missing_and_use_setWeight_for_replicas" time="0.000000"></testcase>
		<testcase classname="github.com/argoproj/argo-rollouts/utils/replicaset" name="TestCalculateReplicaCountsForCanary/honor_maxSurge_during_scale_up_when_stableRS_unavailable" time="0.000000"></testcase>
		<testcase classname="github.com/argoproj/argo-rollouts/utils/replicaset" name="TestCalculateReplicaCountsForCanary/scale_down_to_maxunavailable_without_exceeding_maxSurge" time="0.000000"></testcase>
		<testcase classname="github.com/argoproj/argo-rollouts/utils/replicaset" name="TestCalculateReplicaCountsForCanary/scale_down_to_maxunavailable_without_exceeding_maxSurge_(part_2)" time="0.000000"></testcase>
		<testcase classname="github.com/argoproj/argo-rollouts/utils/replicaset" name="TestCalculateReplicaCountsForCanary/honor_maxUnavailable_during_scale_down_stableRS_unavailable" time="0.000000"></testcase>
		<testcase classname="github.com/argoproj/argo-rollouts/utils/replicaset" name="TestCalculateReplicaCountsForCanary/honor_maxUnavailable_when_aborting_or_reducing_weight_part_1" time="0.000000"></testcase>
		<testcase classname="github.com/argoproj/argo-rollouts/utils/replicaset" name="TestCalculateReplicaCountsForCanary/honor_maxUnavailable_when_aborting_or_reducing_weight_part_2" time="0.000000"></testcase>
		<testcase classname="github.com/argoproj/argo-rollouts/utils/replicaset" name="TestCalculateReplicaCountsForCanary/honor_maxUnavailable_when_aborting_or_reducing_weight_part_3" time="0.000000"></testcase>
		<testcase classname="github.com/argoproj/argo-rollouts/utils/replicaset" name="TestCalculateReplicaCountsForCanary/promote_full_does_not_consider_weight" time="0.000000"></testcase>
		<testcase classname="github.com/argoproj/argo-rollouts/utils/replicaset" name="TestCalculateReplicaCountsForCanary/promote_full_still_honors_maxSurge/maxUnavailable" time="0.000000"></testcase>
		<testcase classname="github.com/argoproj/argo-rollouts/utils/replicaset" name="TestCalculateReplicaCountsForCanary/aborted_with_abortScaleDownDelaySeconds:0_and_setCanaryScale" time="0.000000"></testcase>
		<testcase classname="github.com/argoproj/argo-rollouts/utils/replicaset" name="TestCalculateReplicaCountsForCanary/aborted_with_abortScaleDownDelaySeconds&gt;0_and_setCanaryScale" time="0.000000"></testcase>
		<testcase classname="github.com/argoproj/argo-rollouts/utils/replicaset" name="TestCalculateReplicaCountsForCanary/Honor_MinPodsPerReplicaSet_when_using_trafficRouting_and_starting_canary" time="0.000000"></testcase>
		<testcase classname="github.com/argoproj/argo-rollouts/utils/replicaset" name="TestCalculateReplicaCountsForCanary" time="0.000000"></testcase>
		<testcase classname="github.com/argoproj/argo-rollouts/utils/replicaset" name="TestApproximateWeightedNewStableReplicaCounts/TestApproximateWeightedNewStableReplicaCounts_replicas:0_weight:0_maxweight:100_surge:0" time="0.000000"></testcase>
		<testcase classname="github.com/argoproj/argo-rollouts/utils/replicaset" name="TestApproximateWeightedNewStableReplicaCounts/TestApproximateWeightedNewStableReplicaCounts_replicas:0_weight:50_maxweight:100_surge:0" time="0.000000"></testcase>
		<testcase classname="github.com/argoproj/argo-rollouts/utils/replicaset" name="TestApproximateWeightedNewStableReplicaCounts/TestApproximateWeightedNewStableReplicaCounts_replicas:0_weight:100_maxweight:100_surge:0" time="0.000000"></testcase>
		<testcase classname="github.com/argoproj/argo-rollouts/utils/replicaset" name="TestApproximateWeightedNewStableReplicaCounts/TestApproximateWeightedNewStableReplicaCounts_replicas:0_weight:0_maxweight:100_surge:1" time="0.000000"></testcase>
		<testcase classname="github.com/argoproj/argo-rollouts/utils/replicaset" name="TestApproximateWeightedNewStableReplicaCounts/TestApproximateWeightedNewStableReplicaCounts_replicas:0_weight:50_maxweight:100_surge:1" time="0.000000"></testcase>
		<testcase classname="github.com/argoproj/argo-rollouts/utils/replicaset" name="TestApproximateWeightedNewStableReplicaCounts/TestApproximateWeightedNewStableReplicaCounts_replicas:0_weight:100_maxweight:100_surge:1" time="0.000000"></testcase>
		<testcase classname="github.com/argoproj/argo-rollouts/utils/replicaset" name="TestApproximateWeightedNewStableReplicaCounts/TestApproximateWeightedNewStableReplicaCounts_replicas:1_weight:0_maxweight:100_surge:0" time="0.000000"></testcase>
		<testcase classname="github.com/argoproj/argo-rollouts/utils/replicaset" name="TestApproximateWeightedNewStableReplicaCounts/TestApproximateWeightedNewStableReplicaCounts_replicas:1_weight:1_maxweight:100_surge:0" time="0.000000"></testcase>
		<testcase classname="github.com/argoproj/argo-rollouts/utils/replicaset" name="TestApproximateWeightedNewStableReplicaCounts/TestApproximateWeightedNewStableReplicaCounts_replicas:1_weight:49_maxweight:100_surge:0" time="0.000000"></testcase>
		<testcase classname="github.com/argoproj/argo-rollouts/utils/replicaset" name="TestApproximateWeightedNewStableReplicaCounts/TestApproximateWeightedNewStableReplicaCounts_replicas:1_weight:50_maxweight:100_surge:0" time="0.000000"></testcase>
		<testcase classname="github.com/argoproj/argo-rollouts/utils/replicaset" name="TestApproximateWeightedNewStableReplicaCounts/TestApproximateWeightedNewStableReplicaCounts_replicas:1_weight:99_maxweight:100_surge:0" time="0.000000"></testcase>
		<testcase classname="github.com/argoproj/argo-rollouts/utils/replicaset" name="TestApproximateWeightedNewStableReplicaCounts/TestApproximateWeightedNewStableReplicaCounts_replicas:1_weight:100_maxweight:100_surge:0" time="0.000000"></testcase>
		<testcase classname="github.com/argoproj/argo-rollouts/utils/replicaset" name="TestApproximateWeightedNewStableReplicaCounts/TestApproximateWeightedNewStableReplicaCounts_replicas:1_weight:0_maxweight:100_surge:1" time="0.000000"></testcase>
		<testcase classname="github.com/argoproj/argo-rollouts/utils/replicaset" name="TestApproximateWeightedNewStableReplicaCounts/TestApproximateWeightedNewStableReplicaCounts_replicas:1_weight:1_maxweight:100_surge:1" time="0.000000"></testcase>
		<testcase classname="github.com/argoproj/argo-rollouts/utils/replicaset" name="TestApproximateWeightedNewStableReplicaCounts/TestApproximateWeightedNewStableReplicaCounts_replicas:1_weight:49_maxweight:100_surge:1" time="0.000000"></testcase>
		<testcase classname="github.com/argoproj/argo-rollouts/utils/replicaset" name="TestApproximateWeightedNewStableReplicaCounts/TestApproximateWeightedNewStableReplicaCounts_replicas:1_weight:50_maxweight:100_surge:1" time="0.000000"></testcase>
		<testcase classname="github.com/argoproj/argo-rollouts/utils/replicaset" name="TestApproximateWeightedNewStableReplicaCounts/TestApproximateWeightedNewStableReplicaCounts_replicas:1_weight:99_maxweight:100_surge:1" time="0.000000"></testcase>
		<testcase classname="github.com/argoproj/argo-rollouts/utils/replicaset" name="TestApproximateWeightedNewStableReplicaCounts/TestApproximateWeightedNewStableReplicaCounts_replicas:1_weight:100_maxweight:100_surge:1" time="0.000000"></testcase>
		<testcase classname="github.com/argoproj/argo-rollouts/utils/replicaset" name="TestApproximateWeightedNewStableReplicaCounts/TestApproximateWeightedNewStableReplicaCounts_replicas:2_weight:0_maxweight:100_surge:0" time="0.000000"></testcase>
		<testcase classname="github.com/argoproj/argo-rollouts/utils/replicaset" name="TestApproximateWeightedNewStableReplicaCounts/TestApproximateWeightedNewStableReplicaCounts_replicas:2_weight:1_maxweight:100_surge:0" time="0.000000"></testcase>
		<testcase classname="github.com/argoproj/argo-rollouts/utils/replicaset" name="TestApproximateWeightedNewStableReplicaCounts/TestApproximateWeightedNewStableReplicaCounts_replicas:2_weight:50_maxweight:100_surge:0" time="0.000000"></testcase>
		<testcase classname="github.com/argoproj/argo-rollouts/utils/replicaset" name="TestApproximateWeightedNewStableReplicaCounts/TestApproximateWeightedNewStableReplicaCounts_replicas:2_weight:99_maxweight:100_surge:0" time="0.000000"></testcase>
		<testcase classname="github.com/argoproj/argo-rollouts/utils/replicaset" name="TestApproximateWeightedNewStableReplicaCounts/TestApproximateWeightedNewStableReplicaCounts_replicas:2_weight:100_maxweight:100_surge:0" time="0.000000"></testcase>
		<testcase classname="github.com/argoproj/argo-rollouts/utils/replicaset" name="TestApproximateWeightedNewStableReplicaCounts/TestApproximateWeightedNewStableReplicaCounts_replicas:2_weight:0_maxweight:100_surge:1" time="0.000000"></testcase>
		<testcase classname="github.com/argoproj/argo-rollouts/utils/replicaset" name="TestApproximateWeightedNewStableReplicaCounts/TestApproximateWeightedNewStableReplicaCounts_replicas:2_weight:1_maxweight:100_surge:1" time="0.000000"></testcase>
		<testcase classname="github.com/argoproj/argo-rollouts/utils/replicaset" name="TestApproximateWeightedNewStableReplicaCounts/TestApproximateWeightedNewStableReplicaCounts_replicas:2_weight:50_maxweight:100_surge:1" time="0.000000"></testcase>
		<testcase classname="github.com/argoproj/argo-rollouts/utils/replicaset" name="TestApproximateWeightedNewStableReplicaCounts/TestApproximateWeightedNewStableReplicaCounts_replicas:2_weight:99_maxweight:100_surge:1" time="0.000000"></testcase>
		<testcase classname="github.com/argoproj/argo-rollouts/utils/replicaset" name="TestApproximateWeightedNewStableReplicaCounts/TestApproximateWeightedNewStableReplicaCounts_replicas:2_weight:100_maxweight:100_surge:1" time="0.000000"></testcase>
		<testcase classname="github.com/argoproj/argo-rollouts/utils/replicaset" name="TestApproximateWeightedNewStableReplicaCounts/TestApproximateWeightedNewStableReplicaCounts_replicas:3_weight:10_maxweight:100_surge:0" time="0.000000"></testcase>
		<testcase classname="github.com/argoproj/argo-rollouts/utils/replicaset" name="TestApproximateWeightedNewStableReplicaCounts/TestApproximateWeightedNewStableReplicaCounts_replicas:3_weight:25_maxweight:100_surge:0" time="0.000000"></testcase>
		<testcase classname="github.com/argoproj/argo-rollouts/utils/replicaset" name="TestApproximateWeightedNewStableReplicaCounts/TestApproximateWeightedNewStableReplicaCounts_replicas:3_weight:33_maxweight:100_surge:0" time="0.000000"></testcase>
		<testcase classname="github.com/argoproj/argo-rollouts/utils/replicaset" name="TestApproximateWeightedNewStableReplicaCounts/TestApproximateWeightedNewStableReplicaCounts_replicas:3_weight:34_maxweight:100_surge:0" time="0.000000"></testcase>
		<testcase classname="github.com/argoproj/argo-rollouts/utils/replicaset" name="TestApproximateWeightedNewStableReplicaCounts/TestApproximateWeightedNewStableReplicaCounts_replicas:3_weight:49_maxweight:100_surge:0" time="0.000000"></testcase>
		<testcase classname="github.com/argoproj/argo-rollouts/utils/replicaset" name="TestApproximateWeightedNewStableReplicaCounts/TestApproximateWeightedNewStableReplicaCounts_replicas:3_weight:50_maxweight:100_surge:0" time="0.000000"></testcase>
		<testcase classname="github.com/argoproj/argo-rollouts/utils/replicaset" name="TestApproximateWeightedNewStableReplicaCounts/TestApproximateWeightedNewStableReplicaCounts_replicas:3_weight:10_maxweight:100_surge:1" time="0.000000"></testcase>
		<testcase classname="github.com/argoproj/argo-rollouts/utils/replicaset" name="TestApproximateWeightedNewStableReplicaCounts/TestApproximateWeightedNewStableReplicaCounts_replicas:3_weight:25_maxweight:100_surge:1" time="0.000000"></testcase>
		<testcase classname="github.com/argoproj/argo-rollouts/utils/replicaset" name="TestApproximateWeightedNewStableReplicaCounts/TestApproximateWeightedNewStableReplicaCounts_replicas:3_weight:33_maxweight:100_surge:1" time="0.000000"></testcase>
		<testcase classname="github.com/argoproj/argo-rollouts/utils/replicaset" name="TestApproximateWeightedNewStableReplicaCounts/TestApproximateWeightedNewStableReplicaCounts_replicas:3_weight:34_maxweight:100_surge:1" time="0.000000"></testcase>
		<testcase classname="github.com/argoproj/argo-rollouts/utils/replicaset" name="TestApproximateWeightedNewStableReplicaCounts/TestApproximateWeightedNewStableReplicaCounts_replicas:3_weight:49_maxweight:100_surge:1" time="0.000000"></testcase>
		<testcase classname="github.com/argoproj/argo-rollouts/utils/replicaset" name="TestApproximateWeightedNewStableReplicaCounts/TestApproximateWeightedNewStableReplicaCounts_replicas:3_weight:50_maxweight:100_surge:1" time="0.000000"></testcase>
		<testcase classname="github.com/argoproj/argo-rollouts/utils/replicaset" name="TestApproximateWeightedNewStableReplicaCounts/TestApproximateWeightedNewStableReplicaCounts_replicas:10_weight:0_maxweight:100_surge:1" time="0.000000"></testcase>
		<testcase classname="github.com/argoproj/argo-rollouts/utils/replicaset" name="TestApproximateWeightedNewStableReplicaCounts/TestApproximateWeightedNewStableReplicaCounts_replicas:10_weight:1_maxweight:100_surge:0" time="0.000000"></testcase>
		<testcase classname="github.com/argoproj/argo-rollouts/utils/replicaset" name="TestApproximateWeightedNewStableReplicaCounts/TestApproximateWeightedNewStableReplicaCounts_replicas:10_weight:14_maxweight:100_surge:0" time="0.000000"></testcase>
		<testcase classname="github.com/argoproj/argo-rollouts/utils/replicaset" name="TestApproximateWeightedNewStableReplicaCounts/TestApproximateWeightedNewStableReplicaCounts_replicas:10_weight:15_maxweight:100_surge:0" time="0.000000"></testcase>
		<testcase classname="github.com/argoproj/argo-rollouts/utils/replicaset" name="TestApproximateWeightedNewStableReplicaCounts/TestApproximateWeightedNewStableReplicaCounts_replicas:10_weight:16_maxweight:100_surge:0" time="0.000000"></testcase>
		<testcase classname="github.com/argoproj/argo-rollouts/utils/replicaset" name="TestApproximateWeightedNewStableReplicaCounts/TestApproximateWeightedNewStableReplicaCounts_replicas:10_weight:99_maxweight:100_surge:0" time="0.000000"></testcase>
		<testcase classname="github.com/argoproj/argo-rollouts/utils/replicaset" name="TestApproximateWeightedNewStableReplicaCounts/TestApproximateWeightedNewStableReplicaCounts_replicas:10_weight:100_maxweight:100_surge:1" time="0.000000"></testcase>
		<testcase classname="github.com/argoproj/argo-rollouts/utils/replicaset" name="TestApproximateWeightedNewStableReplicaCounts/TestApproximateWeightedNewStableReplicaCounts_replicas:10_weight:0_maxweight:100_surge:1#01" time="0.000000"></testcase>
		<testcase classname="github.com/argoproj/argo-rollouts/utils/replicaset" name="TestApproximateWeightedNewStableReplicaCounts/TestApproximateWeightedNewStableReplicaCounts_replicas:10_weight:1_maxweight:100_surge:1" time="0.000000"></testcase>
		<testcase classname="github.com/argoproj/argo-rollouts/utils/replicaset" name="TestApproximateWeightedNewStableReplicaCounts/TestApproximateWeightedNewStableReplicaCounts_replicas:10_weight:18_maxweight:100_surge:1" time="0.000000"></testcase>
		<testcase classname="github.com/argoproj/argo-rollouts/utils/replicaset" name="TestApproximateWeightedNewStableReplicaCounts/TestApproximateWeightedNewStableReplicaCounts_replicas:10_weight:19_maxweight:100_surge:1" time="0.000000"></testcase>
		<testcase classname="github.com/argoproj/argo-rollouts/utils/replicaset" name="TestApproximateWeightedNewStableReplicaCounts/TestApproximateWeightedNewStableReplicaCounts_replicas:10_weight:20_maxweight:100_surge:1" time="0.000000"></testcase>
		<testcase classname="github.com/argoproj/argo-rollouts/utils/replicaset" name="TestApproximateWeightedNewStableReplicaCounts/TestApproximateWeightedNewStableReplicaCounts_replicas:10_weight:23_maxweight:100_surge:1" time="0.000000"></testcase>
		<testcase classname="github.com/argoproj/argo-rollouts/utils/replicaset" name="TestApproximateWeightedNewStableReplicaCounts/TestApproximateWeightedNewStableReplicaCounts_replicas:10_weight:24_maxweight:100_surge:1" time="0.000000"></testcase>
		<testcase classname="github.com/argoproj/argo-rollouts/utils/replicaset" name="TestApproximateWeightedNewStableReplicaCounts/TestApproximateWeightedNewStableReplicaCounts_replicas:10_weight:25_maxweight:100_surge:1" time="0.000000"></testcase>
		<testcase classname="github.com/argoproj/argo-rollouts/utils/replicaset" name="TestApproximateWeightedNewStableReplicaCounts/TestApproximateWeightedNewStableReplicaCounts_replicas:10_weight:99_maxweight:100_surge:1" time="0.000000"></testcase>
		<testcase classname="github.com/argoproj/argo-rollouts/utils/replicaset" name="TestApproximateWeightedNewStableReplicaCounts/TestApproximateWeightedNewStableReplicaCounts_replicas:10_weight:100_maxweight:100_surge:1#01" time="0.000000"></testcase>
		<testcase classname="github.com/argoproj/argo-rollouts/utils/replicaset" name="TestApproximateWeightedNewStableReplicaCounts" time="0.000000"></testcase>
		<testcase classname="github.com/argoproj/argo-rollouts/utils/replicaset" name="TestCalculateReplicaCountsForNewDeployment" time="0.000000"></testcase>
		<testcase classname="github.com/argoproj/argo-rollouts/utils/replicaset" name="TestCalculateReplicaCountsForCanaryTrafficRouting" time="0.000000"></testcase>
		<testcase classname="github.com/argoproj/argo-rollouts/utils/replicaset" name="TestCalculateReplicaCountsForCanaryTrafficRoutingDynamicScale" time="0.000000"></testcase>
		<testcase classname="github.com/argoproj/argo-rollouts/utils/replicaset" name="TestCalculateReplicaCountsForCanaryStableRSdEdgeCases" time="0.000000"></testcase>
		<testcase classname="github.com/argoproj/argo-rollouts/utils/replicaset" name="TestTrafficWeightToReplicas" time="0.000000"></testcase>
		<testcase classname="github.com/argoproj/argo-rollouts/utils/replicaset" name="TestGetOtherRSs" time="0.000000"></testcase>
		<testcase classname="github.com/argoproj/argo-rollouts/utils/replicaset" name="TestGetStableRS" time="0.000000"></testcase>
		<testcase classname="github.com/argoproj/argo-rollouts/utils/replicaset" name="TestBeforeStartingStep" time="0.000000"></testcase>
		<testcase classname="github.com/argoproj/argo-rollouts/utils/replicaset" name="TestGetCurrentCanaryStep" time="0.000000"></testcase>
		<testcase classname="github.com/argoproj/argo-rollouts/utils/replicaset" name="TestGetCurrentSetWeight" time="0.000000"></testcase>
		<testcase classname="github.com/argoproj/argo-rollouts/utils/replicaset" name="TestAtDesiredReplicaCountsForCanary/we_are_at_desired_replica_counts_and_availability" time="0.000000"></testcase>
		<testcase classname="github.com/argoproj/argo-rollouts/utils/replicaset" name="TestAtDesiredReplicaCountsForCanary/new_replicaset_is_not_at_desired_counts_or_availability" time="0.000000"></testcase>
		<testcase classname="github.com/argoproj/argo-rollouts/utils/replicaset" name="TestAtDesiredReplicaCountsForCanary/stable_replicaset_is_not_at_desired_counts_or_availability" time="0.000000"></testcase>
		<testcase classname="github.com/argoproj/argo-rollouts/utils/replicaset" name="TestAtDesiredReplicaCountsForCanary/stable_replicaset_is_not_at_desired_availability_but_is_at_correct_count" time="0.000000"></testcase>
		<testcase classname="github.com/argoproj/argo-rollouts/utils/replicaset" name="TestAtDesiredReplicaCountsForCanary/test_that_when_status_field_lags_behind_spec.replicas_we_fail" time="0.000000"></testcase>
		<testcase classname="github.com/argoproj/argo-rollouts/utils/replicaset" name="TestAtDesiredReplicaCountsForCanary" time="0.000000"></testcase>
		<testcase classname="github.com/argoproj/argo-rollouts/utils/replicaset" name="TestGetCurrentExperiment" time="0.000000"></testcase>
		<testcase classname="github.com/argoproj/argo-rollouts/utils/replicaset" name="TestSyncReplicaSetEphemeralPodMetadata" time="0.000000"></testcase>
		<testcase classname="github.com/argoproj/argo-rollouts/utils/replicaset" name="TestSyncEphemeralPodMetadata" time="0.000000"></testcase>
		<testcase classname="github.com/argoproj/argo-rollouts/utils/replicaset" name="TestGetReplicasForScaleDown/test_rs_is_nil" time="0.000000"></testcase>
		<testcase classname="github.com/argoproj/argo-rollouts/utils/replicaset" name="TestGetReplicasForScaleDown/test_expected_replicas_is_less_than_actual_replicas" time="0.000000"></testcase>
		<testcase classname="github.com/argoproj/argo-rollouts/utils/replicaset" name="TestGetReplicasForScaleDown/test_ignore_availability" time="0.000000"></testcase>
		<testcase classname="github.com/argoproj/argo-rollouts/utils/replicaset" name="TestGetReplicasForScaleDown/test_not_ignore_availability" time="0.000000"></testcase>
		<testcase classname="github.com/argoproj/argo-rollouts/utils/replicaset" name="TestGetReplicasForScaleDown" time="0.000000"></testcase>
		<testcase classname="github.com/argoproj/argo-rollouts/utils/replicaset" name="TestGetCanaryReplicasOrWeight/test_full_promote_rollout" time="0.000000"></testcase>
		<testcase classname="github.com/argoproj/argo-rollouts/utils/replicaset" name="TestGetCanaryReplicasOrWeight/test_canary_step_weight" time="0.000000"></testcase>
		<testcase classname="github.com/argoproj/argo-rollouts/utils/replicaset" name="TestGetCanaryReplicasOrWeight/test_canary_step_replicas" time="0.000000"></testcase>
		<testcase classname="github.com/argoproj/argo-rollouts/utils/replicaset" name="TestGetCanaryReplicasOrWeight/test_get_current_step_weight" time="0.000000"></testcase>
		<testcase classname="github.com/argoproj/argo-rollouts/utils/replicaset" name="TestGetCanaryReplicasOrWeight" time="0.000000"></testcase>
		<testcase classname="github.com/argoproj/argo-rollouts/utils/replicaset" name="TestParseExistingPodMetadata/test_no_metadata" time="0.000000"></testcase>
		<testcase classname="github.com/argoproj/argo-rollouts/utils/replicaset" name="TestParseExistingPodMetadata/test_no_ephemeral_metadata_key" time="0.000000"></testcase>
		<testcase classname="github.com/argoproj/argo-rollouts/utils/replicaset" name="TestParseExistingPodMetadata/test_invalid_ephemeral_metadata" time="0.000000"></testcase>
		<testcase classname="github.com/argoproj/argo-rollouts/utils/replicaset" name="TestParseExistingPodMetadata/test_valid_ephemeral_metadata" time="0.000000"></testcase>
		<testcase classname="github.com/argoproj/argo-rollouts/utils/replicaset" name="TestParseExistingPodMetadata" time="0.000000"></testcase>
		<testcase classname="github.com/argoproj/argo-rollouts/utils/replicaset" name="TestFindNewReplicaSet/FindNewReplicaSet_by_hash" time="0.000000"></testcase>
		<testcase classname="github.com/argoproj/argo-rollouts/utils/replicaset" name="TestFindNewReplicaSet/FindNewReplicaSet_by_deprecated_hash" time="0.000000"></testcase>
		<testcase classname="github.com/argoproj/argo-rollouts/utils/replicaset" name="TestFindNewReplicaSet" time="0.000000"></testcase>
		<testcase classname="github.com/argoproj/argo-rollouts/utils/replicaset" name="TestFindOldReplicaSets/Get_old_ReplicaSets" time="0.000000"></testcase>
		<testcase classname="github.com/argoproj/argo-rollouts/utils/replicaset" name="TestFindOldReplicaSets/Get_old_ReplicaSets_with_no_new_ReplicaSet" time="0.000000"></testcase>
		<testcase classname="github.com/argoproj/argo-rollouts/utils/replicaset" name="TestFindOldReplicaSets/Get_empty_old_ReplicaSets" time="0.000000"></testcase>
		<testcase classname="github.com/argoproj/argo-rollouts/utils/replicaset" name="TestFindOldReplicaSets" time="0.000000"></testcase>
		<testcase classname="github.com/argoproj/argo-rollouts/utils/replicaset" name="TestIsActive" time="0.000000"></testcase>
		<testcase classname="github.com/argoproj/argo-rollouts/utils/replicaset" name="TestGetReplicaCountForReplicaSets/1_Spec,_2_Actual,_0_Ready,_0_Available" time="0.000000"></testcase>
		<testcase classname="github.com/argoproj/argo-rollouts/utils/replicaset" name="TestGetReplicaCountForReplicaSets/3_Spec,_5_Actual,_1_Ready,_0_Available" time="0.000000"></testcase>
		<testcase classname="github.com/argoproj/argo-rollouts/utils/replicaset" name="TestGetReplicaCountForReplicaSets/6_Spec,_9_Actual,_3_Ready,_1_Available" time="0.000000"></testcase>
		<testcase classname="github.com/argoproj/argo-rollouts/utils/replicaset" name="TestGetReplicaCountForReplicaSets" time="0.000000"></testcase>
		<testcase classname="github.com/argoproj/argo-rollouts/utils/replicaset" name="TestNewRSNewReplicas" time="0.000000"></testcase>
		<testcase classname="github.com/argoproj/argo-rollouts/utils/replicaset" name="TestNewRSNewReplicasWitPreviewReplicaCount/No_active_rs_is_set" time="0.000000"></testcase>
		<testcase classname="github.com/argoproj/argo-rollouts/utils/replicaset" name="TestNewRSNewReplicasWitPreviewReplicaCount/Active_rs_is_the_new_RS" time="0.000000"></testcase>
		<testcase classname="github.com/argoproj/argo-rollouts/utils/replicaset" name="TestNewRSNewReplicasWitPreviewReplicaCount/Rollout&#39;s_currentPodHash_doesn&#39;t_match_up" time="0.000000"></testcase>
		<testcase classname="github.com/argoproj/argo-rollouts/utils/replicaset" name="TestNewRSNewReplicasWitPreviewReplicaCount/Rollout_is_unpaused_and_ready_to_scale_up" time="0.000000"></testcase>
		<testcase classname="github.com/argoproj/argo-rollouts/utils/replicaset" name="TestNewRSNewReplicasWitPreviewReplicaCount/The_rollout_should_use_the_preview_value" time="0.000000"></testcase>
		<testcase classname="github.com/argoproj/argo-rollouts/utils/replicaset" name="TestNewRSNewReplicasWitPreviewReplicaCount/Ignore_preview_replica_count_during_promote_full" time="0.000000"></testcase>
		<testcase classname="github.com/argoproj/argo-rollouts/utils/replicaset" name="TestNewRSNewReplicasWitPreviewReplicaCount" time="0.000000"></testcase>
		<testcase classname="github.com/argoproj/argo-rollouts/utils/replicaset" name="TestRevision" time="0.000000"></testcase>
		<testcase classname="github.com/argoproj/argo-rollouts/utils/replicaset" name="TestMaxRevision" time="0.000000"></testcase>
		<testcase classname="github.com/argoproj/argo-rollouts/utils/replicaset" name="TestFindActiveOrLatest/No_RS_exist" time="0.000000"></testcase>
		<testcase classname="github.com/argoproj/argo-rollouts/utils/replicaset" name="TestFindActiveOrLatest/No_active_replicas_return_newRS" time="0.000000"></testcase>
		<testcase classname="github.com/argoproj/argo-rollouts/utils/replicaset" name="TestFindActiveOrLatest/No_active_replicas_and_no_newRS_return_newest_old" time="0.000000"></testcase>
		<testcase classname="github.com/argoproj/argo-rollouts/utils/replicaset" name="TestFindActiveOrLatest/return_old_active_rs" time="0.000000"></testcase>
		<testcase classname="github.com/argoproj/argo-rollouts/utils/replicaset" name="TestFindActiveOrLatest/return_new_active_rs" time="0.000000"></testcase>
		<testcase classname="github.com/argoproj/argo-rollouts/utils/replicaset" name="TestFindActiveOrLatest/Multiple_active_rs,_return_nil" time="0.000000"></testcase>
		<testcase classname="github.com/argoproj/argo-rollouts/utils/replicaset" name="TestFindActiveOrLatest" time="0.000000"></testcase>
		<testcase classname="github.com/argoproj/argo-rollouts/utils/replicaset" name="TestResolveFenceposts/0" time="0.000000"></testcase>
		<testcase classname="github.com/argoproj/argo-rollouts/utils/replicaset" name="TestResolveFenceposts/1" time="0.000000"></testcase>
		<testcase classname="github.com/argoproj/argo-rollouts/utils/replicaset" name="TestResolveFenceposts/2" time="0.000000"></testcase>
		<testcase classname="github.com/argoproj/argo-rollouts/utils/replicaset" name="TestResolveFenceposts/3" time="0.000000"></testcase>
		<testcase classname="github.com/argoproj/argo-rollouts/utils/replicaset" name="TestResolveFenceposts/4" time="0.000000"></testcase>
		<testcase classname="github.com/argoproj/argo-rollouts/utils/replicaset" name="TestResolveFenceposts/5" time="0.000000"></testcase>
		<testcase classname="github.com/argoproj/argo-rollouts/utils/replicaset" name="TestResolveFenceposts/6" time="0.000000"></testcase>
		<testcase classname="github.com/argoproj/argo-rollouts/utils/replicaset" name="TestResolveFenceposts" time="0.000000"></testcase>
		<testcase classname="github.com/argoproj/argo-rollouts/utils/replicaset" name="TestMaxSurge/maxSurge_with_int" time="0.000000"></testcase>
		<testcase classname="github.com/argoproj/argo-rollouts/utils/replicaset" name="TestMaxSurge/maxSurge_with_BlueGreen_deployment_strategy" time="0.000000"></testcase>
		<testcase classname="github.com/argoproj/argo-rollouts/utils/replicaset" name="TestMaxSurge/maxSurge_with_percents" time="0.000000"></testcase>
		<testcase classname="github.com/argoproj/argo-rollouts/utils/replicaset" name="TestMaxSurge" time="0.000000"></testcase>
		<testcase classname="github.com/argoproj/argo-rollouts/utils/replicaset" name="TestMaxUnavailable/maxUnavailable_less_than_replicas" time="0.000000"></testcase>
		<testcase classname="github.com/argoproj/argo-rollouts/utils/replicaset" name="TestMaxUnavailable/maxUnavailable_equal_replicas" time="0.000000"></testcase>
		<testcase classname="github.com/argoproj/argo-rollouts/utils/replicaset" name="TestMaxUnavailable/maxUnavailable_greater_than_replicas" time="0.000000"></testcase>
		<testcase classname="github.com/argoproj/argo-rollouts/utils/replicaset" name="TestMaxUnavailable/maxUnavailable_with_replicas_is_0" time="0.000000"></testcase>
		<testcase classname="github.com/argoproj/argo-rollouts/utils/replicaset" name="TestMaxUnavailable/maxUnavailable_with_BlueGreen_deployment_strategy" time="0.000000"></testcase>
		<testcase classname="github.com/argoproj/argo-rollouts/utils/replicaset" name="TestMaxUnavailable/maxUnavailable_less_than_replicas_with_percents" time="0.000000"></testcase>
		<testcase classname="github.com/argoproj/argo-rollouts/utils/replicaset" name="TestMaxUnavailable/maxUnavailable_equal_replicas_with_percents" time="0.000000"></testcase>
		<testcase classname="github.com/argoproj/argo-rollouts/utils/replicaset" name="TestMaxUnavailable/maxUnavailable_greater_than_replicas_with_percents" time="0.000000"></testcase>
		<testcase classname="github.com/argoproj/argo-rollouts/utils/replicaset" name="TestMaxUnavailable" time="0.000000"></testcase>
		<testcase classname="github.com/argoproj/argo-rollouts/utils/replicaset" name="TestCheckPodSpecChange" time="0.000000"></testcase>
		<testcase classname="github.com/argoproj/argo-rollouts/utils/replicaset" name="TestCheckStepHashChange" time="0.000000"></testcase>
		<testcase classname="github.com/argoproj/argo-rollouts/utils/replicaset" name="TestResetCurrentStepIndex" time="0.000000"></testcase>
		<testcase classname="github.com/argoproj/argo-rollouts/utils/replicaset" name="TestReplicaSetsByRevisionNumber/Sort_only_by_revisionNumber" time="0.000000"></testcase>
		<testcase classname="github.com/argoproj/argo-rollouts/utils/replicaset" name="TestReplicaSetsByRevisionNumber/Invalid_Annotation_goes_first" time="0.000000"></testcase>
		<testcase classname="github.com/argoproj/argo-rollouts/utils/replicaset" name="TestReplicaSetsByRevisionNumber/Invalid_Annotation_stays_first" time="0.000000"></testcase>
		<testcase classname="github.com/argoproj/argo-rollouts/utils/replicaset" name="TestReplicaSetsByRevisionNumber/Use_creationTimeStamp_if_both_have_invalid_annotation" time="0.000000"></testcase>
		<testcase classname="github.com/argoproj/argo-rollouts/utils/replicaset" name="TestReplicaSetsByRevisionNumber/Use_creationTimeStamp_if_both_have_same_annotation" time="0.000000"></testcase>
		<testcase classname="github.com/argoproj/argo-rollouts/utils/replicaset" name="TestReplicaSetsByRevisionNumber" time="0.000000"></testcase>
		<testcase classname="github.com/argoproj/argo-rollouts/utils/replicaset" name="TestGetReplicaSetRevision/Successful" time="0.000000"></testcase>
		<testcase classname="github.com/argoproj/argo-rollouts/utils/replicaset" name="TestGetReplicaSetRevision/No_Revision_Annotation" time="0.000000"></testcase>
		<testcase classname="github.com/argoproj/argo-rollouts/utils/replicaset" name="TestGetReplicaSetRevision/Invalid_Annotation" time="0.000000"></testcase>
		<testcase classname="github.com/argoproj/argo-rollouts/utils/replicaset" name="TestGetReplicaSetRevision" time="0.000000"></testcase>
		<testcase classname="github.com/argoproj/argo-rollouts/utils/replicaset" name="TestGetRolloutAffinity" time="0.000000"></testcase>
		<testcase classname="github.com/argoproj/argo-rollouts/utils/replicaset" name="TestGenerateReplicaSetAffinity" time="0.000000"></testcase>
		<testcase classname="github.com/argoproj/argo-rollouts/utils/replicaset" name="TestCreateInjectedAntiAffinityRule" time="0.000000"></testcase>
		<testcase classname="github.com/argoproj/argo-rollouts/utils/replicaset" name="TestHasInjectedAntiAffinityRule" time="0.000000"></testcase>
		<testcase classname="github.com/argoproj/argo-rollouts/utils/replicaset" name="TestRemoveInjectedAntiAffinityRule" time="0.000000"></testcase>
		<testcase classname="github.com/argoproj/argo-rollouts/utils/replicaset" name="TestIfInjectedAntiAffinityRuleNeedsUpdate" time="0.000000"></testcase>
		<testcase classname="github.com/argoproj/argo-rollouts/utils/replicaset" name="TestNeedsRestart/No_RestartAt_set" time="0.000000"></testcase>
		<testcase classname="github.com/argoproj/argo-rollouts/utils/replicaset" name="TestNeedsRestart/No_Restart_if_.status.RestartedAt_is_same_as_.spec.RestartAt" time="0.000000"></testcase>
		<testcase classname="github.com/argoproj/argo-rollouts/utils/replicaset" name="TestNeedsRestart/No_RestartAt_for_10_seconds" time="0.000000"></testcase>
		<testcase classname="github.com/argoproj/argo-rollouts/utils/replicaset" name="TestNeedsRestart/RestartAt_10_seconds_Ago" time="0.000000"></testcase>
		<testcase classname="github.com/argoproj/argo-rollouts/utils/replicaset" name="TestNeedsRestart" time="0.000000"></testcase>
		<testcase classname="github.com/argoproj/argo-rollouts/utils/replicaset" name="TestHasScaleDownDeadline" time="0.000000"></testcase>
		<testcase classname="github.com/argoproj/argo-rollouts/utils/replicaset" name="TestGetPodsOwnedByReplicaSet" time="0.000000"></testcase>
		<testcase classname="github.com/argoproj/argo-rollouts/utils/replicaset" name="TestGetTimeRemainingBeforeScaleDownDeadline" time="0.000000"></testcase>
		<testcase classname="github.com/argoproj/argo-rollouts/utils/replicaset" name="TestPodTemplateEqualIgnoreHashWithServiceAccount" time="0.000000"></testcase>
		<testcase classname="github.com/argoproj/argo-rollouts/utils/replicaset" name="TestIsReplicaSetAvailable" time="0.000000"></testcase>
		<testcase classname="github.com/argoproj/argo-rollouts/utils/replicaset" name="TestIsReplicaSetPartiallyAvailable/No_Availability" time="0.000000"></testcase>
		<testcase classname="github.com/argoproj/argo-rollouts/utils/replicaset" name="TestIsReplicaSetPartiallyAvailable/Partial_Availability" time="0.000000"></testcase>
		<testcase classname="github.com/argoproj/argo-rollouts/utils/replicaset" name="TestIsReplicaSetPartiallyAvailable/Full_Availability" time="0.000000"></testcase>
		<testcase classname="github.com/argoproj/argo-rollouts/utils/replicaset" name="TestIsReplicaSetPartiallyAvailable" time="0.000000"></testcase>
	</testsuite>
	<testsuite tests="13" failures="0" time="2.636000" name="github.com/argoproj/argo-rollouts/utils/rollout" timestamp="2024-10-02T10:26:39+08:00">
		<properties>
			<property name="go.version" value="go1.22.5 darwin/arm64"></property>
		</properties>
		<testcase classname="github.com/argoproj/argo-rollouts/utils/rollout" name="TestIsFullyPromoted" time="0.000000"></testcase>
		<testcase classname="github.com/argoproj/argo-rollouts/utils/rollout" name="TestRolloutStatusDegraded" time="0.000000"></testcase>
		<testcase classname="github.com/argoproj/argo-rollouts/utils/rollout" name="TestRolloutStatusPaused" time="0.000000"></testcase>
		<testcase classname="github.com/argoproj/argo-rollouts/utils/rollout" name="TestRolloutStatusProgressing" time="0.000000"></testcase>
		<testcase classname="github.com/argoproj/argo-rollouts/utils/rollout" name="TestRolloutStatusHealthy" time="0.000000"></testcase>
		<testcase classname="github.com/argoproj/argo-rollouts/utils/rollout" name="TestCanaryStepString" time="0.000000"></testcase>
		<testcase classname="github.com/argoproj/argo-rollouts/utils/rollout" name="TestIsUnpausing" time="0.000000"></testcase>
		<testcase classname="github.com/argoproj/argo-rollouts/utils/rollout" name="TestShouldVerifyWeight" time="0.000000"></testcase>
		<testcase classname="github.com/argoproj/argo-rollouts/utils/rollout" name="Test_isGenerationObserved/test_parse_generation_failed" time="0.000000"></testcase>
		<testcase classname="github.com/argoproj/argo-rollouts/utils/rollout" name="Test_isGenerationObserved/test_status.generation_more_than_spec.generation" time="0.000000"></testcase>
		<testcase classname="github.com/argoproj/argo-rollouts/utils/rollout" name="Test_isGenerationObserved/test_status.generation_equal_to_spec.generation" time="0.000000"></testcase>
		<testcase classname="github.com/argoproj/argo-rollouts/utils/rollout" name="Test_isGenerationObserved/test_status.generation_less_than_spec.generation" time="0.000000"></testcase>
		<testcase classname="github.com/argoproj/argo-rollouts/utils/rollout" name="Test_isGenerationObserved" time="0.000000"></testcase>
	</testsuite>
	<testsuite tests="9" failures="0" time="0.934000" name="github.com/argoproj/argo-rollouts/utils/security" timestamp="2024-10-02T10:26:39+08:00">
		<properties>
			<property name="go.version" value="go1.22.5 darwin/arm64"></property>
		</properties>
		<testcase classname="github.com/argoproj/argo-rollouts/utils/security" name="Test_UnverifiedHasAudClaim/no_audience" time="0.000000"></testcase>
		<testcase classname="github.com/argoproj/argo-rollouts/utils/security" name="Test_UnverifiedHasAudClaim/one_empty_audience" time="0.000000"></testcase>
		<testcase classname="github.com/argoproj/argo-rollouts/utils/security" name="Test_UnverifiedHasAudClaim/one_non-empty_audience" time="0.000000"></testcase>
		<testcase classname="github.com/argoproj/argo-rollouts/utils/security" name="Test_UnverifiedHasAudClaim" time="0.000000"></testcase>
		<testcase classname="github.com/argoproj/argo-rollouts/utils/security" name="TestEnforceToCurrentRoot" time="0.000000"></testcase>
		<testcase classname="github.com/argoproj/argo-rollouts/utils/security" name="Test_AppRBACName/namespace_is_empty" time="0.000000"></testcase>
		<testcase classname="github.com/argoproj/argo-rollouts/utils/security" name="Test_AppRBACName/namespace_is_not_default_namespace" time="0.000000"></testcase>
		<testcase classname="github.com/argoproj/argo-rollouts/utils/security" name="Test_AppRBACName/namespace_is_default_namespace" time="0.000000"></testcase>
		<testcase classname="github.com/argoproj/argo-rollouts/utils/security" name="Test_AppRBACName" time="0.000000"></testcase>
	</testsuite>
	<testsuite tests="10" failures="0" time="1.967000" name="github.com/argoproj/argo-rollouts/utils/service" timestamp="2024-10-02T10:26:39+08:00">
		<properties>
			<property name="go.version" value="go1.22.5 darwin/arm64"></property>
		</properties>
		<testcase classname="github.com/argoproj/argo-rollouts/utils/service" name="TestGetRolloutSelectorLabel" time="0.000000"></testcase>
		<testcase classname="github.com/argoproj/argo-rollouts/utils/service" name="TestGetRolloutServiceKeysForNilRollout" time="0.000000"></testcase>
		<testcase classname="github.com/argoproj/argo-rollouts/utils/service" name="TestGetRolloutServiceKeysForCanary" time="0.000000"></testcase>
		<testcase classname="github.com/argoproj/argo-rollouts/utils/service" name="TestGetRolloutServiceKeysForCanaryWithCanaryService" time="0.000000"></testcase>
		<testcase classname="github.com/argoproj/argo-rollouts/utils/service" name="TestGetRolloutServiceKeysForPingPongCanaryService" time="0.000000"></testcase>
		<testcase classname="github.com/argoproj/argo-rollouts/utils/service" name="TestGetRolloutServiceKeysForBlueGreen" time="0.000000"></testcase>
		<testcase classname="github.com/argoproj/argo-rollouts/utils/service" name="TestHasManagedByAnnotation" time="0.000000"></testcase>
		<testcase classname="github.com/argoproj/argo-rollouts/utils/service" name="TestCheckRolloutForService/Rollout_does_not_reference_service" time="0.000000"></testcase>
		<testcase classname="github.com/argoproj/argo-rollouts/utils/service" name="TestCheckRolloutForService/Rollout_references_Service" time="0.000000"></testcase>
		<testcase classname="github.com/argoproj/argo-rollouts/utils/service" name="TestCheckRolloutForService" time="0.000000"></testcase>
	</testsuite>
	<testsuite tests="19" failures="6" time="2.809000" name="github.com/argoproj/argo-rollouts/utils/session" timestamp="2024-10-02T10:26:39+08:00">
		<properties>
			<property name="go.version" value="go1.22.5 darwin/arm64"></property>
		</properties>
		<testcase classname="github.com/argoproj/argo-rollouts/utils/session" name="TestSessionManager_WithAuthMiddleware/will_authenticate_successfully" time="0.000000">
			<failure message="Failed" type="">=== RUN   TestSessionManager_WithAuthMiddleware/will_authenticate_successfully&#xA;    sessionmanager_test.go:153: &#xA;        &#x9;Error Trace:&#x9;/Users/mac-DHAIOU06/go/src/github.com/argoproj/argo-rollouts/utils/session/sessionmanager_test.go:153&#xA;        &#x9;Error:      &#x9;Not equal: &#xA;        &#x9;            &#x9;expected: 200&#xA;        &#x9;            &#x9;actual  : 400&#xA;        &#x9;Test:       &#x9;TestSessionManager_WithAuthMiddleware/will_authenticate_successfully&#xA;    sessionmanager_test.go:158: &#xA;        &#x9;Error Trace:&#x9;/Users/mac-DHAIOU06/go/src/github.com/argoproj/argo-rollouts/utils/session/sessionmanager_test.go:158&#xA;        &#x9;Error:      &#x9;&#34;Auth cookie not found&#34; does not contain &#34;Ok&#34;&#xA;        &#x9;Test:       &#x9;TestSessionManager_WithAuthMiddleware/will_authenticate_successfully&#xA;--- FAIL: TestSessionManager_WithAuthMiddleware/will_authenticate_successfully (0.00s)&#xA;</failure>
		</testcase>
		<testcase classname="github.com/argoproj/argo-rollouts/utils/session" name="TestSessionManager_WithAuthMiddleware/will_return_401_verify_token_fails" time="0.000000">
			<failure message="Failed" type="">=== RUN   TestSessionManager_WithAuthMiddleware/will_return_401_verify_token_fails&#xA;    sessionmanager_test.go:153: &#xA;        &#x9;Error Trace:&#x9;/Users/mac-DHAIOU06/go/src/github.com/argoproj/argo-rollouts/utils/session/sessionmanager_test.go:153&#xA;        &#x9;Error:      &#x9;Not equal: &#xA;        &#x9;            &#x9;expected: 401&#xA;        &#x9;            &#x9;actual  : 400&#xA;        &#x9;Test:       &#x9;TestSessionManager_WithAuthMiddleware/will_return_401_verify_token_fails&#xA;--- FAIL: TestSessionManager_WithAuthMiddleware/will_return_401_verify_token_fails (0.00s)&#xA;</failure>
		</testcase>
		<testcase classname="github.com/argoproj/argo-rollouts/utils/session" name="TestSessionManager_WithAuthMiddleware/will_return_200_if_claims_are_nil" time="0.000000">
			<failure message="Failed" type="">=== RUN   TestSessionManager_WithAuthMiddleware/will_return_200_if_claims_are_nil&#xA;    sessionmanager_test.go:153: &#xA;        &#x9;Error Trace:&#x9;/Users/mac-DHAIOU06/go/src/github.com/argoproj/argo-rollouts/utils/session/sessionmanager_test.go:153&#xA;        &#x9;Error:      &#x9;Not equal: &#xA;        &#x9;            &#x9;expected: 200&#xA;        &#x9;            &#x9;actual  : 400&#xA;        &#x9;Test:       &#x9;TestSessionManager_WithAuthMiddleware/will_return_200_if_claims_are_nil&#xA;    sessionmanager_test.go:158: &#xA;        &#x9;Error Trace:&#x9;/Users/mac-DHAIOU06/go/src/github.com/argoproj/argo-rollouts/utils/session/sessionmanager_test.go:158&#xA;        &#x9;Error:      &#x9;&#34;Auth cookie not found&#34; does not contain &#34;Ok&#34;&#xA;        &#x9;Test:       &#x9;TestSessionManager_WithAuthMiddleware/will_return_200_if_claims_are_nil&#xA;--- FAIL: TestSessionManager_WithAuthMiddleware/will_return_200_if_claims_are_nil (0.00s)&#xA;</failure>
		</testcase>
		<testcase classname="github.com/argoproj/argo-rollouts/utils/session" name="TestSessionManager_WithAuthMiddleware" time="0.000000">
			<failure message="Failed" type="">=== RUN   TestSessionManager_WithAuthMiddleware&#xA;--- FAIL: TestSessionManager_WithAuthMiddleware (0.00s)&#xA;</failure>
		</testcase>
		<testcase classname="github.com/argoproj/argo-rollouts/utils/session" name="TestSessionManager_VerifyToken/RS512_is_supported" time="0.100000">
			<failure message="Failed" type="">=== RUN   TestSessionManager_VerifyToken/RS512_is_supported&#xA;time=&#34;2024-10-02T10:27:57+08:00&#34; level=info msg=&#34;Starting configmap/secret informers&#34;&#xA;time=&#34;2024-10-02T10:27:58+08:00&#34; level=info msg=&#34;Configmap/secret informer synced&#34;&#xA;--- FAIL: TestSessionManager_VerifyToken/RS512_is_supported (0.10s)&#xA;</failure>
		</testcase>
		<testcase classname="github.com/argoproj/argo-rollouts/utils/session" name="TestSessionManager_VerifyToken" time="0.100000">
			<failure message="Failed" type="">=== RUN   TestSessionManager_VerifyToken&#xA;--- FAIL: TestSessionManager_VerifyToken (0.10s)&#xA;panic: error retrieving argo-rollouts-cm: configmap &#34;argo-rollouts-cm&#34; not found [recovered]&#xA;&#x9;panic: error retrieving argo-rollouts-cm: configmap &#34;argo-rollouts-cm&#34; not found&#xA;&#xA;goroutine 132 [running]:&#xA;testing.tRunner.func1.2({0x10659e6e0, 0x1400002e4e0})&#xA;&#x9;/opt/homebrew/Cellar/go/1.22.5/libexec/src/testing/testing.go:1631 +0x1c4&#xA;testing.tRunner.func1()&#xA;&#x9;/opt/homebrew/Cellar/go/1.22.5/libexec/src/testing/testing.go:1634 +0x33c&#xA;panic({0x10659e6e0?, 0x1400002e4e0?})&#xA;&#x9;/opt/homebrew/Cellar/go/1.22.5/libexec/src/runtime/panic.go:770 +0x124&#xA;github.com/argoproj/argo-rollouts/utils/session.NewSessionManager(0x1400059c2d0, {0x0, 0x0}, 0x0, {0x106813f80, 0x1400051e380})&#xA;&#x9;/Users/mac-DHAIOU06/go/src/github.com/argoproj/argo-rollouts/utils/session/sessionmanager.go:104 +0x4ec&#xA;github.com/argoproj/argo-rollouts/utils/session.TestSessionManager_VerifyToken.func1(0x1400061c340)&#xA;&#x9;/Users/mac-DHAIOU06/go/src/github.com/argoproj/argo-rollouts/utils/session/sessionmanager_test.go:293 +0x224&#xA;testing.tRunner(0x1400061c340, 0x140002ceef0)&#xA;&#x9;/opt/homebrew/Cellar/go/1.22.5/libexec/src/testing/testing.go:1689 +0xec&#xA;created by testing.(*T).Run in goroutine 65&#xA;&#x9;/opt/homebrew/Cellar/go/1.22.5/libexec/src/testing/testing.go:1742 +0x318&#xA;</failure>
		</testcase>
		<testcase classname="github.com/argoproj/argo-rollouts/utils/session" name="TestSessionManager_WithAuthMiddleware/will_be_noop_if_auth_is_disabled" time="0.000000"></testcase>
		<testcase classname="github.com/argoproj/argo-rollouts/utils/session" name="TestSessionManager_WithAuthMiddleware/will_return_400_if_no_cookie_header" time="0.000000"></testcase>
		<testcase classname="github.com/argoproj/argo-rollouts/utils/session" name="TestIss" time="0.000000"></testcase>
		<testcase classname="github.com/argoproj/argo-rollouts/utils/session" name="TestLoggedIn" time="0.000000"></testcase>
		<testcase classname="github.com/argoproj/argo-rollouts/utils/session" name="TestUsername" time="0.000000"></testcase>
		<testcase classname="github.com/argoproj/argo-rollouts/utils/session" name="TestSub" time="0.000000"></testcase>
		<testcase classname="github.com/argoproj/argo-rollouts/utils/session" name="TestGroups" time="0.000000"></testcase>
		<testcase classname="github.com/argoproj/argo-rollouts/utils/session" name="TestCacheValueGetters/Default_values" time="0.000000"></testcase>
		<testcase classname="github.com/argoproj/argo-rollouts/utils/session" name="TestCacheValueGetters/Valid_environment_overrides" time="0.000000"></testcase>
		<testcase classname="github.com/argoproj/argo-rollouts/utils/session" name="TestCacheValueGetters/Invalid_environment_overrides" time="0.000000"></testcase>
		<testcase classname="github.com/argoproj/argo-rollouts/utils/session" name="TestCacheValueGetters/Less_than_allowed_in_environment_overrides" time="0.000000"></testcase>
		<testcase classname="github.com/argoproj/argo-rollouts/utils/session" name="TestCacheValueGetters/Greater_than_allowed_in_environment_overrides" time="0.000000"></testcase>
		<testcase classname="github.com/argoproj/argo-rollouts/utils/session" name="TestCacheValueGetters" time="0.000000"></testcase>
	</testsuite>
	<testsuite tests="34" failures="0" time="4.703000" name="github.com/argoproj/argo-rollouts/utils/settings" timestamp="2024-10-02T10:26:39+08:00">
		<properties>
			<property name="go.version" value="go1.22.5 darwin/arm64"></property>
		</properties>
		<testcase classname="github.com/argoproj/argo-rollouts/utils/settings" name="TestInClusterServerAddressEnabled" time="0.200000"></testcase>
		<testcase classname="github.com/argoproj/argo-rollouts/utils/settings" name="TestInClusterServerAddressEnabledByDefault" time="0.100000"></testcase>
		<testcase classname="github.com/argoproj/argo-rollouts/utils/settings" name="TestConvertToOverrideKey" time="0.000000"></testcase>
		<testcase classname="github.com/argoproj/argo-rollouts/utils/settings" name="TestSettingsManager_GetSettings/UserSessionDurationNotProvided" time="0.100000"></testcase>
		<testcase classname="github.com/argoproj/argo-rollouts/utils/settings" name="TestSettingsManager_GetSettings/UserSessionDurationInvalidFormat" time="0.100000"></testcase>
		<testcase classname="github.com/argoproj/argo-rollouts/utils/settings" name="TestSettingsManager_GetSettings/UserSessionDurationProvided" time="0.100000"></testcase>
		<testcase classname="github.com/argoproj/argo-rollouts/utils/settings" name="TestSettingsManager_GetSettings" time="0.300000"></testcase>
		<testcase classname="github.com/argoproj/argo-rollouts/utils/settings" name="TestGetOIDCConfig" time="0.100000"></testcase>
		<testcase classname="github.com/argoproj/argo-rollouts/utils/settings" name="TestRedirectURL" time="0.000000"></testcase>
		<testcase classname="github.com/argoproj/argo-rollouts/utils/settings" name="Test_validateExternalURL/Valid_URL" time="0.000000"></testcase>
		<testcase classname="github.com/argoproj/argo-rollouts/utils/settings" name="Test_validateExternalURL/No_URL_-_Valid" time="0.000000"></testcase>
		<testcase classname="github.com/argoproj/argo-rollouts/utils/settings" name="Test_validateExternalURL/Invalid_URL" time="0.000000"></testcase>
		<testcase classname="github.com/argoproj/argo-rollouts/utils/settings" name="Test_validateExternalURL" time="0.000000"></testcase>
		<testcase classname="github.com/argoproj/argo-rollouts/utils/settings" name="TestGetOIDCSecretTrim" time="0.100000"></testcase>
		<testcase classname="github.com/argoproj/argo-rollouts/utils/settings" name="Test_GetTLSConfiguration/Valid_external_TLS_secret_with_success" time="0.100000"></testcase>
		<testcase classname="github.com/argoproj/argo-rollouts/utils/settings" name="Test_GetTLSConfiguration/Valid_external_TLS_secret_overrides_argocd-secret" time="0.100000"></testcase>
		<testcase classname="github.com/argoproj/argo-rollouts/utils/settings" name="Test_GetTLSConfiguration/Invalid_external_TLS_secret" time="0.100000"></testcase>
		<testcase classname="github.com/argoproj/argo-rollouts/utils/settings" name="Test_GetTLSConfiguration/No_external_TLS_secret" time="0.100000"></testcase>
		<testcase classname="github.com/argoproj/argo-rollouts/utils/settings" name="Test_GetTLSConfiguration" time="0.410000"></testcase>
		<testcase classname="github.com/argoproj/argo-rollouts/utils/settings" name="TestDownloadArgoCDBinaryUrls" time="0.300000"></testcase>
		<testcase classname="github.com/argoproj/argo-rollouts/utils/settings" name="TestSecretKeyRef" time="0.100000"></testcase>
		<testcase classname="github.com/argoproj/argo-rollouts/utils/settings" name="TestArgoRolloutsSettings_OIDCTLSConfig_OIDCTLSInsecureSkipVerify/OIDC_configured,_no_root_CA" time="0.000000"></testcase>
		<testcase classname="github.com/argoproj/argo-rollouts/utils/settings" name="TestArgoRolloutsSettings_OIDCTLSConfig_OIDCTLSInsecureSkipVerify/OIDC_configured,_valid_root_CA" time="0.000000"></testcase>
		<testcase classname="github.com/argoproj/argo-rollouts/utils/settings" name="TestArgoRolloutsSettings_OIDCTLSConfig_OIDCTLSInsecureSkipVerify/OIDC_configured,_invalid_root_CA" time="0.000000"></testcase>
		<testcase classname="github.com/argoproj/argo-rollouts/utils/settings" name="TestArgoRolloutsSettings_OIDCTLSConfig_OIDCTLSInsecureSkipVerify/OIDC_not_configured,_no_cert_configured" time="0.000000"></testcase>
		<testcase classname="github.com/argoproj/argo-rollouts/utils/settings" name="TestArgoRolloutsSettings_OIDCTLSConfig_OIDCTLSInsecureSkipVerify/OIDC_not_configured,_cert_configured" time="0.000000"></testcase>
		<testcase classname="github.com/argoproj/argo-rollouts/utils/settings" name="TestArgoRolloutsSettings_OIDCTLSConfig_OIDCTLSInsecureSkipVerify" time="0.000000"></testcase>
		<testcase classname="github.com/argoproj/argo-rollouts/utils/settings" name="Test_OAuth2AllowedAudiences/Empty" time="0.000000"></testcase>
		<testcase classname="github.com/argoproj/argo-rollouts/utils/settings" name="Test_OAuth2AllowedAudiences/Dex_configured" time="0.000000"></testcase>
		<testcase classname="github.com/argoproj/argo-rollouts/utils/settings" name="Test_OAuth2AllowedAudiences/OIDC_configured,_no_audiences_specified,_clientID_used" time="0.000000"></testcase>
		<testcase classname="github.com/argoproj/argo-rollouts/utils/settings" name="Test_OAuth2AllowedAudiences/OIDC_configured,_no_audiences_specified,_clientID_and_cliClientID_used" time="0.000000"></testcase>
		<testcase classname="github.com/argoproj/argo-rollouts/utils/settings" name="Test_OAuth2AllowedAudiences/OIDC_configured,_audiences_specified" time="0.000000"></testcase>
		<testcase classname="github.com/argoproj/argo-rollouts/utils/settings" name="Test_OAuth2AllowedAudiences" time="0.000000"></testcase>
		<testcase classname="github.com/argoproj/argo-rollouts/utils/settings" name="TestReplaceStringSecret" time="0.000000"></testcase>
	</testsuite>
	<testsuite tests="0" failures="0" time="0.010000" name="github.com/argoproj/argo-rollouts/utils/smi" timestamp="2024-10-02T10:26:39+08:00">
		<properties>
			<property name="go.version" value="go1.22.5 darwin/arm64"></property>
		</properties>
	</testsuite>
	<testsuite tests="10" failures="0" time="3.352000" name="github.com/argoproj/argo-rollouts/utils/template" timestamp="2024-10-02T10:26:39+08:00">
		<properties>
			<property name="go.version" value="go1.22.5 darwin/arm64"></property>
		</properties>
		<testcase classname="github.com/argoproj/argo-rollouts/utils/template" name="TestResolveExperimentArgsValueInvalidTemplate" time="0.000000"></testcase>
		<testcase classname="github.com/argoproj/argo-rollouts/utils/template" name="TestResolveExperimentArgsValueInvalidDuration" time="0.000000"></testcase>
		<testcase classname="github.com/argoproj/argo-rollouts/utils/template" name="TestResolveExperimentArgsValue" time="0.000000"></testcase>
		<testcase classname="github.com/argoproj/argo-rollouts/utils/template" name="TestResolveArgsWithNoSubstitution" time="0.000000"></testcase>
		<testcase classname="github.com/argoproj/argo-rollouts/utils/template" name="TestResolveArgsRemoveWhiteSpace" time="0.000000"></testcase>
		<testcase classname="github.com/argoproj/argo-rollouts/utils/template" name="TestResolveArgsWithSubstitution" time="0.000000"></testcase>
		<testcase classname="github.com/argoproj/argo-rollouts/utils/template" name="TestInvalidTemplate" time="0.000000"></testcase>
		<testcase classname="github.com/argoproj/argo-rollouts/utils/template" name="TestMissingArgs" time="0.000000"></testcase>
		<testcase classname="github.com/argoproj/argo-rollouts/utils/template" name="TestResolveArgsValueNotSupplied" time="0.000000"></testcase>
		<testcase classname="github.com/argoproj/argo-rollouts/utils/template" name="TestResolveQuotedArgs" time="0.000000"></testcase>
	</testsuite>
	<testsuite tests="0" failures="0" time="0.021000" name="github.com/argoproj/argo-rollouts/utils/test" timestamp="2024-10-02T10:26:39+08:00">
		<properties>
			<property name="go.version" value="go1.22.5 darwin/arm64"></property>
		</properties>
	</testsuite>
	<testsuite tests="0" failures="0" time="0.017000" name="github.com/argoproj/argo-rollouts/utils/time" timestamp="2024-10-02T10:26:39+08:00">
		<properties>
			<property name="go.version" value="go1.22.5 darwin/arm64"></property>
		</properties>
	</testsuite>
	<testsuite tests="62" failures="0" time="4.464000" name="github.com/argoproj/argo-rollouts/utils/tls" timestamp="2024-10-02T10:26:39+08:00">
		<properties>
			<property name="go.version" value="go1.22.5 darwin/arm64"></property>
		</properties>
		<testcase classname="github.com/argoproj/argo-rollouts/utils/tls" name="TestEncodeX509KeyPairString" time="0.000000"></testcase>
		<testcase classname="github.com/argoproj/argo-rollouts/utils/tls" name="TestGetTLSVersionByString/Valid_versions" time="0.000000"></testcase>
		<testcase classname="github.com/argoproj/argo-rollouts/utils/tls" name="TestGetTLSVersionByString/Invalid_versions" time="0.000000"></testcase>
		<testcase classname="github.com/argoproj/argo-rollouts/utils/tls" name="TestGetTLSVersionByString/Empty_versions" time="0.000000"></testcase>
		<testcase classname="github.com/argoproj/argo-rollouts/utils/tls" name="TestGetTLSVersionByString" time="0.000000"></testcase>
		<testcase classname="github.com/argoproj/argo-rollouts/utils/tls" name="TestGetTLSCipherSuitesByString/Test_for_valid_suite_TLS_AES_128_GCM_SHA256" time="0.000000"></testcase>
		<testcase classname="github.com/argoproj/argo-rollouts/utils/tls" name="TestGetTLSCipherSuitesByString/Test_for_valid_suite_TLS_AES_256_GCM_SHA384" time="0.000000"></testcase>
		<testcase classname="github.com/argoproj/argo-rollouts/utils/tls" name="TestGetTLSCipherSuitesByString/Test_for_valid_suite_TLS_CHACHA20_POLY1305_SHA256" time="0.000000"></testcase>
		<testcase classname="github.com/argoproj/argo-rollouts/utils/tls" name="TestGetTLSCipherSuitesByString/Test_for_valid_suite_TLS_ECDHE_ECDSA_WITH_AES_128_CBC_SHA" time="0.000000"></testcase>
		<testcase classname="github.com/argoproj/argo-rollouts/utils/tls" name="TestGetTLSCipherSuitesByString/Test_for_valid_suite_TLS_ECDHE_ECDSA_WITH_AES_256_CBC_SHA" time="0.000000"></testcase>
		<testcase classname="github.com/argoproj/argo-rollouts/utils/tls" name="TestGetTLSCipherSuitesByString/Test_for_valid_suite_TLS_ECDHE_RSA_WITH_AES_128_CBC_SHA" time="0.000000"></testcase>
		<testcase classname="github.com/argoproj/argo-rollouts/utils/tls" name="TestGetTLSCipherSuitesByString/Test_for_valid_suite_TLS_ECDHE_RSA_WITH_AES_256_CBC_SHA" time="0.000000"></testcase>
		<testcase classname="github.com/argoproj/argo-rollouts/utils/tls" name="TestGetTLSCipherSuitesByString/Test_for_valid_suite_TLS_ECDHE_ECDSA_WITH_AES_128_GCM_SHA256" time="0.000000"></testcase>
		<testcase classname="github.com/argoproj/argo-rollouts/utils/tls" name="TestGetTLSCipherSuitesByString/Test_for_valid_suite_TLS_ECDHE_ECDSA_WITH_AES_256_GCM_SHA384" time="0.000000"></testcase>
		<testcase classname="github.com/argoproj/argo-rollouts/utils/tls" name="TestGetTLSCipherSuitesByString/Test_for_valid_suite_TLS_ECDHE_RSA_WITH_AES_128_GCM_SHA256" time="0.000000"></testcase>
		<testcase classname="github.com/argoproj/argo-rollouts/utils/tls" name="TestGetTLSCipherSuitesByString/Test_for_valid_suite_TLS_ECDHE_RSA_WITH_AES_256_GCM_SHA384" time="0.000000"></testcase>
		<testcase classname="github.com/argoproj/argo-rollouts/utils/tls" name="TestGetTLSCipherSuitesByString/Test_for_valid_suite_TLS_ECDHE_RSA_WITH_CHACHA20_POLY1305_SHA256" time="0.000000"></testcase>
		<testcase classname="github.com/argoproj/argo-rollouts/utils/tls" name="TestGetTLSCipherSuitesByString/Test_for_valid_suite_TLS_ECDHE_ECDSA_WITH_CHACHA20_POLY1305_SHA256" time="0.000000"></testcase>
		<testcase classname="github.com/argoproj/argo-rollouts/utils/tls" name="TestGetTLSCipherSuitesByString/Test_colon_separated_list" time="0.000000"></testcase>
		<testcase classname="github.com/argoproj/argo-rollouts/utils/tls" name="TestGetTLSCipherSuitesByString/Test_invalid_values" time="0.000000"></testcase>
		<testcase classname="github.com/argoproj/argo-rollouts/utils/tls" name="TestGetTLSCipherSuitesByString" time="0.000000"></testcase>
		<testcase classname="github.com/argoproj/argo-rollouts/utils/tls" name="TestTLSVersionToString/Test_known_versions" time="0.000000"></testcase>
		<testcase classname="github.com/argoproj/argo-rollouts/utils/tls" name="TestTLSVersionToString/Test_unknown_version" time="0.000000"></testcase>
		<testcase classname="github.com/argoproj/argo-rollouts/utils/tls" name="TestTLSVersionToString" time="0.000000"></testcase>
		<testcase classname="github.com/argoproj/argo-rollouts/utils/tls" name="TestGenerate/Invalid:_No_hosts_specified" time="0.000000"></testcase>
		<testcase classname="github.com/argoproj/argo-rollouts/utils/tls" name="TestGenerate/Invalid:_No_organization_specified" time="0.150000"></testcase>
		<testcase classname="github.com/argoproj/argo-rollouts/utils/tls" name="TestGenerate/Invalid:_Unsupported_curve_specified" time="0.000000"></testcase>
		<testcase classname="github.com/argoproj/argo-rollouts/utils/tls" name="TestGenerate/Create_certificate_with_curve_P224" time="0.000000"></testcase>
		<testcase classname="github.com/argoproj/argo-rollouts/utils/tls" name="TestGenerate/Create_certificate_with_curve_P256" time="0.000000"></testcase>
		<testcase classname="github.com/argoproj/argo-rollouts/utils/tls" name="TestGenerate/Create_certificate_with_curve_P384" time="0.000000"></testcase>
		<testcase classname="github.com/argoproj/argo-rollouts/utils/tls" name="TestGenerate/Create_certificate_with_curve_P521" time="0.010000"></testcase>
		<testcase classname="github.com/argoproj/argo-rollouts/utils/tls" name="TestGenerate/Create_certificate_with_default_options" time="0.060000"></testcase>
		<testcase classname="github.com/argoproj/argo-rollouts/utils/tls" name="TestGenerate/Create_certificate_with_IP_" time="0.080000"></testcase>
		<testcase classname="github.com/argoproj/argo-rollouts/utils/tls" name="TestGenerate/Create_certificate_with_specific_validity_timeframe" time="0.180000"></testcase>
		<testcase classname="github.com/argoproj/argo-rollouts/utils/tls" name="TestGenerate/Create_certificate_with_specified_ValidFor_1_year" time="0.050000"></testcase>
		<testcase classname="github.com/argoproj/argo-rollouts/utils/tls" name="TestGenerate/Create_certificate_with_specified_ValidFor_2_year" time="0.040000"></testcase>
		<testcase classname="github.com/argoproj/argo-rollouts/utils/tls" name="TestGenerate/Create_certificate_with_specified_ValidFor_3_year" time="0.060000"></testcase>
		<testcase classname="github.com/argoproj/argo-rollouts/utils/tls" name="TestGenerate/Create_certificate_with_specified_ValidFor_10_year" time="0.060000"></testcase>
		<testcase classname="github.com/argoproj/argo-rollouts/utils/tls" name="TestGenerate" time="0.690000"></testcase>
		<testcase classname="github.com/argoproj/argo-rollouts/utils/tls" name="TestGeneratePEM/Invalid_-_PEM_creation_failure" time="0.000000"></testcase>
		<testcase classname="github.com/argoproj/argo-rollouts/utils/tls" name="TestGeneratePEM/Create_PEM_from_certficate_options" time="0.110000"></testcase>
		<testcase classname="github.com/argoproj/argo-rollouts/utils/tls" name="TestGeneratePEM/Create_X509KeyPair" time="0.290000"></testcase>
		<testcase classname="github.com/argoproj/argo-rollouts/utils/tls" name="TestGeneratePEM" time="0.400000"></testcase>
		<testcase classname="github.com/argoproj/argo-rollouts/utils/tls" name="TestGetTLSConfigCustomizer/Valid_TLS_customization" time="0.000000"></testcase>
		<testcase classname="github.com/argoproj/argo-rollouts/utils/tls" name="TestGetTLSConfigCustomizer/Valid_TLS_customization_-_No_cipher_customization_for_TLSv1.3_only_with_default_ciphers" time="0.000000"></testcase>
		<testcase classname="github.com/argoproj/argo-rollouts/utils/tls" name="TestGetTLSConfigCustomizer/Valid_TLS_customization_-_No_cipher_customization_for_TLSv1.3_only_with_custom_ciphers" time="0.000000"></testcase>
		<testcase classname="github.com/argoproj/argo-rollouts/utils/tls" name="TestGetTLSConfigCustomizer/Invalid_TLS_customization_-_Min_version_higher_than_max_version" time="0.000000"></testcase>
		<testcase classname="github.com/argoproj/argo-rollouts/utils/tls" name="TestGetTLSConfigCustomizer/Invalid_TLS_customization_-_Invalid_min_version_given" time="0.000000"></testcase>
		<testcase classname="github.com/argoproj/argo-rollouts/utils/tls" name="TestGetTLSConfigCustomizer/Invalid_TLS_customization_-_Invalid_max_version_given" time="0.000000"></testcase>
		<testcase classname="github.com/argoproj/argo-rollouts/utils/tls" name="TestGetTLSConfigCustomizer/Invalid_TLS_customization_-_Unknown_cipher_suite_given" time="0.000000"></testcase>
		<testcase classname="github.com/argoproj/argo-rollouts/utils/tls" name="TestGetTLSConfigCustomizer" time="0.000000"></testcase>
		<testcase classname="github.com/argoproj/argo-rollouts/utils/tls" name="TestBestEffortSystemCertPool" time="0.000000"></testcase>
		<testcase classname="github.com/argoproj/argo-rollouts/utils/tls" name="TestCreateServerTLSConfig/Configuration_from_a_valid_key/cert_pair" time="0.000000"></testcase>
		<testcase classname="github.com/argoproj/argo-rollouts/utils/tls" name="TestCreateServerTLSConfig/Self-signed_creation_due_to_non-existing_cert" time="0.090000"></testcase>
		<testcase classname="github.com/argoproj/argo-rollouts/utils/tls" name="TestCreateServerTLSConfig/Self-signed_creation_fails_due_to_hosts_being_nil" time="0.000000"></testcase>
		<testcase classname="github.com/argoproj/argo-rollouts/utils/tls" name="TestCreateServerTLSConfig/Self-signed_creation_fails_due_to_invalid_certificates" time="0.000000"></testcase>
		<testcase classname="github.com/argoproj/argo-rollouts/utils/tls" name="TestCreateServerTLSConfig" time="0.100000"></testcase>
		<testcase classname="github.com/argoproj/argo-rollouts/utils/tls" name="TestLoadX509CertPool/Successfully_load_single_cert" time="0.000000"></testcase>
		<testcase classname="github.com/argoproj/argo-rollouts/utils/tls" name="TestLoadX509CertPool/Successfully_load_single_existing_cert_from_multiple_list" time="0.000000"></testcase>
		<testcase classname="github.com/argoproj/argo-rollouts/utils/tls" name="TestLoadX509CertPool/Only_non-existing_certs_in_list" time="0.000000"></testcase>
		<testcase classname="github.com/argoproj/argo-rollouts/utils/tls" name="TestLoadX509CertPool/Invalid_cert_in_requested_cert_list" time="0.000000"></testcase>
		<testcase classname="github.com/argoproj/argo-rollouts/utils/tls" name="TestLoadX509CertPool" time="0.000000"></testcase>
	</testsuite>
	<testsuite tests="6" failures="0" time="3.520000" name="github.com/argoproj/argo-rollouts/utils/tolerantinformer" timestamp="2024-10-02T10:26:39+08:00">
		<properties>
			<property name="go.version" value="go1.22.5 darwin/arm64"></property>
		</properties>
		<testcase classname="github.com/argoproj/argo-rollouts/utils/tolerantinformer" name="TestMalformedRollout" time="0.110000"></testcase>
		<testcase classname="github.com/argoproj/argo-rollouts/utils/tolerantinformer" name="TestMalformedRolloutEphemeralCtr" time="0.100000"></testcase>
		<testcase classname="github.com/argoproj/argo-rollouts/utils/tolerantinformer" name="TestMalformedAnalysisRun" time="0.100000"></testcase>
		<testcase classname="github.com/argoproj/argo-rollouts/utils/tolerantinformer" name="TestMalformedAnalysisTemplate" time="0.100000"></testcase>
		<testcase classname="github.com/argoproj/argo-rollouts/utils/tolerantinformer" name="TestMalformedClusterAnalysisTemplate" time="0.100000"></testcase>
		<testcase classname="github.com/argoproj/argo-rollouts/utils/tolerantinformer" name="TestMalformedExperiment" time="0.100000"></testcase>
	</testsuite>
	<testsuite tests="10" failures="0" time="2.994000" name="github.com/argoproj/argo-rollouts/utils/unstructured" timestamp="2024-10-02T10:26:39+08:00">
		<properties>
			<property name="go.version" value="go1.22.5 darwin/arm64"></property>
		</properties>
		<testcase classname="github.com/argoproj/argo-rollouts/utils/unstructured" name="TestStrToUnstructuredSuccessfully/Safe_method" time="0.000000"></testcase>
		<testcase classname="github.com/argoproj/argo-rollouts/utils/unstructured" name="TestStrToUnstructuredSuccessfully/Unsafe_method" time="0.000000"></testcase>
		<testcase classname="github.com/argoproj/argo-rollouts/utils/unstructured" name="TestStrToUnstructuredSuccessfully" time="0.000000"></testcase>
		<testcase classname="github.com/argoproj/argo-rollouts/utils/unstructured" name="TestStrToUnstructuredFails/Safe_method" time="0.000000"></testcase>
		<testcase classname="github.com/argoproj/argo-rollouts/utils/unstructured" name="TestStrToUnstructuredFails/Unsafe_method" time="0.000000"></testcase>
		<testcase classname="github.com/argoproj/argo-rollouts/utils/unstructured" name="TestStrToUnstructuredFails" time="0.000000"></testcase>
		<testcase classname="github.com/argoproj/argo-rollouts/utils/unstructured" name="TestSplitYAML" time="0.000000"></testcase>
		<testcase classname="github.com/argoproj/argo-rollouts/utils/unstructured" name="TestObjectToRollout" time="0.000000"></testcase>
		<testcase classname="github.com/argoproj/argo-rollouts/utils/unstructured" name="TestObjectToAnalysisRun" time="0.000000"></testcase>
		<testcase classname="github.com/argoproj/argo-rollouts/utils/unstructured" name="TestObjectToExpirment" time="0.000000"></testcase>
	</testsuite>
	<testsuite tests="1" failures="0" time="2.590000" name="github.com/argoproj/argo-rollouts/utils/util" timestamp="2024-10-02T10:26:39+08:00">
		<properties>
			<property name="go.version" value="go1.22.5 darwin/arm64"></property>
		</properties>
		<testcase classname="github.com/argoproj/argo-rollouts/utils/util" name="TestMakeSignature" time="0.000000"></testcase>
	</testsuite>
	<testsuite tests="0" failures="0" time="0.020000" name="github.com/argoproj/argo-rollouts/utils/version" timestamp="2024-10-02T10:26:39+08:00">
		<properties>
			<property name="go.version" value="go1.22.5 darwin/arm64"></property>
		</properties>
	</testsuite>
	<testsuite tests="0" failures="0" time="0.013000" name="github.com/argoproj/argo-rollouts/utils/weightutil" timestamp="2024-10-02T10:26:39+08:00">
		<properties>
			<property name="go.version" value="go1.22.5 darwin/arm64"></property>
		</properties>
	</testsuite>
</testsuites>